[12-03 12:04:48]Conencting to GroupServer...
[12-03 12:04:50]Connecting to GroupServer failed, reconnecting in 5 secs...
[12-03 12:04:55]Conencting to GroupServer...
[12-03 12:04:57]Connecting to GroupServer failed, reconnecting in 5 secs...
[12-03 12:05:00]begin connect database
[12-03 12:05:01]begin init AccountServer connect
[12-03 12:05:01]AccountServer:25.80.52.210,2321come ! Socket num:1
[12-03 12:05:01]begin read GroupServer.cfg
[12-03 12:05:01]begin load ChaNameFilter.txt
[12-03 12:05:01]begin listen port:2322
[12-03 12:05:01]open listen port:2322success, init is ok
[12-03 12:05:02]Conencting to GroupServer...
[12-03 12:05:02]connect GroupServer: 25.80.52.210,Socket num:1
[12-03 12:05:02]GateServer:25.80.52.210,57926come ! Socket num:2
[12-03 12:05:03]GateServer:25.80.52.210,57926TP_LOGIN1
[12-03 12:05:03]GateServer:25.80.52.210,57926TP_LOGIN2
[12-03 12:05:03]GateServer:25.80.52.210,57926TP_LOGIN3
[12-03 12:05:03]Successfully logged into GroupServer!
[12-03 12:06:23]disconnection with GroupServer,Socket num: 0,reason =远程主机强迫关闭了一个现有的连接。, reconnecting...
[12-03 12:06:24]Conencting to GroupServer...
[12-03 12:06:26]Connecting to GroupServer failed, reconnecting in 5 secs...
[12-03 12:06:31]Conencting to GroupServer...
[12-03 12:06:33]Connecting to GroupServer failed, reconnecting in 5 secs...
[12-03 12:06:38]Conencting to GroupServer...
[12-03 12:06:40]Connecting to GroupServer failed, reconnecting in 5 secs...
[12-03 12:06:45]Conencting to GroupServer...
[12-03 12:06:47]Connecting to GroupServer failed, reconnecting in 5 secs...
[12-03 12:06:52]Conencting to GroupServer...
[12-03 12:06:54]Connecting to GroupServer failed, reconnecting in 5 secs...
[12-03 12:06:59]Conencting to GroupServer...
[12-03 12:07:02]Connecting to GroupServer failed, reconnecting in 5 secs...
[12-03 12:07:07]Conencting to GroupServer...
[12-03 12:07:09]Connecting to GroupServer failed, reconnecting in 5 secs...
[12-03 12:07:14]Conencting to GroupServer...
[12-03 12:07:16]Connecting to GroupServer failed, reconnecting in 5 secs...
[12-03 12:07:21]Conencting to GroupServer...
[12-03 12:07:23]Connecting to GroupServer failed, reconnecting in 5 secs...
[12-03 12:07:28]Conencting to GroupServer...
[12-03 12:07:30]Connecting to GroupServer failed, reconnecting in 5 secs...
[12-03 12:07:35]Conencting to GroupServer...
[12-03 12:07:37]Connecting to GroupServer failed, reconnecting in 5 secs...
[12-03 12:07:42]Conencting to GroupServer...
[12-03 12:07:42]connect GroupServer: 25.80.52.210,Socket num:1
[12-03 12:07:42]Successfully logged into GroupServer!
[12-03 12:07:50]disconnection with GroupServer,Socket num: 0,reason =远程主机强迫关闭了一个现有的连接。, reconnecting...
[12-03 12:07:51]Conencting to GroupServer...
[12-03 12:07:53]Connecting to GroupServer failed, reconnecting in 5 secs...
[12-03 12:07:58]Conencting to GroupServer...
[12-03 12:07:58]connect GroupServer: 25.80.52.210,Socket num:1
[12-03 12:07:58]Successfully logged into GroupServer!
[12-03 12:08:35]disconnection with GroupServer,Socket num: 0,reason =远程主机强迫关闭了一个现有的连接。, reconnecting...
[12-03 12:08:35]Conencting to GroupServer...
[12-03 12:08:37]Connecting to GroupServer failed, reconnecting in 5 secs...
[12-03 12:08:42]Conencting to GroupServer...
[12-03 12:08:44]Connecting to GroupServer failed, reconnecting in 5 secs...
[12-03 12:08:49]Conencting to GroupServer...
[12-03 12:08:51]Connecting to GroupServer failed, reconnecting in 5 secs...
[12-03 12:08:56]Conencting to GroupServer...
[12-03 12:08:58]Connecting to GroupServer failed, reconnecting in 5 secs...
[12-03 12:09:03]Conencting to GroupServer...
[12-03 12:09:05]Connecting to GroupServer failed, reconnecting in 5 secs...
[12-03 12:09:10]Conencting to GroupServer...
[12-03 12:09:12]Connecting to GroupServer failed, reconnecting in 5 secs...
[12-03 12:09:17]Conencting to GroupServer...
[12-03 12:09:19]Connecting to GroupServer failed, reconnecting in 5 secs...
[12-03 12:09:24]Conencting to GroupServer...
[12-03 12:09:25]connect GroupServer: 25.80.52.210,Socket num:1
[12-03 12:09:25]Successfully logged into GroupServer!
[12-03 12:10:00]disconnection with GroupServer,Socket num: 0,reason =远程主机强迫关闭了一个现有的连接。, reconnecting...
[12-03 12:10:00]Conencting to GroupServer...
[12-03 12:10:02]Connecting to GroupServer failed, reconnecting in 5 secs...
[12-03 12:10:07]Conencting to GroupServer...
[12-03 12:10:09]Connecting to GroupServer failed, reconnecting in 5 secs...
[12-03 12:10:14]Conencting to GroupServer...
[12-03 12:10:16]Connecting to GroupServer failed, reconnecting in 5 secs...
[12-03 12:10:21]Conencting to GroupServer...
[12-03 12:10:23]Connecting to GroupServer failed, reconnecting in 5 secs...
[12-03 12:10:28]Conencting to GroupServer...
[12-03 12:10:31]Connecting to GroupServer failed, reconnecting in 5 secs...
[12-03 12:10:36]Conencting to GroupServer...
[12-03 12:10:38]Connecting to GroupServer failed, reconnecting in 5 secs...
[12-03 12:10:43]Conencting to GroupServer...
[12-03 12:10:45]Connecting to GroupServer failed, reconnecting in 5 secs...
[12-03 12:10:50]Conencting to GroupServer...
[12-03 12:10:52]Connecting to GroupServer failed, reconnecting in 5 secs...
[12-03 12:10:57]Conencting to GroupServer...
[12-03 12:10:58]begin connect database
[12-03 12:10:58]begin init AccountServer connect
[12-03 12:10:58]AccountServer:25.80.52.210,2321come ! Socket num:1
[12-03 12:10:58]begin read GroupServer.cfg
[12-03 12:10:58]begin load ChaNameFilter.txt
[12-03 12:10:58]begin listen port:2322
[12-03 12:10:58]open listen port:2322success, init is ok
[12-03 12:10:58]connect GroupServer: 25.80.52.210,Socket num:1
[12-03 12:10:58]GateServer:25.80.52.210,58319come ! Socket num:2
[12-03 12:10:58]GateServer:25.80.52.210,58319TP_LOGIN1
[12-03 12:10:58]GateServer:25.80.52.210,58319TP_LOGIN2
[12-03 12:10:58]GateServer:25.80.52.210,58319TP_LOGIN3
[12-03 12:10:58]Successfully logged into GroupServer!
