[08-14 01:53:49]CharacterTreasureAttackGiant LeaderObtain103686Experience 
[08-14 01:53:49]CharacterAbelAttackGiant LeaderObtain51843Experience 
[08-14 02:05:06]CharacterAbelAttackTerra MinerObtain483224Experience 
[08-14 02:05:06]CharacterTreasureAttackTerra MinerObtain1070000Experience 
[08-14 02:05:07]CharacterAbelAttackTerra MinerObtain483224Experience 
[08-14 02:05:07]CharacterTreasureAttackTerra MinerObtain1070000Experience 
[08-14 02:05:08]CharacterAbelAttackTerra MinerObtain483224Experience 
[08-14 02:05:08]CharacterTreasureAttackTerra MinerObtain1070000Experience 
[08-14 02:05:09]CharacterAbelAttackTerra MinerObtain483224Experience 
[08-14 02:05:09]CharacterTreasureAttackTerra MinerObtain1070000Experience 
[08-14 02:05:11]CharacterAbelAttackTerra MinerObtain483224Experience 
[08-14 02:05:11]CharacterTreasureAttackTerra MinerObtain1070000Experience 
[08-14 02:05:12]CharacterAbelAttackTerra MinerObtain483224Experience 
[08-14 02:05:12]CharacterTreasureAttackTerra MinerObtain1070000Experience 
[08-14 02:05:21]CharacterAbelAttackTerra MinerObtain483224Experience 
[08-14 02:05:21]CharacterTreasureAttackTerra MinerObtain1070000Experience 
[08-14 02:05:22]CharacterAbelAttackTerra MinerObtain483224Experience 
[08-14 02:05:22]CharacterTreasureAttackTerra MinerObtain1070000Experience 
[08-14 02:05:23]CharacterAbelAttackTerra MinerObtain483224Experience 
[08-14 02:05:23]CharacterTreasureAttackTerra MinerObtain1070000Experience 
[08-14 02:05:25]CharacterAbelAttackTerra MinerObtain483224Experience 
[08-14 02:05:25]CharacterTreasureAttackTerra MinerObtain1070000Experience 
[08-14 02:05:26]CharacterAbelAttackTerra MinerObtain483224Experience 
[08-14 02:05:26]CharacterTreasureAttackTerra MinerObtain1070000Experience 
[08-14 02:05:31]CharacterAbelAttackTerra MinerObtain333898Experience 
[08-14 02:05:31]CharacterTreasureAttackTerra MinerObtain739344Experience 
[08-14 02:05:31]CharacterTreasureAttackTerra MinerObtain330652Experience 
[08-14 02:05:31]CharacterAbelAttackTerra MinerObtain149326Experience 
[08-14 02:05:33]CharacterAbelAttackTerra MinerObtain483224Experience 
[08-14 02:05:33]CharacterTreasureAttackTerra MinerObtain1070000Experience 
[08-14 02:05:41]CharacterAbelAttackTerra MinerObtain483224Experience 
[08-14 02:05:41]CharacterTreasureAttackTerra MinerObtain1070000Experience 
[08-14 02:05:42]CharacterAbelAttackTerra MinerObtain483224Experience 
[08-14 02:05:42]CharacterTreasureAttackTerra MinerObtain1070000Experience 
[08-14 02:05:57]CharacterAbelAttackTerra MinerObtain483224Experience 
[08-14 02:05:57]CharacterTreasureAttackTerra MinerObtain1070000Experience 
[08-14 02:05:58]CharacterAbelAttackTerra MinerObtain483224Experience 
[08-14 02:05:58]CharacterTreasureAttackTerra MinerObtain1070000Experience 
[08-14 02:06:00]CharacterAbelAttackTerra MinerObtain483224Experience 
[08-14 02:06:00]CharacterTreasureAttackTerra MinerObtain1070000Experience 
[08-14 02:06:01]CharacterAbelAttackTerra MinerObtain483224Experience 
[08-14 02:06:01]CharacterTreasureAttackTerra MinerObtain1070000Experience 
[08-14 02:06:02]CharacterAbelAttackTerra MinerObtain483224Experience 
[08-14 02:06:02]CharacterTreasureAttackTerra MinerObtain1070000Experience 
[08-14 02:06:04]CharacterAbelAttackTerra MinerObtain483224Experience 
[08-14 02:06:04]CharacterTreasureAttackTerra MinerObtain1070000Experience 
[08-14 02:06:05]CharacterAbelAttackTerra MinerObtain483224Experience 
[08-14 02:06:05]CharacterTreasureAttackTerra MinerObtain1070000Experience 
[08-14 02:06:06]CharacterAbelAttackTerra MinerObtain483224Experience 
[08-14 02:06:06]CharacterTreasureAttackTerra MinerObtain1070000Experience 
[08-14 02:06:08]CharacterAbelAttackTerra MinerObtain483224Experience 
[08-14 02:06:08]CharacterTreasureAttackTerra MinerObtain1070000Experience 
[08-14 02:06:51]CharacterTreasureAttackTerra MinerObtain1070000Experience 
[08-14 02:06:51]CharacterAbelAttackTerra MinerObtain483224Experience 
[08-14 02:06:52]CharacterTreasureAttackTerra MinerObtain1070000Experience 
[08-14 02:06:52]CharacterAbelAttackTerra MinerObtain483224Experience 
[08-14 02:06:57]CharacterTreasureAttackTerra MinerObtain1070000Experience 
[08-14 02:06:57]CharacterAbelAttackTerra MinerObtain483224Experience 
[08-14 02:07:00]CharacterTreasureAttackTerra MinerObtain1070000Experience 
[08-14 02:07:00]CharacterAbelAttackTerra MinerObtain483224Experience 
[08-14 02:07:03]CharacterTreasureAttackTerra MinerObtain1070000Experience 
[08-14 02:07:03]CharacterAbelAttackTerra MinerObtain483224Experience 
[08-14 02:07:04]CharacterTreasureAttackTerra MinerObtain1070000Experience 
[08-14 02:07:04]CharacterAbelAttackTerra MinerObtain483224Experience 
[08-14 02:07:06]CharacterTreasureAttackTerra MinerObtain1070000Experience 
[08-14 02:07:06]CharacterAbelAttackTerra MinerObtain483224Experience 
[08-14 02:07:07]CharacterTreasureAttackTerra MinerObtain832222Experience 
[08-14 02:07:07]CharacterAbelAttackTerra MinerObtain483224Experience 
[08-14 02:07:18]CharacterTreasureAttackSealed WardenObtain4199998Experience 
[08-14 02:07:18]CharacterAbelAttackSealed WardenObtain1049998Experience 
[08-14 02:07:20]CharacterTreasureAttackSealed WardenObtain4199998Experience 
[08-14 02:07:20]CharacterAbelAttackSealed WardenObtain1049998Experience 
[08-14 02:07:22]CharacterTreasureAttackSealed WardenObtain4200000Experience 
[08-14 02:07:22]CharacterAbelAttackSealed WardenObtain1050000Experience 
[08-14 02:07:23]CharacterTreasureAttackSealed WardenObtain4200000Experience 
[08-14 02:07:24]CharacterAbelAttackSealed WardenObtain1050000Experience 
[08-14 02:07:25]CharacterTreasureAttackSealed WardenObtain4199998Experience 
[08-14 02:07:25]CharacterAbelAttackSealed WardenObtain1049998Experience 
[08-14 02:07:26]CharacterTreasureAttackSealed WardenObtain4200000Experience 
[08-14 02:07:26]CharacterAbelAttackSealed WardenObtain1050000Experience 
[08-14 02:07:28]CharacterTreasureAttackSealed WardenObtain4200000Experience 
[08-14 02:07:28]CharacterAbelAttackSealed WardenObtain1050000Experience 
[08-14 02:07:30]CharacterTreasureAttackSealed WardenObtain4200000Experience 
[08-14 02:07:30]CharacterAbelAttackSealed WardenObtain1050000Experience 
[08-14 02:07:31]CharacterTreasureAttackSealed WardenObtain4199998Experience 
[08-14 02:07:31]CharacterAbelAttackSealed WardenObtain1049998Experience 
[08-14 02:07:33]CharacterTreasureAttackSealed WardenObtain4200000Experience 
[08-14 02:07:33]CharacterAbelAttackSealed WardenObtain1050000Experience 
[08-14 02:07:34]CharacterTreasureAttackSealed WardenObtain4200000Experience 
[08-14 02:07:34]CharacterAbelAttackSealed WardenObtain1050000Experience 
[08-14 02:07:36]CharacterTreasureAttackSealed WardenObtain4200000Experience 
[08-14 02:07:36]CharacterAbelAttackSealed WardenObtain1050000Experience 
[08-14 02:07:37]CharacterTreasureAttackSealed WardenObtain3358780Experience 
[08-14 02:07:37]CharacterAbelAttackSealed WardenObtain839694Experience 
[08-14 02:07:37]CharacterAbelAttackSealed WardenObtain210304Experience 
[08-14 02:07:37]CharacterTreasureAttackSealed WardenObtain841218Experience 
[08-14 02:07:39]CharacterTreasureAttackSealed WardenObtain3245470Experience 
[08-14 02:07:39]CharacterAbelAttackSealed WardenObtain811366Experience 
[08-14 02:07:39]CharacterAbelAttackSealed WardenObtain238632Experience 
[08-14 02:07:39]CharacterTreasureAttackSealed WardenObtain954528Experience 
[08-14 02:07:41]CharacterAbelAttackSealed WardenObtain1050000Experience 
[08-14 02:07:41]CharacterTreasureAttackSealed WardenObtain4200000Experience 
[08-14 02:07:42]CharacterAbelAttackSealed WardenObtain1049998Experience 
[08-14 02:07:42]CharacterTreasureAttackSealed WardenObtain4199998Experience 
[08-14 02:07:43]CharacterTreasureAttackSealed WardenObtain4200000Experience 
[08-14 02:07:43]CharacterAbelAttackSealed WardenObtain1050000Experience 
