[08-14 01:35:13][operator succeed]Cha-Treasure+1:make 6611,1
[08-14 01:35:55][operator succeed]Cha-Abel+1006:make 6611,1
[08-14 01:39:35][operator succeed]Cha-Treasure+1:goto Abel
[08-14 01:39:59][operator succeed]Cha-Treasure+1:make 1,2
[08-14 01:41:16][operator succeed]Cha-Treasure+1:call Abel
[08-14 01:46:01][operator succeed]Cha-Treasure+1:call Abel
[08-14 01:47:56][operator succeed]Cha-Treasure+1:call Abel
[08-14 01:47:59][operator succeed]Cha-Treasure+1:make 9204,1
[08-14 01:48:02][operator succeed]Cha-Treasure+1:make 9248,1
[08-14 01:53:28][operator succeed]Cha-Treasure+1:call Abel
[08-14 01:53:33][operator succeed]Cha-Treasure+1:attr 104,1000000
[08-14 01:53:36][operator succeed]Cha-Treasure+1:attr 105,1000000
[08-14 01:53:42][operator succeed]Cha-Treasure+1:summon 678,90000,0
[08-14 01:57:49][operator succeed]Cha-Treasure+1:addkb 48
[08-14 01:58:44][operator succeed]Cha-Treasure+1:addexp 2000000
[08-14 01:58:45][operator succeed]Cha-Treasure+1:addexp 20000000
[08-14 01:58:47][operator succeed]Cha-Treasure+1:addexp 20000000
[08-14 01:58:48][operator succeed]Cha-Treasure+1:addexp 20000000
[08-14 01:58:49][operator succeed]Cha-Treasure+1:addexp 20000000
[08-14 01:58:51][operator succeed]Cha-Treasure+1:addexp 20000000
[08-14 01:58:52][operator succeed]Cha-Treasure+1:addexp 20000000
[08-14 01:59:02][operator succeed]Cha-Treasure+1:make 776,2,20
[08-14 01:59:32][operator succeed]Cha-Treasure+1:qcha Treasure
[08-14 02:00:11][operator succeed]Cha-Treasure+1:qcha Treasure
[08-14 02:00:22][operator succeed]Cha-Treasure+1:lua ForgeEquip(1,1,13,3,4,3,12,3)
[08-14 02:00:28][operator succeed]Cha-Treasure+1:lua ForgeEquip(1,1,13,3,4,3,12,3)
[08-14 02:00:39][operator succeed]Cha-Treasure+1:make 5990,2,4
[08-14 02:00:41][operator succeed]Cha-Treasure+1:make 454,2
[08-14 02:00:42][operator succeed]Cha-Treasure+1:make 453,2
[08-14 02:01:00][operator succeed]Cha-Treasure+1:addmoney 200000
[08-14 02:01:39][operator succeed]Cha-Treasure+1:attr 4,9
[08-14 02:02:08][operator succeed]Cha-Treasure+1:goto Treasure
[08-14 02:02:35][operator succeed]Cha-Treasure+1:addmoney 200000
[08-14 02:03:24][operator succeed]Cha-Treasure+1:goto Abel
[08-14 02:03:43][operator succeed]Cha-Treasure+1:goto Abel
[08-14 02:04:26][operator succeed]Cha-Abel+1006:addexp
[08-14 02:04:30][operator succeed]Cha-Abel+1006:addexp 500
[08-14 02:04:33][operator succeed]Cha-Abel+1006:addexp 5000000
[08-14 02:04:34][operator succeed]Cha-Abel+1006:addexp 5000000
[08-14 02:04:37][operator succeed]Cha-Abel+1006:addexp 500000000000
[08-14 02:04:53][operator succeed]Cha-Treasure+1:make 2753,4
[08-14 02:04:55][operator succeed]Cha-Treasure+1:make 2753,40
[08-14 02:05:14][operator succeed]Cha-Abel+1006:addexp 500000000000
[08-14 02:05:15][operator succeed]Cha-Abel+1006:addexp 500000000000
[08-14 02:05:17][operator succeed]Cha-Abel+1006:addexp 50000
[08-14 02:05:19][operator succeed]Cha-Abel+1006:addexp 50000
[08-14 02:05:22][operator succeed]Cha-Treasure+1:make 849,1
[08-14 02:05:48][operator succeed]Cha-Abel+1006:addexp 50
[08-14 02:06:49][operator succeed]Cha-Treasure+1:make 6611,1
[08-14 02:07:14][operator succeed]Cha-Treasure+1:make 2777,40
