[08-14 01:34:26]Ply[    0     0  3000],	Cha[13457 13457 24000],	Item[   27    27 30000],	TNpc[  220   220   300]
[08-14 01:35:26]Ply[    2     2  3000],	Cha[13459 13459 24000],	Item[   29    29 30000],	TNpc[  220   220   300]
[08-14 01:36:26]Ply[    2     2  3000],	Cha[13459 13459 24000],	Item[   29    29 30000],	TNpc[  220   220   300]
[08-14 01:37:26]Ply[    2     2  3000],	Cha[13459 13459 24000],	Item[   29    29 30000],	TNpc[  220   220   300]
[08-14 01:38:26]Ply[    2     2  3000],	Cha[13459 13459 24000],	Item[   29    29 30000],	TNpc[  220   220   300]
[08-14 01:39:26]Ply[    2     2  3000],	Cha[13459 13459 24000],	Item[   29    29 30000],	TNpc[  220   220   300]
[08-14 01:40:26]Ply[    2     2  3000],	Cha[13459 13459 24000],	Item[   29    29 30000],	TNpc[  220   220   300]
[08-14 01:41:26]Ply[    2     2  3000],	Cha[13459 13459 24000],	Item[   38    38 30000],	TNpc[  220   220   300]
[08-14 01:42:26]Ply[    2     2  3000],	Cha[13459 13459 24000],	Item[   39    39 30000],	TNpc[  220   220   300]
[08-14 01:43:26]Ply[    2     2  3000],	Cha[13459 13459 24000],	Item[   50    50 30000],	TNpc[  220   220   300]
[08-14 01:44:26]Ply[    2     2  3000],	Cha[13459 13459 24000],	Item[   46    61 30000],	TNpc[  220   220   300]
[08-14 01:45:26]Ply[    2     2  3000],	Cha[13459 13459 24000],	Item[   56    61 30000],	TNpc[  220   220   300]
[08-14 01:46:26]Ply[    2     2  3000],	Cha[13459 13459 24000],	Item[   47    61 30000],	TNpc[  220   220   300]
[08-14 01:47:26]Ply[    2     2  3000],	Cha[13459 13459 24000],	Item[   46    61 30000],	TNpc[  220   220   300]
[08-14 01:48:26]Ply[    2     2  3000],	Cha[13459 13459 24000],	Item[   36    61 30000],	TNpc[  220   220   300]
[08-14 01:49:26]Ply[    2     2  3000],	Cha[13459 13459 24000],	Item[   29    61 30000],	TNpc[  220   220   300]
[08-14 01:50:26]Ply[    2     2  3000],	Cha[13459 13459 24000],	Item[   29    61 30000],	TNpc[  220   220   300]
[08-14 01:51:26]Ply[    2     2  3000],	Cha[13459 13459 24000],	Item[   29    61 30000],	TNpc[  220   220   300]
[08-14 01:52:26]Ply[    2     2  3000],	Cha[13459 13459 24000],	Item[   29    61 30000],	TNpc[  220   220   300]
[08-14 01:53:26]Ply[    2     2  3000],	Cha[13459 13459 24000],	Item[   29    61 30000],	TNpc[  220   220   300]
[08-14 01:54:26]Ply[    2     2  3000],	Cha[13460 13460 24000],	Item[   29    61 30000],	TNpc[  220   220   300]
[08-14 01:55:26]Ply[    2     2  3000],	Cha[13460 13460 24000],	Item[   31    61 30000],	TNpc[  220   220   300]
[08-14 01:56:26]Ply[    2     2  3000],	Cha[13460 13460 24000],	Item[   34    61 30000],	TNpc[  220   220   300]
[08-14 01:57:27]Ply[    2     2  3000],	Cha[13460 13460 24000],	Item[   30    61 30000],	TNpc[  220   220   300]
[08-14 01:58:27]Ply[    1     2  3000],	Cha[13459 13460 24000],	Item[   36    61 30000],	TNpc[  220   220   300]
[08-14 01:59:27]Ply[    2     2  3000],	Cha[13460 13460 24000],	Item[   39    61 30000],	TNpc[  220   220   300]
[08-14 02:00:27]Ply[    2     2  3000],	Cha[13460 13460 24000],	Item[   29    61 30000],	TNpc[  220   220   300]
[08-14 02:01:27]Ply[    2     2  3000],	Cha[13460 13460 24000],	Item[   29    61 30000],	TNpc[  220   220   300]
[08-14 02:02:27]Ply[    2     2  3000],	Cha[13460 13460 24000],	Item[   29    61 30000],	TNpc[  220   220   300]
[08-14 02:03:27]Ply[    2     2  3000],	Cha[13460 13460 24000],	Item[   41    61 30000],	TNpc[  220   220   300]
[08-14 02:04:27]Ply[    2     2  3000],	Cha[13460 13460 24000],	Item[   41    61 30000],	TNpc[  220   220   300]
[08-14 02:05:27]Ply[    2     2  3000],	Cha[13473 13473 24000],	Item[   31    61 30000],	TNpc[  220   220   300]
[08-14 02:06:27]Ply[    2     2  3000],	Cha[13488 13488 24000],	Item[   30    61 30000],	TNpc[  220   220   300]
[08-14 02:07:27]Ply[    2     2  3000],	Cha[13500 13500 24000],	Item[   30    61 30000],	TNpc[  220   220   300]
[08-14 02:08:27]Ply[    0     2  3000],	Cha[13508 13510 24000],	Item[   29    61 30000],	TNpc[  220   220   300]
