[08-14 01:34:13]85,Sailor Helm,cha ID:1
[08-14 01:34:13]86,Pirate Helm,cha ID:1
[08-14 01:34:13]87,Second Mate Helm,cha ID:1
[08-14 01:34:13]90,Lieutenant Commander Helm,cha ID:1
[08-14 01:34:13]91,Commander Helm,cha ID:1
[08-14 01:34:13]92,Colonel Helm,cha ID:1
[08-14 01:34:13]93,General Helm,cha ID:1
[08-14 01:34:13]94,Marshal Helm,cha ID:1
[08-14 01:34:13]95,Major General Helm,cha ID:1
[08-14 01:34:13]96,Captain Helm,cha ID:1
[08-14 01:34:13]135,Arrow 01,cha ID:1
[08-14 01:34:13]149,Gunpowder 01,cha ID:1
[08-14 01:34:13]200,Left Plaster Glove,cha ID:1
[08-14 01:34:13]201,Left Brawler Glove,cha ID:1
[08-14 01:34:13]202,Left Master Glove,cha ID:1
[08-14 01:34:13]203,Left Jagged Blade,cha ID:1
[08-14 01:34:13]204,Left Cosmo Blade,cha ID:1
[08-14 01:34:13]205,Left Tiger Glove,cha ID:1
[08-14 01:34:13]206,Left Hand of Death,cha ID:1
[08-14 01:34:13]635,Lv 1 Strike Coral,cha ID:2
[08-14 01:34:13]636,Lv 2 Strike Coral,cha ID:2
[08-14 01:34:13]637,Lv 3 Strike Coral,cha ID:2
[08-14 01:34:13]638,Lv 4 Strike Coral,cha ID:2
[08-14 01:34:13]639,Lv 5 Strike Coral,cha ID:2
[08-14 01:34:13]1124,Chaos Framestone,cha ID:1
[08-14 01:34:13]1125,Chaos Clawstone,cha ID:1
[08-14 01:34:13]1126,Chaos Pawstone,cha ID:1
[08-14 01:34:13]1127,Chaos Crownstone,cha ID:4
[08-14 01:34:14]1999,Lance Failed Hairdo 1,cha ID:2
[08-14 01:34:14]2000,Hairdo 1,cha ID:2
[08-14 01:34:14]2001,Hairdo 2,cha ID:2
[08-14 01:34:14]2002,Hairdo 3,cha ID:2
[08-14 01:34:14]2003,Hairdo 4,cha ID:2
[08-14 01:34:14]2004,Hairdo 5,cha ID:2
[08-14 01:34:14]2005,Hairdo 6,cha ID:2
[08-14 01:34:14]2006,Hairdo 7,cha ID:2
[08-14 01:34:14]2007,Hairdo 8,cha ID:2
[08-14 01:34:14]2008,Event Commissioner,cha ID:2
[08-14 01:34:14]2009,Hairdo 1,cha ID:2
[08-14 01:34:14]2010,Hairdo 1,cha ID:2
[08-14 01:34:14]2011,Hairdo 1,cha ID:2
[08-14 01:34:14]2012,Hairdo 1,cha ID:2
[08-14 01:34:14]2013,Hairdo 1,cha ID:2
[08-14 01:34:14]2014,Hairdo 1,cha ID:2
[08-14 01:34:14]2015,Hairdo 2,cha ID:2
[08-14 01:34:14]2016,Hairdo 2,cha ID:2
[08-14 01:34:14]2017,Hairdo 2,cha ID:2
[08-14 01:34:14]2018,Hairdo 2,cha ID:2
[08-14 01:34:14]2019,Hairdo 2,cha ID:2
[08-14 01:34:14]2020,Hairdo 2,cha ID:2
[08-14 01:34:14]2021,Hairdo 3,cha ID:2
[08-14 01:34:14]2022,Hairdo 3,cha ID:2
[08-14 01:34:14]2023,Hairdo 3,cha ID:2
[08-14 01:34:14]2024,Hairdo 3,cha ID:2
[08-14 01:34:14]2025,Hairdo 3,cha ID:2
[08-14 01:34:14]2026,Hairdo 3,cha ID:2
[08-14 01:34:14]2027,Hairdo 4,cha ID:2
[08-14 01:34:14]2028,Hairdo 4,cha ID:2
[08-14 01:34:14]2029,Hairdo 4,cha ID:2
[08-14 01:34:14]2030,Hairdo 4,cha ID:2
[08-14 01:34:14]2031,Hairdo 4,cha ID:2
[08-14 01:34:14]2032,Hairdo 4,cha ID:2
[08-14 01:34:14]2033,Hairdo 5,cha ID:2
[08-14 01:34:14]2034,Hairdo 5,cha ID:2
[08-14 01:34:14]2035,Hairdo 5,cha ID:2
[08-14 01:34:14]2036,Hairdo 5,cha ID:2
[08-14 01:34:14]2037,Hairdo 5,cha ID:2
[08-14 01:34:14]2038,Hairdo 5,cha ID:2
[08-14 01:34:14]2039,Hairdo 5,cha ID:2
[08-14 01:34:14]2040,Hairdo 6,cha ID:2
[08-14 01:34:14]2041,Hairdo 6,cha ID:2
[08-14 01:34:14]2042,Hairdo 6,cha ID:2
[08-14 01:34:14]2043,Hairdo 6,cha ID:2
[08-14 01:34:14]2044,Hairdo 6,cha ID:2
[08-14 01:34:14]2045,Hairdo 6,cha ID:2
[08-14 01:34:14]2046,Hairdo 6,cha ID:2
[08-14 01:34:14]2047,Hairdo 7,cha ID:2
[08-14 01:34:14]2048,Hairdo 7,cha ID:2
[08-14 01:34:14]2049,Hairdo 7,cha ID:2
[08-14 01:34:14]2050,Hairdo 7,cha ID:2
[08-14 01:34:14]2051,Hairdo 7,cha ID:2
[08-14 01:34:14]2052,Hairdo 7,cha ID:2
[08-14 01:34:14]2053,Hairdo 7,cha ID:2
[08-14 01:34:14]2054,Hairdo 8,cha ID:2
[08-14 01:34:14]2055,Hairdo 8,cha ID:2
[08-14 01:34:14]2056,Hairdo 8,cha ID:2
[08-14 01:34:14]2057,Hairdo 8,cha ID:2
[08-14 01:34:14]2058,Hairdo 8,cha ID:2
[08-14 01:34:14]2059,Hairdo 8,cha ID:2
[08-14 01:34:14]2060,Guy 1 Bald Hairdo,cha ID:2
[08-14 01:34:14]2061,Lance Failed Hairdo 2,cha ID:2
[08-14 01:34:14]2062,Hairdo 1,cha ID:1
[08-14 01:34:14]2063,Hairdo 2,cha ID:1
[08-14 01:34:14]2064,Hairdo 3,cha ID:1
[08-14 01:34:14]2065,Hairdo 4,cha ID:1
[08-14 01:34:14]2066,Hairdo 5,cha ID:1
[08-14 01:34:14]2067,Hairdo 6,cha ID:1
[08-14 01:34:14]2068,Hairdo 7,cha ID:1
[08-14 01:34:14]2069,Hairdo 8,cha ID:1
[08-14 01:34:14]2070,Event Commissioner,cha ID:1
[08-14 01:34:14]2071,Hairdo 1,cha ID:1
[08-14 01:34:14]2072,Hairdo 1,cha ID:1
[08-14 01:34:14]2073,Hairdo 1,cha ID:1
[08-14 01:34:14]2074,Hairdo 1,cha ID:1
[08-14 01:34:14]2075,Hairdo 1,cha ID:1
[08-14 01:34:14]2076,Hairdo 1,cha ID:1
[08-14 01:34:14]2077,Hairdo 1,cha ID:1
[08-14 01:34:14]2078,Hairdo 2,cha ID:1
[08-14 01:34:14]2079,Hairdo 2,cha ID:1
[08-14 01:34:14]2080,Hairdo 2,cha ID:1
[08-14 01:34:14]2081,Hairdo 2,cha ID:1
[08-14 01:34:14]2082,Hairdo 2,cha ID:1
[08-14 01:34:14]2083,Hairdo 2,cha ID:1
[08-14 01:34:14]2084,Hairdo 3,cha ID:1
[08-14 01:34:14]2085,Hairdo 3,cha ID:1
[08-14 01:34:14]2086,Hairdo 3,cha ID:1
[08-14 01:34:14]2087,Hairdo 3,cha ID:1
[08-14 01:34:14]2088,Hairdo 3,cha ID:1
[08-14 01:34:14]2089,Hairdo 3,cha ID:1
[08-14 01:34:14]2090,Hairdo 4,cha ID:1
[08-14 01:34:14]2091,Hairdo 4,cha ID:1
[08-14 01:34:14]2092,Hairdo 4,cha ID:1
[08-14 01:34:14]2093,Hairdo 4,cha ID:1
[08-14 01:34:14]2094,Hairdo 4,cha ID:1
[08-14 01:34:14]2095,Hairdo 4,cha ID:1
[08-14 01:34:14]2096,Hairdo 4,cha ID:1
[08-14 01:34:14]2097,Hairdo 5,cha ID:1
[08-14 01:34:14]2098,Hairdo 5,cha ID:1
[08-14 01:34:14]2099,Hairdo 5,cha ID:1
[08-14 01:34:14]2100,Hairdo 5,cha ID:1
[08-14 01:34:14]2101,Hairdo 6,cha ID:1
[08-14 01:34:14]2102,Hairdo 6,cha ID:1
[08-14 01:34:14]2103,Hairdo 6,cha ID:1
[08-14 01:34:14]2104,Hairdo 6,cha ID:1
[08-14 01:34:14]2105,Hairdo 6,cha ID:1
[08-14 01:34:14]2106,Hairdo 6,cha ID:1
[08-14 01:34:14]2107,Hairdo 6,cha ID:1
[08-14 01:34:14]2108,Hairdo 7,cha ID:1
[08-14 01:34:14]2109,Hairdo 7,cha ID:1
[08-14 01:34:14]2110,Hairdo 7,cha ID:1
[08-14 01:34:14]2111,Hairdo 7,cha ID:1
[08-14 01:34:14]2112,Hairdo 7,cha ID:1
[08-14 01:34:14]2113,Hairdo 7,cha ID:1
[08-14 01:34:14]2114,Hairdo 8,cha ID:1
[08-14 01:34:14]2115,Hairdo 8,cha ID:1
[08-14 01:34:14]2116,Hairdo 8,cha ID:1
[08-14 01:34:14]2117,Hairdo 8,cha ID:1
[08-14 01:34:14]2118,Hairdo 8,cha ID:1
[08-14 01:34:14]2119,Hairdo 8,cha ID:1
[08-14 01:34:14]2120,Hairdo 8,cha ID:1
[08-14 01:34:14]2121,Carsise Failed Hairdo 1,cha ID:1
[08-14 01:34:14]2122,Guy 2 Bald Hairdo,cha ID:1
[08-14 01:34:14]2123,Carsise Failed Hairdo 2,cha ID:1
[08-14 01:34:14]2124,Hairdo 1,cha ID:1
[08-14 01:34:14]2125,Hairdo 2,cha ID:1
[08-14 01:34:14]2126,Hairdo 3,cha ID:1
[08-14 01:34:14]2127,Hairdo 4,cha ID:1
[08-14 01:34:14]2128,Hairdo 5,cha ID:1
[08-14 01:34:14]2129,Hairdo 6,cha ID:1
[08-14 01:34:14]2130,Hairdo 7,cha ID:1
[08-14 01:34:14]2131,Hairdo 8,cha ID:1
[08-14 01:34:14]2132,Event Commissioner,cha ID:1
[08-14 01:34:14]2133,Hairdo 1,cha ID:1
[08-14 01:34:14]2134,Hairdo 1,cha ID:1
[08-14 01:34:14]2135,Hairdo 1,cha ID:1
[08-14 01:34:14]2136,Hairdo 1,cha ID:1
[08-14 01:34:14]2137,Hairdo 1,cha ID:1
[08-14 01:34:14]2138,Hairdo 1,cha ID:1
[08-14 01:34:14]2139,Hairdo 1,cha ID:1
[08-14 01:34:14]2140,Hairdo 2,cha ID:1
[08-14 01:34:14]2141,Hairdo 2,cha ID:1
[08-14 01:34:14]2142,Hairdo 2,cha ID:1
[08-14 01:34:14]2143,Hairdo 2,cha ID:1
[08-14 01:34:14]2144,Hairdo 2,cha ID:1
[08-14 01:34:14]2145,Hairdo 2,cha ID:1
[08-14 01:34:14]2146,Hairdo 3,cha ID:1
[08-14 01:34:14]2147,Hairdo 3,cha ID:1
[08-14 01:34:14]2148,Hairdo 3,cha ID:1
[08-14 01:34:14]2149,Hairdo 3,cha ID:1
[08-14 01:34:14]2150,Hairdo 3,cha ID:1
[08-14 01:34:14]2151,Hairdo 3,cha ID:1
[08-14 01:34:14]2152,Hairdo 4,cha ID:1
[08-14 01:34:14]2153,Hairdo 4,cha ID:1
[08-14 01:34:14]2154,Hairdo 4,cha ID:1
[08-14 01:34:14]2155,Hairdo 4,cha ID:1
[08-14 01:34:14]2156,Hairdo 4,cha ID:1
[08-14 01:34:14]2157,Hairdo 4,cha ID:1
[08-14 01:34:14]2158,Hairdo 5,cha ID:1
[08-14 01:34:14]2159,Hairdo 5,cha ID:1
[08-14 01:34:14]2160,Hairdo 5,cha ID:1
[08-14 01:34:14]2161,Hairdo 5,cha ID:1
[08-14 01:34:14]2162,Hairdo 5,cha ID:1
[08-14 01:34:14]2163,Hairdo 5,cha ID:1
[08-14 01:34:14]2164,Hairdo 6,cha ID:1
[08-14 01:34:14]2165,Hairdo 6,cha ID:1
[08-14 01:34:14]2166,Hairdo 6,cha ID:1
[08-14 01:34:14]2167,Hairdo 6,cha ID:1
[08-14 01:34:14]2168,Hairdo 6,cha ID:1
[08-14 01:34:14]2169,Hairdo 6,cha ID:1
[08-14 01:34:14]2170,Hairdo 7,cha ID:1
[08-14 01:34:14]2171,Hairdo 7,cha ID:1
[08-14 01:34:14]2172,Hairdo 7,cha ID:1
[08-14 01:34:14]2173,Hairdo 7,cha ID:1
[08-14 01:34:14]2174,Hairdo 7,cha ID:1
[08-14 01:34:14]2175,Hairdo 7,cha ID:1
[08-14 01:34:14]2176,Hairdo 8,cha ID:1
[08-14 01:34:14]2177,Hairdo 8,cha ID:1
[08-14 01:34:14]2178,Hairdo 8,cha ID:1
[08-14 01:34:14]2179,Hairdo 8,cha ID:1
[08-14 01:34:14]2180,Hairdo 8,cha ID:1
[08-14 01:34:14]2181,Hairdo 8,cha ID:1
[08-14 01:34:14]2182,Phyllis Failed Hairdo 1,cha ID:1
[08-14 01:34:14]2183,Phyllis Failed Hairdo 2,cha ID:1
[08-14 01:34:14]2184,Girl 1 Bald Hairdo,cha ID:1
[08-14 01:34:14]2185,Girl 1 Hair Makeup 01,cha ID:1
[08-14 01:34:14]2186,Girl 2 Hair 00,cha ID:1
[08-14 01:34:14]2275,Lance Trendy Hairdo 1,cha ID:4
[08-14 01:34:14]2276,Lance Trendy Hairdo 2,cha ID:4
[08-14 01:34:14]2277,Lance Trendy Hairdo 3,cha ID:4
[08-14 01:34:14]2278,Lance Trendy Hairdo 4,cha ID:4
[08-14 01:34:14]2279,Carsise Trendy Hairdo 1,cha ID:4
[08-14 01:34:14]2280,Carsise Trendy Hairdo 2,cha ID:4
[08-14 01:34:14]2281,Carsise Trendy Hairdo 3,cha ID:4
[08-14 01:34:14]2282,Carsise Trendy Hairdo 4,cha ID:4
[08-14 01:34:14]2283,Phyllis Trendy Hairdo 1,cha ID:4
[08-14 01:34:14]2284,Phyllis Trendy Hairdo 2,cha ID:4
[08-14 01:34:14]2285,Phyllis Trendy Hairdo 3,cha ID:4
[08-14 01:34:14]2286,Phyllis Trendy Hairdo 4,cha ID:4
[08-14 01:34:14]2434,Arrow 02,cha ID:1
[08-14 01:34:14]2448,Gunpowder 02,cha ID:1
[08-14 01:34:14]2499,Left Plaster Glove,cha ID:1
[08-14 01:34:14]2500,Left Brawler Glove,cha ID:1
[08-14 01:34:14]2501,Left Master Glove,cha ID:1
[08-14 01:34:14]2502,Left Jagged Blade,cha ID:1
[08-14 01:34:14]2503,Left Cosmo Blade,cha ID:1
[08-14 01:34:14]2504,Left Tiger Glove,cha ID:1
[08-14 01:34:14]2505,Left Hand of Death,cha ID:1
[08-14 01:34:14]2530,Hephaestus Framestone,cha ID:2
[08-14 01:34:14]2531,Hephaestus Clawstone,cha ID:2
[08-14 01:34:14]2532,Hephaestus Pawstone,cha ID:2
[08-14 01:34:14]2533,Hermes Framestone,cha ID:1
[08-14 01:34:14]2534,Hermes Clawstone,cha ID:1
[08-14 01:34:14]2535,Hermes Pawstone,cha ID:1
[08-14 01:34:14]2536,Apollo Framestone,cha ID:1
[08-14 01:34:14]2537,Apollo Clawstone,cha ID:1
[08-14 01:34:14]2538,Apollo Pawstone,cha ID:1
[08-14 01:34:14]2539,Poseidon Framestone,cha ID:1
[08-14 01:34:14]2540,Poseidon Clawstone,cha ID:1
[08-14 01:34:14]2541,Poseidon Pawstone,cha ID:1
[08-14 01:34:14]2542,Hestia Framestone,cha ID:3
[08-14 01:34:14]2543,Hestia Clawstone,cha ID:3
[08-14 01:34:14]2544,Hestia Pawstone,cha ID:3
[08-14 01:34:14]2545,Athena Framestone,cha ID:3
[08-14 01:34:14]2546,Athena Clawstone,cha ID:3
[08-14 01:34:14]2547,Athena Pawstone,cha ID:3
[08-14 01:34:14]2548,Artemis Crownstone,cha ID:4
[08-14 01:34:14]3061,Bear Shoes,cha ID:4
[08-14 01:34:14]3285,Calculator,cha ID:1
[08-14 01:34:14]3287,Laptop Computer,cha ID:1
[08-14 01:34:14]5071,Greatsword of Cadaver,cha ID:1
[08-14 01:34:14]5074,Dagger of Cadaver,cha ID:2
[08-14 01:34:14]5081,Nightmare Vest,cha ID:1
[08-14 01:34:14]5082,Nightmare Gloves,cha ID:1
[08-14 01:34:14]5083,Nightmare Boots,cha ID:1
[08-14 01:34:14]5209,August Greataxe 1,cha ID:1
[08-14 01:34:14]5212,August Dagger 1,cha ID:2
[08-14 01:34:14]5214,August Greataxe 2,cha ID:1
[08-14 01:34:14]5217,August Dagger 2,cha ID:2
[08-14 01:34:14]9161,Nightmare Demonic Gauntlets,cha ID:1
[08-14 01:34:14]9162,Nightmare Demonic Armor,cha ID:1
[08-14 01:34:14]9163,Nightmare Demonic Boots,cha ID:1
[08-14 01:34:14]9172,Unique Strike Coral,cha ID:2
[08-14 01:34:14]9311,Jack Strike Coral (Permanent),cha ID:2
[08-14 01:34:14]9409,Invisio Helm - Lance,cha ID:1
[08-14 01:34:14]9410,Invisio Helm - Carsise,cha ID:2
[08-14 01:34:14]9411,Invisio Helm - Phyllis,cha ID:3
[08-14 01:34:14]9412,Invisio Helm - Ami,cha ID:4
[08-14 01:34:14]10291,Goku Hat,cha ID:3
