[08-14 01:34:13]Add LG [iteminfoerror]
[08-14 01:34:15]Add LG [mission]
[08-14 01:34:15]Add LG [npcinfo]
[08-14 01:34:15]Add LG [boat_init]
[08-14 01:34:15]Add LG [packbag_init]
[08-14 01:34:15]Add LG [boatlevel_init]
[08-14 01:34:15]Add LG [trigger]
[08-14 01:34:15]Add LG [PfTable]
[08-14 01:34:16]Add LG [missionIDLOG]
[08-14 01:34:17]Add LG [randmission_init]
[08-14 01:34:17]Add LG [randmission_init2]
[08-14 01:34:17]Add LG [randmission_error]
[08-14 01:34:18]Add LG [randmission_prize_error]
[08-14 01:34:20]Add LG [trigger_error]
[08-14 01:34:20]Add LG [npcinit]
[08-14 01:34:20]Add LG [initmap]
[08-14 01:34:22]Add LG [Common]
[08-14 01:34:22]Add LG [spawn_mum_garner]
[08-14 01:34:23]Add LG [missioninit]
[08-14 01:34:23]Add LG [npcinit_trade]
[08-14 01:34:24]Add LG [entity_init]
[08-14 01:34:24]Add LG [weather]
[08-14 01:34:24]Add LG [create_cha]
[08-14 01:34:24]Add LG [help]
[08-14 01:34:24]Add LG [map_entrance_flow]
[08-14 01:34:24]Add LG [spawn_mum_DreamIsland]
[08-14 01:34:24]Add LG [spawn_mum_eastgoaf]
[08-14 01:34:26]Add LG [lua_ai]
[08-14 01:34:26]Add LG [Connect]
[08-14 01:34:26]Add LG [Store_data]
[08-14 01:34:26]Add LG [EntityNum]
[08-14 01:34:26]Add LG [GameRunTime]
[08-14 01:34:26]Add LG [GameLogin]
[08-14 01:34:27]Add LG [WorldNotice]
[08-14 01:34:35]Add LG [enter_map]
[08-14 01:34:35]Add LG [trade2025_8_14_1]
[08-14 01:34:39]Add LG [map_time]
[08-14 01:35:13]Add LG [ServerRunLog]
[08-14 01:35:13]Add LG [GMmakeLog]
[08-14 01:35:13]Add LG [DoCommand]
[08-14 01:35:15]Add LG [attr_error]
[08-14 01:35:21]Add LG [ques]
[08-14 01:37:05]Add LG [script_time]
[08-14 01:38:53]Add LG [star_exp]
[08-14 01:39:22]Add LG [lua_err]
[08-14 01:53:49]Add LG [Big_exp]
[08-14 01:54:35]Add LG [save_data_waste_time]
[08-14 02:01:03]Add LG [ZhuangBeiRH_XinXi]
[08-14 02:01:03]Add LG [RHWaiguan_XinXi]
[08-14 02:01:03]Add LG [Ronghe_ShiBai]
[08-14 02:04:57]Add LG [create_chaX]
