[08-14 01:34:26]can't find pointer map[magicsea], keep former map!
[08-14 01:34:26]can't find pointer map[darkblue], keep former map!
[08-14 01:34:26]can't find pointer map[secretgarden], keep former map!
[08-14 01:34:26]can't find pointer map[secretgarden], keep former map!
[08-14 01:34:26]can't find pointer map[secretgarden], keep former map!
[08-14 01:34:26]can't find pointer map[guildwar], keep former map!
[08-14 01:34:26]can't find pointer map[guildwar2], keep former map!
[08-14 01:34:26]can't find pointer map[guildwar], keep former map!
[08-14 01:34:26]can't find pointer map[guildwar2], keep former map!
[08-14 01:34:26]can't find pointer map[07xmas2], keep former map!
[08-14 01:34:26]can't find pointer map[sdBoss], keep former map!
[08-14 01:39:04]clear target clear_target() 
[08-14 01:39:18]clear target clear_target() 
[08-14 01:39:19]clear target clear_target() 
[08-14 01:39:20]clear target clear_target() 
[08-14 01:39:21]clear target clear_target() 
[08-14 01:40:40]Check chasing range:  1500  
[08-14 01:40:40]Current distance birth point:  0  
[08-14 01:40:41]Check chasing range:  1500  
[08-14 01:40:41]Current distance birth point:  0  
[08-14 01:40:41]Check chasing range:  1500  
[08-14 01:40:41]Current distance birth point:  0  
[08-14 01:40:42]Check chasing range:  1500  
[08-14 01:40:42]Current distance birth point:  0  
[08-14 01:40:43]Check chasing range:  1500  
[08-14 01:40:43]Current distance birth point:  2366281  
[08-14 01:40:43]clear target clear_target() 
[08-14 01:40:48]Check chasing range:  1500  
[08-14 01:40:48]Current distance birth point:  0  
[08-14 01:40:49]Check chasing range:  1500  
[08-14 01:40:49]Current distance birth point:  22393  
[08-14 01:40:49]Check chasing range:  1500  
[08-14 01:40:49]Current distance birth point:  22393  
[08-14 01:40:50]Check chasing range:  1500  
[08-14 01:40:50]Current distance birth point:  22393  
[08-14 01:41:08]Check chasing range:  1500  
[08-14 01:41:08]Current distance birth point:  0  
[08-14 01:41:09]Check chasing range:  1500  
[08-14 01:41:09]Current distance birth point:  22265  
[08-14 01:41:09]Check chasing range:  1500  
[08-14 01:41:09]Current distance birth point:  22265  
[08-14 01:41:10]Check chasing range:  1500  
[08-14 01:41:10]Current distance birth point:  22265  
[08-14 01:41:13]Check chasing range:  1500  
[08-14 01:41:13]Current distance birth point:  2345689  
[08-14 01:41:13]clear target clear_target() 
[08-14 01:41:17]Check chasing range:  1500  
[08-14 01:41:17]Current distance birth point:  220480  
[08-14 01:41:17]Check chasing range:  1500  
[08-14 01:41:17]Current distance birth point:  220480  
[08-14 01:41:18]Check chasing range:  1500  
[08-14 01:41:18]Current distance birth point:  357640  
[08-14 01:41:18]Check chasing range:  1500  
[08-14 01:41:18]Current distance birth point:  357640  
[08-14 01:41:22]Check chasing range:  1500  
[08-14 01:41:22]Current distance birth point:  0  
[08-14 01:41:22]Check chasing range:  1500  
[08-14 01:41:22]Current distance birth point:  0  
[08-14 01:41:39]Check chasing range:  1500  
[08-14 01:41:39]Current distance birth point:  2256784  
[08-14 01:41:39]clear target clear_target() 
[08-14 01:41:40]Check chasing range:  1500  
[08-14 01:41:40]Current distance birth point:  2401604  
[08-14 01:41:40]clear target clear_target() 
[08-14 01:41:42]Check chasing range:  1500  
[08-14 01:41:42]Current distance birth point:  29354  
[08-14 01:41:43]Check chasing range:  1500  
[08-14 01:41:43]Current distance birth point:  29354  
[08-14 01:41:43]Check chasing range:  1500  
[08-14 01:41:43]Current distance birth point:  500  
[08-14 01:41:44]Check chasing range:  1500  
[08-14 01:41:44]Current distance birth point:  23186  
[08-14 01:41:54]Destination point 192045     282399   is it allow to reach  
[08-14 01:41:54]Destination point 192045     282399   is it allow to reach  
[08-14 01:41:55]Destination point 192045     282399   is it allow to reach  
[08-14 01:41:55]Destination point 192045     282399   is it allow to reach  
[08-14 01:41:56]Destination point 192045     282399   is it allow to reach  
[08-14 01:41:56]Destination point 192045     282399   is it allow to reach  
[08-14 01:41:57]Destination point 192045     282399   is it allow to reach  
[08-14 01:41:57]Check chasing range:  1500  
[08-14 01:41:57]Current distance birth point:  0  
[08-14 01:41:58]Check chasing range:  1500  
[08-14 01:41:58]Current distance birth point:  0  
[08-14 01:42:02]Destination point 192045     282399   is it allow to reach  
[08-14 01:42:03]Destination point 192045     282399   is it allow to reach  
[08-14 01:42:03]Destination point 192045     282399   is it allow to reach  
[08-14 01:42:04]Destination point 192045     282399   is it allow to reach  
[08-14 01:42:04]Destination point 192045     282399   is it allow to reach  
[08-14 01:42:05]Destination point 192045     282399   is it allow to reach  
[08-14 01:42:05]Destination point 192045     282399   is it allow to reach  
[08-14 01:42:06]Destination point 192045     282399   is it allow to reach  
[08-14 01:42:06]Check chasing range:  1500  
[08-14 01:42:06]Current distance birth point:  2651549  
[08-14 01:42:06]clear target clear_target() 
[08-14 01:42:06]Destination point 192045     282399   is it allow to reach  
[08-14 01:42:07]Destination point 192045     282399   is it allow to reach  
[08-14 01:42:07]Destination point 192045     282399   is it allow to reach  
[08-14 01:42:07]Check chasing range:  1500  
[08-14 01:42:07]Current distance birth point:  259549  
[08-14 01:42:08]Destination point 192045     282399   is it allow to reach  
[08-14 01:42:08]Check chasing range:  1500  
[08-14 01:42:08]Current distance birth point:  384116  
[08-14 01:42:08]Destination point 192045     282399   is it allow to reach  
[08-14 01:42:08]Check chasing range:  1500  
[08-14 01:42:08]Current distance birth point:  384116  
[08-14 01:42:09]Destination point 192045     282399   is it allow to reach  
[08-14 01:42:09]Check chasing range:  1500  
[08-14 01:42:09]Current distance birth point:  268192  
[08-14 01:42:09]Destination point 192045     282399   is it allow to reach  
[08-14 01:42:10]Destination point 192045     282399   is it allow to reach  
[08-14 01:42:10]Destination point 192045     282399   is it allow to reach  
[08-14 01:42:10]Check chasing range:  1500  
[08-14 01:42:10]Current distance birth point:  2326157  
[08-14 01:42:10]clear target clear_target() 
[08-14 01:42:11]Destination point 192045     282399   is it allow to reach  
[08-14 01:42:11]Destination point 192045     282399   is it allow to reach  
[08-14 01:42:12]Destination point 192045     282399   is it allow to reach  
[08-14 01:42:12]Check chasing range:  1500  
[08-14 01:42:12]Current distance birth point:  2385448  
[08-14 01:42:12]clear target clear_target() 
[08-14 01:42:12]Destination point 192045     282399   is it allow to reach  
[08-14 01:42:13]Destination point 192045     282399   is it allow to reach  
[08-14 01:42:13]Destination point 192045     282399   is it allow to reach  
[08-14 01:42:14]Destination point 192045     282399   is it allow to reach  
[08-14 01:42:14]Destination point 192045     282399   is it allow to reach  
[08-14 01:42:14]Check chasing range:  1500  
[08-14 01:42:14]Current distance birth point:  25540  
[08-14 01:42:15]Destination point 192045     282399   is it allow to reach  
[08-14 01:42:15]Check chasing range:  1500  
[08-14 01:42:15]Current distance birth point:  104  
[08-14 01:42:15]Destination point 192045     282399   is it allow to reach  
[08-14 01:42:15]Check chasing range:  1500  
[08-14 01:42:15]Current distance birth point:  22324  
[08-14 01:42:16]Destination point 192045     282399   is it allow to reach  
[08-14 01:42:16]Check chasing range:  1500  
[08-14 01:42:16]Current distance birth point:  22324  
[08-14 01:42:16]Destination point 192045     282399   is it allow to reach  
[08-14 01:42:16]Check chasing range:  1500  
[08-14 01:42:16]Current distance birth point:  22280  
[08-14 01:42:16]Check chasing range:  1500  
[08-14 01:42:16]Current distance birth point:  22324  
[08-14 01:42:17]Destination point 192045     282399   is it allow to reach  
[08-14 01:42:17]Check chasing range:  1500  
[08-14 01:42:17]Current distance birth point:  87805  
[08-14 01:42:17]Check chasing range:  1500  
[08-14 01:42:17]Current distance birth point:  22324  
[08-14 01:42:17]Destination point 192045     282399   is it allow to reach  
[08-14 01:42:17]Check chasing range:  1500  
[08-14 01:42:17]Current distance birth point:  22324  
[08-14 01:42:17]Check chasing range:  1500  
[08-14 01:42:17]Current distance birth point:  21860  
[08-14 01:42:18]Destination point 192045     282399   is it allow to reach  
[08-14 01:42:18]Check chasing range:  1500  
[08-14 01:42:18]Current distance birth point:  676  
[08-14 01:42:18]Check chasing range:  1500  
[08-14 01:42:18]Current distance birth point:  22324  
[08-14 01:42:18]Destination point 192045     282399   is it allow to reach  
[08-14 01:42:18]Check chasing range:  1500  
[08-14 01:42:18]Current distance birth point:  676  
[08-14 01:42:18]Check chasing range:  1500  
[08-14 01:42:18]Current distance birth point:  22324  
[08-14 01:42:19]Destination point 192045     282399   is it allow to reach  
[08-14 01:42:19]Check chasing range:  1500  
[08-14 01:42:19]Current distance birth point:  22324  
[08-14 01:42:19]Destination point 192045     282399   is it allow to reach  
[08-14 01:42:19]Check chasing range:  1500  
[08-14 01:42:19]Current distance birth point:  86144  
[08-14 01:42:20]Destination point 192045     282399   is it allow to reach  
[08-14 01:42:20]Check chasing range:  1500  
[08-14 01:42:20]Current distance birth point:  86144  
[08-14 01:42:20]Check chasing range:  1500  
[08-14 01:42:20]Current distance birth point:  0  
[08-14 01:42:20]Destination point 192045     282399   is it allow to reach  
[08-14 01:42:20]Check chasing range:  1500  
[08-14 01:42:20]Current distance birth point:  86144  
[08-14 01:42:20]Check chasing range:  1500  
[08-14 01:42:20]Current distance birth point:  22201  
[08-14 01:42:21]Destination point 192045     282399   is it allow to reach  
[08-14 01:42:21]Check chasing range:  1500  
[08-14 01:42:21]Current distance birth point:  86144  
[08-14 01:42:21]Check chasing range:  1500  
[08-14 01:42:21]Current distance birth point:  22201  
[08-14 01:42:21]Destination point 192045     282399   is it allow to reach  
[08-14 01:42:21]Check chasing range:  1500  
[08-14 01:42:21]Current distance birth point:  86144  
[08-14 01:42:21]Check chasing range:  1500  
[08-14 01:42:21]Current distance birth point:  22201  
[08-14 01:42:22]Destination point 192045     282399   is it allow to reach  
[08-14 01:42:22]Check chasing range:  1500  
[08-14 01:42:22]Current distance birth point:  86144  
[08-14 01:42:22]Destination point 192045     282399   is it allow to reach  
[08-14 01:42:23]Destination point 192045     282399   is it allow to reach  
[08-14 01:42:23]Destination point 192045     282399   is it allow to reach  
[08-14 01:42:24]Destination point 192045     282399   is it allow to reach  
[08-14 01:42:24]Destination point 192045     282399   is it allow to reach  
[08-14 01:42:24]Check chasing range:  1500  
[08-14 01:42:24]Current distance birth point:  0  
[08-14 01:42:25]Destination point 192045     282399   is it allow to reach  
[08-14 01:42:25]Check chasing range:  1500  
[08-14 01:42:25]Current distance birth point:  0  
[08-14 01:42:25]Destination point 192045     282399   is it allow to reach  
[08-14 01:42:25]Check chasing range:  1500  
[08-14 01:42:25]Current distance birth point:  0  
[08-14 01:42:26]Check chasing range:  1500  
[08-14 01:42:26]Current distance birth point:  0  
[08-14 01:42:55]Check chasing range:  1500  
[08-14 01:42:55]Current distance birth point:  0  
[08-14 01:42:56]Check chasing range:  1500  
[08-14 01:42:56]Current distance birth point:  22257  
[08-14 01:42:56]Check chasing range:  1500  
[08-14 01:42:56]Current distance birth point:  22257  
[08-14 01:42:57]Check chasing range:  1500  
[08-14 01:42:57]Current distance birth point:  22257  
[08-14 01:42:57]Check chasing range:  1500  
[08-14 01:42:57]Current distance birth point:  22257  
[08-14 01:42:58]Check chasing range:  1500  
[08-14 01:42:58]Current distance birth point:  22257  
[08-14 01:43:01]Destination point 192045     282399   is it allow to reach  
[08-14 01:43:01]Destination point 192045     282399   is it allow to reach  
[08-14 01:43:02]Destination point 192045     282399   is it allow to reach  
[08-14 01:43:02]Destination point 192045     282399   is it allow to reach  
[08-14 01:43:03]Destination point 192045     282399   is it allow to reach  
[08-14 01:43:03]Destination point 192045     282399   is it allow to reach  
[08-14 01:43:04]Destination point 192045     282399   is it allow to reach  
[08-14 01:43:04]Destination point 192045     282399   is it allow to reach  
[08-14 01:43:05]Destination point 192045     282399   is it allow to reach  
[08-14 01:43:05]Destination point 192045     282399   is it allow to reach  
[08-14 01:43:06]Destination point 192045     282399   is it allow to reach  
[08-14 01:43:06]Destination point 192045     282399   is it allow to reach  
[08-14 01:43:07]Destination point 192045     282399   is it allow to reach  
[08-14 01:43:07]Destination point 192045     282399   is it allow to reach  
[08-14 01:43:08]Destination point 192045     282399   is it allow to reach  
[08-14 01:43:08]Destination point 192045     282399   is it allow to reach  
[08-14 01:43:09]Destination point 192045     282399   is it allow to reach  
[08-14 01:43:09]Destination point 192045     282399   is it allow to reach  
[08-14 01:43:09]Check chasing range:  1500  
[08-14 01:43:09]Current distance birth point:  2360993  
[08-14 01:43:09]clear target clear_target() 
[08-14 01:43:10]Destination point 192045     282399   is it allow to reach  
[08-14 01:43:10]Destination point 192045     282399   is it allow to reach  
[08-14 01:43:11]Destination point 192045     282399   is it allow to reach  
[08-14 01:43:11]Check chasing range:  1500  
[08-14 01:43:11]Current distance birth point:  2825732  
[08-14 01:43:11]clear target clear_target() 
[08-14 01:43:11]Destination point 192045     282399   is it allow to reach  
[08-14 01:43:12]Destination point 192045     282399   is it allow to reach  
[08-14 01:43:12]Destination point 192045     282399   is it allow to reach  
[08-14 01:43:13]Destination point 192045     282399   is it allow to reach  
[08-14 01:43:13]Check chasing range:  1500  
[08-14 01:43:13]Current distance birth point:  0  
[08-14 01:43:13]Destination point 192045     282399   is it allow to reach  
[08-14 01:43:13]Check chasing range:  1500  
[08-14 01:43:13]Current distance birth point:  22373  
[08-14 01:43:14]Destination point 192045     282399   is it allow to reach  
[08-14 01:43:14]Destination point 192045     282399   is it allow to reach  
[08-14 01:43:15]Destination point 192045     282399   is it allow to reach  
[08-14 01:43:15]Destination point 192045     282399   is it allow to reach  
[08-14 01:43:16]Destination point 192045     282399   is it allow to reach  
[08-14 01:43:16]Destination point 192045     282399   is it allow to reach  
[08-14 01:43:16]Check chasing range:  1500  
[08-14 01:43:16]Current distance birth point:  0  
[08-14 01:43:17]Destination point 192045     282399   is it allow to reach  
[08-14 01:43:17]Check chasing range:  1500  
[08-14 01:43:17]Current distance birth point:  0  
[08-14 01:43:17]Destination point 192045     282399   is it allow to reach  
[08-14 01:43:17]Check chasing range:  1500  
[08-14 01:43:17]Current distance birth point:  0  
[08-14 01:43:18]Destination point 192045     282399   is it allow to reach  
[08-14 01:43:18]Check chasing range:  1500  
[08-14 01:43:18]Current distance birth point:  0  
[08-14 01:43:18]Destination point 192045     282399   is it allow to reach  
[08-14 01:43:18]Check chasing range:  1500  
[08-14 01:43:18]Current distance birth point:  0  
[08-14 01:43:19]Destination point 192045     282399   is it allow to reach  
[08-14 01:43:19]Check chasing range:  1500  
[08-14 01:43:19]Current distance birth point:  0  
[08-14 01:43:19]Destination point 192045     282399   is it allow to reach  
[08-14 01:43:20]Destination point 192045     282399   is it allow to reach  
[08-14 01:43:20]Destination point 192045     282399   is it allow to reach  
[08-14 01:43:21]Destination point 192045     282399   is it allow to reach  
[08-14 01:43:21]Check chasing range:  1500  
[08-14 01:43:21]Current distance birth point:  0  
[08-14 01:43:21]Destination point 192045     282399   is it allow to reach  
[08-14 01:43:21]Check chasing range:  1500  
[08-14 01:43:21]Current distance birth point:  22257  
[08-14 01:43:22]Destination point 192045     282399   is it allow to reach  
[08-14 01:43:22]Destination point 192045     282399   is it allow to reach  
[08-14 01:43:23]Destination point 192045     282399   is it allow to reach  
[08-14 01:43:23]Destination point 192045     282399   is it allow to reach  
[08-14 01:43:24]Destination point 192045     282399   is it allow to reach  
[08-14 01:43:24]Destination point 192045     282399   is it allow to reach  
[08-14 01:43:28]Destination point 192045     282399   is it allow to reach  
[08-14 01:43:29]Destination point 192045     282399   is it allow to reach  
[08-14 01:43:29]Check chasing range:  1500  
[08-14 01:43:29]Current distance birth point:  299210  
[08-14 01:43:29]Destination point 192045     282399   is it allow to reach  
[08-14 01:43:29]Check chasing range:  1500  
[08-14 01:43:29]Current distance birth point:  299210  
[08-14 01:43:30]Destination point 192045     282399   is it allow to reach  
[08-14 01:43:30]Destination point 192045     282399   is it allow to reach  
[08-14 01:43:31]Destination point 192045     282399   is it allow to reach  
[08-14 01:43:31]Destination point 192045     282399   is it allow to reach  
[08-14 01:43:32]Destination point 192045     282399   is it allow to reach  
[08-14 01:43:32]Destination point 192045     282399   is it allow to reach  
[08-14 01:43:33]Destination point 192045     282399   is it allow to reach  
[08-14 01:43:33]Destination point 192045     282399   is it allow to reach  
[08-14 01:43:34]Destination point 192045     282399   is it allow to reach  
[08-14 01:43:34]Destination point 192045     282399   is it allow to reach  
[08-14 01:43:35]Destination point 192045     282399   is it allow to reach  
[08-14 01:43:35]Destination point 192045     282399   is it allow to reach  
[08-14 01:43:35]Check chasing range:  1500  
[08-14 01:43:35]Current distance birth point:  2305652  
[08-14 01:43:35]clear target clear_target() 
[08-14 01:43:36]Destination point 192045     282399   is it allow to reach  
[08-14 01:43:36]Destination point 192045     282399   is it allow to reach  
[08-14 01:43:36]Check chasing range:  1500  
[08-14 01:43:36]Current distance birth point:  2305652  
[08-14 01:43:36]clear target clear_target() 
[08-14 01:43:37]Destination point 192045     282399   is it allow to reach  
[08-14 01:43:37]Destination point 192045     282399   is it allow to reach  
[08-14 01:43:38]Destination point 192045     282399   is it allow to reach  
[08-14 01:43:38]Destination point 192045     282399   is it allow to reach  
[08-14 01:43:39]Destination point 192045     282399   is it allow to reach  
[08-14 01:43:39]Destination point 192045     282399   is it allow to reach  
[08-14 01:43:42]Check chasing range:  1500  
[08-14 01:43:42]Current distance birth point:  22301  
[08-14 01:43:42]Check chasing range:  1500  
[08-14 01:43:42]Current distance birth point:  83360  
[08-14 01:43:53]Destination point 192045     282399   is it allow to reach  
[08-14 01:43:53]Destination point 192045     282399   is it allow to reach  
[08-14 01:43:54]Destination point 192045     282399   is it allow to reach  
[08-14 01:43:54]Destination point 192045     282399   is it allow to reach  
[08-14 01:43:54]Check chasing range:  1500  
[08-14 01:43:54]Current distance birth point:  201725  
[08-14 01:43:55]Destination point 192045     282399   is it allow to reach  
[08-14 01:43:55]Check chasing range:  1500  
[08-14 01:43:55]Current distance birth point:  278288  
[08-14 01:43:55]Destination point 192045     282399   is it allow to reach  
[08-14 01:43:55]Check chasing range:  1500  
[08-14 01:43:55]Current distance birth point:  328100  
[08-14 01:43:56]Destination point 192045     282399   is it allow to reach  
[08-14 01:43:56]Destination point 192045     282399   is it allow to reach  
[08-14 01:43:57]Destination point 192045     282399   is it allow to reach  
[08-14 01:43:57]Destination point 192045     282399   is it allow to reach  
[08-14 01:43:58]Destination point 192045     282399   is it allow to reach  
[08-14 01:43:58]Destination point 192045     282399   is it allow to reach  
[08-14 01:43:59]Destination point 192045     282399   is it allow to reach  
[08-14 01:43:59]Destination point 192045     282399   is it allow to reach  
[08-14 01:43:59]Check chasing range:  1500  
[08-14 01:43:59]Current distance birth point:  0  
[08-14 01:44:00]Destination point 192045     282399   is it allow to reach  
[08-14 01:44:00]Check chasing range:  1500  
[08-14 01:44:00]Current distance birth point:  22261  
[08-14 01:44:00]Destination point 192045     282399   is it allow to reach  
[08-14 01:44:00]Check chasing range:  1500  
[08-14 01:44:00]Current distance birth point:  22261  
[08-14 01:44:01]Destination point 192045     282399   is it allow to reach  
[08-14 01:44:01]Check chasing range:  1500  
[08-14 01:44:01]Current distance birth point:  22261  
[08-14 01:44:01]Destination point 192045     282399   is it allow to reach  
[08-14 01:44:01]Check chasing range:  1500  
[08-14 01:44:01]Current distance birth point:  22261  
[08-14 01:44:02]Destination point 192045     282399   is it allow to reach  
[08-14 01:44:02]Destination point 192045     282399   is it allow to reach  
[08-14 01:44:03]Destination point 192045     282399   is it allow to reach  
[08-14 01:44:03]Destination point 192045     282399   is it allow to reach  
[08-14 01:44:04]Destination point 192045     282399   is it allow to reach  
[08-14 01:44:04]Destination point 192045     282399   is it allow to reach  
[08-14 01:44:15]Destination point 192045     282399   is it allow to reach  
[08-14 01:44:15]Destination point 192045     282399   is it allow to reach  
[08-14 01:44:15]Destination point 192045     282399   is it allow to reach  
[08-14 01:44:16]Destination point 192045     282399   is it allow to reach  
[08-14 01:44:16]Destination point 192045     282399   is it allow to reach  
[08-14 01:44:17]Destination point 192045     282399   is it allow to reach  
[08-14 01:44:17]Destination point 192045     282399   is it allow to reach  
[08-14 01:44:18]Destination point 192045     282399   is it allow to reach  
[08-14 01:44:18]Destination point 192045     282399   is it allow to reach  
[08-14 01:44:19]Destination point 192045     282399   is it allow to reach  
[08-14 01:44:19]Destination point 192045     282399   is it allow to reach  
[08-14 01:44:20]Destination point 192045     282399   is it allow to reach  
[08-14 01:44:20]Destination point 192045     282399   is it allow to reach  
[08-14 01:44:21]Destination point 192045     282399   is it allow to reach  
[08-14 01:44:46]clear target clear_target() 
[08-14 01:44:47]Check chasing range:  1500  
[08-14 01:44:47]Current distance birth point:  0  
[08-14 01:44:47]Check chasing range:  1500  
[08-14 01:44:47]Current distance birth point:  33305  
[08-14 01:44:47]clear target clear_target() 
[08-14 01:44:47]Check chasing range:  1500  
[08-14 01:44:47]Current distance birth point:  32365  
[08-14 01:44:48]clear target clear_target() 
[08-14 01:44:48]Check chasing range:  1500  
[08-14 01:44:48]Current distance birth point:  165649  
[08-14 01:44:48]Check chasing range:  1500  
[08-14 01:44:48]Current distance birth point:  345940  
[08-14 01:44:49]Check chasing range:  1500  
[08-14 01:44:49]Current distance birth point:  345940  
[08-14 01:44:49]Check chasing range:  1500  
[08-14 01:44:49]Current distance birth point:  516148  
[08-14 01:44:50]Check chasing range:  1500  
[08-14 01:44:50]Current distance birth point:  706005  
[08-14 01:44:50]Check chasing range:  1500  
[08-14 01:44:50]Current distance birth point:  706005  
[08-14 01:44:51]clear target clear_target() 
[08-14 01:44:51]Check chasing range:  1500  
[08-14 01:44:51]Current distance birth point:  706005  
[08-14 01:44:54]Check chasing range:  1500  
[08-14 01:44:54]Current distance birth point:  0  
[08-14 01:44:54]Check chasing range:  1500  
[08-14 01:44:54]Current distance birth point:  52  
[08-14 01:44:55]Check chasing range:  1500  
[08-14 01:44:55]Current distance birth point:  0  
[08-14 01:44:55]Check chasing range:  1500  
[08-14 01:44:55]Current distance birth point:  32138  
[08-14 01:44:55]Check chasing range:  1500  
[08-14 01:44:55]Current distance birth point:  0  
[08-14 01:44:55]Check chasing range:  1500  
[08-14 01:44:55]Current distance birth point:  44285  
[08-14 01:44:55]Check chasing range:  1500  
[08-14 01:44:55]Current distance birth point:  32266  
[08-14 01:44:55]Check chasing range:  1500  
[08-14 01:44:55]Current distance birth point:  0  
[08-14 01:44:55]Check chasing range:  1500  
[08-14 01:44:55]Current distance birth point:  32084  
[08-14 01:44:56]Check chasing range:  1500  
[08-14 01:44:56]Current distance birth point:  154820  
[08-14 01:44:56]Check chasing range:  1500  
[08-14 01:44:56]Current distance birth point:  123617  
[08-14 01:44:56]Check chasing range:  1500  
[08-14 01:44:56]Current distance birth point:  32201  
[08-14 01:44:56]Check chasing range:  1500  
[08-14 01:44:56]Current distance birth point:  0  
[08-14 01:44:56]Check chasing range:  1500  
[08-14 01:44:56]Current distance birth point:  209345  
[08-14 01:44:56]Check chasing range:  1500  
[08-14 01:44:56]Current distance birth point:  288653  
[08-14 01:44:56]Check chasing range:  1500  
[08-14 01:44:56]Current distance birth point:  143312  
[08-14 01:44:57]Check chasing range:  1500  
[08-14 01:44:57]Current distance birth point:  32218  
[08-14 01:44:57]Check chasing range:  1500  
[08-14 01:44:57]Current distance birth point:  209345  
[08-14 01:44:57]Check chasing range:  1500  
[08-14 01:44:57]Current distance birth point:  143312  
[08-14 01:44:57]Check chasing range:  1500  
[08-14 01:44:57]Current distance birth point:  129429  
[08-14 01:44:57]Check chasing range:  1500  
[08-14 01:44:57]Current distance birth point:  361250  
[08-14 01:44:58]Check chasing range:  1500  
[08-14 01:44:58]Current distance birth point:  129429  
[08-14 01:44:58]Check chasing range:  1500  
[08-14 01:44:58]Current distance birth point:  361250  
[08-14 01:44:58]Check chasing range:  1500  
[08-14 01:44:58]Current distance birth point:  365489  
[08-14 01:45:04]Check chasing range:  1500  
[08-14 01:45:04]Current distance birth point:  144697  
[08-14 01:45:04]Check chasing range:  1500  
[08-14 01:45:04]Current distance birth point:  145546  
[08-14 01:45:05]Check chasing range:  1500  
[08-14 01:45:05]Current distance birth point:  196481  
[08-14 01:45:07]Check chasing range:  1500  
[08-14 01:45:07]Current distance birth point:  0  
[08-14 01:45:07]Check chasing range:  1500  
[08-14 01:45:07]Current distance birth point:  170602  
[08-14 01:45:08]Check chasing range:  1500  
[08-14 01:45:08]Current distance birth point:  153413  
[08-14 01:45:08]Check chasing range:  1500  
[08-14 01:45:08]Current distance birth point:  153413  
[08-14 01:45:10]Check chasing range:  1500  
[08-14 01:45:10]Current distance birth point:  0  
[08-14 01:45:11]Check chasing range:  1500  
[08-14 01:45:11]Current distance birth point:  0  
[08-14 01:45:11]Check chasing range:  1500  
[08-14 01:45:11]Current distance birth point:  32170  
[08-14 01:45:12]Check chasing range:  1500  
[08-14 01:45:12]Current distance birth point:  0  
[08-14 01:45:12]Check chasing range:  1500  
[08-14 01:45:12]Current distance birth point:  131984  
[08-14 01:45:12]Check chasing range:  1500  
[08-14 01:45:12]Current distance birth point:  129889  
[08-14 01:45:12]Check chasing range:  1500  
[08-14 01:45:12]Current distance birth point:  22229  
[08-14 01:45:12]Check chasing range:  1500  
[08-14 01:45:12]Current distance birth point:  0  
[08-14 01:45:12]Check chasing range:  1500  
[08-14 01:45:12]Current distance birth point:  47653  
[08-14 01:45:13]Check chasing range:  1500  
[08-14 01:45:13]Current distance birth point:  214154  
[08-14 01:45:13]Check chasing range:  1500  
[08-14 01:45:13]Current distance birth point:  22229  
[08-14 01:45:13]Check chasing range:  1500  
[08-14 01:45:13]Current distance birth point:  32161  
[08-14 01:45:13]Check chasing range:  1500  
[08-14 01:45:13]Current distance birth point:  373465  
[08-14 01:45:13]Check chasing range:  1500  
[08-14 01:45:13]Current distance birth point:  170365  
[08-14 01:45:14]Check chasing range:  1500  
[08-14 01:45:14]Current distance birth point:  587984  
[08-14 01:45:14]Check chasing range:  1500  
[08-14 01:45:14]Current distance birth point:  587984  
[08-14 01:45:15]Check chasing range:  1500  
[08-14 01:45:15]Current distance birth point:  54522  
[08-14 01:45:15]Check chasing range:  1500  
[08-14 01:45:15]Current distance birth point:  54353  
[08-14 01:45:15]clear target clear_target() 
[08-14 01:45:15]Check chasing range:  1500  
[08-14 01:45:15]Current distance birth point:  2845  
[08-14 01:45:17]Check chasing range:  1500  
[08-14 01:45:17]Current distance birth point:  142553  
[08-14 01:45:17]clear target clear_target() 
[08-14 01:45:17]clear target clear_target() 
[08-14 01:45:17]clear target clear_target() 
[08-14 01:45:17]clear target clear_target() 
[08-14 01:45:18]Check chasing range:  1500  
[08-14 01:45:18]Current distance birth point:  455737  
[08-14 01:45:18]Check chasing range:  1500  
[08-14 01:45:18]Current distance birth point:  455737  
[08-14 01:45:21]Check chasing range:  1500  
[08-14 01:45:21]Current distance birth point:  0  
[08-14 01:45:21]Check chasing range:  1500  
[08-14 01:45:21]Current distance birth point:  32040  
[08-14 01:45:22]Check chasing range:  1500  
[08-14 01:45:22]Current distance birth point:  100277  
[08-14 01:45:22]Check chasing range:  1500  
[08-14 01:45:22]Current distance birth point:  100277  
[08-14 01:45:24]Check chasing range:  1500  
[08-14 01:45:24]Current distance birth point:  45621  
[08-14 01:45:24]Check chasing range:  1500  
[08-14 01:45:24]Current distance birth point:  0  
[08-14 01:45:57]Check chasing range:  1500  
[08-14 01:45:57]Current distance birth point:  88621  
[08-14 01:45:57]clear target clear_target() 
[08-14 01:45:59]Check chasing range:  1500  
[08-14 01:45:59]Current distance birth point:  0  
[08-14 01:46:00]Check chasing range:  1500  
[08-14 01:46:00]Current distance birth point:  32264  
[08-14 01:46:00]Check chasing range:  1500  
[08-14 01:46:00]Current distance birth point:  27185  
[08-14 01:46:01]Check chasing range:  1500  
[08-14 01:46:01]Current distance birth point:  81380  
[08-14 01:46:01]clear target clear_target() 
[08-14 01:46:01]Check chasing range:  1500  
[08-14 01:46:01]Current distance birth point:  81380  
[08-14 01:46:02]Check chasing range:  1500  
[08-14 01:46:02]Current distance birth point:  81380  
[08-14 01:46:02]Check chasing range:  1500  
[08-14 01:46:02]Current distance birth point:  81380  
[08-14 01:46:05]Check chasing range:  1500  
[08-14 01:46:05]Current distance birth point:  86120  
[08-14 01:46:06]Check chasing range:  1500  
[08-14 01:46:06]Current distance birth point:  0  
[08-14 01:46:06]Check chasing range:  1500  
[08-14 01:46:06]Current distance birth point:  170554  
[08-14 01:46:06]Check chasing range:  1500  
[08-14 01:46:06]Current distance birth point:  0  
[08-14 01:46:06]Check chasing range:  1500  
[08-14 01:46:06]Current distance birth point:  32050  
[08-14 01:46:06]Check chasing range:  1500  
[08-14 01:46:06]Current distance birth point:  313378  
[08-14 01:46:07]Check chasing range:  1500  
[08-14 01:46:07]Current distance birth point:  32290  
[08-14 01:46:07]Check chasing range:  1500  
[08-14 01:46:07]Current distance birth point:  150608  
[08-14 01:46:07]Check chasing range:  1500  
[08-14 01:46:07]Current distance birth point:  0  
[08-14 01:46:07]Check chasing range:  1500  
[08-14 01:46:07]Current distance birth point:  108225  
[08-14 01:46:07]Check chasing range:  1500  
[08-14 01:46:07]Current distance birth point:  150608  
[08-14 01:46:07]Check chasing range:  1500  
[08-14 01:46:07]Current distance birth point:  32193  
[08-14 01:46:08]Check chasing range:  1500  
[08-14 01:46:08]Current distance birth point:  133605  
[08-14 01:46:08]Check chasing range:  1500  
[08-14 01:46:08]Current distance birth point:  44296  
[08-14 01:46:08]Check chasing range:  1500  
[08-14 01:46:08]Current distance birth point:  0  
[08-14 01:46:08]Check chasing range:  1500  
[08-14 01:46:08]Current distance birth point:  133605  
[08-14 01:46:08]Check chasing range:  1500  
[08-14 01:46:08]Current distance birth point:  23377  
[08-14 01:46:08]Check chasing range:  1500  
[08-14 01:46:08]Current distance birth point:  44296  
[08-14 01:46:09]Check chasing range:  1500  
[08-14 01:46:09]Current distance birth point:  32040  
[08-14 01:46:09]Check chasing range:  1500  
[08-14 01:46:09]Current distance birth point:  189946  
[08-14 01:46:09]Check chasing range:  1500  
[08-14 01:46:09]Current distance birth point:  0  
[08-14 01:46:09]Check chasing range:  1500  
[08-14 01:46:09]Current distance birth point:  44296  
[08-14 01:46:09]Check chasing range:  1500  
[08-14 01:46:09]Current distance birth point:  130426  
[08-14 01:46:09]Check chasing range:  1500  
[08-14 01:46:09]Current distance birth point:  189946  
[08-14 01:46:09]Check chasing range:  1500  
[08-14 01:46:09]Current distance birth point:  32084  
[08-14 01:46:10]Check chasing range:  1500  
[08-14 01:46:10]Current distance birth point:  128336  
[08-14 01:46:10]Check chasing range:  1500  
[08-14 01:46:10]Current distance birth point:  294913  
[08-14 01:46:10]Check chasing range:  1500  
[08-14 01:46:10]Current distance birth point:  189946  
[08-14 01:46:10]Check chasing range:  1500  
[08-14 01:46:10]Current distance birth point:  128336  
[08-14 01:46:10]Check chasing range:  1500  
[08-14 01:46:10]Current distance birth point:  512305  
[08-14 01:46:10]Check chasing range:  1500  
[08-14 01:46:10]Current distance birth point:  189946  
[08-14 01:46:11]Check chasing range:  1500  
[08-14 01:46:11]Current distance birth point:  288756  
[08-14 01:46:11]Check chasing range:  1500  
[08-14 01:46:11]Current distance birth point:  748490  
[08-14 01:46:11]Check chasing range:  1500  
[08-14 01:46:11]Current distance birth point:  189946  
[08-14 01:46:11]Check chasing range:  1500  
[08-14 01:46:11]Current distance birth point:  471145  
[08-14 01:46:11]Check chasing range:  1500  
[08-14 01:46:11]Current distance birth point:  748490  
[08-14 01:46:11]Check chasing range:  1500  
[08-14 01:46:11]Current distance birth point:  189946  
[08-14 01:46:12]Check chasing range:  1500  
[08-14 01:46:12]Current distance birth point:  471145  
[08-14 01:46:12]Check chasing range:  1500  
[08-14 01:46:12]Current distance birth point:  748490  
[08-14 01:46:12]Check chasing range:  1500  
[08-14 01:46:12]Current distance birth point:  189946  
[08-14 01:46:12]Check chasing range:  1500  
[08-14 01:46:12]Current distance birth point:  471145  
[08-14 01:46:12]Check chasing range:  1500  
[08-14 01:46:12]Current distance birth point:  748490  
[08-14 01:46:12]Check chasing range:  1500  
[08-14 01:46:12]Current distance birth point:  189946  
[08-14 01:46:13]Check chasing range:  1500  
[08-14 01:46:13]Current distance birth point:  471145  
[08-14 01:46:13]Check chasing range:  1500  
[08-14 01:46:13]Current distance birth point:  748490  
[08-14 01:46:13]Check chasing range:  1500  
[08-14 01:46:13]Current distance birth point:  189946  
[08-14 01:46:13]Check chasing range:  1500  
[08-14 01:46:13]Current distance birth point:  471145  
[08-14 01:46:13]Check chasing range:  1500  
[08-14 01:46:13]Current distance birth point:  748490  
[08-14 01:46:13]Check chasing range:  1500  
[08-14 01:46:13]Current distance birth point:  189946  
[08-14 01:46:14]Check chasing range:  1500  
[08-14 01:46:14]Current distance birth point:  471145  
[08-14 01:46:14]Check chasing range:  1500  
[08-14 01:46:14]Current distance birth point:  748490  
[08-14 01:46:14]Check chasing range:  1500  
[08-14 01:46:14]Current distance birth point:  471145  
[08-14 01:46:14]Check chasing range:  1500  
[08-14 01:46:14]Current distance birth point:  748490  
[08-14 01:46:15]Check chasing range:  1500  
[08-14 01:46:15]Current distance birth point:  471145  
[08-14 01:46:15]Check chasing range:  1500  
[08-14 01:46:15]Current distance birth point:  471145  
[08-14 01:46:16]clear target clear_target() 
[08-14 01:46:16]Check chasing range:  1500  
[08-14 01:46:16]Current distance birth point:  471145  
[08-14 01:46:17]Check chasing range:  1500  
[08-14 01:46:17]Current distance birth point:  0  
[08-14 01:46:18]Check chasing range:  1500  
[08-14 01:46:18]Current distance birth point:  32257  
[08-14 01:46:18]Check chasing range:  1500  
[08-14 01:46:18]Current distance birth point:  133885  
[08-14 01:46:19]Check chasing range:  1500  
[08-14 01:46:19]Current distance birth point:  263300  
[08-14 01:46:23]Check chasing range:  1500  
[08-14 01:46:23]Current distance birth point:  0  
[08-14 01:46:23]Check chasing range:  1500  
[08-14 01:46:23]Current distance birth point:  0  
[08-14 01:46:24]Check chasing range:  1500  
[08-14 01:46:24]Current distance birth point:  182258  
[08-14 01:46:24]Check chasing range:  1500  
[08-14 01:46:24]Current distance birth point:  0  
[08-14 01:46:24]clear target clear_target() 
[08-14 01:46:24]Check chasing range:  1500  
[08-14 01:46:24]Current distance birth point:  32168  
[08-14 01:46:25]Check chasing range:  1500  
[08-14 01:46:25]Current distance birth point:  0  
[08-14 01:46:25]Check chasing range:  1500  
[08-14 01:46:25]Current distance birth point:  23354  
[08-14 01:46:25]Check chasing range:  1500  
[08-14 01:46:25]Current distance birth point:  207754  
[08-14 01:46:25]Check chasing range:  1500  
[08-14 01:46:25]Current distance birth point:  0  
[08-14 01:46:25]Check chasing range:  1500  
[08-14 01:46:25]Current distance birth point:  169713  
[08-14 01:46:25]Check chasing range:  1500  
[08-14 01:46:25]Current distance birth point:  32065  
[08-14 01:46:25]Check chasing range:  1500  
[08-14 01:46:25]Current distance birth point:  0  
[08-14 01:46:25]Check chasing range:  1500  
[08-14 01:46:25]Current distance birth point:  32125  
[08-14 01:46:25]Check chasing range:  1500  
[08-14 01:46:25]Current distance birth point:  203626  
[08-14 01:46:25]Check chasing range:  1500  
[08-14 01:46:25]Current distance birth point:  225457  
[08-14 01:46:26]Check chasing range:  1500  
[08-14 01:46:26]Current distance birth point:  136541  
[08-14 01:46:26]clear target clear_target() 
[08-14 01:46:26]Check chasing range:  1500  
[08-14 01:46:26]Current distance birth point:  137637  
[08-14 01:46:26]Check chasing range:  1500  
[08-14 01:46:26]Current distance birth point:  338890  
[08-14 01:46:26]clear target clear_target() 
[08-14 01:46:26]Check chasing range:  1500  
[08-14 01:46:26]Current distance birth point:  214352  
[08-14 01:46:26]Check chasing range:  1500  
[08-14 01:46:26]Current distance birth point:  66368  
[08-14 01:46:26]clear target clear_target() 
[08-14 01:46:26]Check chasing range:  1500  
[08-14 01:46:26]Current distance birth point:  253730  
[08-14 01:46:26]Check chasing range:  1500  
[08-14 01:46:26]Current distance birth point:  279530  
[08-14 01:46:27]Check chasing range:  1500  
[08-14 01:46:27]Current distance birth point:  165362  
[08-14 01:46:27]Check chasing range:  1500  
[08-14 01:46:27]Current distance birth point:  469354  
[08-14 01:46:27]clear target clear_target() 
[08-14 01:46:27]Check chasing range:  1500  
[08-14 01:46:27]Current distance birth point:  316373  
[08-14 01:46:27]Check chasing range:  1500  
[08-14 01:46:27]Current distance birth point:  559220  
[08-14 01:46:27]Check chasing range:  1500  
[08-14 01:46:27]Current distance birth point:  165362  
[08-14 01:46:27]Check chasing range:  1500  
[08-14 01:46:27]Current distance birth point:  469354  
[08-14 01:46:27]Check chasing range:  1500  
[08-14 01:46:27]Current distance birth point:  316373  
[08-14 01:46:28]Check chasing range:  1500  
[08-14 01:46:28]Current distance birth point:  559220  
[08-14 01:46:28]Check chasing range:  1500  
[08-14 01:46:28]Current distance birth point:  165362  
[08-14 01:46:28]Check chasing range:  1500  
[08-14 01:46:28]Current distance birth point:  213800  
[08-14 01:46:28]Check chasing range:  1500  
[08-14 01:46:28]Current distance birth point:  316373  
[08-14 01:46:28]clear target clear_target() 
[08-14 01:46:28]Check chasing range:  1500  
[08-14 01:46:28]Current distance birth point:  165362  
[08-14 01:46:28]clear target clear_target() 
[08-14 01:46:28]clear target clear_target() 
[08-14 01:46:28]clear target clear_target() 
[08-14 01:46:29]Check chasing range:  1500  
[08-14 01:46:29]Current distance birth point:  165362  
[08-14 01:46:44]Check chasing range:  1500  
[08-14 01:46:44]Current distance birth point:  0  
[08-14 01:46:45]Check chasing range:  1500  
[08-14 01:46:45]Current distance birth point:  0  
[08-14 01:46:45]Check chasing range:  1500  
[08-14 01:46:45]Current distance birth point:  0  
[08-14 01:46:46]Check chasing range:  1500  
[08-14 01:46:46]Current distance birth point:  0  
[08-14 01:46:46]Check chasing range:  1500  
[08-14 01:46:46]Current distance birth point:  22304  
[08-14 01:46:47]Check chasing range:  1500  
[08-14 01:46:47]Current distance birth point:  22304  
[08-14 01:46:47]Check chasing range:  1500  
[08-14 01:46:47]Current distance birth point:  22304  
[08-14 01:46:48]Check chasing range:  1500  
[08-14 01:46:48]Current distance birth point:  22304  
[08-14 01:46:48]clear target clear_target() 
[08-14 01:47:23]Check chasing range:  1500  
[08-14 01:47:23]Current distance birth point:  0  
[08-14 01:47:23]Check chasing range:  1500  
[08-14 01:47:23]Current distance birth point:  32218  
[08-14 02:05:05]Check chasing range:  1500  
[08-14 02:05:05]Current distance birth point:  27938  
[08-14 02:05:06]Check chasing range:  1500  
[08-14 02:05:06]Current distance birth point:  27938  
[08-14 02:05:06]Check chasing range:  1500  
[08-14 02:05:06]Current distance birth point:  0  
[08-14 02:05:08]Check chasing range:  1500  
[08-14 02:05:08]Current distance birth point:  0  
[08-14 02:05:09]Check chasing range:  1500  
[08-14 02:05:09]Current distance birth point:  0  
[08-14 02:05:11]Check chasing range:  1500  
[08-14 02:05:11]Current distance birth point:  3461  
[08-14 02:05:12]Check chasing range:  1500  
[08-14 02:05:12]Current distance birth point:  0  
[08-14 02:05:21]Check chasing range:  1500  
[08-14 02:05:21]Current distance birth point:  0  
[08-14 02:05:22]Check chasing range:  1500  
[08-14 02:05:22]Current distance birth point:  0  
[08-14 02:05:23]Check chasing range:  1500  
[08-14 02:05:23]Current distance birth point:  0  
[08-14 02:05:24]Check chasing range:  1500  
[08-14 02:05:24]Current distance birth point:  0  
[08-14 02:05:25]Check chasing range:  1500  
[08-14 02:05:25]Current distance birth point:  0  
[08-14 02:05:29]Check chasing range:  1500  
[08-14 02:05:29]Current distance birth point:  0  
[08-14 02:05:29]Check chasing range:  1500  
[08-14 02:05:29]Current distance birth point:  22276  
[08-14 02:05:30]Check chasing range:  1500  
[08-14 02:05:30]Current distance birth point:  22276  
[08-14 02:05:30]Check chasing range:  1500  
[08-14 02:05:30]Current distance birth point:  22276  
[08-14 02:05:31]Check chasing range:  1500  
[08-14 02:05:31]Current distance birth point:  22276  
[08-14 02:05:33]Check chasing range:  1500  
[08-14 02:05:33]Current distance birth point:  0  
[08-14 02:05:40]Check chasing range:  1500  
[08-14 02:05:40]Current distance birth point:  110525  
[08-14 02:05:42]Check chasing range:  1500  
[08-14 02:05:42]Current distance birth point:  18037  
[08-14 02:05:57]Check chasing range:  1500  
[08-14 02:05:57]Current distance birth point:  0  
[08-14 02:05:58]Check chasing range:  1500  
[08-14 02:05:58]Current distance birth point:  0  
[08-14 02:06:00]Check chasing range:  1500  
[08-14 02:06:00]Current distance birth point:  48256  
[08-14 02:06:01]Check chasing range:  1500  
[08-14 02:06:01]Current distance birth point:  0  
[08-14 02:06:02]Check chasing range:  1500  
[08-14 02:06:02]Current distance birth point:  0  
[08-14 02:06:03]Check chasing range:  1500  
[08-14 02:06:03]Current distance birth point:  32330  
[08-14 02:06:05]Check chasing range:  1500  
[08-14 02:06:05]Current distance birth point:  0  
[08-14 02:06:06]Check chasing range:  1500  
[08-14 02:06:06]Current distance birth point:  0  
[08-14 02:06:07]Check chasing range:  1500  
[08-14 02:06:07]Current distance birth point:  32260  
[08-14 02:06:44]Check chasing range:  1500  
[08-14 02:06:44]Current distance birth point:  3797  
[08-14 02:06:45]Check chasing range:  1500  
[08-14 02:06:45]Current distance birth point:  0  
[08-14 02:06:45]Check chasing range:  1500  
[08-14 02:06:45]Current distance birth point:  0  
[08-14 02:06:46]Check chasing range:  1500  
[08-14 02:06:46]Current distance birth point:  0  
[08-14 02:06:46]Check chasing range:  1500  
[08-14 02:06:46]Current distance birth point:  0  
[08-14 02:06:47]Check chasing range:  1500  
[08-14 02:06:47]Current distance birth point:  22338  
[08-14 02:06:47]Check chasing range:  1500  
[08-14 02:06:47]Current distance birth point:  22338  
[08-14 02:06:48]Check chasing range:  1500  
[08-14 02:06:48]Current distance birth point:  88400  
[08-14 02:06:48]Check chasing range:  1500  
[08-14 02:06:48]Current distance birth point:  88400  
[08-14 02:06:49]Check chasing range:  1500  
[08-14 02:06:49]Current distance birth point:  88400  
[08-14 02:06:49]Check chasing range:  1500  
[08-14 02:06:49]Current distance birth point:  88400  
[08-14 02:06:50]Check chasing range:  1500  
[08-14 02:06:50]Current distance birth point:  88400  
[08-14 02:06:50]Check chasing range:  1500  
[08-14 02:06:50]Current distance birth point:  88400  
[08-14 02:06:51]Check chasing range:  1500  
[08-14 02:06:51]Current distance birth point:  88400  
[08-14 02:06:52]Check chasing range:  1500  
[08-14 02:06:52]Current distance birth point:  257  
[08-14 02:06:56]Check chasing range:  1500  
[08-14 02:06:56]Current distance birth point:  0  
[08-14 02:06:57]Check chasing range:  1500  
[08-14 02:06:57]Current distance birth point:  22213  
[08-14 02:06:57]Check chasing range:  1500  
[08-14 02:06:57]Current distance birth point:  22213  
[08-14 02:07:00]Check chasing range:  1500  
[08-14 02:07:00]Current distance birth point:  0  
[08-14 02:07:03]Check chasing range:  1500  
[08-14 02:07:03]Current distance birth point:  0  
[08-14 02:07:04]Check chasing range:  1500  
[08-14 02:07:04]Current distance birth point:  0  
[08-14 02:07:07]Check chasing range:  1500  
[08-14 02:07:07]Current distance birth point:  0  
[08-14 02:07:18]Check chasing range:  1500  
[08-14 02:07:18]Current distance birth point:  0  
[08-14 02:07:18]Check chasing range:  1500  
[08-14 02:07:18]Current distance birth point:  0  
[08-14 02:07:20]Check chasing range:  1500  
[08-14 02:07:20]Current distance birth point:  0  
[08-14 02:07:22]Check chasing range:  1500  
[08-14 02:07:22]Current distance birth point:  0  
[08-14 02:07:22]Check chasing range:  1500  
[08-14 02:07:22]Current distance birth point:  0  
[08-14 02:07:23]Check chasing range:  1500  
[08-14 02:07:23]Current distance birth point:  0  
[08-14 02:07:23]Check chasing range:  1500  
[08-14 02:07:23]Current distance birth point:  0  
[08-14 02:07:24]Check chasing range:  1500  
[08-14 02:07:24]Current distance birth point:  0  
[08-14 02:07:25]Check chasing range:  1500  
[08-14 02:07:25]Current distance birth point:  0  
[08-14 02:07:26]Check chasing range:  1500  
[08-14 02:07:26]Current distance birth point:  0  
[08-14 02:07:27]Check chasing range:  1500  
[08-14 02:07:27]Current distance birth point:  0  
[08-14 02:07:27]Check chasing range:  1500  
[08-14 02:07:27]Current distance birth point:  22381  
[08-14 02:07:28]Check chasing range:  1500  
[08-14 02:07:28]Current distance birth point:  83389  
[08-14 02:07:29]Check chasing range:  1500  
[08-14 02:07:29]Current distance birth point:  1088  
[08-14 02:07:30]Check chasing range:  1500  
[08-14 02:07:30]Current distance birth point:  0  
[08-14 02:07:30]Check chasing range:  1500  
[08-14 02:07:30]Current distance birth point:  22292  
[08-14 02:07:31]Check chasing range:  1500  
[08-14 02:07:31]Current distance birth point:  90477  
[08-14 02:07:32]Check chasing range:  1500  
[08-14 02:07:32]Current distance birth point:  0  
[08-14 02:07:33]Check chasing range:  1500  
[08-14 02:07:33]Current distance birth point:  0  
[08-14 02:07:34]Check chasing range:  1500  
[08-14 02:07:34]Current distance birth point:  0  
[08-14 02:07:34]Check chasing range:  1500  
[08-14 02:07:34]Current distance birth point:  0  
[08-14 02:07:36]Check chasing range:  1500  
[08-14 02:07:36]Current distance birth point:  0  
[08-14 02:07:36]Check chasing range:  1500  
[08-14 02:07:36]Current distance birth point:  0  
[08-14 02:07:37]Check chasing range:  1500  
[08-14 02:07:37]Current distance birth point:  0  
[08-14 02:07:38]Check chasing range:  1500  
[08-14 02:07:38]Current distance birth point:  0  
[08-14 02:07:40]Check chasing range:  1500  
[08-14 02:07:40]Current distance birth point:  0  
[08-14 02:07:42]Check chasing range:  1500  
[08-14 02:07:42]Current distance birth point:  0  
[08-14 02:07:42]Check chasing range:  1500  
[08-14 02:07:42]Current distance birth point:  22185  
[08-14 02:07:42]Check chasing range:  1500  
[08-14 02:07:42]Current distance birth point:  0  
[08-14 02:07:43]Check chasing range:  1500  
[08-14 02:07:43]Current distance birth point:  0  
