[08-14 01:34:24]2bool CMapRes::Open(void):garner
[08-14 01:34:24]2bool CMapRes::Open(void):DreamIsland
[08-14 01:34:25]2bool CMapRes::Open(void):eastgoaf
[08-14 01:34:25]2bool CMapRes::Open(void):lonetower
[08-14 01:34:26]2bool CMapRes::Open(void):teampk
[08-14 01:34:27]receive request to create entry:position leiting2 --> garner[60000, 210600]
[08-14 01:34:27]create entry success:position leiting2 --> garner[60000, 210600] 
[08-14 01:34:31]Run OpenEntry (teampk: m_tEntryOutTmDis = 0 tDist = 629728471)
[08-14 01:34:31]ask for found entrance : position teampk --> garner[0, 0]
[08-14 01:34:31]OpenEntry CreateEntry true (teampk)
[08-14 01:34:31]receive request to create entry:position teampk --> garner[0, 0]
[08-14 01:34:31]create entry success:position teampk --> garner[0, 0] 
[08-14 01:34:31]void CMapRes::CheckEntryState(dbc::Char chState):teampk 1 0
[08-14 01:34:31]1bool CMapRes::Open(void):teampk
[08-14 01:34:31]receive entry create success :position garner --> teampk
[08-14 01:34:31]receive request to create entry:position Hellchapter --> DreamIsland[41000, 61200]
[08-14 01:34:31]create entry success:position Hellchapter --> DreamIsland[41000, 61200] 
[08-14 01:34:36]Run OpenEntry (teampk: m_tEntryOutTmDis = 0 tDist = 629728476)
[08-14 01:34:36]OpenEntry enumMAPENTRY_STATE_OPEN (teampk)
[08-14 01:34:41]Run OpenEntry (teampk: m_tEntryOutTmDis = 0 tDist = 629728481)
[08-14 01:34:41]OpenEntry enumMAPENTRY_STATE_OPEN (teampk)
[08-14 01:34:46]Run OpenEntry (teampk: m_tEntryOutTmDis = 0 tDist = 629728486)
[08-14 01:34:46]OpenEntry enumMAPENTRY_STATE_OPEN (teampk)
[08-14 01:34:51]Run OpenEntry (teampk: m_tEntryOutTmDis = 0 tDist = 629728491)
[08-14 01:34:51]OpenEntry enumMAPENTRY_STATE_OPEN (teampk)
[08-14 01:34:55]Run OpenEntry (teampk: m_tEntryOutTmDis = 0 tDist = 629728495)
[08-14 01:34:55]OpenEntry enumMAPENTRY_STATE_OPEN (teampk)
[08-14 01:35:01]Run OpenEntry (teampk: m_tEntryOutTmDis = 0 tDist = 629728501)
[08-14 01:35:01]OpenEntry enumMAPENTRY_STATE_OPEN (teampk)
[08-14 01:35:06]Run OpenEntry (teampk: m_tEntryOutTmDis = 0 tDist = 629728506)
[08-14 01:35:06]OpenEntry enumMAPENTRY_STATE_OPEN (teampk)
[08-14 01:35:11]Run OpenEntry (teampk: m_tEntryOutTmDis = 0 tDist = 629728511)
[08-14 01:35:11]OpenEntry enumMAPENTRY_STATE_OPEN (teampk)
[08-14 01:35:15]Run OpenEntry (teampk: m_tEntryOutTmDis = 0 tDist = 629728515)
[08-14 01:35:15]OpenEntry enumMAPENTRY_STATE_OPEN (teampk)
[08-14 01:35:21]Run OpenEntry (teampk: m_tEntryOutTmDis = 0 tDist = 629728521)
[08-14 01:35:21]OpenEntry enumMAPENTRY_STATE_OPEN (teampk)
[08-14 01:35:26]Run OpenEntry (teampk: m_tEntryOutTmDis = 0 tDist = 629728526)
[08-14 01:35:26]OpenEntry enumMAPENTRY_STATE_OPEN (teampk)
[08-14 01:35:30]Run OpenEntry (teampk: m_tEntryOutTmDis = 0 tDist = 629728530)
[08-14 01:35:30]OpenEntry enumMAPENTRY_STATE_OPEN (teampk)
[08-14 01:35:35]Run OpenEntry (teampk: m_tEntryOutTmDis = 0 tDist = 629728535)
[08-14 01:35:35]OpenEntry enumMAPENTRY_STATE_OPEN (teampk)
[08-14 01:35:41]Run OpenEntry (teampk: m_tEntryOutTmDis = 0 tDist = 629728541)
[08-14 01:35:41]OpenEntry enumMAPENTRY_STATE_OPEN (teampk)
[08-14 01:35:46]Run OpenEntry (teampk: m_tEntryOutTmDis = 0 tDist = 629728546)
[08-14 01:35:46]OpenEntry enumMAPENTRY_STATE_OPEN (teampk)
[08-14 01:35:51]Run OpenEntry (teampk: m_tEntryOutTmDis = 0 tDist = 629728551)
[08-14 01:35:51]OpenEntry enumMAPENTRY_STATE_OPEN (teampk)
[08-14 01:35:56]Run OpenEntry (teampk: m_tEntryOutTmDis = 0 tDist = 629728556)
[08-14 01:35:56]OpenEntry enumMAPENTRY_STATE_OPEN (teampk)
[08-14 01:36:01]Run OpenEntry (teampk: m_tEntryOutTmDis = 0 tDist = 629728561)
[08-14 01:36:01]OpenEntry enumMAPENTRY_STATE_OPEN (teampk)
[08-14 01:36:06]Run OpenEntry (teampk: m_tEntryOutTmDis = 0 tDist = 629728566)
[08-14 01:36:06]OpenEntry enumMAPENTRY_STATE_OPEN (teampk)
[08-14 01:36:10]Run OpenEntry (teampk: m_tEntryOutTmDis = 0 tDist = 629728570)
[08-14 01:36:10]OpenEntry enumMAPENTRY_STATE_OPEN (teampk)
[08-14 01:36:16]Run OpenEntry (teampk: m_tEntryOutTmDis = 0 tDist = 629728576)
[08-14 01:36:16]OpenEntry enumMAPENTRY_STATE_OPEN (teampk)
[08-14 01:36:21]Run OpenEntry (teampk: m_tEntryOutTmDis = 0 tDist = 629728581)
[08-14 01:36:21]OpenEntry enumMAPENTRY_STATE_OPEN (teampk)
[08-14 01:36:26]Run OpenEntry (teampk: m_tEntryOutTmDis = 0 tDist = 629728586)
[08-14 01:36:26]OpenEntry enumMAPENTRY_STATE_OPEN (teampk)
[08-14 01:36:31]Run OpenEntry (teampk: m_tEntryOutTmDis = 0 tDist = 629728591)
[08-14 01:36:31]OpenEntry enumMAPENTRY_STATE_OPEN (teampk)
[08-14 01:36:36]Run OpenEntry (teampk: m_tEntryOutTmDis = 0 tDist = 629728596)
[08-14 01:36:36]OpenEntry enumMAPENTRY_STATE_OPEN (teampk)
[08-14 01:36:41]Run OpenEntry (teampk: m_tEntryOutTmDis = 0 tDist = 629728601)
[08-14 01:36:41]OpenEntry enumMAPENTRY_STATE_OPEN (teampk)
[08-14 01:36:46]Run OpenEntry (teampk: m_tEntryOutTmDis = 0 tDist = 629728606)
[08-14 01:36:46]OpenEntry enumMAPENTRY_STATE_OPEN (teampk)
[08-14 01:36:51]Run OpenEntry (teampk: m_tEntryOutTmDis = 0 tDist = 629728611)
[08-14 01:36:51]OpenEntry enumMAPENTRY_STATE_OPEN (teampk)
[08-14 01:36:56]Run OpenEntry (teampk: m_tEntryOutTmDis = 0 tDist = 629728616)
[08-14 01:36:56]OpenEntry enumMAPENTRY_STATE_OPEN (teampk)
[08-14 01:37:01]Run OpenEntry (teampk: m_tEntryOutTmDis = 0 tDist = 629728621)
[08-14 01:37:01]OpenEntry enumMAPENTRY_STATE_OPEN (teampk)
[08-14 01:37:06]Run OpenEntry (teampk: m_tEntryOutTmDis = 0 tDist = 629728626)
[08-14 01:37:06]OpenEntry enumMAPENTRY_STATE_OPEN (teampk)
[08-14 01:37:11]Run OpenEntry (teampk: m_tEntryOutTmDis = 0 tDist = 629728631)
[08-14 01:37:11]OpenEntry enumMAPENTRY_STATE_OPEN (teampk)
[08-14 01:37:16]Run OpenEntry (teampk: m_tEntryOutTmDis = 0 tDist = 629728636)
[08-14 01:37:16]OpenEntry enumMAPENTRY_STATE_OPEN (teampk)
[08-14 01:37:21]Run OpenEntry (teampk: m_tEntryOutTmDis = 0 tDist = 629728641)
[08-14 01:37:21]OpenEntry enumMAPENTRY_STATE_OPEN (teampk)
[08-14 01:37:26]Run OpenEntry (teampk: m_tEntryOutTmDis = 0 tDist = 629728646)
[08-14 01:37:26]OpenEntry enumMAPENTRY_STATE_OPEN (teampk)
[08-14 01:37:31]Run OpenEntry (teampk: m_tEntryOutTmDis = 0 tDist = 629728651)
[08-14 01:37:31]OpenEntry enumMAPENTRY_STATE_OPEN (teampk)
[08-14 01:37:36]Run OpenEntry (teampk: m_tEntryOutTmDis = 0 tDist = 629728656)
[08-14 01:37:36]OpenEntry enumMAPENTRY_STATE_OPEN (teampk)
[08-14 01:37:41]Run OpenEntry (teampk: m_tEntryOutTmDis = 0 tDist = 629728661)
[08-14 01:37:41]OpenEntry enumMAPENTRY_STATE_OPEN (teampk)
[08-14 01:37:46]Run OpenEntry (teampk: m_tEntryOutTmDis = 0 tDist = 629728666)
[08-14 01:37:46]OpenEntry enumMAPENTRY_STATE_OPEN (teampk)
[08-14 01:37:50]Run OpenEntry (teampk: m_tEntryOutTmDis = 0 tDist = 629728670)
[08-14 01:37:50]OpenEntry enumMAPENTRY_STATE_OPEN (teampk)
[08-14 01:37:56]Run OpenEntry (teampk: m_tEntryOutTmDis = 0 tDist = 629728676)
[08-14 01:37:56]OpenEntry enumMAPENTRY_STATE_OPEN (teampk)
[08-14 01:38:01]Run OpenEntry (teampk: m_tEntryOutTmDis = 0 tDist = 629728681)
[08-14 01:38:01]OpenEntry enumMAPENTRY_STATE_OPEN (teampk)
[08-14 01:38:06]Run OpenEntry (teampk: m_tEntryOutTmDis = 0 tDist = 629728686)
[08-14 01:38:06]OpenEntry enumMAPENTRY_STATE_OPEN (teampk)
[08-14 01:38:11]Run OpenEntry (teampk: m_tEntryOutTmDis = 0 tDist = 629728691)
[08-14 01:38:11]OpenEntry enumMAPENTRY_STATE_OPEN (teampk)
[08-14 01:38:16]Run OpenEntry (teampk: m_tEntryOutTmDis = 0 tDist = 629728696)
[08-14 01:38:16]OpenEntry enumMAPENTRY_STATE_OPEN (teampk)
[08-14 01:38:21]Run OpenEntry (teampk: m_tEntryOutTmDis = 0 tDist = 629728701)
[08-14 01:38:21]OpenEntry enumMAPENTRY_STATE_OPEN (teampk)
[08-14 01:38:26]Run OpenEntry (teampk: m_tEntryOutTmDis = 0 tDist = 629728706)
[08-14 01:38:26]OpenEntry enumMAPENTRY_STATE_OPEN (teampk)
[08-14 01:38:30]Run OpenEntry (teampk: m_tEntryOutTmDis = 0 tDist = 629728710)
[08-14 01:38:30]OpenEntry enumMAPENTRY_STATE_OPEN (teampk)
[08-14 01:38:35]Run OpenEntry (teampk: m_tEntryOutTmDis = 0 tDist = 629728715)
[08-14 01:38:35]OpenEntry enumMAPENTRY_STATE_OPEN (teampk)
[08-14 01:38:41]Run OpenEntry (teampk: m_tEntryOutTmDis = 0 tDist = 629728721)
[08-14 01:38:41]OpenEntry enumMAPENTRY_STATE_OPEN (teampk)
[08-14 01:38:46]Run OpenEntry (teampk: m_tEntryOutTmDis = 0 tDist = 629728726)
[08-14 01:38:46]OpenEntry enumMAPENTRY_STATE_OPEN (teampk)
[08-14 01:38:50]Run OpenEntry (teampk: m_tEntryOutTmDis = 0 tDist = 629728730)
[08-14 01:38:50]OpenEntry enumMAPENTRY_STATE_OPEN (teampk)
[08-14 01:38:56]Run OpenEntry (teampk: m_tEntryOutTmDis = 0 tDist = 629728736)
[08-14 01:38:56]OpenEntry enumMAPENTRY_STATE_OPEN (teampk)
[08-14 01:39:01]Run OpenEntry (teampk: m_tEntryOutTmDis = 0 tDist = 629728741)
[08-14 01:39:01]OpenEntry enumMAPENTRY_STATE_OPEN (teampk)
[08-14 01:39:05]Run OpenEntry (teampk: m_tEntryOutTmDis = 0 tDist = 629728745)
[08-14 01:39:05]OpenEntry enumMAPENTRY_STATE_OPEN (teampk)
[08-14 01:39:11]Run OpenEntry (teampk: m_tEntryOutTmDis = 0 tDist = 629728751)
[08-14 01:39:11]OpenEntry enumMAPENTRY_STATE_OPEN (teampk)
[08-14 01:39:16]Run OpenEntry (teampk: m_tEntryOutTmDis = 0 tDist = 629728756)
[08-14 01:39:16]OpenEntry enumMAPENTRY_STATE_OPEN (teampk)
[08-14 01:39:21]Run OpenEntry (teampk: m_tEntryOutTmDis = 0 tDist = 629728761)
[08-14 01:39:21]OpenEntry enumMAPENTRY_STATE_OPEN (teampk)
[08-14 01:39:26]Run OpenEntry (teampk: m_tEntryOutTmDis = 0 tDist = 629728766)
[08-14 01:39:26]OpenEntry enumMAPENTRY_STATE_OPEN (teampk)
[08-14 01:39:31]Run OpenEntry (teampk: m_tEntryOutTmDis = 0 tDist = 629728771)
[08-14 01:39:31]OpenEntry enumMAPENTRY_STATE_OPEN (teampk)
[08-14 01:39:35]Run OpenEntry (teampk: m_tEntryOutTmDis = 0 tDist = 629728775)
[08-14 01:39:35]OpenEntry enumMAPENTRY_STATE_OPEN (teampk)
[08-14 01:39:41]Run OpenEntry (teampk: m_tEntryOutTmDis = 0 tDist = 629728781)
[08-14 01:39:41]OpenEntry enumMAPENTRY_STATE_OPEN (teampk)
[08-14 01:39:46]Run OpenEntry (teampk: m_tEntryOutTmDis = 0 tDist = 629728786)
[08-14 01:39:46]OpenEntry enumMAPENTRY_STATE_OPEN (teampk)
[08-14 01:39:51]Run OpenEntry (teampk: m_tEntryOutTmDis = 0 tDist = 629728791)
[08-14 01:39:51]OpenEntry enumMAPENTRY_STATE_OPEN (teampk)
[08-14 01:39:56]Run OpenEntry (teampk: m_tEntryOutTmDis = 0 tDist = 629728796)
[08-14 01:39:56]OpenEntry enumMAPENTRY_STATE_OPEN (teampk)
[08-14 01:40:00]Run OpenEntry (teampk: m_tEntryOutTmDis = 0 tDist = 629728800)
[08-14 01:40:00]OpenEntry enumMAPENTRY_STATE_OPEN (teampk)
[08-14 01:40:05]Run OpenEntry (teampk: m_tEntryOutTmDis = 0 tDist = 629728805)
[08-14 01:40:05]OpenEntry enumMAPENTRY_STATE_OPEN (teampk)
[08-14 01:40:10]Run OpenEntry (teampk: m_tEntryOutTmDis = 0 tDist = 629728810)
[08-14 01:40:10]OpenEntry enumMAPENTRY_STATE_OPEN (teampk)
[08-14 01:40:16]Run OpenEntry (teampk: m_tEntryOutTmDis = 0 tDist = 629728816)
[08-14 01:40:16]OpenEntry enumMAPENTRY_STATE_OPEN (teampk)
[08-14 01:40:21]Run OpenEntry (teampk: m_tEntryOutTmDis = 0 tDist = 629728821)
[08-14 01:40:21]OpenEntry enumMAPENTRY_STATE_OPEN (teampk)
[08-14 01:40:26]Run OpenEntry (teampk: m_tEntryOutTmDis = 0 tDist = 629728826)
[08-14 01:40:26]OpenEntry enumMAPENTRY_STATE_OPEN (teampk)
[08-14 01:40:30]Run OpenEntry (teampk: m_tEntryOutTmDis = 0 tDist = 629728830)
[08-14 01:40:30]OpenEntry enumMAPENTRY_STATE_OPEN (teampk)
[08-14 01:40:36]Run OpenEntry (teampk: m_tEntryOutTmDis = 0 tDist = 629728836)
[08-14 01:40:36]OpenEntry enumMAPENTRY_STATE_OPEN (teampk)
[08-14 01:40:41]Run OpenEntry (teampk: m_tEntryOutTmDis = 0 tDist = 629728841)
[08-14 01:40:41]OpenEntry enumMAPENTRY_STATE_OPEN (teampk)
[08-14 01:40:45]Run OpenEntry (teampk: m_tEntryOutTmDis = 0 tDist = 629728845)
[08-14 01:40:45]OpenEntry enumMAPENTRY_STATE_OPEN (teampk)
[08-14 01:40:51]Run OpenEntry (teampk: m_tEntryOutTmDis = 0 tDist = 629728851)
[08-14 01:40:51]OpenEntry enumMAPENTRY_STATE_OPEN (teampk)
[08-14 01:40:55]Run OpenEntry (teampk: m_tEntryOutTmDis = 0 tDist = 629728855)
[08-14 01:40:55]OpenEntry enumMAPENTRY_STATE_OPEN (teampk)
[08-14 01:41:00]Run OpenEntry (teampk: m_tEntryOutTmDis = 0 tDist = 629728860)
[08-14 01:41:00]OpenEntry enumMAPENTRY_STATE_OPEN (teampk)
[08-14 01:41:06]Run OpenEntry (teampk: m_tEntryOutTmDis = 0 tDist = 629728866)
[08-14 01:41:06]OpenEntry enumMAPENTRY_STATE_OPEN (teampk)
[08-14 01:41:11]Run OpenEntry (teampk: m_tEntryOutTmDis = 0 tDist = 629728871)
[08-14 01:41:11]OpenEntry enumMAPENTRY_STATE_OPEN (teampk)
[08-14 01:41:16]Run OpenEntry (teampk: m_tEntryOutTmDis = 0 tDist = 629728876)
[08-14 01:41:16]OpenEntry enumMAPENTRY_STATE_OPEN (teampk)
[08-14 01:41:20]Run OpenEntry (teampk: m_tEntryOutTmDis = 0 tDist = 629728880)
[08-14 01:41:20]OpenEntry enumMAPENTRY_STATE_OPEN (teampk)
[08-14 01:41:26]Run OpenEntry (teampk: m_tEntryOutTmDis = 0 tDist = 629728886)
[08-14 01:41:26]OpenEntry enumMAPENTRY_STATE_OPEN (teampk)
[08-14 01:41:31]Run OpenEntry (teampk: m_tEntryOutTmDis = 0 tDist = 629728891)
[08-14 01:41:31]OpenEntry enumMAPENTRY_STATE_OPEN (teampk)
[08-14 01:41:36]Run OpenEntry (teampk: m_tEntryOutTmDis = 0 tDist = 629728896)
[08-14 01:41:36]OpenEntry enumMAPENTRY_STATE_OPEN (teampk)
[08-14 01:41:41]Run OpenEntry (teampk: m_tEntryOutTmDis = 0 tDist = 629728901)
[08-14 01:41:41]OpenEntry enumMAPENTRY_STATE_OPEN (teampk)
[08-14 01:41:46]Run OpenEntry (teampk: m_tEntryOutTmDis = 0 tDist = 629728906)
[08-14 01:41:46]OpenEntry enumMAPENTRY_STATE_OPEN (teampk)
[08-14 01:41:51]Run OpenEntry (teampk: m_tEntryOutTmDis = 0 tDist = 629728911)
[08-14 01:41:51]OpenEntry enumMAPENTRY_STATE_OPEN (teampk)
[08-14 01:41:56]Run OpenEntry (teampk: m_tEntryOutTmDis = 0 tDist = 629728916)
[08-14 01:41:56]OpenEntry enumMAPENTRY_STATE_OPEN (teampk)
[08-14 01:42:00]Run OpenEntry (teampk: m_tEntryOutTmDis = 0 tDist = 629728920)
[08-14 01:42:00]OpenEntry enumMAPENTRY_STATE_OPEN (teampk)
[08-14 01:42:05]Run OpenEntry (teampk: m_tEntryOutTmDis = 0 tDist = 629728925)
[08-14 01:42:05]OpenEntry enumMAPENTRY_STATE_OPEN (teampk)
[08-14 01:42:10]Run OpenEntry (teampk: m_tEntryOutTmDis = 0 tDist = 629728930)
[08-14 01:42:10]OpenEntry enumMAPENTRY_STATE_OPEN (teampk)
[08-14 01:42:16]Run OpenEntry (teampk: m_tEntryOutTmDis = 0 tDist = 629728936)
[08-14 01:42:16]OpenEntry enumMAPENTRY_STATE_OPEN (teampk)
[08-14 01:42:20]Run OpenEntry (teampk: m_tEntryOutTmDis = 0 tDist = 629728940)
[08-14 01:42:20]OpenEntry enumMAPENTRY_STATE_OPEN (teampk)
[08-14 01:42:26]Run OpenEntry (teampk: m_tEntryOutTmDis = 0 tDist = 629728946)
[08-14 01:42:26]OpenEntry enumMAPENTRY_STATE_OPEN (teampk)
[08-14 01:42:31]Run OpenEntry (teampk: m_tEntryOutTmDis = 0 tDist = 629728951)
[08-14 01:42:31]OpenEntry enumMAPENTRY_STATE_OPEN (teampk)
[08-14 01:42:35]Run OpenEntry (teampk: m_tEntryOutTmDis = 0 tDist = 629728955)
[08-14 01:42:35]OpenEntry enumMAPENTRY_STATE_OPEN (teampk)
[08-14 01:42:41]Run OpenEntry (teampk: m_tEntryOutTmDis = 0 tDist = 629728961)
[08-14 01:42:41]OpenEntry enumMAPENTRY_STATE_OPEN (teampk)
[08-14 01:42:46]Run OpenEntry (teampk: m_tEntryOutTmDis = 0 tDist = 629728966)
[08-14 01:42:46]OpenEntry enumMAPENTRY_STATE_OPEN (teampk)
[08-14 01:42:51]Run OpenEntry (teampk: m_tEntryOutTmDis = 0 tDist = 629728971)
[08-14 01:42:51]OpenEntry enumMAPENTRY_STATE_OPEN (teampk)
[08-14 01:42:56]Run OpenEntry (teampk: m_tEntryOutTmDis = 0 tDist = 629728976)
[08-14 01:42:56]OpenEntry enumMAPENTRY_STATE_OPEN (teampk)
[08-14 01:43:01]Run OpenEntry (teampk: m_tEntryOutTmDis = 0 tDist = 629728981)
[08-14 01:43:01]OpenEntry enumMAPENTRY_STATE_OPEN (teampk)
[08-14 01:43:05]Run OpenEntry (teampk: m_tEntryOutTmDis = 0 tDist = 629728985)
[08-14 01:43:05]OpenEntry enumMAPENTRY_STATE_OPEN (teampk)
[08-14 01:43:11]Run OpenEntry (teampk: m_tEntryOutTmDis = 0 tDist = 629728991)
[08-14 01:43:11]OpenEntry enumMAPENTRY_STATE_OPEN (teampk)
[08-14 01:43:15]Run OpenEntry (teampk: m_tEntryOutTmDis = 0 tDist = 629728995)
[08-14 01:43:15]OpenEntry enumMAPENTRY_STATE_OPEN (teampk)
[08-14 01:43:21]Run OpenEntry (teampk: m_tEntryOutTmDis = 0 tDist = 629729001)
[08-14 01:43:21]OpenEntry enumMAPENTRY_STATE_OPEN (teampk)
[08-14 01:43:26]Run OpenEntry (teampk: m_tEntryOutTmDis = 0 tDist = 629729006)
[08-14 01:43:26]OpenEntry enumMAPENTRY_STATE_OPEN (teampk)
[08-14 01:43:31]Run OpenEntry (teampk: m_tEntryOutTmDis = 0 tDist = 629729011)
[08-14 01:43:31]OpenEntry enumMAPENTRY_STATE_OPEN (teampk)
[08-14 01:43:36]Run OpenEntry (teampk: m_tEntryOutTmDis = 0 tDist = 629729016)
[08-14 01:43:36]OpenEntry enumMAPENTRY_STATE_OPEN (teampk)
[08-14 01:43:40]Run OpenEntry (teampk: m_tEntryOutTmDis = 0 tDist = 629729020)
[08-14 01:43:40]OpenEntry enumMAPENTRY_STATE_OPEN (teampk)
[08-14 01:43:46]Run OpenEntry (teampk: m_tEntryOutTmDis = 0 tDist = 629729026)
[08-14 01:43:46]OpenEntry enumMAPENTRY_STATE_OPEN (teampk)
[08-14 01:43:51]Run OpenEntry (teampk: m_tEntryOutTmDis = 0 tDist = 629729031)
[08-14 01:43:51]OpenEntry enumMAPENTRY_STATE_OPEN (teampk)
[08-14 01:43:56]Run OpenEntry (teampk: m_tEntryOutTmDis = 0 tDist = 629729036)
[08-14 01:43:56]OpenEntry enumMAPENTRY_STATE_OPEN (teampk)
[08-14 01:44:00]Run OpenEntry (teampk: m_tEntryOutTmDis = 0 tDist = 629729040)
[08-14 01:44:00]OpenEntry enumMAPENTRY_STATE_OPEN (teampk)
[08-14 01:44:06]Run OpenEntry (teampk: m_tEntryOutTmDis = 0 tDist = 629729046)
[08-14 01:44:06]OpenEntry enumMAPENTRY_STATE_OPEN (teampk)
[08-14 01:44:11]Run OpenEntry (teampk: m_tEntryOutTmDis = 0 tDist = 629729051)
[08-14 01:44:11]OpenEntry enumMAPENTRY_STATE_OPEN (teampk)
[08-14 01:44:16]Run OpenEntry (teampk: m_tEntryOutTmDis = 0 tDist = 629729056)
[08-14 01:44:16]OpenEntry enumMAPENTRY_STATE_OPEN (teampk)
[08-14 01:44:21]Run OpenEntry (teampk: m_tEntryOutTmDis = 0 tDist = 629729061)
[08-14 01:44:21]OpenEntry enumMAPENTRY_STATE_OPEN (teampk)
[08-14 01:44:26]Run OpenEntry (teampk: m_tEntryOutTmDis = 0 tDist = 629729066)
[08-14 01:44:26]OpenEntry enumMAPENTRY_STATE_OPEN (teampk)
[08-14 01:44:31]Run OpenEntry (teampk: m_tEntryOutTmDis = 0 tDist = 629729071)
[08-14 01:44:31]OpenEntry enumMAPENTRY_STATE_OPEN (teampk)
[08-14 01:44:36]Run OpenEntry (teampk: m_tEntryOutTmDis = 0 tDist = 629729076)
[08-14 01:44:36]OpenEntry enumMAPENTRY_STATE_OPEN (teampk)
[08-14 01:44:41]Run OpenEntry (teampk: m_tEntryOutTmDis = 0 tDist = 629729081)
[08-14 01:44:41]OpenEntry enumMAPENTRY_STATE_OPEN (teampk)
[08-14 01:44:46]Run OpenEntry (teampk: m_tEntryOutTmDis = 0 tDist = 629729086)
[08-14 01:44:46]OpenEntry enumMAPENTRY_STATE_OPEN (teampk)
[08-14 01:44:51]Run OpenEntry (teampk: m_tEntryOutTmDis = 0 tDist = 629729091)
[08-14 01:44:51]OpenEntry enumMAPENTRY_STATE_OPEN (teampk)
[08-14 01:44:56]Run OpenEntry (teampk: m_tEntryOutTmDis = 0 tDist = 629729096)
[08-14 01:44:56]OpenEntry enumMAPENTRY_STATE_OPEN (teampk)
[08-14 01:45:01]Run OpenEntry (teampk: m_tEntryOutTmDis = 0 tDist = 629729101)
[08-14 01:45:01]OpenEntry enumMAPENTRY_STATE_OPEN (teampk)
[08-14 01:45:05]Run OpenEntry (teampk: m_tEntryOutTmDis = 0 tDist = 629729105)
[08-14 01:45:05]OpenEntry enumMAPENTRY_STATE_OPEN (teampk)
[08-14 01:45:10]Run OpenEntry (teampk: m_tEntryOutTmDis = 0 tDist = 629729110)
[08-14 01:45:10]OpenEntry enumMAPENTRY_STATE_OPEN (teampk)
[08-14 01:45:16]Run OpenEntry (teampk: m_tEntryOutTmDis = 0 tDist = 629729116)
[08-14 01:45:16]OpenEntry enumMAPENTRY_STATE_OPEN (teampk)
[08-14 01:45:21]Run OpenEntry (teampk: m_tEntryOutTmDis = 0 tDist = 629729121)
[08-14 01:45:21]OpenEntry enumMAPENTRY_STATE_OPEN (teampk)
[08-14 01:45:26]Run OpenEntry (teampk: m_tEntryOutTmDis = 0 tDist = 629729126)
[08-14 01:45:26]OpenEntry enumMAPENTRY_STATE_OPEN (teampk)
[08-14 01:45:31]Run OpenEntry (teampk: m_tEntryOutTmDis = 0 tDist = 629729131)
[08-14 01:45:31]OpenEntry enumMAPENTRY_STATE_OPEN (teampk)
[08-14 01:45:36]Run OpenEntry (teampk: m_tEntryOutTmDis = 0 tDist = 629729136)
[08-14 01:45:36]OpenEntry enumMAPENTRY_STATE_OPEN (teampk)
[08-14 01:45:41]Run OpenEntry (teampk: m_tEntryOutTmDis = 0 tDist = 629729141)
[08-14 01:45:41]OpenEntry enumMAPENTRY_STATE_OPEN (teampk)
[08-14 01:45:46]Run OpenEntry (teampk: m_tEntryOutTmDis = 0 tDist = 629729146)
[08-14 01:45:46]OpenEntry enumMAPENTRY_STATE_OPEN (teampk)
[08-14 01:45:50]Run OpenEntry (teampk: m_tEntryOutTmDis = 0 tDist = 629729150)
[08-14 01:45:50]OpenEntry enumMAPENTRY_STATE_OPEN (teampk)
[08-14 01:45:55]Run OpenEntry (teampk: m_tEntryOutTmDis = 0 tDist = 629729155)
[08-14 01:45:55]OpenEntry enumMAPENTRY_STATE_OPEN (teampk)
[08-14 01:46:00]Run OpenEntry (teampk: m_tEntryOutTmDis = 0 tDist = 629729160)
[08-14 01:46:00]OpenEntry enumMAPENTRY_STATE_OPEN (teampk)
[08-14 01:46:06]Run OpenEntry (teampk: m_tEntryOutTmDis = 0 tDist = 629729166)
[08-14 01:46:06]OpenEntry enumMAPENTRY_STATE_OPEN (teampk)
[08-14 01:46:11]Run OpenEntry (teampk: m_tEntryOutTmDis = 0 tDist = 629729171)
[08-14 01:46:11]OpenEntry enumMAPENTRY_STATE_OPEN (teampk)
[08-14 01:46:15]Run OpenEntry (teampk: m_tEntryOutTmDis = 0 tDist = 629729175)
[08-14 01:46:15]OpenEntry enumMAPENTRY_STATE_OPEN (teampk)
[08-14 01:46:21]Run OpenEntry (teampk: m_tEntryOutTmDis = 0 tDist = 629729181)
[08-14 01:46:21]OpenEntry enumMAPENTRY_STATE_OPEN (teampk)
[08-14 01:46:26]Run OpenEntry (teampk: m_tEntryOutTmDis = 0 tDist = 629729186)
[08-14 01:46:26]OpenEntry enumMAPENTRY_STATE_OPEN (teampk)
[08-14 01:46:31]Run OpenEntry (teampk: m_tEntryOutTmDis = 0 tDist = 629729191)
[08-14 01:46:31]OpenEntry enumMAPENTRY_STATE_OPEN (teampk)
[08-14 01:46:36]Run OpenEntry (teampk: m_tEntryOutTmDis = 0 tDist = 629729196)
[08-14 01:46:36]OpenEntry enumMAPENTRY_STATE_OPEN (teampk)
[08-14 01:46:41]Run OpenEntry (teampk: m_tEntryOutTmDis = 0 tDist = 629729201)
[08-14 01:46:41]OpenEntry enumMAPENTRY_STATE_OPEN (teampk)
[08-14 01:46:46]Run OpenEntry (teampk: m_tEntryOutTmDis = 0 tDist = 629729206)
[08-14 01:46:46]OpenEntry enumMAPENTRY_STATE_OPEN (teampk)
[08-14 01:46:51]Run OpenEntry (teampk: m_tEntryOutTmDis = 0 tDist = 629729211)
[08-14 01:46:51]OpenEntry enumMAPENTRY_STATE_OPEN (teampk)
[08-14 01:46:56]Run OpenEntry (teampk: m_tEntryOutTmDis = 0 tDist = 629729216)
[08-14 01:46:56]OpenEntry enumMAPENTRY_STATE_OPEN (teampk)
[08-14 01:47:00]Run OpenEntry (teampk: m_tEntryOutTmDis = 0 tDist = 629729220)
[08-14 01:47:00]OpenEntry enumMAPENTRY_STATE_OPEN (teampk)
[08-14 01:47:06]Run OpenEntry (teampk: m_tEntryOutTmDis = 0 tDist = 629729226)
[08-14 01:47:06]OpenEntry enumMAPENTRY_STATE_OPEN (teampk)
[08-14 01:47:11]Run OpenEntry (teampk: m_tEntryOutTmDis = 0 tDist = 629729231)
[08-14 01:47:11]OpenEntry enumMAPENTRY_STATE_OPEN (teampk)
[08-14 01:47:16]Run OpenEntry (teampk: m_tEntryOutTmDis = 0 tDist = 629729236)
[08-14 01:47:16]OpenEntry enumMAPENTRY_STATE_OPEN (teampk)
[08-14 01:47:21]Run OpenEntry (teampk: m_tEntryOutTmDis = 0 tDist = 629729241)
[08-14 01:47:21]OpenEntry enumMAPENTRY_STATE_OPEN (teampk)
[08-14 01:47:26]Run OpenEntry (teampk: m_tEntryOutTmDis = 0 tDist = 629729246)
[08-14 01:47:26]OpenEntry enumMAPENTRY_STATE_OPEN (teampk)
[08-14 01:47:30]Run OpenEntry (teampk: m_tEntryOutTmDis = 0 tDist = 629729250)
[08-14 01:47:30]OpenEntry enumMAPENTRY_STATE_OPEN (teampk)
[08-14 01:47:36]Run OpenEntry (teampk: m_tEntryOutTmDis = 0 tDist = 629729256)
[08-14 01:47:36]OpenEntry enumMAPENTRY_STATE_OPEN (teampk)
[08-14 01:47:41]Run OpenEntry (teampk: m_tEntryOutTmDis = 0 tDist = 629729261)
[08-14 01:47:41]OpenEntry enumMAPENTRY_STATE_OPEN (teampk)
[08-14 01:47:46]Run OpenEntry (teampk: m_tEntryOutTmDis = 0 tDist = 629729266)
[08-14 01:47:46]OpenEntry enumMAPENTRY_STATE_OPEN (teampk)
[08-14 01:47:51]Run OpenEntry (teampk: m_tEntryOutTmDis = 0 tDist = 629729271)
[08-14 01:47:51]OpenEntry enumMAPENTRY_STATE_OPEN (teampk)
[08-14 01:47:56]Run OpenEntry (teampk: m_tEntryOutTmDis = 0 tDist = 629729276)
[08-14 01:47:56]OpenEntry enumMAPENTRY_STATE_OPEN (teampk)
[08-14 01:48:01]Run OpenEntry (teampk: m_tEntryOutTmDis = 0 tDist = 629729281)
[08-14 01:48:01]OpenEntry enumMAPENTRY_STATE_OPEN (teampk)
[08-14 01:48:05]Run OpenEntry (teampk: m_tEntryOutTmDis = 0 tDist = 629729285)
[08-14 01:48:05]OpenEntry enumMAPENTRY_STATE_OPEN (teampk)
[08-14 01:48:11]Run OpenEntry (teampk: m_tEntryOutTmDis = 0 tDist = 629729291)
[08-14 01:48:11]OpenEntry enumMAPENTRY_STATE_OPEN (teampk)
[08-14 01:48:15]Run OpenEntry (teampk: m_tEntryOutTmDis = 0 tDist = 629729295)
[08-14 01:48:15]OpenEntry enumMAPENTRY_STATE_OPEN (teampk)
[08-14 01:48:21]Run OpenEntry (teampk: m_tEntryOutTmDis = 0 tDist = 629729301)
[08-14 01:48:21]OpenEntry enumMAPENTRY_STATE_OPEN (teampk)
[08-14 01:48:26]Run OpenEntry (teampk: m_tEntryOutTmDis = 0 tDist = 629729306)
[08-14 01:48:26]OpenEntry enumMAPENTRY_STATE_OPEN (teampk)
[08-14 01:48:31]Run OpenEntry (teampk: m_tEntryOutTmDis = 0 tDist = 629729311)
[08-14 01:48:31]OpenEntry enumMAPENTRY_STATE_OPEN (teampk)
[08-14 01:48:36]Run OpenEntry (teampk: m_tEntryOutTmDis = 0 tDist = 629729316)
[08-14 01:48:36]OpenEntry enumMAPENTRY_STATE_OPEN (teampk)
[08-14 01:48:40]Run OpenEntry (teampk: m_tEntryOutTmDis = 0 tDist = 629729320)
[08-14 01:48:40]OpenEntry enumMAPENTRY_STATE_OPEN (teampk)
[08-14 01:48:45]Run OpenEntry (teampk: m_tEntryOutTmDis = 0 tDist = 629729325)
[08-14 01:48:45]OpenEntry enumMAPENTRY_STATE_OPEN (teampk)
[08-14 01:48:50]Run OpenEntry (teampk: m_tEntryOutTmDis = 0 tDist = 629729330)
[08-14 01:48:50]OpenEntry enumMAPENTRY_STATE_OPEN (teampk)
[08-14 01:48:56]Run OpenEntry (teampk: m_tEntryOutTmDis = 0 tDist = 629729336)
[08-14 01:48:56]OpenEntry enumMAPENTRY_STATE_OPEN (teampk)
[08-14 01:49:00]Run OpenEntry (teampk: m_tEntryOutTmDis = 0 tDist = 629729340)
[08-14 01:49:00]OpenEntry enumMAPENTRY_STATE_OPEN (teampk)
[08-14 01:49:05]Run OpenEntry (teampk: m_tEntryOutTmDis = 0 tDist = 629729345)
[08-14 01:49:05]OpenEntry enumMAPENTRY_STATE_OPEN (teampk)
[08-14 01:49:10]Run OpenEntry (teampk: m_tEntryOutTmDis = 0 tDist = 629729350)
[08-14 01:49:10]OpenEntry enumMAPENTRY_STATE_OPEN (teampk)
[08-14 01:49:15]Run OpenEntry (teampk: m_tEntryOutTmDis = 0 tDist = 629729355)
[08-14 01:49:15]OpenEntry enumMAPENTRY_STATE_OPEN (teampk)
[08-14 01:49:21]Run OpenEntry (teampk: m_tEntryOutTmDis = 0 tDist = 629729361)
[08-14 01:49:21]OpenEntry enumMAPENTRY_STATE_OPEN (teampk)
[08-14 01:49:26]Run OpenEntry (teampk: m_tEntryOutTmDis = 0 tDist = 629729366)
[08-14 01:49:26]OpenEntry enumMAPENTRY_STATE_OPEN (teampk)
[08-14 01:49:31]Run OpenEntry (teampk: m_tEntryOutTmDis = 0 tDist = 629729371)
[08-14 01:49:31]OpenEntry enumMAPENTRY_STATE_OPEN (teampk)
[08-14 01:49:36]Run OpenEntry (teampk: m_tEntryOutTmDis = 0 tDist = 629729376)
[08-14 01:49:36]OpenEntry enumMAPENTRY_STATE_OPEN (teampk)
[08-14 01:49:41]Run OpenEntry (teampk: m_tEntryOutTmDis = 0 tDist = 629729381)
[08-14 01:49:41]OpenEntry enumMAPENTRY_STATE_OPEN (teampk)
[08-14 01:49:46]Run OpenEntry (teampk: m_tEntryOutTmDis = 0 tDist = 629729386)
[08-14 01:49:46]OpenEntry enumMAPENTRY_STATE_OPEN (teampk)
[08-14 01:49:51]Run OpenEntry (teampk: m_tEntryOutTmDis = 0 tDist = 629729391)
[08-14 01:49:51]OpenEntry enumMAPENTRY_STATE_OPEN (teampk)
[08-14 01:49:56]Run OpenEntry (teampk: m_tEntryOutTmDis = 0 tDist = 629729396)
[08-14 01:49:56]OpenEntry enumMAPENTRY_STATE_OPEN (teampk)
[08-14 01:50:01]Run OpenEntry (teampk: m_tEntryOutTmDis = 0 tDist = 629729401)
[08-14 01:50:01]OpenEntry enumMAPENTRY_STATE_OPEN (teampk)
[08-14 01:50:06]Run OpenEntry (teampk: m_tEntryOutTmDis = 0 tDist = 629729406)
[08-14 01:50:06]OpenEntry enumMAPENTRY_STATE_OPEN (teampk)
[08-14 01:50:11]Run OpenEntry (teampk: m_tEntryOutTmDis = 0 tDist = 629729411)
[08-14 01:50:11]OpenEntry enumMAPENTRY_STATE_OPEN (teampk)
[08-14 01:50:15]Run OpenEntry (teampk: m_tEntryOutTmDis = 0 tDist = 629729415)
[08-14 01:50:15]OpenEntry enumMAPENTRY_STATE_OPEN (teampk)
[08-14 01:50:21]Run OpenEntry (teampk: m_tEntryOutTmDis = 0 tDist = 629729421)
[08-14 01:50:21]OpenEntry enumMAPENTRY_STATE_OPEN (teampk)
[08-14 01:50:25]Run OpenEntry (teampk: m_tEntryOutTmDis = 0 tDist = 629729425)
[08-14 01:50:25]OpenEntry enumMAPENTRY_STATE_OPEN (teampk)
[08-14 01:50:31]Run OpenEntry (teampk: m_tEntryOutTmDis = 0 tDist = 629729431)
[08-14 01:50:31]OpenEntry enumMAPENTRY_STATE_OPEN (teampk)
[08-14 01:50:35]Run OpenEntry (teampk: m_tEntryOutTmDis = 0 tDist = 629729435)
[08-14 01:50:35]OpenEntry enumMAPENTRY_STATE_OPEN (teampk)
[08-14 01:50:40]Run OpenEntry (teampk: m_tEntryOutTmDis = 0 tDist = 629729440)
[08-14 01:50:40]OpenEntry enumMAPENTRY_STATE_OPEN (teampk)
[08-14 01:50:46]Run OpenEntry (teampk: m_tEntryOutTmDis = 0 tDist = 629729446)
[08-14 01:50:46]OpenEntry enumMAPENTRY_STATE_OPEN (teampk)
[08-14 01:50:50]Run OpenEntry (teampk: m_tEntryOutTmDis = 0 tDist = 629729450)
[08-14 01:50:50]OpenEntry enumMAPENTRY_STATE_OPEN (teampk)
[08-14 01:50:55]Run OpenEntry (teampk: m_tEntryOutTmDis = 0 tDist = 629729455)
[08-14 01:50:55]OpenEntry enumMAPENTRY_STATE_OPEN (teampk)
[08-14 01:51:01]Run OpenEntry (teampk: m_tEntryOutTmDis = 0 tDist = 629729461)
[08-14 01:51:01]OpenEntry enumMAPENTRY_STATE_OPEN (teampk)
[08-14 01:51:06]Run OpenEntry (teampk: m_tEntryOutTmDis = 0 tDist = 629729466)
[08-14 01:51:06]OpenEntry enumMAPENTRY_STATE_OPEN (teampk)
[08-14 01:51:10]Run OpenEntry (teampk: m_tEntryOutTmDis = 0 tDist = 629729470)
[08-14 01:51:10]OpenEntry enumMAPENTRY_STATE_OPEN (teampk)
[08-14 01:51:15]Run OpenEntry (teampk: m_tEntryOutTmDis = 0 tDist = 629729475)
[08-14 01:51:15]OpenEntry enumMAPENTRY_STATE_OPEN (teampk)
[08-14 01:51:20]Run OpenEntry (teampk: m_tEntryOutTmDis = 0 tDist = 629729480)
[08-14 01:51:20]OpenEntry enumMAPENTRY_STATE_OPEN (teampk)
[08-14 01:51:26]Run OpenEntry (teampk: m_tEntryOutTmDis = 0 tDist = 629729486)
[08-14 01:51:26]OpenEntry enumMAPENTRY_STATE_OPEN (teampk)
[08-14 01:51:31]Run OpenEntry (teampk: m_tEntryOutTmDis = 0 tDist = 629729491)
[08-14 01:51:31]OpenEntry enumMAPENTRY_STATE_OPEN (teampk)
[08-14 01:51:35]Run OpenEntry (teampk: m_tEntryOutTmDis = 0 tDist = 629729495)
[08-14 01:51:35]OpenEntry enumMAPENTRY_STATE_OPEN (teampk)
[08-14 01:51:41]Run OpenEntry (teampk: m_tEntryOutTmDis = 0 tDist = 629729501)
[08-14 01:51:41]OpenEntry enumMAPENTRY_STATE_OPEN (teampk)
[08-14 01:51:46]Run OpenEntry (teampk: m_tEntryOutTmDis = 0 tDist = 629729506)
[08-14 01:51:46]OpenEntry enumMAPENTRY_STATE_OPEN (teampk)
[08-14 01:51:51]Run OpenEntry (teampk: m_tEntryOutTmDis = 0 tDist = 629729511)
[08-14 01:51:51]OpenEntry enumMAPENTRY_STATE_OPEN (teampk)
[08-14 01:51:56]Run OpenEntry (teampk: m_tEntryOutTmDis = 0 tDist = 629729516)
[08-14 01:51:56]OpenEntry enumMAPENTRY_STATE_OPEN (teampk)
[08-14 01:52:01]Run OpenEntry (teampk: m_tEntryOutTmDis = 0 tDist = 629729521)
[08-14 01:52:01]OpenEntry enumMAPENTRY_STATE_OPEN (teampk)
[08-14 01:52:05]Run OpenEntry (teampk: m_tEntryOutTmDis = 0 tDist = 629729525)
[08-14 01:52:05]OpenEntry enumMAPENTRY_STATE_OPEN (teampk)
[08-14 01:52:11]Run OpenEntry (teampk: m_tEntryOutTmDis = 0 tDist = 629729531)
[08-14 01:52:11]OpenEntry enumMAPENTRY_STATE_OPEN (teampk)
[08-14 01:52:15]Run OpenEntry (teampk: m_tEntryOutTmDis = 0 tDist = 629729535)
[08-14 01:52:15]OpenEntry enumMAPENTRY_STATE_OPEN (teampk)
[08-14 01:52:20]Run OpenEntry (teampk: m_tEntryOutTmDis = 0 tDist = 629729540)
[08-14 01:52:20]OpenEntry enumMAPENTRY_STATE_OPEN (teampk)
[08-14 01:52:26]Run OpenEntry (teampk: m_tEntryOutTmDis = 0 tDist = 629729546)
[08-14 01:52:26]OpenEntry enumMAPENTRY_STATE_OPEN (teampk)
[08-14 01:52:30]Run OpenEntry (teampk: m_tEntryOutTmDis = 0 tDist = 629729550)
[08-14 01:52:30]OpenEntry enumMAPENTRY_STATE_OPEN (teampk)
[08-14 01:52:36]Run OpenEntry (teampk: m_tEntryOutTmDis = 0 tDist = 629729556)
[08-14 01:52:36]OpenEntry enumMAPENTRY_STATE_OPEN (teampk)
[08-14 01:52:41]Run OpenEntry (teampk: m_tEntryOutTmDis = 0 tDist = 629729561)
[08-14 01:52:41]OpenEntry enumMAPENTRY_STATE_OPEN (teampk)
[08-14 01:52:45]Run OpenEntry (teampk: m_tEntryOutTmDis = 0 tDist = 629729565)
[08-14 01:52:45]OpenEntry enumMAPENTRY_STATE_OPEN (teampk)
[08-14 01:52:51]Run OpenEntry (teampk: m_tEntryOutTmDis = 0 tDist = 629729571)
[08-14 01:52:51]OpenEntry enumMAPENTRY_STATE_OPEN (teampk)
[08-14 01:52:56]Run OpenEntry (teampk: m_tEntryOutTmDis = 0 tDist = 629729576)
[08-14 01:52:56]OpenEntry enumMAPENTRY_STATE_OPEN (teampk)
[08-14 01:53:00]Run OpenEntry (teampk: m_tEntryOutTmDis = 0 tDist = 629729580)
[08-14 01:53:00]OpenEntry enumMAPENTRY_STATE_OPEN (teampk)
[08-14 01:53:06]Run OpenEntry (teampk: m_tEntryOutTmDis = 0 tDist = 629729586)
[08-14 01:53:06]OpenEntry enumMAPENTRY_STATE_OPEN (teampk)
[08-14 01:53:10]Run OpenEntry (teampk: m_tEntryOutTmDis = 0 tDist = 629729590)
[08-14 01:53:10]OpenEntry enumMAPENTRY_STATE_OPEN (teampk)
[08-14 01:53:16]Run OpenEntry (teampk: m_tEntryOutTmDis = 0 tDist = 629729596)
[08-14 01:53:16]OpenEntry enumMAPENTRY_STATE_OPEN (teampk)
[08-14 01:53:21]Run OpenEntry (teampk: m_tEntryOutTmDis = 0 tDist = 629729601)
[08-14 01:53:21]OpenEntry enumMAPENTRY_STATE_OPEN (teampk)
[08-14 01:53:25]Run OpenEntry (teampk: m_tEntryOutTmDis = 0 tDist = 629729605)
[08-14 01:53:25]OpenEntry enumMAPENTRY_STATE_OPEN (teampk)
[08-14 01:53:31]Run OpenEntry (teampk: m_tEntryOutTmDis = 0 tDist = 629729611)
[08-14 01:53:31]OpenEntry enumMAPENTRY_STATE_OPEN (teampk)
[08-14 01:53:36]Run OpenEntry (teampk: m_tEntryOutTmDis = 0 tDist = 629729616)
[08-14 01:53:36]OpenEntry enumMAPENTRY_STATE_OPEN (teampk)
[08-14 01:53:40]Run OpenEntry (teampk: m_tEntryOutTmDis = 0 tDist = 629729620)
[08-14 01:53:40]OpenEntry enumMAPENTRY_STATE_OPEN (teampk)
[08-14 01:53:46]Run OpenEntry (teampk: m_tEntryOutTmDis = 0 tDist = 629729626)
[08-14 01:53:46]OpenEntry enumMAPENTRY_STATE_OPEN (teampk)
[08-14 01:53:51]Run OpenEntry (teampk: m_tEntryOutTmDis = 0 tDist = 629729631)
[08-14 01:53:51]OpenEntry enumMAPENTRY_STATE_OPEN (teampk)
[08-14 01:53:56]Run OpenEntry (teampk: m_tEntryOutTmDis = 0 tDist = 629729636)
[08-14 01:53:56]OpenEntry enumMAPENTRY_STATE_OPEN (teampk)
[08-14 01:54:01]Run OpenEntry (teampk: m_tEntryOutTmDis = 0 tDist = 629729641)
[08-14 01:54:01]OpenEntry enumMAPENTRY_STATE_OPEN (teampk)
[08-14 01:54:06]Run OpenEntry (teampk: m_tEntryOutTmDis = 0 tDist = 629729646)
[08-14 01:54:06]OpenEntry enumMAPENTRY_STATE_OPEN (teampk)
[08-14 01:54:10]Run OpenEntry (teampk: m_tEntryOutTmDis = 0 tDist = 629729650)
[08-14 01:54:10]OpenEntry enumMAPENTRY_STATE_OPEN (teampk)
[08-14 01:54:15]Run OpenEntry (teampk: m_tEntryOutTmDis = 0 tDist = 629729655)
[08-14 01:54:15]OpenEntry enumMAPENTRY_STATE_OPEN (teampk)
[08-14 01:54:20]Run OpenEntry (teampk: m_tEntryOutTmDis = 0 tDist = 629729660)
[08-14 01:54:20]OpenEntry enumMAPENTRY_STATE_OPEN (teampk)
[08-14 01:54:26]Run OpenEntry (teampk: m_tEntryOutTmDis = 0 tDist = 629729666)
[08-14 01:54:26]OpenEntry enumMAPENTRY_STATE_OPEN (teampk)
[08-14 01:54:30]Run OpenEntry (teampk: m_tEntryOutTmDis = 0 tDist = 629729670)
[08-14 01:54:30]OpenEntry enumMAPENTRY_STATE_OPEN (teampk)
[08-14 01:54:36]Run OpenEntry (teampk: m_tEntryOutTmDis = 0 tDist = 629729676)
[08-14 01:54:36]OpenEntry enumMAPENTRY_STATE_OPEN (teampk)
[08-14 01:54:41]Run OpenEntry (teampk: m_tEntryOutTmDis = 0 tDist = 629729681)
[08-14 01:54:41]OpenEntry enumMAPENTRY_STATE_OPEN (teampk)
[08-14 01:54:46]Run OpenEntry (teampk: m_tEntryOutTmDis = 0 tDist = 629729686)
[08-14 01:54:46]OpenEntry enumMAPENTRY_STATE_OPEN (teampk)
[08-14 01:54:51]Run OpenEntry (teampk: m_tEntryOutTmDis = 0 tDist = 629729691)
[08-14 01:54:51]OpenEntry enumMAPENTRY_STATE_OPEN (teampk)
[08-14 01:54:56]Run OpenEntry (teampk: m_tEntryOutTmDis = 0 tDist = 629729696)
[08-14 01:54:56]OpenEntry enumMAPENTRY_STATE_OPEN (teampk)
[08-14 01:55:01]Run OpenEntry (teampk: m_tEntryOutTmDis = 0 tDist = 629729701)
[08-14 01:55:01]OpenEntry enumMAPENTRY_STATE_OPEN (teampk)
[08-14 01:55:06]Run OpenEntry (teampk: m_tEntryOutTmDis = 0 tDist = 629729706)
[08-14 01:55:06]OpenEntry enumMAPENTRY_STATE_OPEN (teampk)
[08-14 01:55:11]Run OpenEntry (teampk: m_tEntryOutTmDis = 0 tDist = 629729711)
[08-14 01:55:11]OpenEntry enumMAPENTRY_STATE_OPEN (teampk)
[08-14 01:55:16]Run OpenEntry (teampk: m_tEntryOutTmDis = 0 tDist = 629729716)
[08-14 01:55:16]OpenEntry enumMAPENTRY_STATE_OPEN (teampk)
[08-14 01:55:20]Run OpenEntry (teampk: m_tEntryOutTmDis = 0 tDist = 629729720)
[08-14 01:55:20]OpenEntry enumMAPENTRY_STATE_OPEN (teampk)
[08-14 01:55:26]Run OpenEntry (teampk: m_tEntryOutTmDis = 0 tDist = 629729726)
[08-14 01:55:26]OpenEntry enumMAPENTRY_STATE_OPEN (teampk)
[08-14 01:55:31]Run OpenEntry (teampk: m_tEntryOutTmDis = 0 tDist = 629729731)
[08-14 01:55:31]OpenEntry enumMAPENTRY_STATE_OPEN (teampk)
[08-14 01:55:36]Run OpenEntry (teampk: m_tEntryOutTmDis = 0 tDist = 629729736)
[08-14 01:55:36]OpenEntry enumMAPENTRY_STATE_OPEN (teampk)
[08-14 01:55:42]Run OpenEntry (teampk: m_tEntryOutTmDis = 0 tDist = 629729742)
[08-14 01:55:42]OpenEntry enumMAPENTRY_STATE_OPEN (teampk)
[08-14 01:55:46]Run OpenEntry (teampk: m_tEntryOutTmDis = 0 tDist = 629729746)
[08-14 01:55:46]OpenEntry enumMAPENTRY_STATE_OPEN (teampk)
[08-14 01:55:50]Run OpenEntry (teampk: m_tEntryOutTmDis = 0 tDist = 629729750)
[08-14 01:55:50]OpenEntry enumMAPENTRY_STATE_OPEN (teampk)
[08-14 01:55:55]Run OpenEntry (teampk: m_tEntryOutTmDis = 0 tDist = 629729755)
[08-14 01:55:55]OpenEntry enumMAPENTRY_STATE_OPEN (teampk)
[08-14 01:56:01]Run OpenEntry (teampk: m_tEntryOutTmDis = 0 tDist = 629729761)
[08-14 01:56:01]OpenEntry enumMAPENTRY_STATE_OPEN (teampk)
[08-14 01:56:06]Run OpenEntry (teampk: m_tEntryOutTmDis = 0 tDist = 629729766)
[08-14 01:56:06]OpenEntry enumMAPENTRY_STATE_OPEN (teampk)
[08-14 01:56:11]Run OpenEntry (teampk: m_tEntryOutTmDis = 0 tDist = 629729771)
[08-14 01:56:11]OpenEntry enumMAPENTRY_STATE_OPEN (teampk)
[08-14 01:56:15]Run OpenEntry (teampk: m_tEntryOutTmDis = 0 tDist = 629729775)
[08-14 01:56:15]OpenEntry enumMAPENTRY_STATE_OPEN (teampk)
[08-14 01:56:21]Run OpenEntry (teampk: m_tEntryOutTmDis = 0 tDist = 629729781)
[08-14 01:56:21]OpenEntry enumMAPENTRY_STATE_OPEN (teampk)
[08-14 01:56:26]Run OpenEntry (teampk: m_tEntryOutTmDis = 0 tDist = 629729786)
[08-14 01:56:26]OpenEntry enumMAPENTRY_STATE_OPEN (teampk)
[08-14 01:56:31]Run OpenEntry (teampk: m_tEntryOutTmDis = 0 tDist = 629729791)
[08-14 01:56:31]OpenEntry enumMAPENTRY_STATE_OPEN (teampk)
[08-14 01:56:36]Run OpenEntry (teampk: m_tEntryOutTmDis = 0 tDist = 629729796)
[08-14 01:56:36]OpenEntry enumMAPENTRY_STATE_OPEN (teampk)
[08-14 01:56:41]Run OpenEntry (teampk: m_tEntryOutTmDis = 0 tDist = 629729801)
[08-14 01:56:41]OpenEntry enumMAPENTRY_STATE_OPEN (teampk)
[08-14 01:56:45]Run OpenEntry (teampk: m_tEntryOutTmDis = 0 tDist = 629729805)
[08-14 01:56:45]OpenEntry enumMAPENTRY_STATE_OPEN (teampk)
[08-14 01:56:51]Run OpenEntry (teampk: m_tEntryOutTmDis = 0 tDist = 629729811)
[08-14 01:56:51]OpenEntry enumMAPENTRY_STATE_OPEN (teampk)
[08-14 01:56:56]Run OpenEntry (teampk: m_tEntryOutTmDis = 0 tDist = 629729816)
[08-14 01:56:56]OpenEntry enumMAPENTRY_STATE_OPEN (teampk)
[08-14 01:57:01]Run OpenEntry (teampk: m_tEntryOutTmDis = 0 tDist = 629729821)
[08-14 01:57:01]OpenEntry enumMAPENTRY_STATE_OPEN (teampk)
[08-14 01:57:06]Run OpenEntry (teampk: m_tEntryOutTmDis = 0 tDist = 629729826)
[08-14 01:57:06]OpenEntry enumMAPENTRY_STATE_OPEN (teampk)
[08-14 01:57:11]Run OpenEntry (teampk: m_tEntryOutTmDis = 0 tDist = 629729831)
[08-14 01:57:11]OpenEntry enumMAPENTRY_STATE_OPEN (teampk)
[08-14 01:57:15]Run OpenEntry (teampk: m_tEntryOutTmDis = 0 tDist = 629729835)
[08-14 01:57:15]OpenEntry enumMAPENTRY_STATE_OPEN (teampk)
[08-14 01:57:21]Run OpenEntry (teampk: m_tEntryOutTmDis = 0 tDist = 629729841)
[08-14 01:57:21]OpenEntry enumMAPENTRY_STATE_OPEN (teampk)
[08-14 01:57:26]Run OpenEntry (teampk: m_tEntryOutTmDis = 0 tDist = 629729846)
[08-14 01:57:26]OpenEntry enumMAPENTRY_STATE_OPEN (teampk)
[08-14 01:57:30]Run OpenEntry (teampk: m_tEntryOutTmDis = 0 tDist = 629729850)
[08-14 01:57:30]OpenEntry enumMAPENTRY_STATE_OPEN (teampk)
[08-14 01:57:36]Run OpenEntry (teampk: m_tEntryOutTmDis = 0 tDist = 629729856)
[08-14 01:57:36]OpenEntry enumMAPENTRY_STATE_OPEN (teampk)
[08-14 01:57:41]Run OpenEntry (teampk: m_tEntryOutTmDis = 0 tDist = 629729861)
[08-14 01:57:41]OpenEntry enumMAPENTRY_STATE_OPEN (teampk)
[08-14 01:57:46]Run OpenEntry (teampk: m_tEntryOutTmDis = 0 tDist = 629729866)
[08-14 01:57:46]OpenEntry enumMAPENTRY_STATE_OPEN (teampk)
[08-14 01:57:50]Run OpenEntry (teampk: m_tEntryOutTmDis = 0 tDist = 629729870)
[08-14 01:57:50]OpenEntry enumMAPENTRY_STATE_OPEN (teampk)
[08-14 01:57:56]Run OpenEntry (teampk: m_tEntryOutTmDis = 0 tDist = 629729876)
[08-14 01:57:56]OpenEntry enumMAPENTRY_STATE_OPEN (teampk)
[08-14 01:58:01]Run OpenEntry (teampk: m_tEntryOutTmDis = 0 tDist = 629729881)
[08-14 01:58:01]OpenEntry enumMAPENTRY_STATE_OPEN (teampk)
[08-14 01:58:06]Run OpenEntry (teampk: m_tEntryOutTmDis = 0 tDist = 629729886)
[08-14 01:58:06]OpenEntry enumMAPENTRY_STATE_OPEN (teampk)
[08-14 01:58:11]Run OpenEntry (teampk: m_tEntryOutTmDis = 0 tDist = 629729891)
[08-14 01:58:11]OpenEntry enumMAPENTRY_STATE_OPEN (teampk)
[08-14 01:58:16]Run OpenEntry (teampk: m_tEntryOutTmDis = 0 tDist = 629729896)
[08-14 01:58:16]OpenEntry enumMAPENTRY_STATE_OPEN (teampk)
[08-14 01:58:21]Run OpenEntry (teampk: m_tEntryOutTmDis = 0 tDist = 629729901)
[08-14 01:58:21]OpenEntry enumMAPENTRY_STATE_OPEN (teampk)
[08-14 01:58:25]Run OpenEntry (teampk: m_tEntryOutTmDis = 0 tDist = 629729905)
[08-14 01:58:25]OpenEntry enumMAPENTRY_STATE_OPEN (teampk)
[08-14 01:58:30]Run OpenEntry (teampk: m_tEntryOutTmDis = 0 tDist = 629729910)
[08-14 01:58:30]OpenEntry enumMAPENTRY_STATE_OPEN (teampk)
[08-14 01:58:36]Run OpenEntry (teampk: m_tEntryOutTmDis = 0 tDist = 629729916)
[08-14 01:58:36]OpenEntry enumMAPENTRY_STATE_OPEN (teampk)
[08-14 01:58:41]Run OpenEntry (teampk: m_tEntryOutTmDis = 0 tDist = 629729921)
[08-14 01:58:41]OpenEntry enumMAPENTRY_STATE_OPEN (teampk)
[08-14 01:58:46]Run OpenEntry (teampk: m_tEntryOutTmDis = 0 tDist = 629729926)
[08-14 01:58:46]OpenEntry enumMAPENTRY_STATE_OPEN (teampk)
[08-14 01:58:51]Run OpenEntry (teampk: m_tEntryOutTmDis = 0 tDist = 629729931)
[08-14 01:58:51]OpenEntry enumMAPENTRY_STATE_OPEN (teampk)
[08-14 01:58:56]Run OpenEntry (teampk: m_tEntryOutTmDis = 0 tDist = 629729936)
[08-14 01:58:56]OpenEntry enumMAPENTRY_STATE_OPEN (teampk)
[08-14 01:59:01]Run OpenEntry (teampk: m_tEntryOutTmDis = 0 tDist = 629729941)
[08-14 01:59:01]OpenEntry enumMAPENTRY_STATE_OPEN (teampk)
[08-14 01:59:06]Run OpenEntry (teampk: m_tEntryOutTmDis = 0 tDist = 629729946)
[08-14 01:59:06]OpenEntry enumMAPENTRY_STATE_OPEN (teampk)
[08-14 01:59:11]Run OpenEntry (teampk: m_tEntryOutTmDis = 0 tDist = 629729951)
[08-14 01:59:11]OpenEntry enumMAPENTRY_STATE_OPEN (teampk)
[08-14 01:59:15]Run OpenEntry (teampk: m_tEntryOutTmDis = 0 tDist = 629729955)
[08-14 01:59:15]OpenEntry enumMAPENTRY_STATE_OPEN (teampk)
[08-14 01:59:21]Run OpenEntry (teampk: m_tEntryOutTmDis = 0 tDist = 629729961)
[08-14 01:59:21]OpenEntry enumMAPENTRY_STATE_OPEN (teampk)
[08-14 01:59:26]Run OpenEntry (teampk: m_tEntryOutTmDis = 0 tDist = 629729966)
[08-14 01:59:26]OpenEntry enumMAPENTRY_STATE_OPEN (teampk)
[08-14 01:59:30]Run OpenEntry (teampk: m_tEntryOutTmDis = 0 tDist = 629729970)
[08-14 01:59:30]OpenEntry enumMAPENTRY_STATE_OPEN (teampk)
[08-14 01:59:36]Run OpenEntry (teampk: m_tEntryOutTmDis = 0 tDist = 629729976)
[08-14 01:59:36]OpenEntry enumMAPENTRY_STATE_OPEN (teampk)
[08-14 01:59:41]Run OpenEntry (teampk: m_tEntryOutTmDis = 0 tDist = 629729981)
[08-14 01:59:41]OpenEntry enumMAPENTRY_STATE_OPEN (teampk)
[08-14 01:59:46]Run OpenEntry (teampk: m_tEntryOutTmDis = 0 tDist = 629729986)
[08-14 01:59:46]OpenEntry enumMAPENTRY_STATE_OPEN (teampk)
[08-14 01:59:51]Run OpenEntry (teampk: m_tEntryOutTmDis = 0 tDist = 629729991)
[08-14 01:59:51]OpenEntry enumMAPENTRY_STATE_OPEN (teampk)
[08-14 01:59:56]Run OpenEntry (teampk: m_tEntryOutTmDis = 0 tDist = 629729996)
[08-14 01:59:56]OpenEntry enumMAPENTRY_STATE_OPEN (teampk)
[08-14 02:00:00]Run OpenEntry (teampk: m_tEntryOutTmDis = 0 tDist = 629730000)
[08-14 02:00:00]OpenEntry enumMAPENTRY_STATE_OPEN (teampk)
[08-14 02:00:06]Run OpenEntry (teampk: m_tEntryOutTmDis = 0 tDist = 629730006)
[08-14 02:00:06]OpenEntry enumMAPENTRY_STATE_OPEN (teampk)
[08-14 02:00:11]Run OpenEntry (teampk: m_tEntryOutTmDis = 0 tDist = 629730011)
[08-14 02:00:11]OpenEntry enumMAPENTRY_STATE_OPEN (teampk)
[08-14 02:00:15]Run OpenEntry (teampk: m_tEntryOutTmDis = 0 tDist = 629730015)
[08-14 02:00:15]OpenEntry enumMAPENTRY_STATE_OPEN (teampk)
[08-14 02:00:21]Run OpenEntry (teampk: m_tEntryOutTmDis = 0 tDist = 629730021)
[08-14 02:00:21]OpenEntry enumMAPENTRY_STATE_OPEN (teampk)
[08-14 02:00:25]Run OpenEntry (teampk: m_tEntryOutTmDis = 0 tDist = 629730025)
[08-14 02:00:25]OpenEntry enumMAPENTRY_STATE_OPEN (teampk)
[08-14 02:00:30]Run OpenEntry (teampk: m_tEntryOutTmDis = 0 tDist = 629730030)
[08-14 02:00:30]OpenEntry enumMAPENTRY_STATE_OPEN (teampk)
[08-14 02:00:36]Run OpenEntry (teampk: m_tEntryOutTmDis = 0 tDist = 629730036)
[08-14 02:00:36]OpenEntry enumMAPENTRY_STATE_OPEN (teampk)
[08-14 02:00:40]Run OpenEntry (teampk: m_tEntryOutTmDis = 0 tDist = 629730040)
[08-14 02:00:40]OpenEntry enumMAPENTRY_STATE_OPEN (teampk)
[08-14 02:00:46]Run OpenEntry (teampk: m_tEntryOutTmDis = 0 tDist = 629730046)
[08-14 02:00:46]OpenEntry enumMAPENTRY_STATE_OPEN (teampk)
[08-14 02:00:50]Run OpenEntry (teampk: m_tEntryOutTmDis = 0 tDist = 629730050)
[08-14 02:00:50]OpenEntry enumMAPENTRY_STATE_OPEN (teampk)
[08-14 02:00:56]Run OpenEntry (teampk: m_tEntryOutTmDis = 0 tDist = 629730056)
[08-14 02:00:56]OpenEntry enumMAPENTRY_STATE_OPEN (teampk)
[08-14 02:01:01]Run OpenEntry (teampk: m_tEntryOutTmDis = 0 tDist = 629730061)
[08-14 02:01:01]OpenEntry enumMAPENTRY_STATE_OPEN (teampk)
[08-14 02:01:05]Run OpenEntry (teampk: m_tEntryOutTmDis = 0 tDist = 629730065)
[08-14 02:01:05]OpenEntry enumMAPENTRY_STATE_OPEN (teampk)
[08-14 02:01:10]Run OpenEntry (teampk: m_tEntryOutTmDis = 0 tDist = 629730070)
[08-14 02:01:10]OpenEntry enumMAPENTRY_STATE_OPEN (teampk)
[08-14 02:01:16]Run OpenEntry (teampk: m_tEntryOutTmDis = 0 tDist = 629730076)
[08-14 02:01:16]OpenEntry enumMAPENTRY_STATE_OPEN (teampk)
[08-14 02:01:21]Run OpenEntry (teampk: m_tEntryOutTmDis = 0 tDist = 629730081)
[08-14 02:01:21]OpenEntry enumMAPENTRY_STATE_OPEN (teampk)
[08-14 02:01:26]Run OpenEntry (teampk: m_tEntryOutTmDis = 0 tDist = 629730086)
[08-14 02:01:26]OpenEntry enumMAPENTRY_STATE_OPEN (teampk)
[08-14 02:01:30]Run OpenEntry (teampk: m_tEntryOutTmDis = 0 tDist = 629730090)
[08-14 02:01:30]OpenEntry enumMAPENTRY_STATE_OPEN (teampk)
[08-14 02:01:36]Run OpenEntry (teampk: m_tEntryOutTmDis = 0 tDist = 629730096)
[08-14 02:01:36]OpenEntry enumMAPENTRY_STATE_OPEN (teampk)
[08-14 02:01:41]Run OpenEntry (teampk: m_tEntryOutTmDis = 0 tDist = 629730101)
[08-14 02:01:41]OpenEntry enumMAPENTRY_STATE_OPEN (teampk)
[08-14 02:01:46]Run OpenEntry (teampk: m_tEntryOutTmDis = 0 tDist = 629730106)
[08-14 02:01:46]OpenEntry enumMAPENTRY_STATE_OPEN (teampk)
[08-14 02:01:50]Run OpenEntry (teampk: m_tEntryOutTmDis = 0 tDist = 629730110)
[08-14 02:01:50]OpenEntry enumMAPENTRY_STATE_OPEN (teampk)
[08-14 02:01:56]Run OpenEntry (teampk: m_tEntryOutTmDis = 0 tDist = 629730116)
[08-14 02:01:56]OpenEntry enumMAPENTRY_STATE_OPEN (teampk)
[08-14 02:02:00]Run OpenEntry (teampk: m_tEntryOutTmDis = 0 tDist = 629730120)
[08-14 02:02:00]OpenEntry enumMAPENTRY_STATE_OPEN (teampk)
[08-14 02:02:05]Run OpenEntry (teampk: m_tEntryOutTmDis = 0 tDist = 629730125)
[08-14 02:02:05]OpenEntry enumMAPENTRY_STATE_OPEN (teampk)
[08-14 02:02:10]Run OpenEntry (teampk: m_tEntryOutTmDis = 0 tDist = 629730130)
[08-14 02:02:10]OpenEntry enumMAPENTRY_STATE_OPEN (teampk)
[08-14 02:02:16]Run OpenEntry (teampk: m_tEntryOutTmDis = 0 tDist = 629730136)
[08-14 02:02:16]OpenEntry enumMAPENTRY_STATE_OPEN (teampk)
[08-14 02:02:21]Run OpenEntry (teampk: m_tEntryOutTmDis = 0 tDist = 629730141)
[08-14 02:02:21]OpenEntry enumMAPENTRY_STATE_OPEN (teampk)
[08-14 02:02:25]Run OpenEntry (teampk: m_tEntryOutTmDis = 0 tDist = 629730145)
[08-14 02:02:25]OpenEntry enumMAPENTRY_STATE_OPEN (teampk)
[08-14 02:02:30]Run OpenEntry (teampk: m_tEntryOutTmDis = 0 tDist = 629730150)
[08-14 02:02:30]OpenEntry enumMAPENTRY_STATE_OPEN (teampk)
[08-14 02:02:36]Run OpenEntry (teampk: m_tEntryOutTmDis = 0 tDist = 629730156)
[08-14 02:02:36]OpenEntry enumMAPENTRY_STATE_OPEN (teampk)
[08-14 02:02:41]Run OpenEntry (teampk: m_tEntryOutTmDis = 0 tDist = 629730161)
[08-14 02:02:41]OpenEntry enumMAPENTRY_STATE_OPEN (teampk)
[08-14 02:02:45]Run OpenEntry (teampk: m_tEntryOutTmDis = 0 tDist = 629730165)
[08-14 02:02:45]OpenEntry enumMAPENTRY_STATE_OPEN (teampk)
[08-14 02:02:51]Run OpenEntry (teampk: m_tEntryOutTmDis = 0 tDist = 629730171)
[08-14 02:02:51]OpenEntry enumMAPENTRY_STATE_OPEN (teampk)
[08-14 02:02:56]Run OpenEntry (teampk: m_tEntryOutTmDis = 0 tDist = 629730176)
[08-14 02:02:56]OpenEntry enumMAPENTRY_STATE_OPEN (teampk)
[08-14 02:03:00]Run OpenEntry (teampk: m_tEntryOutTmDis = 0 tDist = 629730180)
[08-14 02:03:00]OpenEntry enumMAPENTRY_STATE_OPEN (teampk)
[08-14 02:03:05]Run OpenEntry (teampk: m_tEntryOutTmDis = 0 tDist = 629730185)
[08-14 02:03:05]OpenEntry enumMAPENTRY_STATE_OPEN (teampk)
[08-14 02:03:11]Run OpenEntry (teampk: m_tEntryOutTmDis = 0 tDist = 629730191)
[08-14 02:03:11]OpenEntry enumMAPENTRY_STATE_OPEN (teampk)
[08-14 02:03:16]Run OpenEntry (teampk: m_tEntryOutTmDis = 0 tDist = 629730196)
[08-14 02:03:16]OpenEntry enumMAPENTRY_STATE_OPEN (teampk)
[08-14 02:03:21]Run OpenEntry (teampk: m_tEntryOutTmDis = 0 tDist = 629730201)
[08-14 02:03:21]OpenEntry enumMAPENTRY_STATE_OPEN (teampk)
[08-14 02:03:26]Run OpenEntry (teampk: m_tEntryOutTmDis = 0 tDist = 629730206)
[08-14 02:03:26]OpenEntry enumMAPENTRY_STATE_OPEN (teampk)
[08-14 02:03:30]Run OpenEntry (teampk: m_tEntryOutTmDis = 0 tDist = 629730210)
[08-14 02:03:30]OpenEntry enumMAPENTRY_STATE_OPEN (teampk)
[08-14 02:03:35]Run OpenEntry (teampk: m_tEntryOutTmDis = 0 tDist = 629730215)
[08-14 02:03:35]OpenEntry enumMAPENTRY_STATE_OPEN (teampk)
[08-14 02:03:41]Run OpenEntry (teampk: m_tEntryOutTmDis = 0 tDist = 629730221)
[08-14 02:03:41]OpenEntry enumMAPENTRY_STATE_OPEN (teampk)
[08-14 02:03:45]Run OpenEntry (teampk: m_tEntryOutTmDis = 0 tDist = 629730225)
[08-14 02:03:45]OpenEntry enumMAPENTRY_STATE_OPEN (teampk)
[08-14 02:03:51]Run OpenEntry (teampk: m_tEntryOutTmDis = 0 tDist = 629730231)
[08-14 02:03:51]OpenEntry enumMAPENTRY_STATE_OPEN (teampk)
[08-14 02:03:55]Run OpenEntry (teampk: m_tEntryOutTmDis = 0 tDist = 629730235)
[08-14 02:03:55]OpenEntry enumMAPENTRY_STATE_OPEN (teampk)
[08-14 02:04:01]Run OpenEntry (teampk: m_tEntryOutTmDis = 0 tDist = 629730241)
[08-14 02:04:01]OpenEntry enumMAPENTRY_STATE_OPEN (teampk)
[08-14 02:04:06]Run OpenEntry (teampk: m_tEntryOutTmDis = 0 tDist = 629730246)
[08-14 02:04:06]OpenEntry enumMAPENTRY_STATE_OPEN (teampk)
[08-14 02:04:11]Run OpenEntry (teampk: m_tEntryOutTmDis = 0 tDist = 629730251)
[08-14 02:04:11]OpenEntry enumMAPENTRY_STATE_OPEN (teampk)
[08-14 02:04:16]Run OpenEntry (teampk: m_tEntryOutTmDis = 0 tDist = 629730256)
[08-14 02:04:16]OpenEntry enumMAPENTRY_STATE_OPEN (teampk)
[08-14 02:04:20]Run OpenEntry (teampk: m_tEntryOutTmDis = 0 tDist = 629730260)
[08-14 02:04:20]OpenEntry enumMAPENTRY_STATE_OPEN (teampk)
[08-14 02:04:26]Run OpenEntry (teampk: m_tEntryOutTmDis = 0 tDist = 629730266)
[08-14 02:04:26]OpenEntry enumMAPENTRY_STATE_OPEN (teampk)
[08-14 02:04:30]Run OpenEntry (teampk: m_tEntryOutTmDis = 0 tDist = 629730270)
[08-14 02:04:30]OpenEntry enumMAPENTRY_STATE_OPEN (teampk)
[08-14 02:04:36]Run OpenEntry (teampk: m_tEntryOutTmDis = 0 tDist = 629730276)
[08-14 02:04:36]OpenEntry enumMAPENTRY_STATE_OPEN (teampk)
[08-14 02:04:41]Run OpenEntry (teampk: m_tEntryOutTmDis = 0 tDist = 629730281)
[08-14 02:04:41]OpenEntry enumMAPENTRY_STATE_OPEN (teampk)
[08-14 02:04:45]Run OpenEntry (teampk: m_tEntryOutTmDis = 0 tDist = 629730285)
[08-14 02:04:45]OpenEntry enumMAPENTRY_STATE_OPEN (teampk)
[08-14 02:04:51]Run OpenEntry (teampk: m_tEntryOutTmDis = 0 tDist = 629730291)
[08-14 02:04:51]OpenEntry enumMAPENTRY_STATE_OPEN (teampk)
[08-14 02:04:55]Run OpenEntry (teampk: m_tEntryOutTmDis = 0 tDist = 629730295)
[08-14 02:04:55]OpenEntry enumMAPENTRY_STATE_OPEN (teampk)
[08-14 02:05:01]Run OpenEntry (teampk: m_tEntryOutTmDis = 0 tDist = 629730301)
[08-14 02:05:01]OpenEntry enumMAPENTRY_STATE_OPEN (teampk)
[08-14 02:05:05]Run OpenEntry (teampk: m_tEntryOutTmDis = 0 tDist = 629730305)
[08-14 02:05:05]OpenEntry enumMAPENTRY_STATE_OPEN (teampk)
[08-14 02:05:11]Run OpenEntry (teampk: m_tEntryOutTmDis = 0 tDist = 629730311)
[08-14 02:05:11]OpenEntry enumMAPENTRY_STATE_OPEN (teampk)
[08-14 02:05:16]Run OpenEntry (teampk: m_tEntryOutTmDis = 0 tDist = 629730316)
[08-14 02:05:16]OpenEntry enumMAPENTRY_STATE_OPEN (teampk)
[08-14 02:05:21]Run OpenEntry (teampk: m_tEntryOutTmDis = 0 tDist = 629730321)
[08-14 02:05:21]OpenEntry enumMAPENTRY_STATE_OPEN (teampk)
[08-14 02:05:26]Run OpenEntry (teampk: m_tEntryOutTmDis = 0 tDist = 629730326)
[08-14 02:05:26]OpenEntry enumMAPENTRY_STATE_OPEN (teampk)
[08-14 02:05:30]Run OpenEntry (teampk: m_tEntryOutTmDis = 0 tDist = 629730330)
[08-14 02:05:30]OpenEntry enumMAPENTRY_STATE_OPEN (teampk)
[08-14 02:05:35]Run OpenEntry (teampk: m_tEntryOutTmDis = 0 tDist = 629730335)
[08-14 02:05:35]OpenEntry enumMAPENTRY_STATE_OPEN (teampk)
[08-14 02:05:40]Run OpenEntry (teampk: m_tEntryOutTmDis = 0 tDist = 629730340)
[08-14 02:05:40]OpenEntry enumMAPENTRY_STATE_OPEN (teampk)
[08-14 02:05:46]Run OpenEntry (teampk: m_tEntryOutTmDis = 0 tDist = 629730346)
[08-14 02:05:46]OpenEntry enumMAPENTRY_STATE_OPEN (teampk)
[08-14 02:05:51]Run OpenEntry (teampk: m_tEntryOutTmDis = 0 tDist = 629730351)
[08-14 02:05:51]OpenEntry enumMAPENTRY_STATE_OPEN (teampk)
[08-14 02:05:55]Run OpenEntry (teampk: m_tEntryOutTmDis = 0 tDist = 629730355)
[08-14 02:05:55]OpenEntry enumMAPENTRY_STATE_OPEN (teampk)
[08-14 02:06:00]Run OpenEntry (teampk: m_tEntryOutTmDis = 0 tDist = 629730360)
[08-14 02:06:00]OpenEntry enumMAPENTRY_STATE_OPEN (teampk)
[08-14 02:06:05]Run OpenEntry (teampk: m_tEntryOutTmDis = 0 tDist = 629730365)
[08-14 02:06:05]OpenEntry enumMAPENTRY_STATE_OPEN (teampk)
[08-14 02:06:11]Run OpenEntry (teampk: m_tEntryOutTmDis = 0 tDist = 629730371)
[08-14 02:06:11]OpenEntry enumMAPENTRY_STATE_OPEN (teampk)
[08-14 02:06:16]Run OpenEntry (teampk: m_tEntryOutTmDis = 0 tDist = 629730376)
[08-14 02:06:16]OpenEntry enumMAPENTRY_STATE_OPEN (teampk)
[08-14 02:06:21]Run OpenEntry (teampk: m_tEntryOutTmDis = 0 tDist = 629730381)
[08-14 02:06:21]OpenEntry enumMAPENTRY_STATE_OPEN (teampk)
[08-14 02:06:26]Run OpenEntry (teampk: m_tEntryOutTmDis = 0 tDist = 629730386)
[08-14 02:06:26]OpenEntry enumMAPENTRY_STATE_OPEN (teampk)
[08-14 02:06:31]Run OpenEntry (teampk: m_tEntryOutTmDis = 0 tDist = 629730391)
[08-14 02:06:31]OpenEntry enumMAPENTRY_STATE_OPEN (teampk)
[08-14 02:06:36]Run OpenEntry (teampk: m_tEntryOutTmDis = 0 tDist = 629730396)
[08-14 02:06:36]OpenEntry enumMAPENTRY_STATE_OPEN (teampk)
[08-14 02:06:40]Run OpenEntry (teampk: m_tEntryOutTmDis = 0 tDist = 629730400)
[08-14 02:06:40]OpenEntry enumMAPENTRY_STATE_OPEN (teampk)
[08-14 02:06:45]Run OpenEntry (teampk: m_tEntryOutTmDis = 0 tDist = 629730405)
[08-14 02:06:45]OpenEntry enumMAPENTRY_STATE_OPEN (teampk)
[08-14 02:06:51]Run OpenEntry (teampk: m_tEntryOutTmDis = 0 tDist = 629730411)
[08-14 02:06:51]OpenEntry enumMAPENTRY_STATE_OPEN (teampk)
[08-14 02:06:55]Run OpenEntry (teampk: m_tEntryOutTmDis = 0 tDist = 629730415)
[08-14 02:06:55]OpenEntry enumMAPENTRY_STATE_OPEN (teampk)
[08-14 02:07:01]Run OpenEntry (teampk: m_tEntryOutTmDis = 0 tDist = 629730421)
[08-14 02:07:01]OpenEntry enumMAPENTRY_STATE_OPEN (teampk)
[08-14 02:07:06]Run OpenEntry (teampk: m_tEntryOutTmDis = 0 tDist = 629730426)
[08-14 02:07:06]OpenEntry enumMAPENTRY_STATE_OPEN (teampk)
[08-14 02:07:11]Run OpenEntry (teampk: m_tEntryOutTmDis = 0 tDist = 629730431)
[08-14 02:07:11]OpenEntry enumMAPENTRY_STATE_OPEN (teampk)
[08-14 02:07:15]Run OpenEntry (teampk: m_tEntryOutTmDis = 0 tDist = 629730435)
[08-14 02:07:15]OpenEntry enumMAPENTRY_STATE_OPEN (teampk)
[08-14 02:07:20]Run OpenEntry (teampk: m_tEntryOutTmDis = 0 tDist = 629730440)
[08-14 02:07:20]OpenEntry enumMAPENTRY_STATE_OPEN (teampk)
[08-14 02:07:26]Run OpenEntry (teampk: m_tEntryOutTmDis = 0 tDist = 629730446)
[08-14 02:07:26]OpenEntry enumMAPENTRY_STATE_OPEN (teampk)
[08-14 02:07:31]Run OpenEntry (teampk: m_tEntryOutTmDis = 0 tDist = 629730451)
[08-14 02:07:31]OpenEntry enumMAPENTRY_STATE_OPEN (teampk)
[08-14 02:07:36]Run OpenEntry (teampk: m_tEntryOutTmDis = 0 tDist = 629730456)
[08-14 02:07:36]OpenEntry enumMAPENTRY_STATE_OPEN (teampk)
[08-14 02:07:41]Run OpenEntry (teampk: m_tEntryOutTmDis = 0 tDist = 629730461)
[08-14 02:07:41]OpenEntry enumMAPENTRY_STATE_OPEN (teampk)
[08-14 02:07:46]Run OpenEntry (teampk: m_tEntryOutTmDis = 0 tDist = 629730466)
[08-14 02:07:46]OpenEntry enumMAPENTRY_STATE_OPEN (teampk)
[08-14 02:07:51]Run OpenEntry (teampk: m_tEntryOutTmDis = 0 tDist = 629730471)
[08-14 02:07:51]OpenEntry enumMAPENTRY_STATE_OPEN (teampk)
[08-14 02:07:56]Run OpenEntry (teampk: m_tEntryOutTmDis = 0 tDist = 629730476)
[08-14 02:07:56]OpenEntry enumMAPENTRY_STATE_OPEN (teampk)
[08-14 02:08:01]Run OpenEntry (teampk: m_tEntryOutTmDis = 0 tDist = 629730481)
[08-14 02:08:01]OpenEntry enumMAPENTRY_STATE_OPEN (teampk)
[08-14 02:08:05]Run OpenEntry (teampk: m_tEntryOutTmDis = 0 tDist = 629730485)
[08-14 02:08:05]OpenEntry enumMAPENTRY_STATE_OPEN (teampk)
[08-14 02:08:10]Run OpenEntry (teampk: m_tEntryOutTmDis = 0 tDist = 629730490)
[08-14 02:08:10]OpenEntry enumMAPENTRY_STATE_OPEN (teampk)
[08-14 02:08:16]Run OpenEntry (teampk: m_tEntryOutTmDis = 0 tDist = 629730496)
[08-14 02:08:16]OpenEntry enumMAPENTRY_STATE_OPEN (teampk)
[08-14 02:08:21]Run OpenEntry (teampk: m_tEntryOutTmDis = 0 tDist = 629730501)
[08-14 02:08:21]OpenEntry enumMAPENTRY_STATE_OPEN (teampk)
[08-14 02:08:25]Run OpenEntry (teampk: m_tEntryOutTmDis = 0 tDist = 629730505)
[08-14 02:08:25]OpenEntry enumMAPENTRY_STATE_OPEN (teampk)
[08-14 02:08:31]Run OpenEntry (teampk: m_tEntryOutTmDis = 0 tDist = 629730511)
[08-14 02:08:31]OpenEntry enumMAPENTRY_STATE_OPEN (teampk)
[08-14 02:08:36]Run OpenEntry (teampk: m_tEntryOutTmDis = 0 tDist = 629730516)
[08-14 02:08:36]OpenEntry enumMAPENTRY_STATE_OPEN (teampk)
[08-14 02:08:41]Run OpenEntry (teampk: m_tEntryOutTmDis = 0 tDist = 629730521)
[08-14 02:08:41]OpenEntry enumMAPENTRY_STATE_OPEN (teampk)
