[08-14 01:34:39]		character[Cha-Abel+1006] eyeshot move spend overabundance time time = 54£¨thereinto state spend 810889825£¬explore spend 1064544554£¬eyeshot spend 2391437790£¬area spend 1064301284£©
[08-14 01:34:45]		character[Cha-Treasure+1] eyeshot move spend overabundance time time = 87£¨thereinto state spend 2391437790£¬explore spend 1065349860£¬eyeshot spend 2370821947£¬area spend 1064464023£©
[08-14 01:34:45]		roll[Cha-Treasure+1]move cost time too long, time = 87£¨thereinto position cost0£¬eye shot cost87£©
[08-14 01:34:45]!!!garner(1) expend = 87 ms, WeatherRun = 0, CharacterRun = 87, StateRun = 0, ActiveMgrUnitNum = 185
[08-14 01:34:45]	"Cha-Treasure+1" Check = 0, ActCache = 0, Resume = 0, Player = 0, AI = 0, Area = 0, Die = 0, Mission = 0, Team = 0, SkillState = 0, Move = 87, Fight = 0, DB = 0, Ping = 0
[08-14 01:35:15]...garner(1)expend = 0 ms, WeatherRun = 0, CharacterRun = 0, StateRun = 0, ActiveMgrUnitNum = 176
[08-14 01:35:45]...garner(1)expend = 0 ms, WeatherRun = 0, CharacterRun = 0, StateRun = 0, ActiveMgrUnitNum = 182
[08-14 01:36:07]		character[Cha-Abel+1006] eyeshot move spend overabundance time time = 154£¨thereinto state spend 3545925000£¬explore spend 1064625084£¬eyeshot spend 3539053052£¬area spend 1064329805£©
[08-14 01:36:07]		roll[Cha-Abel+1006]move cost time too long, time = 154£¨thereinto position cost0£¬eye shot cost154£©
[08-14 01:36:15]...garner(1)expend = 0 ms, WeatherRun = 0, CharacterRun = 0, StateRun = 0, ActiveMgrUnitNum = 189
[08-14 01:36:17]		character[Cha-Abel+1006] eyeshot move spend overabundance time time = 52£¨thereinto state spend 1202590843£¬explore spend 1064598241£¬eyeshot spend 2370821947£¬area spend 1064464023£©
[08-14 01:36:18]		character[Cha-Abel+1006] eyeshot move spend overabundance time time = 111£¨thereinto state spend 426060756£¬explore spend 1064786146£¬eyeshot spend 3930754069£¬area spend 1064383492£©
[08-14 01:36:18]		roll[Cha-Abel+1006]move cost time too long, time = 111£¨thereinto position cost0£¬eye shot cost111£©
[08-14 01:36:18]!!!garner(1) expend = 111 ms, WeatherRun = 0, CharacterRun = 111, StateRun = 0, ActiveMgrUnitNum = 200
[08-14 01:36:18]	"Cha-Abel+1006" Check = 0, ActCache = 0, Resume = 0, Player = 0, AI = 0, Area = 0, Die = 0, Mission = 0, Team = 0, SkillState = 0, Move = 111, Fight = 0, DB = 0, Ping = 0
[08-14 01:36:25]		character[Cha-Abel+1006] eyeshot move spend overabundance time time = 174£¨thereinto state spend 3552796947£¬explore spend 1064920363£¬eyeshot spend 2034096511£¬area spend 1067821144£©
[08-14 01:36:25]		roll[Cha-Abel+1006]move cost time too long, time = 175£¨thereinto position cost0£¬eye shot cost175£©
[08-14 01:36:25]!!!garner(1) expend = 175 ms, WeatherRun = 0, CharacterRun = 175, StateRun = 0, ActiveMgrUnitNum = 202
[08-14 01:36:25]	"Cha-Abel+1006" Check = 0, ActCache = 0, Resume = 0, Player = 0, AI = 0, Area = 0, Die = 0, Mission = 0, Team = 0, SkillState = 0, Move = 0, Fight = 0, DB = 0, Ping = 0
[08-14 01:36:37]		character[Cha-Treasure+1] eyeshot move spend overabundance time time = 54£¨thereinto state spend 1010176308£¬explore spend 1065767613£¬eyeshot spend 432932703£¬area spend 1065081425£©
[08-14 01:36:44]		character[Cha-Treasure+1] eyeshot move spend overabundance time time = 61£¨thereinto state spend 1999736773£¬explore spend 1064247597£¬eyeshot spend 2377693895£¬area spend 1063710726£©
[08-14 01:36:44]		roll[Cha-Treasure+1]move cost time too long, time = 61£¨thereinto position cost0£¬eye shot cost61£©
[08-14 01:36:44]!!!garner(1) expend = 62 ms, WeatherRun = 0, CharacterRun = 62, StateRun = 0, ActiveMgrUnitNum = 201
[08-14 01:36:44]	"Cha-Treasure+1" Check = 0, ActCache = 0, Resume = 0, Player = 0, AI = 0, Area = 0, Die = 0, Mission = 0, Team = 0, SkillState = 0, Move = 61, Fight = 0, DB = 0, Ping = 0
[08-14 01:36:51]		character[Cha-Abel+1006] eyeshot move spend overabundance time time = 51£¨thereinto state spend 810889825£¬explore spend 1064544554£¬eyeshot spend 3539053052£¬area spend 1064329805£©
[08-14 01:36:51]		roll[Cha-Abel+1006]move cost time too long, time = 173£¨thereinto position cost0£¬eye shot cost173£©
[08-14 01:37:00]		character[Cha-Abel+1006] eyeshot move spend overabundance time time = 86£¨thereinto state spend 1202590843£¬explore spend 1064598241£¬eyeshot spend 2769394912£¬area spend 1064812989£©
[08-14 01:37:00]		roll[Cha-Abel+1006]move cost time too long, time = 86£¨thereinto position cost0£¬eye shot cost86£©
[08-14 01:37:14]...garner(1)expend = 0 ms, WeatherRun = 0, CharacterRun = 0, StateRun = 0, ActiveMgrUnitNum = 219
[08-14 01:37:38]		character[Cha-Treasure+1] eyeshot move spend overabundance time time = 85£¨thereinto state spend 1594291860£¬explore spend 1064651928£¬eyeshot spend 3930754069£¬area spend 1064383492£©
[08-14 01:37:38]		roll[Cha-Treasure+1]move cost time too long, time = 85£¨thereinto position cost0£¬eye shot cost85£©
[08-14 01:37:38]!!!garner(1) expend = 85 ms, WeatherRun = 0, CharacterRun = 85, StateRun = 0, ActiveMgrUnitNum = 226
[08-14 01:37:38]	"Cha-Treasure+1" Check = 0, ActCache = 0, Resume = 0, Player = 0, AI = 0, Area = 0, Die = 0, Mission = 0, Team = 0, SkillState = 0, Move = 0, Fight = 0, DB = 0, Ping = 0
[08-14 01:37:43]		character[Cha-Treasure+1] eyeshot move spend overabundance time time = 79£¨thereinto state spend 3161095930£¬explore spend 1064866676£¬eyeshot spend 1587419913£¬area spend 1064356649£©
[08-14 01:37:43]		roll[Cha-Treasure+1]move cost time too long, time = 80£¨thereinto position cost0£¬eye shot cost80£©
[08-14 01:37:43]!!!garner(1) expend = 80 ms, WeatherRun = 0, CharacterRun = 80, StateRun = 0, ActiveMgrUnitNum = 231
[08-14 01:37:43]	"Cha-Treasure+1" Check = 0, ActCache = 0, Resume = 0, Player = 0, AI = 0, Area = 0, Die = 0, Mission = 0, Team = 0, SkillState = 0, Move = 0, Fight = 0, DB = 0, Ping = 0
[08-14 01:38:01]		character[Cha-Abel+1006] eyeshot move spend overabundance time time = 74£¨thereinto state spend 1202590843£¬explore spend 1064598241£¬eyeshot spend 3930754069£¬area spend 1064383492£©
[08-14 01:38:01]		roll[Cha-Abel+1006]move cost time too long, time = 74£¨thereinto position cost0£¬eye shot cost74£©
[08-14 01:38:13]		character[Cha-Treasure+1] eyeshot move spend overabundance time time = 508£¨thereinto state spend 1999736773£¬explore spend 1065296173£¬eyeshot spend 432932703£¬area spend 1065081425£©
[08-14 01:38:13]		roll[Cha-Treasure+1]move cost time too long, time = 509£¨thereinto position cost0£¬eye shot cost509£©
[08-14 01:38:13]!!!garner(1) expend = 510 ms, WeatherRun = 0, CharacterRun = 510, StateRun = 0, ActiveMgrUnitNum = 237
[08-14 01:38:13]	"Cha-Treasure+1" Check = 0, ActCache = 0, Resume = 0, Player = 0, AI = 0, Area = 0, Die = 0, Mission = 0, Team = 0, SkillState = 0, Move = 0, Fight = 0, DB = 0, Ping = 0
[08-14 01:38:16]		character[Cha-Treasure+1] eyeshot move spend overabundance time time = 776£¨thereinto state spend 3545925000£¬explore spend 1064625084£¬eyeshot spend 419188808£¬area spend 1064490867£©
[08-14 01:38:16]		roll[Cha-Treasure+1]move cost time too long, time = 776£¨thereinto position cost0£¬eye shot cost776£©
[08-14 01:38:16]!!!garner(1) expend = 776 ms, WeatherRun = 0, CharacterRun = 776, StateRun = 0, ActiveMgrUnitNum = 237
[08-14 01:38:16]	"Cha-Treasure+1" Check = 0, ActCache = 0, Resume = 0, Player = 0, AI = 0, Area = 0, Die = 0, Mission = 0, Team = 0, SkillState = 0, Move = 0, Fight = 0, DB = 0, Ping = 0
[08-14 01:38:27]		character[Cha-Treasure+1] eyeshot move spend overabundance time time = 711£¨thereinto state spend 2192151308£¬explore spend 1066223953£¬eyeshot spend 1202590843£¬area spend 1064598241£©
[08-14 01:38:27]		roll[Cha-Treasure+1]move cost time too long, time = 711£¨thereinto position cost0£¬eye shot cost711£©
[08-14 01:38:27]!!!garner(1) expend = 711 ms, WeatherRun = 0, CharacterRun = 711, StateRun = 0, ActiveMgrUnitNum = 240
[08-14 01:38:27]	"Cha-Treasure+1" Check = 0, ActCache = 0, Resume = 0, Player = 0, AI = 0, Area = 0, Die = 0, Mission = 0, Team = 0, SkillState = 0, Move = 711, Fight = 0, DB = 0, Ping = 0
[08-14 01:38:29]		character[Cha-Abel+1006] eyeshot move spend overabundance time time = 162£¨thereinto state spend 2370821947£¬explore spend 1064464023£¬eyeshot spend 3930754069£¬area spend 1064383492£©
[08-14 01:38:29]		roll[Cha-Abel+1006]move cost time too long, time = 406£¨thereinto position cost0£¬eye shot cost406£©
[08-14 01:38:30]		character[Cha-Abel+1006] eyeshot move spend overabundance time time = 302£¨thereinto state spend 3944497965£¬explore spend 1066022626£¬eyeshot spend 3154223982£¬area spend 1065619973£©
[08-14 01:38:30]		roll[Cha-Abel+1006]move cost time too long, time = 302£¨thereinto position cost0£¬eye shot cost302£©
[08-14 01:38:30]!!!garner(1) expend = 302 ms, WeatherRun = 0, CharacterRun = 302, StateRun = 0, ActiveMgrUnitNum = 248
[08-14 01:38:30]	"Cha-Abel+1006" Check = 0, ActCache = 0, Resume = 0, Player = 0, AI = 0, Area = 0, Die = 0, Mission = 0, Team = 0, SkillState = 0, Move = 0, Fight = 0, DB = 0, Ping = 0
[08-14 01:38:33]!!!garner(1) expend = 226 ms, WeatherRun = 0, CharacterRun = 226, StateRun = 0, ActiveMgrUnitNum = 252
[08-14 01:38:33]	"Cha-Little Squirt+1342188185" Check = 0, ActCache = 0, Resume = 0, Player = 0, AI = 226, Area = 0, Die = 0, Mission = 0, Team = 0, SkillState = 0, Move = 0, Fight = 0, DB = 0, Ping = 0
[08-14 01:38:39]		character[Cha-Abel+1006] eyeshot move spend overabundance time time = 56£¨thereinto state spend 3545925000£¬explore spend 1064625084£¬eyeshot spend 2391437790£¬area spend 1064301284£©
[08-14 01:38:43]		character[Cha-Abel+1006] eyeshot move spend overabundance time time = 224£¨thereinto state spend 810889825£¬explore spend 1064544554£¬eyeshot spend 3930754069£¬area spend 1064383492£©
[08-14 01:38:43]		roll[Cha-Abel+1006]move cost time too long, time = 224£¨thereinto position cost0£¬eye shot cost224£©
[08-14 01:38:43]!!!garner(1) expend = 224 ms, WeatherRun = 0, CharacterRun = 224, StateRun = 0, ActiveMgrUnitNum = 268
[08-14 01:38:43]	"Cha-Abel+1006" Check = 0, ActCache = 0, Resume = 0, Player = 0, AI = 0, Area = 0, Die = 0, Mission = 0, Team = 0, SkillState = 0, Move = 224, Fight = 0, DB = 0, Ping = 0
[08-14 01:39:13]...garner(1)expend = 0 ms, WeatherRun = 0, CharacterRun = 0, StateRun = 0, ActiveMgrUnitNum = 274
[08-14 01:39:43]...garner(1)expend = 0 ms, WeatherRun = 0, CharacterRun = 0, StateRun = 0, ActiveMgrUnitNum = 269
[08-14 01:40:03]		character[Cha-Treasure+1] eyeshot move spend overabundance time time = 254£¨thereinto state spend 1793578343£¬explore spend 1065874987£¬eyeshot spend 2370821947£¬area spend 1065512599£©
[08-14 01:40:03]		roll[Cha-Treasure+1]move cost time too long, time = 254£¨thereinto position cost0£¬eye shot cost254£©
[08-14 01:40:06]		character[Cha-Treasure+1] eyeshot move spend overabundance time time = 78£¨thereinto state spend 3937626017£¬explore spend 1064678771£¬eyeshot spend 2391437790£¬area spend 1064301284£©
[08-14 01:40:06]		roll[Cha-Treasure+1]move cost time too long, time = 78£¨thereinto position cost0£¬eye shot cost78£©
[08-14 01:40:10]		character[Cha-Treasure+1] eyeshot move spend overabundance time time = 178£¨thereinto state spend 3167967878£¬explore spend 1065161955£¬eyeshot spend 817761773£¬area spend 1064839833£©
[08-14 01:40:10]		roll[Cha-Treasure+1]move cost time too long, time = 178£¨thereinto position cost0£¬eye shot cost178£©
[08-14 01:40:10]!!!garner(1) expend = 180 ms, WeatherRun = 0, CharacterRun = 180, StateRun = 0, ActiveMgrUnitNum = 283
[08-14 01:40:10]	"Cha-Treasure+1" Check = 0, ActCache = 0, Resume = 0, Player = 0, AI = 0, Area = 0, Die = 0, Mission = 0, Team = 0, SkillState = 0, Move = 178, Fight = 0, DB = 0, Ping = 0
[08-14 01:40:14]		character[Cha-Abel+1006] eyeshot move spend overabundance time time = 105£¨thereinto state spend 817761773£¬explore spend 1064839833£¬eyeshot spend 34359738£¬area spend 1064732459£©
[08-14 01:40:14]		roll[Cha-Abel+1006]move cost time too long, time = 105£¨thereinto position cost0£¬eye shot cost105£©
[08-14 01:40:14]!!!garner(1) expend = 105 ms, WeatherRun = 0, CharacterRun = 105, StateRun = 0, ActiveMgrUnitNum = 283
[08-14 01:40:14]	"Cha-Abel+1006" Check = 0, ActCache = 0, Resume = 0, Player = 0, AI = 0, Area = 0, Die = 0, Mission = 0, Team = 0, SkillState = 0, Move = 105, Fight = 0, DB = 0, Ping = 0
[08-14 01:40:23]		character[Cha-Abel+1006] eyeshot move spend overabundance time time = 85£¨thereinto state spend 426060756£¬explore spend 1064786146£¬eyeshot spend 3930754069£¬area spend 1064383492£©
[08-14 01:40:23]		roll[Cha-Abel+1006]move cost time too long, time = 85£¨thereinto position cost0£¬eye shot cost85£©
[08-14 01:40:23]!!!garner(1) expend = 86 ms, WeatherRun = 0, CharacterRun = 86, StateRun = 0, ActiveMgrUnitNum = 286
[08-14 01:40:23]	"Cha-Abel+1006" Check = 0, ActCache = 0, Resume = 0, Player = 0, AI = 0, Area = 0, Die = 0, Mission = 0, Team = 0, SkillState = 0, Move = 85, Fight = 0, DB = 0, Ping = 0
[08-14 01:40:39]		character[Cha-Abel+1006] eyeshot move spend overabundance time time = 75£¨thereinto state spend 3545925000£¬explore spend 1064625084£¬eyeshot spend 1999736773£¬area spend 1064247597£©
[08-14 01:40:39]		roll[Cha-Abel+1006]move cost time too long, time = 75£¨thereinto position cost0£¬eye shot cost75£©
[08-14 01:40:53]...garner(1)expend = 1 ms, WeatherRun = 0, CharacterRun = 1, StateRun = 0, ActiveMgrUnitNum = 292
[08-14 01:41:08]		character[Cha-Treasure+1] eyeshot move spend overabundance time time = 69£¨thereinto state spend 419188808£¬explore spend 1064490867£¬eyeshot spend 1608035756£¬area spend 1064193910£©
[08-14 01:41:08]		roll[Cha-Treasure+1]move cost time too long, time = 69£¨thereinto position cost0£¬eye shot cost69£©
[08-14 01:41:08]!!!garner(1) expend = 70 ms, WeatherRun = 0, CharacterRun = 69, StateRun = 0, ActiveMgrUnitNum = 297
[08-14 01:41:08]	"Cha-Treasure+1" Check = 0, ActCache = 0, Resume = 0, Player = 0, AI = 0, Area = 0, Die = 0, Mission = 0, Team = 0, SkillState = 0, Move = 0, Fight = 0, DB = 0, Ping = 0
[08-14 01:41:14]		character[Cha-Abel+1006] eyeshot move spend overabundance time time = 321£¨thereinto state spend 810889825£¬explore spend 1064544554£¬eyeshot spend 27487791£¬area spend 1064437180£©
[08-14 01:41:14]		roll[Cha-Abel+1006]move cost time too long, time = 321£¨thereinto position cost0£¬eye shot cost321£©
[08-14 01:41:14]		character[Cha-Abel+1006] eyeshot move spend overabundance time time = 166£¨thereinto state spend 1401877325£¬explore spend 1065821300£¬eyeshot spend 824633721£¬area spend 1065135112£©
[08-14 01:41:14]		roll[Cha-Abel+1006]move cost time too long, time = 166£¨thereinto position cost0£¬eye shot cost166£©
[08-14 01:41:14]!!!garner(1) expend = 173 ms, WeatherRun = 0, CharacterRun = 173, StateRun = 0, ActiveMgrUnitNum = 297
[08-14 01:41:14]	"Cha-Abel+1006" Check = 0, ActCache = 0, Resume = 0, Player = 0, AI = 0, Area = 0, Die = 0, Mission = 0, Team = 0, SkillState = 0, Move = 0, Fight = 0, DB = 0, Ping = 0
[08-14 01:41:44]...garner(1)expend = 0 ms, WeatherRun = 0, CharacterRun = 0, StateRun = 0, ActiveMgrUnitNum = 290
[08-14 01:42:14]...garner(1)expend = 0 ms, WeatherRun = 0, CharacterRun = 0, StateRun = 0, ActiveMgrUnitNum = 294
[08-14 01:42:44]...garner(1)expend = 0 ms, WeatherRun = 0, CharacterRun = 0, StateRun = 0, ActiveMgrUnitNum = 303
[08-14 01:42:55]		character[Cha-Treasure+1] eyeshot move spend overabundance time time = 51£¨thereinto state spend 824633721£¬explore spend 1066183688£¬eyeshot spend 3937626017£¬area spend 1065727347£©
[08-14 01:43:14]...garner(1)expend = 0 ms, WeatherRun = 0, CharacterRun = 0, StateRun = 0, ActiveMgrUnitNum = 319
[08-14 01:43:44]...garner(1)expend = 0 ms, WeatherRun = 0, CharacterRun = 0, StateRun = 0, ActiveMgrUnitNum = 321
[08-14 01:44:14]...garner(1)expend = 0 ms, WeatherRun = 0, CharacterRun = 0, StateRun = 0, ActiveMgrUnitNum = 325
[08-14 01:44:23]!!!garner(1) expend = 151 ms, WeatherRun = 0, CharacterRun = 151, StateRun = 0, ActiveMgrUnitNum = 320
[08-14 01:44:23]	"Cha-Trader - Chiroro+1342187727" Check = 0, ActCache = 0, Resume = 0, Player = 0, AI = 0, Area = 0, Die = 0, Mission = 151, Team = 0, SkillState = 0, Move = 0, Fight = 0, DB = 0, Ping = 0
[08-14 01:44:27]!!!garner(1) expend = 63 ms, WeatherRun = 0, CharacterRun = 63, StateRun = 0, ActiveMgrUnitNum = 326
[08-14 01:44:27]	"Cha-Trader - Sanjay+1342187750" Check = 0, ActCache = 0, Resume = 63, Player = 0, AI = 0, Area = 0, Die = 0, Mission = 0, Team = 0, SkillState = 0, Move = 0, Fight = 0, DB = 0, Ping = 0
[08-14 01:44:57]...garner(1)expend = 0 ms, WeatherRun = 0, CharacterRun = 0, StateRun = 0, ActiveMgrUnitNum = 332
[08-14 01:45:11]!!!garner(1) expend = 63 ms, WeatherRun = 0, CharacterRun = 63, StateRun = 0, ActiveMgrUnitNum = 339
[08-14 01:45:11]	"Cha-Pine Tree+1342188065" Check = 0, ActCache = 0, Resume = 0, Player = 0, AI = 62, Area = 0, Die = 0, Mission = 0, Team = 0, SkillState = 0, Move = 0, Fight = 0, DB = 0, Ping = 0
[08-14 01:45:17]!!!garner(1) expend = 529 ms, WeatherRun = 0, CharacterRun = 529, StateRun = 0, ActiveMgrUnitNum = 339
[08-14 01:45:17]	"Cha-Nurse - Lydia+1342187883" Check = 0, ActCache = 0, Resume = 529, Player = 0, AI = 0, Area = 0, Die = 0, Mission = 0, Team = 0, SkillState = 0, Move = 0, Fight = 0, DB = 0, Ping = 0
[08-14 01:45:17]!!!garner(1) expend = 365 ms, WeatherRun = 0, CharacterRun = 365, StateRun = 0, ActiveMgrUnitNum = 343
[08-14 01:45:17]	"Cha-Pine Tree+1342188064" Check = 0, ActCache = 0, Resume = 362, Player = 0, AI = 0, Area = 0, Die = 0, Mission = 0, Team = 0, SkillState = 0, Move = 0, Fight = 0, DB = 0, Ping = 0
[08-14 01:45:47]...garner(1)expend = 0 ms, WeatherRun = 0, CharacterRun = 0, StateRun = 0, ActiveMgrUnitNum = 342
[08-14 01:46:17]...garner(1)expend = 0 ms, WeatherRun = 0, CharacterRun = 0, StateRun = 0, ActiveMgrUnitNum = 342
[08-14 01:46:47]...garner(1)expend = 0 ms, WeatherRun = 0, CharacterRun = 0, StateRun = 0, ActiveMgrUnitNum = 350
[08-14 01:47:17]...garner(1)expend = 0 ms, WeatherRun = 0, CharacterRun = 0, StateRun = 0, ActiveMgrUnitNum = 361
[08-14 01:47:47]...garner(1)expend = 0 ms, WeatherRun = 0, CharacterRun = 0, StateRun = 0, ActiveMgrUnitNum = 384
[08-14 01:48:17]...garner(1)expend = 1 ms, WeatherRun = 0, CharacterRun = 0, StateRun = 0, ActiveMgrUnitNum = 373
[08-14 01:48:47]...garner(1)expend = 1 ms, WeatherRun = 0, CharacterRun = 1, StateRun = 0, ActiveMgrUnitNum = 374
[08-14 01:49:17]...garner(1)expend = 0 ms, WeatherRun = 0, CharacterRun = 0, StateRun = 0, ActiveMgrUnitNum = 375
[08-14 01:49:47]...garner(1)expend = 0 ms, WeatherRun = 0, CharacterRun = 0, StateRun = 0, ActiveMgrUnitNum = 379
[08-14 01:50:13]		character[Cha-Treasure+1] eyeshot move spend overabundance time time = 349£¨thereinto state spend 3161095930£¬explore spend 1064866676£¬eyeshot spend 2370821947£¬area spend 1064464023£©
[08-14 01:50:13]		roll[Cha-Treasure+1]move cost time too long, time = 349£¨thereinto position cost0£¬eye shot cost349£©
[08-14 01:50:13]!!!garner(1) expend = 349 ms, WeatherRun = 0, CharacterRun = 349, StateRun = 0, ActiveMgrUnitNum = 389
[08-14 01:50:13]	"Cha-Treasure+1" Check = 0, ActCache = 0, Resume = 0, Player = 0, AI = 0, Area = 0, Die = 0, Mission = 0, Team = 0, SkillState = 0, Move = 0, Fight = 0, DB = 0, Ping = 0
[08-14 01:50:15]		character[Cha-Treasure+1] eyeshot move spend overabundance time time = 905£¨thereinto state spend 817761773£¬explore spend 1064839833£¬eyeshot spend 1216334738£¬area spend 1064140223£©
[08-14 01:50:15]		roll[Cha-Treasure+1]move cost time too long, time = 905£¨thereinto position cost0£¬eye shot cost905£©
[08-14 01:50:15]!!!garner(1) expend = 905 ms, WeatherRun = 0, CharacterRun = 905, StateRun = 0, ActiveMgrUnitNum = 385
[08-14 01:50:15]	"Cha-Treasure+1" Check = 0, ActCache = 0, Resume = 0, Player = 0, AI = 0, Area = 0, Die = 0, Mission = 0, Team = 0, SkillState = 0, Move = 905, Fight = 0, DB = 0, Ping = 0
[08-14 01:50:44]...garner(1)expend = 0 ms, WeatherRun = 0, CharacterRun = 0, StateRun = 0, ActiveMgrUnitNum = 389
[08-14 01:51:14]...garner(1)expend = 0 ms, WeatherRun = 0, CharacterRun = 0, StateRun = 0, ActiveMgrUnitNum = 387
[08-14 01:51:44]...garner(1)expend = 0 ms, WeatherRun = 0, CharacterRun = 0, StateRun = 0, ActiveMgrUnitNum = 392
[08-14 01:52:14]...garner(1)expend = 0 ms, WeatherRun = 0, CharacterRun = 0, StateRun = 0, ActiveMgrUnitNum = 393
[08-14 01:52:44]...garner(1)expend = 0 ms, WeatherRun = 0, CharacterRun = 0, StateRun = 0, ActiveMgrUnitNum = 397
[08-14 01:53:14]...garner(1)expend = 0 ms, WeatherRun = 0, CharacterRun = 0, StateRun = 0, ActiveMgrUnitNum = 399
[08-14 01:53:44]...garner(1)expend = 0 ms, WeatherRun = 0, CharacterRun = 0, StateRun = 0, ActiveMgrUnitNum = 410
[08-14 01:54:14]...garner(1)expend = 0 ms, WeatherRun = 0, CharacterRun = 0, StateRun = 0, ActiveMgrUnitNum = 412
[08-14 01:54:35]!!!garner(1) expend = 479 ms, WeatherRun = 0, CharacterRun = 479, StateRun = 0, ActiveMgrUnitNum = 436
[08-14 01:54:35]	"Cha-Abel+1006" Check = 0, ActCache = 0, Resume = 0, Player = 0, AI = 0, Area = 0, Die = 0, Mission = 0, Team = 0, SkillState = 0, Move = 0, Fight = 0, DB = 479, Ping = 0
[08-14 01:54:37]		character[Cha-Abel+1006] eyeshot move spend overabundance time time = 87£¨thereinto state spend 1608035756£¬explore spend 1064193910£¬eyeshot spend 3154223982£¬area spend 1064571397£©
[08-14 01:54:37]		roll[Cha-Abel+1006]move cost time too long, time = 87£¨thereinto position cost0£¬eye shot cost87£©
[08-14 01:54:37]!!!garner(1) expend = 87 ms, WeatherRun = 0, CharacterRun = 87, StateRun = 0, ActiveMgrUnitNum = 440
[08-14 01:54:37]	"Cha-Abel+1006" Check = 0, ActCache = 0, Resume = 0, Player = 0, AI = 0, Area = 0, Die = 0, Mission = 0, Team = 0, SkillState = 0, Move = 87, Fight = 0, DB = 0, Ping = 0
[08-14 01:55:07]...garner(1)expend = 0 ms, WeatherRun = 0, CharacterRun = 0, StateRun = 0, ActiveMgrUnitNum = 445
[08-14 01:55:42]...garner(1)expend = 1 ms, WeatherRun = 0, CharacterRun = 1, StateRun = 0, ActiveMgrUnitNum = 445
[08-14 01:55:47]		character[Cha-Treasure+1] eyeshot move spend overabundance time time = 933£¨thereinto state spend 824633721£¬explore spend 1066183688£¬eyeshot spend 2178407413£¬area spend 1065633395£©
[08-14 01:55:47]		roll[Cha-Treasure+1]move cost time too long, time = 933£¨thereinto position cost0£¬eye shot cost933£©
[08-14 01:55:47]!!!garner(1) expend = 934 ms, WeatherRun = 0, CharacterRun = 934, StateRun = 0, ActiveMgrUnitNum = 445
[08-14 01:55:47]	"Cha-Treasure+1" Check = 0, ActCache = 0, Resume = 0, Player = 0, AI = 0, Area = 0, Die = 0, Mission = 0, Team = 0, SkillState = 0, Move = 934, Fight = 0, DB = 0, Ping = 0
[08-14 01:55:55]		character[Cha-Abel+1006] eyeshot move spend overabundance time time = 110£¨thereinto state spend 3937626017£¬explore spend 1064678771£¬eyeshot spend 1999736773£¬area spend 1064247597£©
[08-14 01:55:55]		roll[Cha-Abel+1006]move cost time too long, time = 110£¨thereinto position cost0£¬eye shot cost110£©
[08-14 01:55:55]!!!garner(1) expend = 110 ms, WeatherRun = 0, CharacterRun = 110, StateRun = 0, ActiveMgrUnitNum = 448
[08-14 01:55:55]	"Cha-Abel+1006" Check = 0, ActCache = 0, Resume = 0, Player = 0, AI = 0, Area = 0, Die = 0, Mission = 0, Team = 0, SkillState = 0, Move = 110, Fight = 0, DB = 0, Ping = 0
[08-14 01:56:25]...garner(1)expend = 0 ms, WeatherRun = 0, CharacterRun = 0, StateRun = 0, ActiveMgrUnitNum = 432
[08-14 01:56:55]...garner(1)expend = 0 ms, WeatherRun = 0, CharacterRun = 0, StateRun = 0, ActiveMgrUnitNum = 437
[08-14 01:57:23]		character[Cha-Abel+1006] eyeshot move spend overabundance time time = 1789£¨thereinto state spend 27487791£¬explore spend 1064437180£¬eyeshot spend 1587419913£¬area spend 1064356649£©
[08-14 01:57:23]		roll[Cha-Abel+1006]move cost time too long, time = 1790£¨thereinto position cost0£¬eye shot cost1790£©
[08-14 01:57:23]!!!garner(1) expend = 1790 ms, WeatherRun = 0, CharacterRun = 1790, StateRun = 0, ActiveMgrUnitNum = 444
[08-14 01:57:23]	"Cha-Abel+1006" Check = 0, ActCache = 0, Resume = 0, Player = 0, AI = 0, Area = 0, Die = 0, Mission = 0, Team = 0, SkillState = 0, Move = 1790, Fight = 0, DB = 0, Ping = 0
[08-14 01:57:51]...garner(1)expend = 0 ms, WeatherRun = 0, CharacterRun = 0, StateRun = 0, ActiveMgrUnitNum = 435
[08-14 01:58:22]...garner(1)expend = 0 ms, WeatherRun = 0, CharacterRun = 0, StateRun = 0, ActiveMgrUnitNum = 437
[08-14 01:58:52]...garner(1)expend = 0 ms, WeatherRun = 0, CharacterRun = 0, StateRun = 0, ActiveMgrUnitNum = 441
[08-14 01:59:22]...garner(1)expend = 0 ms, WeatherRun = 0, CharacterRun = 0, StateRun = 0, ActiveMgrUnitNum = 469
[08-14 01:59:52]...garner(1)expend = 0 ms, WeatherRun = 0, CharacterRun = 0, StateRun = 0, ActiveMgrUnitNum = 476
[08-14 02:00:22]...garner(1)expend = 0 ms, WeatherRun = 0, CharacterRun = 0, StateRun = 0, ActiveMgrUnitNum = 479
[08-14 02:00:52]...garner(1)expend = 0 ms, WeatherRun = 0, CharacterRun = 0, StateRun = 0, ActiveMgrUnitNum = 479
[08-14 02:01:22]...garner(1)expend = 0 ms, WeatherRun = 0, CharacterRun = 0, StateRun = 0, ActiveMgrUnitNum = 485
[08-14 02:01:52]...garner(1)expend = 0 ms, WeatherRun = 0, CharacterRun = 0, StateRun = 0, ActiveMgrUnitNum = 488
[08-14 02:02:22]...garner(1)expend = 0 ms, WeatherRun = 0, CharacterRun = 0, StateRun = 0, ActiveMgrUnitNum = 489
[08-14 02:02:29]		character[Cha-Treasure+1] eyeshot move spend overabundance time time = 96£¨thereinto state spend 3545925000£¬explore spend 1064625084£¬eyeshot spend 27487791£¬area spend 1064437180£©
[08-14 02:02:29]		roll[Cha-Treasure+1]move cost time too long, time = 96£¨thereinto position cost0£¬eye shot cost96£©
[08-14 02:02:29]!!!garner(1) expend = 96 ms, WeatherRun = 0, CharacterRun = 96, StateRun = 0, ActiveMgrUnitNum = 489
[08-14 02:02:29]	"Cha-Treasure+1" Check = 0, ActCache = 0, Resume = 0, Player = 0, AI = 0, Area = 0, Die = 0, Mission = 0, Team = 0, SkillState = 0, Move = 96, Fight = 0, DB = 0, Ping = 0
[08-14 02:02:42]		character[Cha-Treasure+1] eyeshot move spend overabundance time time = 110£¨thereinto state spend 3545925000£¬explore spend 1064625084£¬eyeshot spend 419188808£¬area spend 1064490867£©
[08-14 02:02:42]		roll[Cha-Treasure+1]move cost time too long, time = 110£¨thereinto position cost0£¬eye shot cost110£©
[08-14 02:02:42]!!!garner(1) expend = 110 ms, WeatherRun = 0, CharacterRun = 110, StateRun = 0, ActiveMgrUnitNum = 491
[08-14 02:02:42]	"Cha-Treasure+1" Check = 0, ActCache = 0, Resume = 0, Player = 0, AI = 0, Area = 0, Die = 0, Mission = 0, Team = 0, SkillState = 0, Move = 110, Fight = 0, DB = 0, Ping = 0
[08-14 02:02:42]		character[Cha-Abel+1006] eyeshot move spend overabundance time time = 54£¨thereinto state spend 1985992878£¬explore spend 1063657039£¬eyeshot spend 41231686£¬area spend 1063979162£©
[08-14 02:03:12]...garner(1)expend = 0 ms, WeatherRun = 0, CharacterRun = 0, StateRun = 0, ActiveMgrUnitNum = 499
[08-14 02:03:42]...garner(1)expend = 0 ms, WeatherRun = 0, CharacterRun = 0, StateRun = 0, ActiveMgrUnitNum = 507
[08-14 02:04:12]...garner(1)expend = 0 ms, WeatherRun = 0, CharacterRun = 0, StateRun = 0, ActiveMgrUnitNum = 490
[08-14 02:04:42]...garner(1)expend = 0 ms, WeatherRun = 0, CharacterRun = 0, StateRun = 0, ActiveMgrUnitNum = 492
[08-14 02:05:12]...garner(1)expend = 0 ms, WeatherRun = 0, CharacterRun = 0, StateRun = 0, ActiveMgrUnitNum = 498
[08-14 02:05:42]...garner(1)expend = 0 ms, WeatherRun = 0, CharacterRun = 0, StateRun = 0, ActiveMgrUnitNum = 491
[08-14 02:06:12]...garner(1)expend = 0 ms, WeatherRun = 0, CharacterRun = 0, StateRun = 0, ActiveMgrUnitNum = 500
[08-14 02:06:42]...garner(1)expend = 0 ms, WeatherRun = 0, CharacterRun = 0, StateRun = 0, ActiveMgrUnitNum = 501
[08-14 02:07:12]...garner(1)expend = 0 ms, WeatherRun = 0, CharacterRun = 0, StateRun = 0, ActiveMgrUnitNum = 504
[08-14 02:07:42]...garner(1)expend = 0 ms, WeatherRun = 0, CharacterRun = 0, StateRun = 0, ActiveMgrUnitNum = 509
[08-14 02:08:12]...garner(1)expend = 0 ms, WeatherRun = 0, CharacterRun = 0, StateRun = 0, ActiveMgrUnitNum = 521
[08-14 02:08:42]...garner(1)expend = 0 ms, WeatherRun = 0, CharacterRun = 0, StateRun = 0, ActiveMgrUnitNum = 479
