[08-14 01:34:23]Set quest [1]: [203]: [Secretary Message] 
[08-14 01:34:23]Set quest [2]: [204]: [Secretary Message] 
[08-14 01:34:23]Set quest [3]: [205]: [Secretary Message] 
[08-14 01:34:23]Set quest [4]: [206]: [A Small Task] 
[08-14 01:34:23]Set quest [5]: [221]: [Ditto's Report] 
[08-14 01:34:23]Set quest [6]: [222]: [A New Task] 
[08-14 01:34:23]Set quest [7]: [1002]: [A Swordsman's Life] 
[08-14 01:34:23]Set quest [8]: [1057]: [A Hunter's Life] 
[08-14 01:34:23]Set quest [9]: [1112]: [Doctor Class Quest] 
[08-14 01:34:23]Set quest [10]: [1166]: [An Explorer's Life] 
[08-14 01:34:23]Set quest [11]: [55]: [Letter for Salvier] 
[08-14 01:34:23]Set quest [12]: [56]: [Shroom Population] 
[08-14 01:34:23]Set quest [13]: [57]: [Letter for Goldie] 
[08-14 01:34:23]Set quest [14]: [1220]: [Commerce Quest] 
[08-14 01:34:23]Set quest [15]: [319]: [Nameless One] 
[08-14 01:34:23]Set quest [16]: [325]: [Lone Warrior] 
[08-14 01:34:23]Set quest [17]: [326]: [Powerful Backing] 
[08-14 01:34:23]Set quest [18]: [5037]: [Dust of the Century] 
[08-14 01:34:23]Set quest [1]: [703]: [Blacksmith's Greetings] 
[08-14 01:34:23]Set quest [2]: [1044]: [A Swordsman's Life] 
[08-14 01:34:23]Set quest [3]: [1096]: [A Hunter's Life] 
[08-14 01:34:23]Set quest [4]: [1155]: [Doctor Class Quest] 
[08-14 01:34:23]Set quest [5]: [1207]: [An Explorer's Life] 
[08-14 01:34:23]Set quest [6]: [58]: [Letter for Goldie] 
[08-14 01:34:23]Set quest [7]: [59]: [Conservation Activity] 
[08-14 01:34:23]Set quest [8]: [60]: [Letter for Senna] 
[08-14 01:34:23]Set quest [9]: [1221]: [Commerce Quest] 
[08-14 01:34:23]Set quest [1]: [100]: [A Swordsman's Life] 
[08-14 01:34:23]Set quest [2]: [204]: [Secretary Message] 
[08-14 01:34:23]Set quest [3]: [279]: [Behemoth's Escape] 
[08-14 01:34:23]Set quest [4]: [281]: [Scary Monsters] 
[08-14 01:34:23]Set quest [5]: [749]: [Code of the Crusader] 
[08-14 01:34:23]Set quest [6]: [750]: [Champion's Valor] 
[08-14 01:34:23]Set quest [7]: [66]: [Swordsman Promotion] 
[08-14 01:34:23]Set quest [8]: [68]: [Swordsman Promotion] 
[08-14 01:34:23]Set quest [9]: [72]: [Swordsman Promotion] 
[08-14 01:34:23]Set quest [10]: [1222]: [Commerce Quest] 
[08-14 01:34:23]Set quest [11]: [5056]: [Sang Di's guidance] 
[08-14 01:34:23]Set quest [12]: [5060]: [Peter's suggestion] 
[08-14 01:34:23]Set quest [13]: [5068]: [Story of the Enlightened One] 
[08-14 01:34:23]Set quest [14]: [5167]: [Who is the Enlightened One] 
[08-14 01:34:23]Set quest [15]: [5089]: [Top Disciple] 
[08-14 01:34:23]Set quest [16]: [5093]: [Initial Disciple] 
[08-14 01:34:23]Set quest [17]: [5094]: [Lv2 Disciple] 
[08-14 01:34:23]Set quest [18]: [5095]: [3rd Grade Disciple] 
[08-14 01:34:23]Set quest [19]: [5096]: [Advance Disciple] 
[08-14 01:34:23]Set quest [20]: [5109]: [Qualified Disciple] 
[08-14 01:34:23]Set quest [21]: [6078]: [Report situation] 
[08-14 01:34:23]Set quest [22]: [6079]: [Gather feathers] 
[08-14 01:34:23]Set quest [23]: [6080]: [Help other people] 
[08-14 01:34:23]Set quest [24]: [6097]: [Spy for army information] 
[08-14 01:34:23]Set quest [25]: [6100]: [Spy for army information] 
[08-14 01:34:23]Set quest [26]: [6101]: [Peter's Revenge] 
[08-14 01:34:23]Set quest [1]: [1023]: [A Swordsman's Life] 
[08-14 01:34:23]Set quest [2]: [1080]: [A Hunter's Life] 
[08-14 01:34:23]Set quest [3]: [1135]: [Doctor Class Quest] 
[08-14 01:34:23]Set quest [4]: [1186]: [An Explorer's Life] 
[08-14 01:34:23]Set quest [5]: [1223]: [Commerce Quest] 
[08-14 01:34:23]Set quest [1]: [282]: [Scary Monsters] 
[08-14 01:34:23]Set quest [2]: [283]: [Granny's Pastries] 
[08-14 01:34:23]Set quest [3]: [1026]: [A Swordsman's Life] 
[08-14 01:34:23]Set quest [4]: [1084]: [A Hunter's Life] 
[08-14 01:34:23]Set quest [5]: [1137]: [Doctor Class Quest] 
[08-14 01:34:23]Set quest [6]: [1189]: [An Explorer's Life] 
[08-14 01:34:23]Set quest [7]: [1224]: [Commerce Quest] 
[08-14 01:34:23]Set quest [8]: [373]: [Beldi] 
[08-14 01:34:23]Set quest [9]: [374]: [Hometown] 
[08-14 01:34:23]Set quest [10]: [388]: [Language Barrier] 
[08-14 01:34:23]Set quest [11]: [906]: [Pirate King Anniversary] 
[08-14 01:34:23]Set quest [12]: [5631]: [PKO Ambassador 4] 
[08-14 01:34:23]Set quest [13]: [5632]: [PKO Ambassador 5] 
[08-14 01:34:23]Set quest [1]: [1045]: [A Swordsman's Life] 
[08-14 01:34:23]Set quest [2]: [1099]: [A Hunter's Life] 
[08-14 01:34:23]Set quest [3]: [1157]: [Doctor Class Quest] 
[08-14 01:34:23]Set quest [4]: [758]: [Journey of the Voyager] 
[08-14 01:34:23]Set quest [5]: [103]: [An Explorer's Life] 
[08-14 01:34:23]Set quest [6]: [191]: [Explorer Promotion] 
[08-14 01:34:23]Set quest [7]: [193]: [Explorer Promotion] 
[08-14 01:34:23]Set quest [8]: [197]: [Explorer Promotion] 
[08-14 01:34:23]Set quest [9]: [1225]: [Commerce Quest] 
[08-14 01:34:23]Set quest [10]: [503]: [Skeleton of Sorrow Warrior] 
[08-14 01:34:23]Set quest [11]: [330]: [Secret of the Will] 
[08-14 01:34:23]Set quest [12]: [331]: [Jack Introduction] 
[08-14 01:34:23]Set quest [13]: [332]: [Rumour of the Bar] 
[08-14 01:34:23]Set quest [14]: [335]: [Love Entanglement] 
[08-14 01:34:23]Set quest [15]: [359]: [Exploration Spirit] 
[08-14 01:34:23]Set quest [16]: [360]: [Exploration Spirit] 
[08-14 01:34:23]Set quest [17]: [361]: [Exploration Spirit] 
[08-14 01:34:23]Set quest [18]: [362]: [Exploration Test] 
[08-14 01:34:23]Set quest [19]: [363]: [Exploration Test] 
[08-14 01:34:23]Set quest [20]: [364]: [Exploration Test] 
[08-14 01:34:23]Set quest [21]: [365]: [Exploration Test] 
[08-14 01:34:23]Set quest [22]: [366]: [Exploration Test] 
[08-14 01:34:23]Set quest [23]: [367]: [Exploration Test] 
[08-14 01:34:23]Set quest [24]: [368]: [Exploration Test] 
[08-14 01:34:23]Set quest [25]: [369]: [Exploration Test] 
[08-14 01:34:23]Set quest [26]: [370]: [Exploration Test] 
[08-14 01:34:23]Set quest [27]: [371]: [Exploration Test] 
[08-14 01:34:23]Set quest [28]: [522]: [Heart of Mermaid] 
[08-14 01:34:23]Set quest [29]: [5058]: [Sang Di's guidance] 
[08-14 01:34:23]Set quest [30]: [5062]: [Daniel's Suggestion] 
[08-14 01:34:23]Set quest [1]: [443]: [World's Finest Merchant] 
[08-14 01:34:23]Set quest [2]: [445]: [Argent Trade Center] 
[08-14 01:34:23]Set quest [3]: [447]: [Sea Commerce] 
[08-14 01:34:23]Set quest [4]: [1020]: [A Swordsman's Life] 
[08-14 01:34:23]Set quest [5]: [1076]: [A Hunter's Life] 
[08-14 01:34:23]Set quest [6]: [1132]: [Doctor Class Quest] 
[08-14 01:34:23]Set quest [7]: [1183]: [An Explorer's Life] 
[08-14 01:34:23]Set quest [8]: [1226]: [Commerce Quest] 
[08-14 01:34:23]Set quest [1]: [707]: [Physician's Greetings] 
[08-14 01:34:23]Set quest [2]: [738]: [Decoction Recipe] 
[08-14 01:34:23]Set quest [3]: [214]: [Food Poisoning] 
[08-14 01:34:23]Set quest [4]: [215]: [Quest for Antidote] 
[08-14 01:34:23]Set quest [5]: [217]: [Tommy's Request] 
[08-14 01:34:23]Set quest [6]: [218]: [A Crazy Reason] 
[08-14 01:34:23]Set quest [7]: [219]: [Thorough Investigation] 
[08-14 01:34:23]Set quest [8]: [220]: [Ditto's Report] 
[08-14 01:34:23]Set quest [9]: [1046]: [A Swordsman's Life] 
[08-14 01:34:23]Set quest [10]: [1208]: [An Explorer's Life] 
[08-14 01:34:23]Set quest [11]: [73]: [Letter for Ditto] 
[08-14 01:34:23]Set quest [12]: [74]: [Decoction Recipe] 
[08-14 01:34:23]Set quest [13]: [75]: [Letter for Rouri] 
[08-14 01:34:23]Set quest [14]: [5027]: [Ingredient of Restoration Potion] 
[08-14 01:34:23]Set quest [15]: [5035]: [Whereabouts of Sunstone] 
[08-14 01:34:23]Set quest [16]: [5036]: [Eyedrop] 
[08-14 01:34:23]Set quest [1]: [1050]: [A Swordsman's Life] 
[08-14 01:34:23]Set quest [2]: [1212]: [An Explorer's Life] 
[08-14 01:34:23]Set quest [3]: [6091]: [Express delivery] 
[08-14 01:34:23]Set quest [4]: [6092]: [Express delivery] 
[08-14 01:34:23]Set quest [5]: [6768]: [Banker] 
[08-14 01:34:23]Set quest [6]: [6769]: [First deposit] 
[08-14 01:34:23]Set quest [7]: [6770]: [Mysterious Augur] 
[08-14 01:34:23]Set quest [1]: [1029]: [A Swordsman's Life] 
[08-14 01:34:23]Set quest [2]: [1192]: [An Explorer's Life] 
[08-14 01:34:23]Set quest [1]: [1009]: [A Swordsman's Life] 
[08-14 01:34:23]Set quest [2]: [1173]: [An Explorer's Life] 
[08-14 01:34:23]Set quest [1]: [1039]: [A Swordsman's Life] 
[08-14 01:34:23]Set quest [2]: [1202]: [An Explorer's Life] 
[08-14 01:34:23]Set quest [3]: [80]: [Lost Items] 
[08-14 01:34:23]Set quest [4]: [81]: [Letter for Senna] 
[08-14 01:34:23]Set quest [5]: [79]: [Letter for Coddy] 
[08-14 01:34:23]Set quest [6]: [5510]: [Challenge Genesis] 
[08-14 01:34:23]Set quest [7]: [6061]: [Visit the guardian of Argent] 
[08-14 01:34:23]Set quest [8]: [6062]: [Game of Madness] 
[08-14 01:34:23]Set quest [9]: [6063]: [Game of Madness] 
[08-14 01:34:23]Set quest [10]: [6064]: [Game of Madness] 
[08-14 01:34:23]Set quest [11]: [6065]: [Game of Madness] 
[08-14 01:34:23]Set quest [12]: [6066]: [Game of Madness] 
[08-14 01:34:23]Set quest [13]: [6067]: [Game of Madness] 
[08-14 01:34:23]Set quest [14]: [6068]: [Game of Madness] 
[08-14 01:34:23]Set quest [1]: [207]: [A Small Task] 
[08-14 01:34:23]Set quest [2]: [208]: [Food for the Navy] 
[08-14 01:34:23]Set quest [3]: [209]: [Missing Tommy] 
[08-14 01:34:23]Set quest [4]: [212]: [Report to General] 
[08-14 01:34:23]Set quest [5]: [213]: [Food Poisoning] 
[08-14 01:34:23]Set quest [6]: [216]: [Tommy's Request] 
[08-14 01:34:23]Set quest [7]: [274]: [Chairman's Dark Secret] 
[08-14 01:34:23]Set quest [8]: [275]: [Mine Investigation] 
[08-14 01:34:23]Set quest [9]: [276]: [Secret of the Slip] 
[08-14 01:34:23]Set quest [10]: [1016]: [A Swordsman's Life] 
[08-14 01:34:23]Set quest [11]: [1179]: [An Explorer's Life] 
[08-14 01:34:23]Set quest [12]: [69]: [Swordsman Promotion] 
[08-14 01:34:23]Set quest [13]: [70]: [Swordsman Promotion] 
[08-14 01:34:23]Set quest [14]: [71]: [Swordsman Promotion] 
[08-14 01:34:23]Set quest [15]: [194]: [Explorer Promotion] 
[08-14 01:34:23]Set quest [16]: [195]: [Explorer Promotion] 
[08-14 01:34:23]Set quest [17]: [196]: [Explorer Promotion] 
[08-14 01:34:23]Set quest [18]: [318]: [Soul of Navy] 
[08-14 01:34:23]Set quest [19]: [323]: [Sever Relationship] 
[08-14 01:34:23]Set quest [20]: [324]: [I'm not a PIRATE!] 
[08-14 01:34:23]Set quest [21]: [5053]: [Enchanted Pouch] 
[08-14 01:34:23]Set quest [1]: [1048]: [A Swordsman's Life] 
[08-14 01:34:23]Set quest [2]: [1210]: [An Explorer's Life] 
[08-14 01:34:23]Set quest [3]: [920]: [Bloodied High Heels] 
[08-14 01:34:23]Set quest [4]: [921]: [Verify with the Patroller] 
[08-14 01:34:23]Set quest [1]: [1032]: [A Swordsman's Life] 
[08-14 01:34:23]Set quest [2]: [1195]: [An Explorer's Life] 
[08-14 01:34:23]Set quest [1]: [271]: [A Long Long Time Ago] 
[08-14 01:34:23]Set quest [2]: [277]: [Secret of the Slip] 
[08-14 01:34:23]Set quest [3]: [278]: [Behemoth's Escape] 
[08-14 01:34:23]Set quest [4]: [280]: [Ancient Bounty Token] 
[08-14 01:34:23]Set quest [5]: [286]: [Sea Haven] 
[08-14 01:34:23]Set quest [6]: [5076]: [Who is the Enlightened One] 
[08-14 01:34:23]Set quest [7]: [5077]: [Who is the Enlightened One] 
[08-14 01:34:23]Set quest [8]: [5078]: [Who is the Enlightened One] 
[08-14 01:34:23]Set quest [9]: [5079]: [Who is the Enlightened One] 
[08-14 01:34:23]Set quest [10]: [5088]: [Top Disciple] 
[08-14 01:34:23]Set quest [11]: [5110]: [Qualified Disciple] 
[08-14 01:34:23]Set quest [12]: [5112]: [Qualified Disciple] 
[08-14 01:34:23]Set quest [13]: [5114]: [Qualified Disciple] 
[08-14 01:34:23]Set quest [14]: [5116]: [Qualified Disciple] 
[08-14 01:34:23]Set quest [15]: [5147]: [The mystery has been solved] 
[08-14 01:34:23]Set quest [1]: [266]: [Wisdom of Argent] 
[08-14 01:34:23]Set quest [2]: [267]: [Blurry] 
[08-14 01:34:23]Set quest [3]: [270]: [A Long Long Time Ago] 
[08-14 01:34:23]Set quest [4]: [272]: [Wrong Question] 
[08-14 01:34:23]Set quest [5]: [273]: [Chairman's Dark Secret] 
[08-14 01:34:23]Set quest [6]: [337]: [Mystic Diary] 
[08-14 01:34:23]Set quest [7]: [338]: [Goddess's Follower] 
[08-14 01:34:23]Set quest [8]: [554]: [Tragedy] 
[08-14 01:34:23]Set quest [9]: [555]: [Tragedy] 
[08-14 01:34:23]Set quest [10]: [901]: [Pet Event] 
[08-14 01:34:23]Set quest [11]: [5557]: [PKO Ambassador 3] 
[08-14 01:34:23]Set quest [12]: [5558]: [PKO Ambassador 4] 
[08-14 01:34:23]Set quest [13]: [6094]: [opening scroll is good for you] 
[08-14 01:34:23]Set quest [14]: [6168]: [Walk in Warrior's Footsteps] 
[08-14 01:34:23]Set quest [15]: [6169]: [Walk in Warrior's Footsteps] 
[08-14 01:34:23]Set quest [16]: [6170]: [Warrior's Love Story] 
[08-14 01:34:23]Set quest [17]: [6173]: [Warrior's Love Story] 
[08-14 01:34:23]Set quest [18]: [6351]: [Dark Wave] 
[08-14 01:34:23]Set quest [1]: [6750]: [Search for Grocer] 
[08-14 01:34:23]Set quest [2]: [6751]: [Preparing for Adventure] 
[08-14 01:34:23]Set quest [3]: [6752]: [Leaving the city] 
[08-14 01:34:23]Set quest [1]: [6038]: [World Tour] 
[08-14 01:34:23]Set quest [2]: [6039]: [World Tour] 
[08-14 01:34:23]Set quest [3]: [6738]: [Search for Tailor] 
[08-14 01:34:23]Set quest [4]: [6739]: [Buying your first equipment] 
[08-14 01:34:23]Set quest [5]: [6749]: [Search for Grocer] 
[08-14 01:34:23]Set quest [6]: [6159]: [Irritated Richie] 
[08-14 01:34:23]Set quest [7]: [6160]: [Richie is not easy to be trifled with] 
[08-14 01:34:23]Set quest [1]: [76]: [Letter for Rouri] 
[08-14 01:34:23]Set quest [2]: [77]: [Mushroom Mushroom] 
[08-14 01:34:23]Set quest [3]: [78]: [Letter for Coddy] 
[08-14 01:34:23]Set quest [1]: [701]: [Welcome] 
[08-14 01:34:23]Set quest [2]: [702]: [Blacksmith's Greetings] 
[08-14 01:34:23]Set quest [3]: [704]: [Three Newbie Test] 
[08-14 01:34:23]Set quest [4]: [706]: [Physician's Greetings] 
[08-14 01:34:23]Set quest [5]: [708]: [Battle training] 
[08-14 01:34:23]Set quest [6]: [200]: [Secretary Message] 
[08-14 01:34:23]Set quest [7]: [50]: [Send a letter to Marcusa] 
[08-14 01:34:23]Set quest [8]: [51]: [Letter for Ditto] 
[08-14 01:34:23]Set quest [9]: [61]: [Letter for Senna] 
[08-14 01:34:23]Set quest [10]: [82]: [Letter for Senna] 
[08-14 01:34:23]Set quest [11]: [402]: [Late Arrival] 
[08-14 01:34:23]Set quest [12]: [404]: [Tundra Exploration] 
[08-14 01:34:23]Set quest [13]: [6758]: [Turning point] 
[08-14 01:34:23]Set quest [1]: [268]: [Blurry] 
[08-14 01:34:23]Set quest [2]: [269]: [Eight Treasures Wine] 
[08-14 01:34:23]Set quest [3]: [288]: [Eight Treasures Wine] 
[08-14 01:34:23]Set quest [4]: [502]: [Drunken Dreams] 
[08-14 01:34:23]Set quest [5]: [334]: [Love Entanglement] 
[08-14 01:34:23]Set quest [6]: [6081]: [Charm of the rose] 
[08-14 01:34:23]Set quest [1]: [6086]: [The Dream for Loric Dragon Set] 
[08-14 01:34:23]Set quest [2]: [6089]: [The Dream for Loric Dragon Set] 
[08-14 01:34:23]Set quest [3]: [6090]: [The Dream for Loric Dragon Set] 
[08-14 01:34:23]Set quest [1]: [500]: [Drunkyard Secrets] 
[08-14 01:34:23]Set quest [2]: [501]: [Another Cup Please!] 
[08-14 01:34:23]Set quest [3]: [358]: [Exploration Spirit] 
[08-14 01:34:23]Set quest [4]: [372]: [Beldi] 
[08-14 01:34:23]Set quest [5]: [6082]: [Charm of the rose] 
[08-14 01:34:23]Set quest [6]: [6302]: [Looking for Spark Seductions] 
[08-14 01:34:23]Set quest [7]: [6304]: [Go to Shaitan City and inquire about it] 
[08-14 01:34:23]Set quest [1]: [210]: [Missing Tommy] 
[08-14 01:34:23]Set quest [2]: [211]: [Report to General] 
[08-14 01:34:23]Set quest [3]: [1034]: [A Swordsman's Life] 
[08-14 01:34:23]Set quest [4]: [1197]: [An Explorer's Life] 
[08-14 01:34:23]Set quest [1]: [1054]: [A Swordsman's Life] 
[08-14 01:34:23]Set quest [2]: [1216]: [An Explorer's Life] 
[08-14 01:34:23]Set quest [1]: [566]: [Shuang's Debt] 
[08-14 01:34:23]Set quest [2]: [477]: [Commander's Complaint] 
[08-14 01:34:23]Set quest [3]: [478]: [Secret of the Commander] 
[08-14 01:34:23]Set quest [4]: [6087]: [The Dream for Loric Dragon Set] 
[08-14 01:34:23]Set quest [5]: [6088]: [The Dream for Loric Dragon Set] 
[08-14 01:34:23]Set quest [1]: [1022]: [A Swordsman's Life] 
[08-14 01:34:23]Set quest [2]: [1079]: [A Hunter's Life] 
[08-14 01:34:23]Set quest [3]: [1134]: [Doctor Class Quest] 
[08-14 01:34:23]Set quest [4]: [1185]: [An Explorer's Life] 
[08-14 01:34:23]Set quest [5]: [378]: [Ancient Brooch] 
[08-14 01:34:23]Set quest [1]: [1038]: [A Swordsman's Life] 
[08-14 01:34:23]Set quest [2]: [1092]: [A Hunter's Life] 
[08-14 01:34:23]Set quest [3]: [1150]: [Doctor Class Quest] 
[08-14 01:34:23]Set quest [4]: [1201]: [An Explorer's Life] 
[08-14 01:34:23]Set quest [5]: [5535]: [Challenge Genesis 13] 
[08-14 01:34:23]Set quest [1]: [1021]: [A Swordsman's Life] 
[08-14 01:34:23]Set quest [2]: [1077]: [A Hunter's Life] 
[08-14 01:34:23]Set quest [3]: [1133]: [Doctor Class Quest] 
[08-14 01:34:23]Set quest [4]: [1184]: [An Explorer's Life] 
[08-14 01:34:23]Set quest [5]: [5728]: [PKO Ambassador 20] 
[08-14 01:34:23]Set quest [6]: [5729]: [PKO Ambassador 21] 
[08-14 01:34:23]Set quest [1]: [1024]: [A Swordsman's Life] 
[08-14 01:34:23]Set quest [2]: [1081]: [A Hunter's Life] 
[08-14 01:34:23]Set quest [3]: [1136]: [Doctor Class Quest] 
[08-14 01:34:23]Set quest [4]: [1187]: [An Explorer's Life] 
[08-14 01:34:23]Set quest [5]: [5130]: [Goodbye to 4th Gate] 
[08-14 01:34:23]Set quest [6]: [5131]: [5th Gate] 
[08-14 01:34:23]Set quest [7]: [5132]: [Goodbye to 5th Gate] 
[08-14 01:34:23]Set quest [1]: [1049]: [A Swordsman's Life] 
[08-14 01:34:23]Set quest [2]: [1103]: [A Hunter's Life] 
[08-14 01:34:23]Set quest [3]: [1159]: [Doctor Class Quest] 
[08-14 01:34:23]Set quest [4]: [1211]: [An Explorer's Life] 
[08-14 01:34:23]Set quest [5]: [320]: [Thundoria Bank] 
[08-14 01:34:23]Set quest [6]: [375]: [Earring of Beldi] 
[08-14 01:34:23]Set quest [7]: [376]: [Hometown] 
[08-14 01:34:23]Set quest [8]: [377]: [Hometown] 
[08-14 01:34:23]Set quest [9]: [432]: [Desert Exploration] 
[08-14 01:34:23]Set quest [10]: [560]: [Hometown] 
[08-14 01:34:23]Set quest [11]: [561]: [Hometown] 
[08-14 01:34:23]Set quest [12]: [542]: [Hassli's Deposit] 
[08-14 01:34:23]Set quest [13]: [562]: [Hometown] 
[08-14 01:34:23]Set quest [1]: [1042]: [A Swordsman's Life] 
[08-14 01:34:23]Set quest [2]: [1094]: [A Hunter's Life] 
[08-14 01:34:23]Set quest [3]: [1153]: [Doctor Class Quest] 
[08-14 01:34:23]Set quest [4]: [1205]: [An Explorer's Life] 
[08-14 01:34:23]Set quest [1]: [1036]: [A Swordsman's Life] 
[08-14 01:34:23]Set quest [2]: [1090]: [A Hunter's Life] 
[08-14 01:34:23]Set quest [3]: [1148]: [Doctor Class Quest] 
[08-14 01:34:23]Set quest [4]: [1199]: [An Explorer's Life] 
[08-14 01:34:23]Set quest [5]: [867]: [Phantom Blood Test] 
[08-14 01:34:23]Set quest [6]: [863]: [Test of the Sacred Forest] 
[08-14 01:34:23]Set quest [7]: [5536]: [Vampiric Aries Battle Hero] 
[08-14 01:34:23]Set quest [8]: [5537]: [Vampiric Aries Renown Hero] 
[08-14 01:34:23]Set quest [9]: [5538]: [Vampiric Aries Hero] 
[08-14 01:34:23]Set quest [10]: [5539]: [Vampiric Aries Honorable Hero] 
[08-14 01:34:23]Set quest [11]: [5540]: [Vampiric Aries Gatherer Ambassador] 
[08-14 01:34:23]Set quest [12]: [5541]: [Vampiric Aries – Sleeping Aries] 
[08-14 01:34:23]Set quest [13]: [5542]: [Vampiric Aries Battle Hero] 
[08-14 01:34:23]Set quest [14]: [5543]: [Vampiric Aries Renown Hero] 
[08-14 01:34:23]Set quest [15]: [5544]: [Vampiric Aries Hero] 
[08-14 01:34:23]Set quest [16]: [5545]: [Vampiric Aries Honorable Hero] 
[08-14 01:34:23]Set quest [17]: [5546]: [Vampiric Aries Gatherer Ambassador] 
[08-14 01:34:23]Set quest [18]: [5547]: [Vampiric Aries Battle Hero] 
[08-14 01:34:23]Set quest [19]: [5548]: [Vampiric Aries Renown Hero] 
[08-14 01:34:23]Set quest [20]: [5549]: [Vampiric Aries Hero] 
[08-14 01:34:23]Set quest [21]: [5550]: [Vampiric Aries Honorable Hero] 
[08-14 01:34:23]Set quest [22]: [5551]: [Vampiric Aries Gatherer Ambassador] 
[08-14 01:34:23]Set quest [23]: [5552]: [Vampiric Aries PKO Ambassador] 
[08-14 01:34:23]Set quest [24]: [5597]: [PKO Hero 22] 
[08-14 01:34:23]Set quest [25]: [5600]: [Special Operation – Vampiric Aries] 
[08-14 01:34:23]Set quest [1]: [1033]: [A Swordsman's Life] 
[08-14 01:34:23]Set quest [2]: [1088]: [A Hunter's Life] 
[08-14 01:34:23]Set quest [3]: [1145]: [Doctor Class Quest] 
[08-14 01:34:23]Set quest [4]: [1196]: [An Explorer's Life] 
[08-14 01:34:23]Set quest [1]: [1008]: [A Swordsman's Life] 
[08-14 01:34:23]Set quest [2]: [1063]: [A Hunter's Life] 
[08-14 01:34:23]Set quest [3]: [1118]: [Doctor Class Quest] 
[08-14 01:34:23]Set quest [4]: [1172]: [An Explorer's Life] 
[08-14 01:34:23]Set quest [5]: [850]: [Bloodied Hammer] 
[08-14 01:34:23]Set quest [6]: [861]: [Fallen Helmet] 
[08-14 01:34:23]Set quest [7]: [868]: [Dark Bow] 
[08-14 01:34:23]Set quest [1]: [1030]: [A Swordsman's Life] 
[08-14 01:34:23]Set quest [2]: [1086]: [A Hunter's Life] 
[08-14 01:34:23]Set quest [3]: [1139]: [Doctor Class Quest] 
[08-14 01:34:23]Set quest [4]: [1193]: [An Explorer's Life] 
[08-14 01:34:23]Set quest [1]: [1010]: [A Swordsman's Life] 
[08-14 01:34:23]Set quest [2]: [1066]: [A Hunter's Life] 
[08-14 01:34:23]Set quest [3]: [1122]: [Doctor Class Quest] 
[08-14 01:34:23]Set quest [4]: [1174]: [An Explorer's Life] 
[08-14 01:34:23]Set quest [1]: [1003]: [A Swordsman's Life] 
[08-14 01:34:23]Set quest [2]: [1058]: [A Hunter's Life] 
[08-14 01:34:23]Set quest [3]: [1113]: [Doctor Class Quest] 
[08-14 01:34:23]Set quest [4]: [1167]: [An Explorer's Life] 
[08-14 01:34:23]Set quest [5]: [6025]: [Visit the guardian of Thundoria] 
[08-14 01:34:23]Set quest [6]: [6026]: [Battle of Aries Palace] 
[08-14 01:34:23]Set quest [7]: [6027]: [Visit guardian of Shaitan] 
[08-14 01:34:23]Set quest [1]: [1019]: [A Swordsman's Life] 
[08-14 01:34:23]Set quest [2]: [1074]: [A Hunter's Life] 
[08-14 01:34:23]Set quest [3]: [1130]: [Doctor Class Quest] 
[08-14 01:34:23]Set quest [4]: [1182]: [An Explorer's Life] 
[08-14 01:34:23]Set quest [5]: [852]: [Vengence] 
[08-14 01:34:23]Set quest [6]: [855]: [Repel Spirit] 
[08-14 01:34:23]Set quest [7]: [865]: [Hidden Shadow] 
[08-14 01:34:23]Set quest [8]: [473]: [Thundoria Navy] 
[08-14 01:34:23]Set quest [1]: [1053]: [A Swordsman's Life] 
[08-14 01:34:23]Set quest [2]: [1107]: [A Hunter's Life] 
[08-14 01:34:23]Set quest [3]: [1163]: [Doctor Class Quest] 
[08-14 01:34:23]Set quest [4]: [1215]: [An Explorer's Life] 
[08-14 01:34:23]Set quest [5]: [6750]: [Search for Grocer] 
[08-14 01:34:23]Set quest [6]: [6751]: [Preparing for Adventure] 
[08-14 01:34:23]Set quest [7]: [6752]: [Leaving the city] 
[08-14 01:34:23]Set quest [1]: [1035]: [A Swordsman's Life] 
[08-14 01:34:23]Set quest [2]: [1089]: [A Hunter's Life] 
[08-14 01:34:23]Set quest [3]: [1147]: [Doctor Class Quest] 
[08-14 01:34:23]Set quest [4]: [1198]: [An Explorer's Life] 
[08-14 01:34:23]Set quest [1]: [1017]: [A Swordsman's Life] 
[08-14 01:34:23]Set quest [2]: [1071]: [A Hunter's Life] 
[08-14 01:34:23]Set quest [3]: [1127]: [Doctor Class Quest] 
[08-14 01:34:23]Set quest [4]: [1180]: [An Explorer's Life] 
[08-14 01:34:23]Set quest [5]: [5575]: [PKO Ambassador 11] 
[08-14 01:34:23]Set quest [6]: [5576]: [PKO Ambassador 12] 
[08-14 01:34:23]Set quest [1]: [849]: [Disintegration] 
[08-14 01:34:23]Set quest [2]: [856]: [Tribal Invasion] 
[08-14 01:34:23]Set quest [3]: [858]: [New Weapon] 
[08-14 01:34:23]Set quest [4]: [860]: [Expedition] 
[08-14 01:34:23]Set quest [5]: [866]: [Last Enemy] 
[08-14 01:34:23]Set quest [1]: [851]: [First Ingredient] 
[08-14 01:34:23]Set quest [2]: [853]: [Third Ingredient] 
[08-14 01:34:23]Set quest [3]: [854]: [Second Ingredient] 
[08-14 01:34:23]Set quest [4]: [862]: [Fourth Ingredient] 
[08-14 01:34:23]Set quest [5]: [864]: [Last Ingredient] 
[08-14 01:34:23]Set quest [6]: [6385]: [A man on a mission] 
[08-14 01:34:23]Set quest [1]: [859]: [Fallen Angel] 
[08-14 01:34:23]Set quest [2]: [857]: [Battle Reward] 
[08-14 01:34:23]Set quest [3]: [5690]: [PKO Ambassador] 
[08-14 01:34:23]Set quest [4]: [5691]: [PKO Ambassador 2] 
[08-14 01:34:23]Set quest [1]: [474]: [Deep Deep Forest] 
[08-14 01:34:23]Set quest [1]: [6256]: [Loving Heart] 
[08-14 01:34:23]Set quest [2]: [6257]: [Loving Heart II] 
[08-14 01:34:23]Set quest [1]: [6571]: [I want to learn PK.] 
[08-14 01:34:23]Set quest [2]: [6572]: [I want to learn PK.] 
[08-14 01:34:23]Set quest [3]: [6573]: [I want to learn PK.] 
[08-14 01:34:23]Set quest [1]: [400]: [Wandering Creatures] 
[08-14 01:34:23]Set quest [2]: [52]: [Send a letter to Marcusa] 
[08-14 01:34:23]Set quest [3]: [53]: [Emergency] 
[08-14 01:34:23]Set quest [4]: [54]: [Letter for Salvier] 
[08-14 01:34:23]Set quest [5]: [5696]: [PKO Ambassador 4] 
[08-14 01:34:23]Set quest [6]: [5697]: [PKO Ambassador 5] 
[08-14 01:34:23]Set quest [1]: [471]: [Occupation Change] 
[08-14 01:34:23]Set quest [2]: [472]: [Thundoria Navy] 
[08-14 01:34:23]Set quest [1]: [1442]: [Commerce Quest] 
[08-14 01:34:23]Set quest [2]: [1900]: [Mid Lv Commerce] 
[08-14 01:34:23]Set quest [3]: [5567]: [PKO Ambassador 8] 
[08-14 01:34:23]Set quest [4]: [5568]: [PKO Ambassador 9] 
[08-14 01:34:23]Set quest [5]: [6052]: [World Tour] 
[08-14 01:34:23]Set quest [6]: [6053]: [World Tour] 
[08-14 01:34:23]Set quest [1]: [409]: [Argent's Invitation] 
[08-14 01:34:23]Set quest [2]: [415]: [Warrior Recruitment] 
[08-14 01:34:23]Set quest [3]: [424]: [Forest Exploration] 
[08-14 01:34:23]Set quest [4]: [426]: [Dangerous Times] 
[08-14 01:34:23]Set quest [5]: [449]: [Ambushed Swordsman] 
[08-14 01:34:23]Set quest [6]: [809]: [Vampiric Monster] 
[08-14 01:34:23]Set quest [7]: [813]: [Miner Mole] 
[08-14 01:34:23]Set quest [8]: [1431]: [Commerce Quest] 
[08-14 01:34:23]Set quest [9]: [1901]: [Mid Lv Commerce] 
[08-14 01:34:23]Set quest [10]: [6512]: [Appreciation from Abandoned Mine Haven] 
[08-14 01:34:23]Set quest [11]: [5048]: [Mask of Zorro] 
[08-14 01:34:23]Set quest [12]: [5049]: [Final Password] 
[08-14 01:34:23]Set quest [13]: [5050]: [Stone of Destiny] 
[08-14 01:34:23]Set quest [14]: [5051]: [Destroy the mask] 
[08-14 01:34:23]Set quest [15]: [5052]: [Enchanted Pouch] 
[08-14 01:34:23]Set quest [16]: [6030]: [World Tour] 
[08-14 01:34:23]Set quest [17]: [6031]: [World Tour] 
[08-14 01:34:23]Set quest [1]: [603]: [Scholar Owlie] 
[08-14 01:34:23]Set quest [2]: [608]: [Unusual Sachets] 
[08-14 01:34:23]Set quest [3]: [613]: [The Contest] 
[08-14 01:34:23]Set quest [4]: [615]: [Grass Tortoise's Tradegy] 
[08-14 01:34:23]Set quest [5]: [618]: [A Terrible Curse] 
[08-14 01:34:23]Set quest [6]: [5702]: [PKO Ambassador 7] 
[08-14 01:34:23]Set quest [7]: [5703]: [PKO Ambassador 8] 
[08-14 01:34:23]Set quest [1]: [451]: [Traversing] 
[08-14 01:34:23]Set quest [2]: [457]: [Waala's Crisis] 
[08-14 01:34:23]Set quest [3]: [621]: [Expensive Herbs] 
[08-14 01:34:23]Set quest [4]: [625]: [Revenge] 
[08-14 01:34:23]Set quest [5]: [1590]: [Commerce Quest] 
[08-14 01:34:23]Set quest [6]: [1902]: [Mid Lv Commerce] 
[08-14 01:34:23]Set quest [7]: [1940]: [High Lv Commerce] 
[08-14 01:34:23]Set quest [8]: [6502]: [Appreciation from Valhalla Haven] 
[08-14 01:34:23]Set quest [9]: [5708]: [PKO Ambassador 10] 
[08-14 01:34:23]Set quest [10]: [5709]: [PKO Ambassador 11] 
[08-14 01:34:23]Set quest [1]: [425]: [Forest Exploration] 
[08-14 01:34:23]Set quest [2]: [431]: [Awakening] 
[08-14 01:34:23]Set quest [3]: [436]: [Dream Sea] 
[08-14 01:34:23]Set quest [4]: [442]: [World's Finest Merchant] 
[08-14 01:34:23]Set quest [5]: [448]: [Ambushed Swordsman] 
[08-14 01:34:23]Set quest [6]: [601]: [Bee Eradication] 
[08-14 01:34:23]Set quest [7]: [607]: [No More Odour!] 
[08-14 01:34:23]Set quest [8]: [610]: [The Terrible Bandits] 
[08-14 01:34:23]Set quest [9]: [612]: [Eradicate Stramonium] 
[08-14 01:34:23]Set quest [10]: [1001]: [A Swordsman's Life] 
[08-14 01:34:23]Set quest [11]: [1165]: [An Explorer's Life] 
[08-14 01:34:23]Set quest [12]: [6500]: [Appreciation from the Rockery Haven] 
[08-14 01:34:23]Set quest [1]: [475]: [Deep Deep Forest] 
[08-14 01:34:23]Set quest [1]: [437]: [Dream Sea] 
[08-14 01:34:23]Set quest [2]: [439]: [Navy Registration Now Open!] 
[08-14 01:34:23]Set quest [3]: [441]: [The Navy Office] 
[08-14 01:34:23]Set quest [4]: [5800]: [Warm Cancer-Battle Hero] 
[08-14 01:34:23]Set quest [5]: [5801]: [Warm Cancer-Renown Hero] 
[08-14 01:34:23]Set quest [6]: [5802]: [Warm Cancer Hero] 
[08-14 01:34:23]Set quest [7]: [5803]: [Warm Cancer-Honorable Hero] 
[08-14 01:34:23]Set quest [8]: [5804]: [Warm Cancer-Gatherer Ambassador] 
[08-14 01:34:23]Set quest [9]: [5805]: [Warm Cancer-Big Crab's Doomsday] 
[08-14 01:34:23]Set quest [10]: [5806]: [Warm Cancer-Battle Hero] 
[08-14 01:34:23]Set quest [11]: [5807]: [Warm Cancer-Renown Hero] 
[08-14 01:34:23]Set quest [12]: [5808]: [Warm Cancer Hero] 
[08-14 01:34:23]Set quest [13]: [5809]: [Warm Cancer-Honorable Hero] 
[08-14 01:34:23]Set quest [14]: [5810]: [Warm Cancer-Gatherer Ambassador] 
[08-14 01:34:23]Set quest [15]: [5811]: [Warm Cancer-Battle Hero] 
[08-14 01:34:23]Set quest [16]: [5812]: [Warm Cancer-Renown Hero] 
[08-14 01:34:23]Set quest [17]: [5813]: [Warm Cancer Hero] 
[08-14 01:34:23]Set quest [18]: [5814]: [Warm Cancer-Honorable Hero] 
[08-14 01:34:23]Set quest [19]: [5815]: [Warm Cancer-Gatherer Ambassador] 
[08-14 01:34:23]Set quest [20]: [5816]: [PKO Ambassador 1] 
[08-14 01:34:23]Set quest [21]: [5857]: [Community Hero 21] 
[08-14 01:34:23]Set quest [22]: [5858]: [Big Crab-Special Event 1] 
[08-14 01:34:23]Set quest [23]: [5862]: [Big Crab-Sailor's Test-passing Reward] 
[08-14 01:34:23]Set quest [24]: [5863]: [Big Crab-Pirate's Test-passing Reward] 
[08-14 01:34:23]Set quest [25]: [5864]: [Rewards for doing Big Crab Captain] 
[08-14 01:34:23]Set quest [1]: [6784]: [Look for Builder] 
[08-14 01:34:23]Set quest [2]: [6785]: [Build Ship] 
[08-14 01:34:23]Set quest [3]: [6786]: [Harbor Operator] 
[08-14 01:34:23]Set quest [1]: [289]: [Sea Haven] 
[08-14 01:34:23]Set quest [2]: [290]: [Navigation Map] 
[08-14 01:34:23]Set quest [3]: [6702]: [Harbor Operators' Meeting] 
[08-14 01:34:23]Set quest [4]: [6787]: [Harbor Operator] 
[08-14 01:34:23]Set quest [5]: [6788]: [First Sail] 
[08-14 01:34:23]Set quest [6]: [6789]: [Upgrade ship] 
[08-14 01:34:23]Set quest [7]: [6790]: [Refuel] 
[08-14 01:34:23]Set quest [8]: [6791]: [Salvage Ship] 
[08-14 01:34:23]Set quest [9]: [6792]: [Strengthen Equipment] 
[08-14 01:34:23]Set quest [1]: [419]: [Jungle Exploration] 
[08-14 01:34:23]Set quest [2]: [460]: [Mine Labyrinth] 
[08-14 01:34:23]Set quest [3]: [600]: [Honey Combs Heist] 
[08-14 01:34:23]Set quest [4]: [604]: [Cunning Owl] 
[08-14 01:34:23]Set quest [5]: [606]: [Tusk Boar's Resistance] 
[08-14 01:34:23]Set quest [6]: [611]: [Burning of Stramonium] 
[08-14 01:34:23]Set quest [7]: [614]: [Boxing Gloves] 
[08-14 01:34:23]Set quest [8]: [619]: [Boar Independence Day] 
[08-14 01:34:23]Set quest [9]: [1028]: [A Swordsman's Life] 
[08-14 01:34:23]Set quest [10]: [1191]: [An Explorer's Life] 
[08-14 01:34:23]Set quest [11]: [1434]: [Commerce Quest] 
[08-14 01:34:23]Set quest [12]: [1903]: [Mid Lv Commerce] 
[08-14 01:34:23]Set quest [13]: [5587]: [PKO Ambassador 17] 
[08-14 01:34:23]Set quest [14]: [5588]: [PKO Ambassador 18] 
[08-14 01:34:23]Set quest [15]: [6042]: [World Tour] 
[08-14 01:34:23]Set quest [16]: [6043]: [World Tour] 
[08-14 01:34:23]Set quest [1]: [450]: [Traversing] 
[08-14 01:34:23]Set quest [2]: [452]: [The Labyrinth Mystery] 
[08-14 01:34:23]Set quest [3]: [602]: [Unsettling Dream] 
[08-14 01:34:23]Set quest [4]: [605]: [Temptation of BBQ Tails] 
[08-14 01:34:23]Set quest [5]: [609]: [Missing Gold Coin] 
[08-14 01:34:23]Set quest [6]: [616]: [Stealing Tortoise Eggs] 
[08-14 01:34:23]Set quest [7]: [617]: [Smuggle Tortoise Shells] 
[08-14 01:34:23]Set quest [8]: [1435]: [Commerce Quest] 
[08-14 01:34:23]Set quest [9]: [1904]: [Mid Lv Commerce] 
[08-14 01:34:23]Set quest [10]: [6501]: [Appreciation from the Rockery Haven] 
[08-14 01:34:23]Set quest [1]: [623]: [Deer Skin Coat] 
[08-14 01:34:23]Set quest [2]: [627]: [Cruel Massacre] 
[08-14 01:34:23]Set quest [3]: [634]: [Mysterious Cape] 
[08-14 01:34:23]Set quest [4]: [1031]: [A Swordsman's Life] 
[08-14 01:34:23]Set quest [5]: [1194]: [An Explorer's Life] 
[08-14 01:34:23]Set quest [6]: [1591]: [Commerce Quest] 
[08-14 01:34:23]Set quest [7]: [1905]: [Mid Lv Commerce] 
[08-14 01:34:23]Set quest [8]: [1941]: [High Lv Commerce] 
[08-14 01:34:23]Set quest [9]: [5583]: [PKO Ambassador 15] 
[08-14 01:34:23]Set quest [10]: [5584]: [PKO Ambassador 16] 
[08-14 01:34:23]Set quest [1]: [622]: [Secret of the Grassland Elk] 
[08-14 01:34:23]Set quest [2]: [624]: [White Owlie] 
[08-14 01:34:23]Set quest [3]: [628]: [Boxing Trouble] 
[08-14 01:34:23]Set quest [4]: [630]: [Investigation of Slowpoke Snail] 
[08-14 01:34:23]Set quest [5]: [636]: [Emerald Fog] 
[08-14 01:34:23]Set quest [6]: [1006]: [A Swordsman's Life] 
[08-14 01:34:23]Set quest [7]: [1170]: [An Explorer's Life] 
[08-14 01:34:23]Set quest [8]: [1592]: [Commerce Quest] 
[08-14 01:34:23]Set quest [9]: [1906]: [Mid Lv Commerce] 
[08-14 01:34:23]Set quest [10]: [1942]: [High Lv Commerce] 
[08-14 01:34:23]Set quest [11]: [6036]: [World Tour] 
[08-14 01:34:23]Set quest [12]: [6037]: [World Tour] 
[08-14 01:34:23]Set quest [1]: [463]: [Search for Talent] 
[08-14 01:34:23]Set quest [2]: [620]: [Boar Challenge] 
[08-14 01:34:23]Set quest [3]: [626]: [Pursue of the Wolf] 
[08-14 01:34:23]Set quest [4]: [629]: [Lucky Magical Stone] 
[08-14 01:34:23]Set quest [5]: [631]: [The Slowpoke Snails] 
[08-14 01:34:23]Set quest [6]: [632]: [Fallen] 
[08-14 01:34:23]Set quest [7]: [633]: [Song of the Stinging Beak] 
[08-14 01:34:23]Set quest [8]: [635]: [Trading Fake Gems] 
[08-14 01:34:23]Set quest [9]: [637]: [Search for Velvet Stone] 
[08-14 01:34:23]Set quest [10]: [1015]: [A Swordsman's Life] 
[08-14 01:34:23]Set quest [11]: [1178]: [An Explorer's Life] 
[08-14 01:34:23]Set quest [12]: [1593]: [Commerce Quest] 
[08-14 01:34:23]Set quest [13]: [1907]: [Mid Lv Commerce] 
[08-14 01:34:23]Set quest [14]: [1943]: [High Lv Commerce] 
[08-14 01:34:23]Set quest [15]: [6834]: [Forest of Challenge] 
[08-14 01:34:23]Set quest [1]: [223]: [A New Task] 
[08-14 01:34:23]Set quest [2]: [224]: [The Lost Tool] 
[08-14 01:34:23]Set quest [3]: [225]: [Kill the Shrooms] 
[08-14 01:34:23]Set quest [4]: [226]: [Ditto's Request] 
[08-14 01:34:23]Set quest [5]: [227]: [Bandit Hideout Map] 
[08-14 01:34:23]Set quest [6]: [228]: [Ambush Bandit] 
[08-14 01:34:23]Set quest [7]: [229]: [Bounty] 
[08-14 01:34:23]Set quest [8]: [230]: [Desert Visit] 
[08-14 01:34:23]Set quest [9]: [1055]: [A Swordsman's Life] 
[08-14 01:34:23]Set quest [10]: [1217]: [An Explorer's Life] 
[08-14 01:34:23]Set quest [11]: [1432]: [Commerce Quest] 
[08-14 01:34:23]Set quest [12]: [1908]: [Mid Lv Commerce] 
[08-14 01:34:23]Set quest [1]: [401]: [Wandering Creatures] 
[08-14 01:34:23]Set quest [2]: [810]: [Miner Mole Safety Helmet] 
[08-14 01:34:23]Set quest [3]: [1040]: [A Swordsman's Life] 
[08-14 01:34:23]Set quest [4]: [1203]: [An Explorer's Life] 
[08-14 01:34:23]Set quest [5]: [1433]: [Commerce Quest] 
[08-14 01:34:23]Set quest [6]: [1909]: [Mid Lv Commerce] 
[08-14 01:34:23]Set quest [7]: [5579]: [PKO Ambassador 13] 
[08-14 01:34:23]Set quest [8]: [5580]: [PKO Ambassador 14] 
[08-14 01:34:23]Set quest [1]: [428]: [Reinforcement for Atlantis] 
[08-14 01:34:23]Set quest [2]: [812]: [Revenge of the Mud] 
[08-14 01:34:23]Set quest [3]: [1025]: [A Swordsman's Life] 
[08-14 01:34:23]Set quest [4]: [1188]: [An Explorer's Life] 
[08-14 01:34:23]Set quest [5]: [6511]: [Appreciation from Abandoned Mine Haven] 
[08-14 01:34:23]Set quest [1]: [455]: [Mine Exploration] 
[08-14 01:34:23]Set quest [2]: [461]: [Mine Labyrinth] 
[08-14 01:34:23]Set quest [3]: [811]: [Weird Mud] 
[08-14 01:34:23]Set quest [4]: [814]: [Ninja Sword] 
[08-14 01:34:23]Set quest [5]: [1013]: [A Swordsman's Life] 
[08-14 01:34:23]Set quest [6]: [1014]: [A Swordsman's Life] 
[08-14 01:34:23]Set quest [7]: [1177]: [An Explorer's Life] 
[08-14 01:34:23]Set quest [8]: [6753]: [Leaving the city] 
[08-14 01:34:23]Set quest [9]: [6760]: [Increasing capabilities] 
[08-14 01:34:23]Set quest [1]: [1027]: [A Swordsman's Life] 
[08-14 01:34:23]Set quest [2]: [1190]: [An Explorer's Life] 
[08-14 01:34:23]Set quest [3]: [5139]: [Goodbye to 7th Gate] 
[08-14 01:34:23]Set quest [4]: [5140]: [8th Gate] 
[08-14 01:34:23]Set quest [5]: [5141]: [Instructions for last Gate] 
[08-14 01:34:23]Set quest [6]: [6044]: [World Tour] 
[08-14 01:34:23]Set quest [7]: [6045]: [World Tour] 
[08-14 01:34:23]Set quest [1]: [5563]: [PKO Ambassador 6] 
[08-14 01:34:23]Set quest [2]: [5564]: [PKO Ambassador 7] 
[08-14 01:34:23]Set quest [1]: [763]: [Journey of the Voyager] 
[08-14 01:34:23]Set quest [2]: [1742]: [Commerce Quest] 
[08-14 01:34:23]Set quest [3]: [1938]: [Mid Lv Commerce] 
[08-14 01:34:23]Set quest [4]: [1953]: [High Lv Commerce] 
[08-14 01:34:23]Set quest [5]: [5511]: [Challenge Genesis] 
[08-14 01:34:23]Set quest [6]: [5512]: [Challenge Genesis 2] 
[08-14 01:34:23]Set quest [1]: [379]: [Wheel of Fate] 
[08-14 01:34:23]Set quest [2]: [380]: [Wheel of Fate] 
[08-14 01:34:23]Set quest [3]: [5533]: [Challenge Genesis 12] 
[08-14 01:34:23]Set quest [4]: [5534]: [Challenge Genesis 13] 
[08-14 01:34:23]Set quest [5]: [6706]: [Harbor Operators' Meeting] 
[08-14 01:34:23]Set quest [1]: [1740]: [Commerce Quest] 
[08-14 01:34:23]Set quest [2]: [1936]: [Mid Lv Commerce] 
[08-14 01:34:23]Set quest [3]: [1951]: [High Lv Commerce] 
[08-14 01:34:23]Set quest [4]: [381]: [Wheel of Fate] 
[08-14 01:34:23]Set quest [5]: [382]: [Wheel of Fate] 
[08-14 01:34:23]Set quest [6]: [5531]: [Challenge Genesis 11] 
[08-14 01:34:23]Set quest [7]: [5532]: [Challenge Genesis 12] 
[08-14 01:34:23]Set quest [8]: [5655]: [PKO Ambassador 16] 
[08-14 01:34:23]Set quest [9]: [5656]: [PKO Ambassador 17] 
[08-14 01:34:23]Set quest [1]: [1739]: [Commerce Quest] 
[08-14 01:34:23]Set quest [2]: [1935]: [Mid Lv Commerce] 
[08-14 01:34:23]Set quest [3]: [1950]: [High Lv Commerce] 
[08-14 01:34:23]Set quest [4]: [383]: [Wheel of Fate] 
[08-14 01:34:23]Set quest [5]: [384]: [Wheel of Fate] 
[08-14 01:34:23]Set quest [6]: [385]: [Wheel of Fate] 
[08-14 01:34:23]Set quest [7]: [5529]: [Challenge Genesis10] 
[08-14 01:34:23]Set quest [8]: [5530]: [Challenge Genesis 11] 
[08-14 01:34:23]Set quest [1]: [5643]: [PKO Ambassador 10] 
[08-14 01:34:23]Set quest [2]: [5644]: [PKO Ambassador 11] 
[08-14 01:34:23]Set quest [1]: [6703]: [Harbor Operators' Meeting] 
[08-14 01:34:23]Set quest [1]: [5720]: [PKO Ambassador 16] 
[08-14 01:34:23]Set quest [2]: [5721]: [PKO Ambassador 17] 
[08-14 01:34:23]Set quest [1]: [1436]: [Commerce Quest] 
[08-14 01:34:23]Set quest [2]: [1930]: [Mid Lv Commerce] 
[08-14 01:34:23]Set quest [1]: [5637]: [PKO Ambassador 7] 
[08-14 01:34:23]Set quest [2]: [5638]: [PKO Ambassador 8] 
[08-14 01:34:23]Set quest [1]: [5118]: [Grandeur Oracle] 
[08-14 01:34:23]Set quest [2]: [5119]: [First Gate] 
[08-14 01:34:23]Set quest [3]: [5120]: [Goodbye to First Gate] 
[08-14 01:34:23]Set quest [4]: [6755]: [Search for Tailor] 
[08-14 01:34:23]Set quest [5]: [6756]: [Buying your first equipment] 
[08-14 01:34:23]Set quest [6]: [6749]: [Search for Grocer] 
[08-14 01:34:23]Set quest [7]: [6803]: [Buying your first equipment] 
[08-14 01:34:23]Set quest [1]: [837]: [Test] 
[08-14 01:34:23]Set quest [2]: [838]: [Test] 
[08-14 01:34:23]Set quest [3]: [839]: [Hidden Agenda] 
[08-14 01:34:23]Set quest [1]: [840]: [Enthusiast] 
[08-14 01:34:23]Set quest [2]: [6513]: [Appreciation from Chaldea Haven] 
[08-14 01:34:23]Set quest [3]: [5591]: [PKO Ambassador 19] 
[08-14 01:34:23]Set quest [4]: [5592]: [PKO Ambassador 20] 
[08-14 01:34:23]Set quest [5]: [6048]: [World Tour] 
[08-14 01:34:23]Set quest [6]: [6049]: [World Tour] 
[08-14 01:34:23]Set quest [1]: [844]: [Candle Research] 
[08-14 01:34:23]Set quest [2]: [841]: [Sampling] 
[08-14 01:34:23]Set quest [3]: [842]: [Never Dying Candle] 
[08-14 01:34:23]Set quest [4]: [843]: [Black Monster] 
[08-14 01:34:23]Set quest [5]: [5625]: [PKO Ambassador] 
[08-14 01:34:23]Set quest [6]: [5626]: [PKO Ambassador 2] 
[08-14 01:34:23]Set quest [1]: [845]: [Rock Golem] 
[08-14 01:34:23]Set quest [2]: [846]: [Velvet Stone Research] 
[08-14 01:34:23]Set quest [3]: [847]: [Validity] 
[08-14 01:34:23]Set quest [4]: [848]: [Unyielding Helmet] 
[08-14 01:34:23]Set quest [5]: [5714]: [PKO Ambassador 13] 
[08-14 01:34:23]Set quest [6]: [5715]: [PKO Ambassador 14] 
[08-14 01:34:23]Set quest [1]: [6085]: [Unlucky Model] 
[08-14 01:34:23]Set quest [1]: [6761]: [Increasing capabilities] 
[08-14 01:34:23]Set quest [2]: [6762]: [Increasing capabilities 2] 
[08-14 01:34:23]Set quest [3]: [6763]: [Hunt Bear Cub] 
[08-14 01:34:23]Set quest [4]: [6764]: [Hunt Whacky Lamb] 
[08-14 01:34:23]Set quest [5]: [6765]: [Hunt Bear Cub] 
[08-14 01:34:23]Set quest [6]: [6766]: [Hunt Bear Cub] 
[08-14 01:34:23]Set quest [7]: [6767]: [Banker] 
[08-14 01:34:23]Set quest [1]: [5649]: [PKO Ambassador 13] 
[08-14 01:34:23]Set quest [2]: [5650]: [PKO Ambassador 14] 
[08-14 01:34:23]Set quest [1]: [918]: [Love Revival] 
[08-14 01:34:23]Set quest [2]: [5018]: [ Amber Tear] 
[08-14 01:34:23]Set quest [3]: [5020]: [Calcium Replenishment] 
[08-14 01:34:23]Set quest [4]: [5021]: [Revival Clover] 
[08-14 01:34:23]Set quest [5]: [5022]: [Side effect] 
[08-14 01:34:23]Set quest [1]: [6072]: [New challenge] 
[08-14 01:34:23]Set quest [2]: [6073]: [Mystic Shrub hatred] 
[08-14 01:34:23]Set quest [3]: [6074]: [Hatred Shrub request] 
[08-14 01:34:23]Set quest [4]: [6075]: [Hatred Shrub request] 
[08-14 01:34:23]Set quest [5]: [6076]: [Hatred Shrub request] 
[08-14 01:34:23]Set quest [6]: [6077]: [Report situation] 
[08-14 01:34:23]Set quest [1]: [6614]: [Double Exp] 
[08-14 01:34:23]Set quest [1]: [6610]: [Pirates' Augury] 
[08-14 01:34:23]Set quest [2]: [6611]: [Claim Magic Box] 
[08-14 01:34:23]Set quest [3]: [6771]: [Mysterious Augur] 
[08-14 01:34:23]Set quest [4]: [6772]: [First divination] 
[08-14 01:34:23]Set quest [5]: [6773]: [Unknown fate] 
[08-14 01:34:23]Set quest [1]: [6612]: [Claim Magic Box] 
[08-14 01:34:23]Set quest [2]: [6613]: [Double Exp] 
[08-14 01:34:23]Set quest [1]: [6551]: [Raise a Fairy] 
[08-14 01:34:23]Set quest [2]: [6552]: [Looking for Friends] 
[08-14 01:34:23]Set quest [3]: [6554]: [Come Back after Finishing your Study] 
[08-14 01:34:23]Set quest [4]: [6555]: [Go fishing on sea] 
[08-14 01:34:23]Set quest [5]: [6559]: [Finding a mentor] 
[08-14 01:34:23]Set quest [6]: [6570]: [I want to learn PK.] 
[08-14 01:34:23]Set quest [7]: [6574]: [I want to learn PK.] 
[08-14 01:34:23]Set quest [8]: [6575]: [I want to go to Forsaken City] 
[08-14 01:34:23]Set quest [9]: [6576]: [Melee Quest] 
[08-14 01:34:23]Set quest [10]: [6577]: [Mentor&Disciple Description] 
[08-14 01:34:23]Set quest [11]: [6578]: [Looking for Sacred War Clerk] 
[08-14 01:34:23]Set quest [12]: [6592]: [Fairy Raising] 
[08-14 01:34:23]Set quest [13]: [6602]: [Making a Team] 
[08-14 01:34:23]Set quest [14]: [6606]: [Enter Dark Swamp] 
[08-14 01:34:23]Set quest [15]: [6608]: [Enter Demonic World] 
[08-14 01:34:23]Set quest [16]: [6600]: [Friends System] 
[08-14 01:34:23]Set quest [17]: [6604]: [Join a Guild] 
[08-14 01:34:23]Set quest [18]: [6596]: [Fairy skill] 
[08-14 01:34:24]Set quest [1]: [6272]: [Heart of Dedication] 
[08-14 01:34:24]Set quest [2]: [6273]: [Heart of Dedication 1] 
[08-14 01:34:24]Set quest [3]: [6274]: [Heart of Dedication 2] 
[08-14 01:34:25]Set quest [4]: [284]: [Granny's Pastries] 
[08-14 01:34:25]Set quest [5]: [285]: [Stolen Lunchbox] 
[08-14 01:34:25]Set quest [6]: [311]: [Lure Behemoth] 
[08-14 01:34:25]Set quest [7]: [5663]: [PKO Ambassador 20] 
[08-14 01:34:25]Set quest [8]: [5664]: [PKO Ambassador 21] 
[08-14 01:34:25]Set quest [1]: [515]: [Lost] 
[08-14 01:34:25]Set quest [2]: [518]: [Talisman] 
[08-14 01:34:25]Set quest [3]: [524]: [Love Miracle] 
[08-14 01:34:25]Set quest [1]: [6098]: [Spy for army information] 
[08-14 01:34:25]Set quest [2]: [6099]: [Spy for army information] 
[08-14 01:34:25]Set quest [1]: [6001]: [Mark of a Warrior] 
[08-14 01:34:25]Set quest [2]: [6002]: [Little Mystery Man] 
[08-14 01:34:25]Set quest [3]: [5823]: [PKO Ambassador 4] 
[08-14 01:34:25]Set quest [4]: [5824]: [PKO Ambassador 5] 
[08-14 01:34:25]Set quest [5]: [6365]: [Huckinson's Guide] 
