[08-14 01:35:13]ChaID: 1, ChaName: Treasure, CMD: make, Param: 6611,1
[08-14 01:35:55]ChaID: 1006, ChaName: Abel, CMD: make, Param: 6611,1
[08-14 01:39:59]ChaID: 1, ChaName: Treasure, CMD: make, Param: 1,2
[08-14 01:41:16]ChaID: 1, ChaName: Treasure, CMD: call, Param: Abel
[08-14 01:41:16]ChaID: 1, ChaName: Treasure, CMD: call, Param: Abel
[08-14 01:46:01]ChaID: 1, ChaName: Treasure, CMD: call, Param: Abel
[08-14 01:46:01]ChaID: 1, ChaName: Treasure, CMD: call, Param: Abel
[08-14 01:47:56]ChaID: 1, ChaName: Treasure, CMD: call, Param: Abel
[08-14 01:47:56]ChaID: 1, ChaName: Treasure, CMD: call, Param: Abel
[08-14 01:47:59]ChaID: 1, ChaName: Treasure, CMD: make, Param: 9204,1
[08-14 01:48:02]ChaID: 1, ChaName: Treasure, CMD: make, Param: 9248,1
[08-14 01:53:28]ChaID: 1, ChaName: Treasure, CMD: call, Param: Abel
[08-14 01:53:28]ChaID: 1, ChaName: Treasure, CMD: call, Param: Abel
[08-14 01:53:33]ChaID: 1, ChaName: Treasure, CMD: attr, Param: 104,1000000
[08-14 01:53:33]ChaID: 1, ChaName: Treasure, CMD: attr, Param: 104,1000000
[08-14 01:53:36]ChaID: 1, ChaName: Treasure, CMD: attr, Param: 105,1000000
[08-14 01:53:36]ChaID: 1, ChaName: Treasure, CMD: attr, Param: 105,1000000
[08-14 01:53:42]ChaID: 1, ChaName: Treasure, CMD: summon, Param: 678,90000,0
[08-14 01:53:42]ChaID: 1, ChaName: Treasure, CMD: summon, Param: 678,90000,0
[08-14 01:57:49]ChaID: 1, ChaName: Treasure, CMD: addkb, Param: 48
[08-14 01:57:49]ChaID: 1, ChaName: Treasure, CMD: addkb, Param: 48
[08-14 01:58:44]ChaID: 1, ChaName: Treasure, CMD: addexp, Param: 2000000
[08-14 01:58:44]ChaID: 1, ChaName: Treasure, CMD: addexp, Param: 2000000
[08-14 01:58:45]ChaID: 1, ChaName: Treasure, CMD: addexp, Param: 20000000
[08-14 01:58:45]ChaID: 1, ChaName: Treasure, CMD: addexp, Param: 20000000
[08-14 01:58:47]ChaID: 1, ChaName: Treasure, CMD: addexp, Param: 20000000
[08-14 01:58:47]ChaID: 1, ChaName: Treasure, CMD: addexp, Param: 20000000
[08-14 01:58:48]ChaID: 1, ChaName: Treasure, CMD: addexp, Param: 20000000
[08-14 01:58:48]ChaID: 1, ChaName: Treasure, CMD: addexp, Param: 20000000
[08-14 01:58:49]ChaID: 1, ChaName: Treasure, CMD: addexp, Param: 20000000
[08-14 01:58:49]ChaID: 1, ChaName: Treasure, CMD: addexp, Param: 20000000
[08-14 01:58:51]ChaID: 1, ChaName: Treasure, CMD: addexp, Param: 20000000
[08-14 01:58:51]ChaID: 1, ChaName: Treasure, CMD: addexp, Param: 20000000
[08-14 01:58:52]ChaID: 1, ChaName: Treasure, CMD: addexp, Param: 20000000
[08-14 01:58:52]ChaID: 1, ChaName: Treasure, CMD: addexp, Param: 20000000
[08-14 01:59:02]ChaID: 1, ChaName: Treasure, CMD: make, Param: 776,2,20
[08-14 01:59:32]ChaID: 1, ChaName: Treasure, CMD: qcha, Param: Treasure
[08-14 01:59:32]ChaID: 1, ChaName: Treasure, CMD: qcha, Param: Treasure
[08-14 02:00:11]ChaID: 1, ChaName: Treasure, CMD: qcha, Param: Treasure
[08-14 02:00:11]ChaID: 1, ChaName: Treasure, CMD: qcha, Param: Treasure
[08-14 02:00:22]ChaID: 1, ChaName: Treasure, CMD: lua, Param: ForgeEquip(1,1,13,3,4,3,12,3)
[08-14 02:00:22]ChaID: 1, ChaName: Treasure, CMD: lua, Param: ForgeEquip(1,1,13,3,4,3,12,3)
[08-14 02:00:28]ChaID: 1, ChaName: Treasure, CMD: lua, Param: ForgeEquip(1,1,13,3,4,3,12,3)
[08-14 02:00:28]ChaID: 1, ChaName: Treasure, CMD: lua, Param: ForgeEquip(1,1,13,3,4,3,12,3)
[08-14 02:00:39]ChaID: 1, ChaName: Treasure, CMD: make, Param: 5990,2,4
[08-14 02:00:41]ChaID: 1, ChaName: Treasure, CMD: make, Param: 454,2
[08-14 02:00:42]ChaID: 1, ChaName: Treasure, CMD: make, Param: 453,2
[08-14 02:01:00]ChaID: 1, ChaName: Treasure, CMD: addmoney, Param: 200000
[08-14 02:01:00]ChaID: 1, ChaName: Treasure, CMD: addmoney, Param: 200000
[08-14 02:01:39]ChaID: 1, ChaName: Treasure, CMD: attr, Param: 4,9
[08-14 02:01:39]ChaID: 1, ChaName: Treasure, CMD: attr, Param: 4,9
[08-14 02:02:35]ChaID: 1, ChaName: Treasure, CMD: addmoney, Param: 200000
[08-14 02:02:35]ChaID: 1, ChaName: Treasure, CMD: addmoney, Param: 200000
[08-14 02:04:26]ChaID: 1006, ChaName: Abel, CMD: addexp, Param: 
[08-14 02:04:26]ChaID: 1006, ChaName: Abel, CMD: addexp, Param: 
[08-14 02:04:30]ChaID: 1006, ChaName: Abel, CMD: addexp, Param: 500
[08-14 02:04:30]ChaID: 1006, ChaName: Abel, CMD: addexp, Param: 500
[08-14 02:04:33]ChaID: 1006, ChaName: Abel, CMD: addexp, Param: 5000000
[08-14 02:04:33]ChaID: 1006, ChaName: Abel, CMD: addexp, Param: 5000000
[08-14 02:04:34]ChaID: 1006, ChaName: Abel, CMD: addexp, Param: 5000000
[08-14 02:04:34]ChaID: 1006, ChaName: Abel, CMD: addexp, Param: 5000000
[08-14 02:04:37]ChaID: 1006, ChaName: Abel, CMD: addexp, Param: 500000000000
[08-14 02:04:37]ChaID: 1006, ChaName: Abel, CMD: addexp, Param: 500000000000
[08-14 02:04:53]ChaID: 1, ChaName: Treasure, CMD: make, Param: 2753,4
[08-14 02:04:55]ChaID: 1, ChaName: Treasure, CMD: make, Param: 2753,40
[08-14 02:05:14]ChaID: 1006, ChaName: Abel, CMD: addexp, Param: 500000000000
[08-14 02:05:14]ChaID: 1006, ChaName: Abel, CMD: addexp, Param: 500000000000
[08-14 02:05:15]ChaID: 1006, ChaName: Abel, CMD: addexp, Param: 500000000000
[08-14 02:05:15]ChaID: 1006, ChaName: Abel, CMD: addexp, Param: 500000000000
[08-14 02:05:17]ChaID: 1006, ChaName: Abel, CMD: addexp, Param: 50000
[08-14 02:05:17]ChaID: 1006, ChaName: Abel, CMD: addexp, Param: 50000
[08-14 02:05:19]ChaID: 1006, ChaName: Abel, CMD: addexp, Param: 50000
[08-14 02:05:19]ChaID: 1006, ChaName: Abel, CMD: addexp, Param: 50000
[08-14 02:05:22]ChaID: 1, ChaName: Treasure, CMD: make, Param: 849,1
[08-14 02:05:48]ChaID: 1006, ChaName: Abel, CMD: addexp, Param: 50
[08-14 02:05:48]ChaID: 1006, ChaName: Abel, CMD: addexp, Param: 50
[08-14 02:06:49]ChaID: 1, ChaName: Treasure, CMD: make, Param: 6611,1
[08-14 02:07:14]ChaID: 1, ChaName: Treasure, CMD: make, Param: 2777,40
