[08-14 01:34:35]Enter game [             Abel] [                 ] [Gold: 10.000 Item:0@]
[08-14 01:34:35]Enter game [             Abel] [                 ] [Temporary Bag: 0@]
[08-14 01:34:35]Enter game [             Abel] [                 ] [Bank ID(1):[1]0@;]
[08-14 01:34:35]equipment [             Abel] [                 ] [Equipment: 34@Face 1[2554],0;]
[08-14 01:34:35]Enter game [             Abel] [                 ] [user has come online]
[08-14 01:34:35]Quest give [             Abel] [                 ] [1 Eagle Pirate Chest ]
[08-14 01:34:35]Quest give [             Abel] [                 ] [1 Evil Crystal]
[08-14 01:34:35]Enter game [             Abel] [                 ] [Entering the [garner] map. Coordinate:x = 219.600, y = 278.000.]
[08-14 01:34:43]Enter game [         Treasure] [                 ] [Gold: 0 Item:11@Sealed Shadow Mantle [6020],1;Unseal Instructions [6022],1;Newbie Knife[8],1;Evil Crystal[6378],1;Friends-making Chest[6003],1;1st Promotion Instructions [6026],1;Newbie Vest[289],1;Coarse Boots[657],1;Husk Boots[642],1;Trumpet Shell[4330],2;Fresh Whelk Meat[4411],1;]
[08-14 01:34:43]Enter game [         Treasure] [                 ] [Temporary Bag: 0@]
[08-14 01:34:43]Enter game [         Treasure] [                 ] [Bank ID(1):[1]0@;]
[08-14 01:34:43]equipment [         Treasure] [                 ] [Equipment: 34@Face 1[2554],0;Novice Shirt[4308],1;Newbie Shoes[641],1;Star of Unity[1034],1;Newbie Sword[9],1;]
[08-14 01:34:43]Enter game [         Treasure] [                 ] [user has come online]
[08-14 01:34:43]Enter game [         Treasure] [                 ] [Entering the [garner] map. Coordinate:x = 218.075, y = 278.025.]
[08-14 01:35:13]Quest give [         Treasure] [                 ] [1 GM's Necklace]
[08-14 01:35:55]Quest give [             Abel] [                 ] [1 GM's Necklace]
[08-14 01:36:51] delete [         Treasure] [                 ] [deleteitem,Name [GM's Necklace][6.611],amount [1].]
[08-14 01:37:02]Quest give [         Treasure] [                 ] [Job Advancer - Jenna took 0 gold!]
[08-14 01:37:05]Quest give [         Treasure] [                 ] [1 Short Metal Sword]
[08-14 01:37:05]Quest give [         Treasure] [                 ] [1 Soft Leather Armor]
[08-14 01:37:05]Quest give [         Treasure] [                 ] [1 Whammy Pirate Chest]
[08-14 01:37:05]Consumes [         Treasure] [                 ] [Consumesitem,Name Friends-making Chest[6.003],amount 1.]
[08-14 01:37:14]Quest give [             Abel] [                 ] [Newbie Guide - Senna gave you6 experience points!]
[08-14 01:38:10]Quest give [             Abel] [                 ] [1 Navy Recruitment Notice]
[08-14 01:39:35]exit game [         Treasure] [                 ] [Exiting the[garner] map. Coordinate:x = 218.525, y = 277.625.]
[08-14 01:39:35]Enter game [         Treasure] [                 ] [Entering the [garner] map. Coordinate:x = 223.325, y = 273.075.]
[08-14 01:39:59]Quest give [         Treasure] [                 ] [2 Short Sword]
[08-14 01:40:26]Quest give [         Treasure] [                 ] [1 Time Sand]
[08-14 01:40:30]exit game [         Treasure] [                 ] [Exiting the[garner] map. Coordinate:x = 218.575, y = 277.575.]
[08-14 01:40:30]Enter game [         Treasure] [                 ] [Entering the [garner] map. Coordinate:x = 190.300, y = 280.700.]
[08-14 01:40:46]Quest give [         Treasure] [                 ] [1 Mini Amplifier of Strive]
[08-14 01:40:48]Quest give [         Treasure] [                 ] [1 Fairy Box]
[08-14 01:40:48]Quest give [         Treasure] [                 ] [3 Special Argent City Fruit (STA)]
[08-14 01:40:48]Quest give [         Treasure] [                 ] [5 Fine Fairy Ration ]
[08-14 01:40:48]Quest give [         Treasure] [                 ] [1 Voyage Chest ]
[08-14 01:40:48]Quest give [         Treasure] [                 ] [1 Skill - Fool]
[08-14 01:40:48]Quest give [         Treasure] [                 ] [1 Skill - Defecate]
[08-14 01:40:48]Consumes [         Treasure] [                 ] [Consumesitem,Name Whammy Pirate Chest[6.002],amount 1.]
[08-14 01:40:50]Consumes [         Treasure] [                 ] [Consumesitem,Name Skill - Defecate[1.037],amount 1.]
[08-14 01:40:52]Quest give [         Treasure] [                 ] [1 Fairy of Love]
[08-14 01:40:52]Consumes [         Treasure] [                 ] [Consumesitem,Name Fairy Box[262],amount 1.]
[08-14 01:40:55]Consumes [         Treasure] [                 ] [Consumesitem,Name Special Argent City Fruit (STA)[6.580],amount 1.]
[08-14 01:41:13]Quest give [         Treasure] [                 ] [1 Mini Amplifier of Strive]
[08-14 01:41:16]exit game [             Abel] [                 ] [Exiting the[garner] map. Coordinate:x = 223.276, y = 282.438.]
[08-14 01:41:16]Enter game [             Abel] [                 ] [Entering the [garner] map. Coordinate:x = 190.684, y = 282.745.]
[08-14 01:42:09]Quest give [         Treasure] [                 ] [1 Mini Amplifier of Strive]
[08-14 01:43:14]Quest give [         Treasure] [                 ] [1 Mini Amplifier of Strive]
[08-14 01:43:42]Quest give [             Abel] [                 ] [1 Sealed Shadow Mantle ]
[08-14 01:43:42]Quest give [             Abel] [                 ] [1 Unseal Instructions ]
[08-14 01:43:42]Quest give [             Abel] [                 ] [1 Knowledge Chest ]
[08-14 01:43:42]Quest give [             Abel] [                 ] [1 Newbie Skill Book ]
[08-14 01:43:42]Consumes [             Abel] [                 ] [Consumesitem,Name Eagle Pirate Chest [6.001],amount 1.]
[08-14 01:43:42]Quest give [         Treasure] [                 ] [1 Mini Amplifier of Strive]
[08-14 01:43:46]Quest give [             Abel] [                 ] [1 Friends-making Chest]
[08-14 01:43:46]Quest give [             Abel] [                 ] [1 1st Promotion Instructions ]
[08-14 01:43:46]Quest give [             Abel] [                 ] [1 Newbie Sword]
[08-14 01:43:46]Quest give [             Abel] [                 ] [1 Novice Shirt]
[08-14 01:43:46]Consumes [             Abel] [                 ] [Consumesitem,Name Knowledge Chest [6.005],amount 1.]
[08-14 01:43:48]Consumes [             Abel] [                 ] [Consumesitem,Name Newbie Skill Book [6.051],amount 1.]
[08-14 01:44:00]   pick [         Treasure] [                 ] [pickitem,Name [Racoon Cap][2.208],amount[1].]
[08-14 01:44:01]   pick [         Treasure] [                 ] [pickitem,Name [Red Stone][3.387],amount[1].]
[08-14 01:44:09]Quest give [         Treasure] [                 ] [1 Mini Amplifier of Strive]
[08-14 01:44:20]exit game [             Abel] [                 ] [Exiting the[garner] map. Coordinate:x = 191.025, y = 280.325.]
[08-14 01:44:20]Enter game [             Abel] [                 ] [Entering the [garner] map. Coordinate:x = 151.700, y = 309.100.]
[08-14 01:44:21]exit game [         Treasure] [                 ] [Exiting the[garner] map. Coordinate:x = 191.025, y = 280.325.]
[08-14 01:44:21]Enter game [         Treasure] [                 ] [Entering the [garner] map. Coordinate:x = 151.700, y = 309.100.]
[08-14 01:44:52]Quest give [         Treasure] [                 ] [1 Mini Amplifier of Strive]
[08-14 01:44:57]Quest give [         Treasure] [                 ] [1 Mini Amplifier of Strive]
[08-14 01:45:14]Quest give [         Treasure] [                 ] [1 Mini Amplifier of Strive]
[08-14 01:46:01]exit game [             Abel] [                 ] [Exiting the[garner] map. Coordinate:x = 161.475, y = 308.075.]
[08-14 01:46:01]Enter game [             Abel] [                 ] [Entering the [garner] map. Coordinate:x = 159.375, y = 304.425.]
[08-14 01:46:08]Quest give [         Treasure] [                 ] [1 Mini Amplifier of Strive]
[08-14 01:46:08]Quest give [         Treasure] [                 ] [5 Consitution Recovery Vial]
[08-14 01:46:08]Quest give [         Treasure] [                 ] [1 Vaudeville Necklace]
[08-14 01:46:37]   pick [             Abel] [                 ] [pickitem,Name [Mane][1.604],amount[1].]
[08-14 01:46:48]exit game [             Abel] [                 ] [Exiting the[garner] map. Coordinate:x = 152.025, y = 307.525.]
[08-14 01:46:48]Enter game [             Abel] [                 ] [Entering the [garner] map. Coordinate:x = 100.700, y = 296.600.]
[08-14 01:46:49]exit game [         Treasure] [                 ] [Exiting the[garner] map. Coordinate:x = 152.125, y = 307.575.]
[08-14 01:46:49]Enter game [         Treasure] [                 ] [Entering the [garner] map. Coordinate:x = 100.700, y = 296.600.]
[08-14 01:46:59]Quest give [         Treasure] [                 ] [1 Mini Amplifier of Strive]
[08-14 01:47:00]   pick [             Abel] [                 ] [pickitem,Name [Kangaroo Pouch][4.348],amount[1].]
[08-14 01:47:20]Quest give [         Treasure] [                 ] [1 Mini Amplifier of Strive]
[08-14 01:47:51]exit game [         Treasure] [                 ] [Exiting the[garner] map. Coordinate:x = 101.675, y = 297.475.]
[08-14 01:47:51]Enter game [         Treasure] [                 ] [Entering the [garner] map. Coordinate:x = 223.100, y = 278.800.]
[08-14 01:47:53]   pick [             Abel] [                 ] [pickitem,Name [Animal Sweat][1.627],amount[1].]
[08-14 01:47:56]exit game [             Abel] [                 ] [Exiting the[garner] map. Coordinate:x = 105.525, y = 293.575.]
[08-14 01:47:56]Enter game [             Abel] [                 ] [Entering the [garner] map. Coordinate:x = 222.975, y = 278.825.]
[08-14 01:47:59]Quest give [         Treasure] [                 ] [1 Dusty Cloak]
[08-14 01:48:02]Quest give [         Treasure] [                 ] [1 Cloak Unseal Device]
[08-14 01:48:04]quest received [         Treasure] [                 ] [1 Dusty Cloak]
[08-14 01:48:04]Quest give [         Treasure] [                 ] [1 Admiral Cloak]
[08-14 01:48:04]Consumes [         Treasure] [                 ] [Consumesitem,Name Cloak Unseal Device[9.248],amount 1.]
[08-14 01:53:28]exit game [             Abel] [                 ] [Exiting the[garner] map. Coordinate:x = 222.275, y = 278.925.]
[08-14 01:53:28]Enter game [             Abel] [                 ] [Entering the [garner] map. Coordinate:x = 216.625, y = 278.025.]
[08-14 01:53:49]Quest give [         Treasure] [                 ] [1 Mini Amplifier of Strive]
[08-14 01:53:49]Quest give [         Treasure] [                 ] [1 Mini Amplifier of Strive]
[08-14 01:53:49]Quest give [         Treasure] [                 ] [1 Mini Amplifier of Strive]
[08-14 01:53:49]Quest give [         Treasure] [                 ] [1 Mini Amplifier of Strive]
[08-14 01:54:06]   pick [         Treasure] [                 ] [pickitem,Name [Refining Gem][885],amount[1].]
[08-14 01:54:07]   pick [         Treasure] [                 ] [pickitem,Name [Chipped Gem of Soul][6.831],amount[1].]
[08-14 01:54:30]Quest give [             Abel] [                 ] [99 Cake]
[08-14 01:54:32]Consumes [             Abel] [                 ] [Consumesitem,Name Cake[1.849],amount 1.]
[08-14 01:54:49]Quest give [             Abel] [                 ] [Crystal Master gave you 1.500 gold!]
[08-14 01:56:00]Quest give [             Abel] [                 ] [Pucca gave you 5.000 gold!]
[08-14 01:56:07]Quest give [             Abel] [                 ] [1 Time Sand]
[08-14 01:57:20]  throw [             Abel] [                 ] [throwitem,Name [Newbie Knife][8],amount [1].]
[08-14 01:57:31]Quest give [             Abel] [                 ] [Job Advancer - Jenna took 0 gold!]
[08-14 01:57:32]Quest give [             Abel] [                 ] [1 Hunter Bow]
[08-14 01:57:32]Quest give [             Abel] [                 ] [1 Safari Vest]
[08-14 01:57:32]Quest give [             Abel] [                 ] [1 Whammy Pirate Chest]
[08-14 01:57:32]Consumes [             Abel] [                 ] [Consumesitem,Name Friends-making Chest[6.003],amount 1.]
[08-14 01:57:33]Quest give [             Abel] [                 ] [1 Fairy Box]
[08-14 01:57:33]Quest give [             Abel] [                 ] [3 Special Argent City Fruit (STA)]
[08-14 01:57:33]Quest give [             Abel] [                 ] [5 Fine Fairy Ration ]
[08-14 01:57:33]Quest give [             Abel] [                 ] [1 Voyage Chest ]
[08-14 01:57:33]Quest give [             Abel] [                 ] [1 Skill - Fool]
[08-14 01:57:33]Quest give [             Abel] [                 ] [1 Skill - Defecate]
[08-14 01:57:33]Consumes [             Abel] [                 ] [Consumesitem,Name Whammy Pirate Chest[6.002],amount 1.]
[08-14 01:57:36]Consumes [             Abel] [                 ] [Consumesitem,Name Skill - Defecate[1.037],amount 1.]
[08-14 01:57:38]Quest give [             Abel] [                 ] [1 55 Level Up Bag]
[08-14 01:57:40]exit game [             Abel] [                 ] [Character is offline]
[08-14 01:57:40]exit game [             Abel] [                 ] [Exiting the[garner] map. Coordinate:x = 223.225, y = 278.375.]
[08-14 01:57:40]exit game [             Abel] [                 ] [Money: 6.500 Inventory: 19@Navy Recruitment Notice[4110],1;Evil Crystal[6378],1;Time Sand[6370],1;Sealed Shadow Mantle [6020],1;Unseal Instructions [6022],1;Newbie Vest[289],1;Skill - Fool[1130],1;1st Promotion Instructions [6026],1;Mane[1604],1;Kangaroo Pouch[4348],1;Animal Sweat[1627],1;Cake[1849],98;Hunter Bow[32],1;Safari Vest[311],1;Fairy Box[262],1;Special Argent City Fruit (STA)[6580],3;Fine Fairy Ration [6015],5;Voyage Chest [6004],1;55 Level Up Bag[7132],1;]
[08-14 01:57:40]exit game [             Abel] [                 ] [Temporary Bag: 0@]
[08-14 01:57:40]equipment [             Abel] [                 ] [Equipment: 34@Face 1[2554],0;Novice Shirt[4308],1;Newbie Shoes[641],1;GM's Necklace[6611],1;Newbie Sword[9],1;]
[08-14 01:57:40]   bank [             Abel] [                 ] [Bank ID(1):[1]0@;]
[08-14 01:58:18]  throw [         Treasure] [                 ] [throwitem,Name [Soft Leather Armor][296],amount [1].]
[08-14 01:58:19]  throw [         Treasure] [                 ] [throwitem,Name [Newbie Shoes][641],amount [1].]
[08-14 01:58:22]  throw [         Treasure] [                 ] [throwitem,Name [Short Sword][1],amount [1].]
[08-14 01:58:23]  throw [         Treasure] [                 ] [throwitem,Name [Short Sword][1],amount [1].]
[08-14 01:58:26]  throw [         Treasure] [                 ] [throwitem,Name [Short Metal Sword][10],amount [1].]
[08-14 01:58:27]  throw [         Treasure] [                 ] [throwitem,Name [Unseal Instructions ][6.022],amount [1].]
[08-14 01:58:28]  throw [         Treasure] [                 ] [throwitem,Name [1st Promotion Instructions ][6.026],amount [1].]
[08-14 01:58:29]  throw [         Treasure] [                 ] [throwitem,Name [Novice Shirt][4.308],amount [1].]
[08-14 01:58:30]  throw [         Treasure] [                 ] [throwitem,Name [Newbie Vest][289],amount [1].]
[08-14 01:58:31]  throw [         Treasure] [                 ] [throwitem,Name [Newbie Sword][9],amount [1].]
[08-14 01:58:32]  throw [         Treasure] [                 ] [throwitem,Name [Fresh Whelk Meat][4.411],amount [1].]
[08-14 01:58:33]  throw [         Treasure] [                 ] [throwitem,Name [Red Stone][3.387],amount [1].]
[08-14 01:58:35]  throw [         Treasure] [                 ] [throwitem,Name [Skill - Fool][1.130],amount [1].]
[08-14 01:58:36]  throw [         Treasure] [                 ] [throwitem,Name [Husk Boots][642],amount [1].]
[08-14 01:58:38]  throw [         Treasure] [                 ] [throwitem,Name [Coarse Boots][657],amount [1].]
[08-14 01:58:44]Quest give [         Treasure] [                 ] [1 Mini Amplifier of Strive]
[08-14 01:58:44]Quest give [         Treasure] [                 ] [1 Mini Amplifier of Strive]
[08-14 01:58:44]Quest give [         Treasure] [                 ] [1 Mini Amplifier of Strive]
[08-14 01:58:44]Quest give [         Treasure] [                 ] [1 Mini Amplifier of Strive]
[08-14 01:58:44]Quest give [         Treasure] [                 ] [1 Mini Amplifier of Strive]
[08-14 01:58:44]Quest give [         Treasure] [                 ] [1 Mini Amplifier of Strive]
[08-14 01:58:44]Quest give [         Treasure] [                 ] [1 Mini Amplifier of Strive]
[08-14 01:58:44]Quest give [         Treasure] [                 ] [1 Mini Amplifier of Strive]
[08-14 01:58:44]Quest give [         Treasure] [                 ] [1 Mini Amplifier of Strive]
[08-14 01:58:44]Quest give [         Treasure] [                 ] [1 Mini Amplifier of Strive]
[08-14 01:58:44]Quest give [         Treasure] [                 ] [1 Mini Amplifier of Strive]
[08-14 01:58:44]Quest give [         Treasure] [                 ] [1 Mini Amplifier of Strive]
[08-14 01:58:45]Quest give [         Treasure] [                 ] [1 Mini Amplifier of Strive]
[08-14 01:58:45]Quest give [         Treasure] [                 ] [1 Mini Amplifier of Strive]
[08-14 01:58:45]Quest give [         Treasure] [                 ] [5 Super HP Potion]
[08-14 01:58:45]Quest give [         Treasure] [                 ] [1 Necklace of Shooting Star]
[08-14 01:58:47]Quest give [         Treasure] [                 ] [1 Desert Ring]
[08-14 01:58:47]Quest give [         Treasure] [                 ] [1 Book of Honor Bonus]
[08-14 01:58:57] delete [         Treasure] [                 ] [deleteitem,Name [Admiral Cloak][9.205],amount [1].]
[08-14 01:59:02]Quest give [         Treasure] [                 ] [2 Blade of Enigma]
[08-14 01:59:18]Enter game [             Abel] [                 ] [Gold: 6.500 Item:19@Sealed Shadow Mantle [6020],1;Unseal Instructions [6022],1;Newbie Vest[289],1;Fairy Box[262],1;Evil Crystal[6378],1;Navy Recruitment Notice[4110],1;Hunter Bow[32],1;1st Promotion Instructions [6026],1;Mane[1604],1;Kangaroo Pouch[4348],1;Animal Sweat[1627],1;Cake[1849],98;Time Sand[6370],1;Safari Vest[311],1;55 Level Up Bag[7132],1;Special Argent City Fruit (STA)[6580],3;Fine Fairy Ration [6015],5;Voyage Chest [6004],1;Skill - Fool[1130],1;]
[08-14 01:59:18]Enter game [             Abel] [                 ] [Temporary Bag: 0@]
[08-14 01:59:18]Enter game [             Abel] [                 ] [Bank ID(1):[1]0@;]
[08-14 01:59:18]equipment [             Abel] [                 ] [Equipment: 34@Face 1[2554],0;Novice Shirt[4308],1;Newbie Shoes[641],1;GM's Necklace[6611],1;Newbie Sword[9],1;]
[08-14 01:59:18]Enter game [             Abel] [                 ] [user has come online]
[08-14 01:59:18]Enter game [             Abel] [                 ] [Entering the [garner] map. Coordinate:x = 223.225, y = 278.375.]
[08-14 01:59:22]Quest give [             Abel] [                 ] [1 55 Level Up Bag]
[08-14 01:59:26]Consumes [             Abel] [                 ] [Consumesitem,Name Skill - Fool[1.130],amount 1.]
[08-14 01:59:28]Quest give [             Abel] [                 ] [1 Ship-building Certificate]
[08-14 01:59:28]Quest give [             Abel] [                 ] [1 Level 20 Chest]
[08-14 01:59:28]Quest give [             Abel] [                 ] [1 Fishing Skill Book]
[08-14 01:59:28]Quest give [             Abel] [                 ] [1 Long Bow]
[08-14 01:59:28]Quest give [             Abel] [                 ] [1 Canvas Vest]
[08-14 01:59:28]Consumes [             Abel] [                 ] [Consumesitem,Name Voyage Chest [6.004],amount 1.]
[08-14 02:00:36]Consumes [             Abel] [                 ] [Consumesitem,Name Fishing Skill Book[6.038],amount 1.]
[08-14 02:00:39]Quest give [         Treasure] [                 ] [2 Aurora Blade]
[08-14 02:00:41]Quest give [         Treasure] [                 ] [2 Fusion Catalyst]
[08-14 02:00:42]Quest give [         Treasure] [                 ] [2 Fusion Scroll]
[08-14 02:01:03] delete [         Treasure] [                 ] [deleteitem,Name [Fusion Scroll][453],amount [1].]
[08-14 02:01:03] delete [         Treasure] [                 ] [deleteitem,Name [Blade of Enigma][776],amount [1].]
[08-14 02:01:03] delete [         Treasure] [                 ] [deleteitem,Name [Fusion Catalyst][454],amount [1].]
[08-14 02:01:23] delete [         Treasure] [                 ] [deleteitem,Name [Fusion Scroll][453],amount [1].]
[08-14 02:01:23] delete [         Treasure] [                 ] [deleteitem,Name [Blade of Enigma][776],amount [1].]
[08-14 02:01:23] delete [         Treasure] [                 ] [deleteitem,Name [Fusion Catalyst][454],amount [1].]
[08-14 02:01:27]Quest give [         Treasure] [                 ] [1 Ship-building Certificate]
[08-14 02:01:27]Quest give [         Treasure] [                 ] [1 Level 20 Chest]
[08-14 02:01:27]Quest give [         Treasure] [                 ] [1 Fishing Skill Book]
[08-14 02:01:27]Quest give [         Treasure] [                 ] [1 Long Sword]
[08-14 02:01:27]Quest give [         Treasure] [                 ] [1 Thick Armor]
[08-14 02:01:27]Consumes [         Treasure] [                 ] [Consumesitem,Name Voyage Chest [6.004],amount 1.]
[08-14 02:01:29]Quest give [         Treasure] [                 ] [1 PK Chest ]
[08-14 02:01:29]Quest give [         Treasure] [                 ] [1 Warrior Sword]
[08-14 02:01:29]Quest give [         Treasure] [                 ] [1 Heavy Leather Armor]
[08-14 02:01:29]Consumes [         Treasure] [                 ] [Consumesitem,Name Level 20 Chest[6.008],amount 1.]
[08-14 02:01:30]Quest give [         Treasure] [                 ] [1 Fencing Sword]
[08-14 02:01:30]Quest give [         Treasure] [                 ] [1 Maze Chest ]
[08-14 02:01:30]Quest give [         Treasure] [                 ] [1 Rhino Hide Armor]
[08-14 02:01:30]Consumes [         Treasure] [                 ] [Consumesitem,Name PK Chest [6.007],amount 1.]
[08-14 02:01:32]Quest give [         Treasure] [                 ] [1 3 Big Mazes Introductions ]
[08-14 02:01:32]Quest give [         Treasure] [                 ] [1 Battle Chest ]
[08-14 02:01:32]Quest give [         Treasure] [                 ] [1 Striking Sword]
[08-14 02:01:32]Quest give [         Treasure] [                 ] [1 Strong Leather Armor]
[08-14 02:01:32]Consumes [         Treasure] [                 ] [Consumesitem,Name Maze Chest [6.009],amount 1.]
[08-14 02:01:33]Quest give [         Treasure] [                 ] [1 Newly added PK Area Introduction ]
[08-14 02:01:33]Quest give [         Treasure] [                 ] [1 Refining Chest ]
[08-14 02:01:33]Quest give [         Treasure] [                 ] [1 Tier 2 Promotion Manual]
[08-14 02:01:33]Consumes [         Treasure] [                 ] [Consumesitem,Name Battle Chest [6.010],amount 1.]
[08-14 02:01:34]Quest give [         Treasure] [                 ] [1 Forging and Refing Instrucitons ]
[08-14 02:01:34]Quest give [         Treasure] [                 ] [1 Second Class Advancement Chest ]
[08-14 02:01:34]Quest give [         Treasure] [                 ] [1 Phyllis Piggy Blouse]
[08-14 02:01:34]Consumes [         Treasure] [                 ] [Consumesitem,Name Refining Chest [6.006],amount 1.]
[08-14 02:01:41]Quest give [         Treasure] [                 ] [1 Serpentine Sword]
[08-14 02:01:41]Quest give [         Treasure] [                 ] [1 Sacred War Chest ]
[08-14 02:01:41]Quest give [         Treasure] [                 ] [1 Battle Armor of the Tempest]
[08-14 02:01:41]Consumes [         Treasure] [                 ] [Consumesitem,Name Second Class Advancement Chest [6.011],amount 1.]
[08-14 02:01:42]Quest give [         Treasure] [                 ] [1 Sacred War Introduction ]
[08-14 02:01:42]Quest give [         Treasure] [                 ] [1 Sacred War Guide Map]
[08-14 02:01:42]Quest give [         Treasure] [                 ] [1 Light Platemail]
[08-14 02:01:42]Quest give [         Treasure] [                 ] [1 Crescent Sword]
[08-14 02:01:42]Consumes [         Treasure] [                 ] [Consumesitem,Name Sacred War Chest [6.013],amount 1.]
[08-14 02:02:08]exit game [         Treasure] [                 ] [Exiting the[garner] map. Coordinate:x = 219.725, y = 274.925.]
[08-14 02:02:08]Enter game [         Treasure] [                 ] [Entering the [garner] map. Coordinate:x = 219.725, y = 274.925.]
[08-14 02:03:04]ShopBuy [         Treasure] [                 ] [1 Silver Platemail]
[08-14 02:03:07]ShopBuy [         Treasure] [                 ] [1 Silver Gauntlets]
[08-14 02:03:10]ShopBuy [         Treasure] [                 ] [1 Silver Greaves]
[08-14 02:03:24]exit game [         Treasure] [                 ] [Exiting the[garner] map. Coordinate:x = 226.625, y = 270.725.]
[08-14 02:03:24]Enter game [         Treasure] [                 ] [Entering the [garner] map. Coordinate:x = 213.400, y = 272.231.]
[08-14 02:03:33]exit game [         Treasure] [                 ] [Exiting the[garner] map. Coordinate:x = 214.275, y = 273.025.]
[08-14 02:03:33]Enter game [         Treasure] [                 ] [Entering the [garner] map. Coordinate:x = 224.400, y = 270.500.]
[08-14 02:03:43]exit game [         Treasure] [                 ] [Exiting the[garner] map. Coordinate:x = 223.375, y = 272.825.]
[08-14 02:03:43]Enter game [         Treasure] [                 ] [Entering the [garner] map. Coordinate:x = 215.125, y = 273.975.]
[08-14 02:04:07]   pick [             Abel] [                 ] [pickitem,Name [Newbie Shoes][641],amount[1].]
[08-14 02:04:10]Quest give [             Abel] [                 ] [1 Fairy of Hope]
[08-14 02:04:10]Consumes [             Abel] [                 ] [Consumesitem,Name Fairy Box[262],amount 1.]
[08-14 02:04:53]Quest give [         Treasure] [                 ] [4 Sand Bag Lv3]
[08-14 02:04:55]Quest give [         Treasure] [                 ] [40 Sand Bag Lv3]
[08-14 02:04:57]Consumes [         Treasure] [                 ] [Consumesitem,Name Sand Bag Lv3[2.753],amount 1.]
[08-14 02:05:00]Consumes [         Treasure] [                 ] [Consumesitem,Name Sand Bag Lv3[2.753],amount 1.]
[08-14 02:05:01]Consumes [         Treasure] [                 ] [Consumesitem,Name Sand Bag Lv3[2.753],amount 1.]
[08-14 02:05:02]Consumes [         Treasure] [                 ] [Consumesitem,Name Sand Bag Lv3[2.753],amount 1.]
[08-14 02:05:04]Consumes [         Treasure] [                 ] [Consumesitem,Name Sand Bag Lv3[2.753],amount 1.]
[08-14 02:05:05]Consumes [         Treasure] [                 ] [Consumesitem,Name Sand Bag Lv3[2.753],amount 1.]
[08-14 02:05:12]Consumes [         Treasure] [                 ] [Consumesitem,Name Sand Bag Lv3[2.753],amount 1.]
[08-14 02:05:13]Consumes [         Treasure] [                 ] [Consumesitem,Name Sand Bag Lv3[2.753],amount 1.]
[08-14 02:05:14]Consumes [         Treasure] [                 ] [Consumesitem,Name Sand Bag Lv3[2.753],amount 1.]
[08-14 02:05:15]Consumes [         Treasure] [                 ] [Consumesitem,Name Sand Bag Lv3[2.753],amount 1.]
[08-14 02:05:16]Consumes [         Treasure] [                 ] [Consumesitem,Name Sand Bag Lv3[2.753],amount 1.]
[08-14 02:05:17]Consumes [         Treasure] [                 ] [Consumesitem,Name Sand Bag Lv3[2.753],amount 1.]
[08-14 02:05:18]Consumes [         Treasure] [                 ] [Consumesitem,Name Sand Bag Lv3[2.753],amount 1.]
[08-14 02:05:22]Quest give [         Treasure] [                 ] [1 Party EXP Fruit]
[08-14 02:05:23]Consumes [         Treasure] [                 ] [Consumesitem,Name Party EXP Fruit[849],amount 1.]
[08-14 02:05:34]Consumes [         Treasure] [                 ] [Consumesitem,Name Sand Bag Lv3[2.753],amount 1.]
[08-14 02:05:35]Consumes [         Treasure] [                 ] [Consumesitem,Name Sand Bag Lv3[2.753],amount 1.]
[08-14 02:05:36]Consumes [         Treasure] [                 ] [Consumesitem,Name Sand Bag Lv3[2.753],amount 1.]
[08-14 02:05:37]Consumes [         Treasure] [                 ] [Consumesitem,Name Sand Bag Lv3[2.753],amount 1.]
[08-14 02:05:38]Consumes [         Treasure] [                 ] [Consumesitem,Name Sand Bag Lv3[2.753],amount 1.]
[08-14 02:05:39]Consumes [         Treasure] [                 ] [Consumesitem,Name Sand Bag Lv3[2.753],amount 1.]
[08-14 02:05:40]Consumes [         Treasure] [                 ] [Consumesitem,Name Sand Bag Lv3[2.753],amount 1.]
[08-14 02:05:42]Consumes [         Treasure] [                 ] [Consumesitem,Name Sand Bag Lv3[2.753],amount 1.]
[08-14 02:05:43]Consumes [         Treasure] [                 ] [Consumesitem,Name Sand Bag Lv3[2.753],amount 1.]
[08-14 02:05:44]Consumes [         Treasure] [                 ] [Consumesitem,Name Sand Bag Lv3[2.753],amount 1.]
[08-14 02:05:45]Consumes [         Treasure] [                 ] [Consumesitem,Name Sand Bag Lv3[2.753],amount 1.]
[08-14 02:05:46]Consumes [         Treasure] [                 ] [Consumesitem,Name Sand Bag Lv3[2.753],amount 1.]
[08-14 02:05:53]Consumes [         Treasure] [                 ] [Consumesitem,Name Sand Bag Lv3[2.753],amount 1.]
[08-14 02:05:54]Consumes [         Treasure] [                 ] [Consumesitem,Name Sand Bag Lv3[2.753],amount 1.]
[08-14 02:05:55]Consumes [         Treasure] [                 ] [Consumesitem,Name Sand Bag Lv3[2.753],amount 1.]
[08-14 02:06:49]Quest give [         Treasure] [                 ] [1 GM's Necklace]
[08-14 02:07:02]Consumes [         Treasure] [                 ] [Consumesitem,Name Sand Bag Lv3[2.753],amount 1.]
[08-14 02:07:04]Consumes [         Treasure] [                 ] [Consumesitem,Name Sand Bag Lv3[2.753],amount 1.]
[08-14 02:07:05]Consumes [         Treasure] [                 ] [Consumesitem,Name Sand Bag Lv3[2.753],amount 1.]
[08-14 02:07:06]Consumes [         Treasure] [                 ] [Consumesitem,Name Sand Bag Lv3[2.753],amount 1.]
[08-14 02:07:14]Quest give [         Treasure] [                 ] [40 Sand Bag Lv4]
[08-14 02:07:17]Consumes [         Treasure] [                 ] [Consumesitem,Name Sand Bag Lv4[2.777],amount 1.]
[08-14 02:07:19]Consumes [         Treasure] [                 ] [Consumesitem,Name Sand Bag Lv4[2.777],amount 1.]
[08-14 02:07:21]Consumes [         Treasure] [                 ] [Consumesitem,Name Sand Bag Lv4[2.777],amount 1.]
[08-14 02:07:22]Consumes [         Treasure] [                 ] [Consumesitem,Name Sand Bag Lv4[2.777],amount 1.]
[08-14 02:07:23]Consumes [         Treasure] [                 ] [Consumesitem,Name Sand Bag Lv4[2.777],amount 1.]
[08-14 02:07:24]Consumes [         Treasure] [                 ] [Consumesitem,Name Sand Bag Lv4[2.777],amount 1.]
[08-14 02:07:25]Consumes [         Treasure] [                 ] [Consumesitem,Name Sand Bag Lv4[2.777],amount 1.]
[08-14 02:07:26]Consumes [         Treasure] [                 ] [Consumesitem,Name Sand Bag Lv4[2.777],amount 1.]
[08-14 02:07:27]Consumes [         Treasure] [                 ] [Consumesitem,Name Sand Bag Lv4[2.777],amount 1.]
[08-14 02:07:29]Consumes [         Treasure] [                 ] [Consumesitem,Name Sand Bag Lv4[2.777],amount 1.]
[08-14 02:07:32]Consumes [         Treasure] [                 ] [Consumesitem,Name Sand Bag Lv4[2.777],amount 1.]
[08-14 02:07:33]Consumes [         Treasure] [                 ] [Consumesitem,Name Sand Bag Lv4[2.777],amount 1.]
[08-14 02:07:35]Consumes [         Treasure] [                 ] [Consumesitem,Name Sand Bag Lv4[2.777],amount 1.]
[08-14 02:07:36]Consumes [         Treasure] [                 ] [Consumesitem,Name Sand Bag Lv4[2.777],amount 1.]
[08-14 02:07:38]Consumes [         Treasure] [                 ] [Consumesitem,Name Sand Bag Lv4[2.777],amount 1.]
[08-14 02:07:39]Consumes [         Treasure] [                 ] [Consumesitem,Name Sand Bag Lv4[2.777],amount 1.]
[08-14 02:07:40]Consumes [         Treasure] [                 ] [Consumesitem,Name Sand Bag Lv4[2.777],amount 1.]
[08-14 02:07:41]Consumes [         Treasure] [                 ] [Consumesitem,Name Sand Bag Lv4[2.777],amount 1.]
[08-14 02:08:18]exit game [         Treasure] [                 ] [Character is offline]
[08-14 02:08:18]exit game [         Treasure] [                 ] [Exiting the[garner] map. Coordinate:x = 217.325, y = 278.475.]
[08-14 02:08:19]exit game [         Treasure] [                 ] [Money: 157.475 Inventory: 34@Sealed Shadow Mantle [6020],1;Refining Gem[885],1;Newbie Knife[8],1;Evil Crystal[6378],1;Fairy of Love[191],1;Special Argent City Fruit (STA)[6580],2;Racoon Cap[2208],1;Thick Armor[291],1;Time Sand[6370],1;Trumpet Shell[4330],2;Fine Fairy Ration [6015],5;Chipped Gem of Soul[6831],1;Sacred War Introduction [6050],1;Sacred War Guide Map[6036],1;Ship-building Certificate[6042],1;Heavy Leather Armor[297],1;Fishing Skill Book[6038],1;Long Sword[2],1;Rhino Hide Armor[293],1;Warrior Sword[14],1;Fencing Sword[3],1;Strong Leather Armor[298],1;3 Big Mazes Introductions [6035],1;Tier 2 Promotion Manual[451],1;Striking Sword[12],1;Newly added PK Area Introduction [6046],1;Phyllis Piggy Blouse[5324],1;Forging and Refing Instrucitons [6027],1;Light Platemail[302],1;Serpentine Sword[4],1;Crescent Sword[22],1;Battle Armor of the Tempest[1929],1;Sand Bag Lv3[2753],12;Sand Bag Lv4[2777],22;]
[08-14 02:08:19]exit game [         Treasure] [                 ] [Temporary Bag: 7@Mini Amplifier of Strive[1128],30;Consitution Recovery Vial[3848],5;Vaudeville Necklace[4671],1;Super HP Potion[5626],5;Necklace of Shooting Star[4696],1;Desert Ring[1107],1;Book of Honor Bonus[2816],1;]
[08-14 02:08:19]equipment [         Treasure] [                 ] [Equipment: 34@Face 1[2554],0;Silver Platemail[303],1;Silver Gauntlets[479],1;Silver Greaves[655],1;GM's Necklace[6611],1;Aurora Blade[5990],1;Star of Unity[1034],1;Aurora Blade[5990],1;]
[08-14 02:08:19]   bank [         Treasure] [                 ] [Bank ID(1):[1]0@;]
[08-14 02:08:23]exit game [             Abel] [                 ] [Character is offline]
[08-14 02:08:23]exit game [             Abel] [                 ] [Exiting the[garner] map. Coordinate:x = 214.725, y = 277.525.]
[08-14 02:08:23]exit game [             Abel] [                 ] [Money: 6.500 Inventory: 22@Sealed Shadow Mantle [6020],1;Unseal Instructions [6022],1;Newbie Vest[289],1;Fairy of Hope[189],1;Evil Crystal[6378],1;Navy Recruitment Notice[4110],1;Hunter Bow[32],1;1st Promotion Instructions [6026],1;Mane[1604],1;Kangaroo Pouch[4348],1;Animal Sweat[1627],1;Cake[1849],98;Time Sand[6370],1;Safari Vest[311],1;55 Level Up Bag[7132],2;Special Argent City Fruit (STA)[6580],3;Fine Fairy Ration [6015],5;Novice Shirt[4308],1;Ship-building Certificate[6042],1;Level 20 Chest[6008],1;Newbie Sword[9],1;Newbie Shoes[641],1;]
[08-14 02:08:23]exit game [             Abel] [                 ] [Temporary Bag: 0@]
[08-14 02:08:23]equipment [             Abel] [                 ] [Equipment: 34@Face 1[2554],0;Canvas Vest[306],1;Newbie Shoes[641],1;GM's Necklace[6611],1;Long Bow[26],1;]
[08-14 02:08:23]   bank [             Abel] [                 ] [Bank ID(1):[1]0@;]
