c:\users\usuario\documents\yatops_nobackdoors\source\utility\x64\release\utility_x64.pdb
c:\users\usuario\documents\yatops_nobackdoors\source\utility\x64\release\md5c.obj
c:\users\usuario\documents\yatops_nobackdoors\source\utility\x64\release\bill.obj
c:\users\usuario\documents\yatops_nobackdoors\source\utility\x64\release\errorreport.obj
c:\users\usuario\documents\yatops_nobackdoors\source\utility\x64\release\log2.obj
c:\users\usuario\documents\yatops_nobackdoors\source\utility\x64\release\maputil.obj
c:\users\usuario\documents\yatops_nobackdoors\source\utility\x64\release\sectiondata.obj
c:\users\usuario\documents\yatops_nobackdoors\source\utility\x64\release\cperformance.obj
c:\users\usuario\documents\yatops_nobackdoors\source\utility\x64\release\db.obj
c:\users\usuario\documents\yatops_nobackdoors\source\utility\x64\release\log.obj
c:\users\usuario\documents\yatops_nobackdoors\source\utility\x64\release\mapdataver.obj
c:\users\usuario\documents\yatops_nobackdoors\source\utility\x64\release\privilegecheck.obj
c:\users\usuario\documents\yatops_nobackdoors\source\utility\x64\release\util2.obj
c:\users\usuario\documents\yatops_nobackdoors\source\utility\x64\release\sehexception.obj
c:\users\usuario\documents\yatops_nobackdoors\source\utility\x64\release\languagerecord.obj
c:\users\usuario\documents\yatops_nobackdoors\source\utility\x64\release\licensemanager.obj
c:\users\usuario\documents\yatops_nobackdoors\source\utility\x64\release\mymemory.obj
c:\users\usuario\documents\yatops_nobackdoors\source\utility\x64\release\pch.obj
c:\users\usuario\documents\yatops_nobackdoors\source\utility\x64\release\sym_engine.obj
c:\users\usuario\documents\yatops_nobackdoors\source\utility\x64\release\win32guid.obj
c:\users\usuario\documents\yatops_nobackdoors\source\utility\x64\release\algo.obj
c:\users\usuario\documents\yatops_nobackdoors\source\utility\x64\release\db3.obj
c:\users\usuario\documents\yatops_nobackdoors\source\utility\x64\release\logutil.obj
c:\users\usuario\documents\yatops_nobackdoors\source\utility\x64\release\packet.obj
c:\users\usuario\documents\yatops_nobackdoors\source\utility\x64\release\playsound.obj
c:\users\usuario\documents\yatops_nobackdoors\source\utility\x64\release\utility_x64.lib
c:\users\usuario\documents\yatops_nobackdoors\source\utility\x64\release\utility.tlog\cl.command.1.tlog
c:\users\usuario\documents\yatops_nobackdoors\source\utility\x64\release\utility.tlog\cl.items.tlog
c:\users\usuario\documents\yatops_nobackdoors\source\utility\x64\release\utility.tlog\cl.read.1.tlog
c:\users\usuario\documents\yatops_nobackdoors\source\utility\x64\release\utility.tlog\cl.write.1.tlog
c:\users\usuario\documents\yatops_nobackdoors\source\utility\x64\release\utility.tlog\lib-link.read.1.tlog
c:\users\usuario\documents\yatops_nobackdoors\source\utility\x64\release\utility.tlog\lib-link.write.1.tlog
c:\users\usuario\documents\yatops_nobackdoors\source\utility\x64\release\utility.tlog\lib.command.1.tlog
