[09-25 12:56:52]Conencting to GroupServer...
[09-25 12:56:54]Connecting to GroupServer failed, reconnecting in 5 secs...
[09-25 12:56:59]Conencting to GroupServer...
[09-25 12:57:01]Connecting to GroupServer failed, reconnecting in 5 secs...
[09-25 12:57:06]Conencting to GroupServer...
[09-25 12:57:08]Connecting to GroupServer failed, reconnecting in 5 secs...
[09-25 12:57:13]Conencting to GroupServer...
[09-25 12:57:15]Connecting to GroupServer failed, reconnecting in 5 secs...
[09-25 12:57:20]Conencting to GroupServer...
[09-25 12:57:22]Connecting to GroupServer failed, reconnecting in 5 secs...
[09-25 12:57:27]Conencting to GroupServer...
[09-25 12:57:29]Connecting to GroupServer failed, reconnecting in 5 secs...
[09-25 12:57:34]Conencting to GroupServer...
[09-25 12:57:36]Connecting to GroupServer failed, reconnecting in 5 secs...
[09-25 12:57:41]Conencting to GroupServer...
[09-25 12:57:41]connect GroupServer: 25.80.52.210,Socket num:1
[09-25 12:57:41]Successfully logged into GroupServer!
[09-25 13:19:50]disconnection with GroupServer,Socket num: 0,reason =远程主机强迫关闭了一个现有的连接。, reconnecting...
[09-25 13:19:50]Conencting to GroupServer...
[09-25 13:19:52]Connecting to GroupServer failed, reconnecting in 5 secs...
[09-25 13:19:57]Conencting to GroupServer...
[09-25 13:19:59]Connecting to GroupServer failed, reconnecting in 5 secs...
[09-25 13:20:04]Conencting to GroupServer...
[09-25 13:20:07]Connecting to GroupServer failed, reconnecting in 5 secs...
[09-25 13:20:12]Conencting to GroupServer...
[09-25 13:20:14]Connecting to GroupServer failed, reconnecting in 5 secs...
[09-25 13:20:19]Conencting to GroupServer...
[09-25 13:20:21]Connecting to GroupServer failed, reconnecting in 5 secs...
[09-25 13:20:26]Conencting to GroupServer...
[09-25 13:20:28]Connecting to GroupServer failed, reconnecting in 5 secs...
[09-25 13:20:33]Conencting to GroupServer...
[09-25 13:20:35]Connecting to GroupServer failed, reconnecting in 5 secs...
[09-25 13:20:40]Conencting to GroupServer...
[09-25 13:20:42]Connecting to GroupServer failed, reconnecting in 5 secs...
[09-25 13:20:47]Conencting to GroupServer...
[09-25 13:20:50]Connecting to GroupServer failed, reconnecting in 5 secs...
[09-25 13:20:55]Conencting to GroupServer...
[09-25 13:20:57]Connecting to GroupServer failed, reconnecting in 5 secs...
[09-25 13:21:02]Conencting to GroupServer...
[09-25 13:21:04]Connecting to GroupServer failed, reconnecting in 5 secs...
[09-25 13:21:09]Conencting to GroupServer...
[09-25 13:21:11]Connecting to GroupServer failed, reconnecting in 5 secs...
[09-25 13:21:16]Conencting to GroupServer...
[09-25 13:21:18]Connecting to GroupServer failed, reconnecting in 5 secs...
[09-25 13:21:23]Conencting to GroupServer...
[09-25 13:21:25]Connecting to GroupServer failed, reconnecting in 5 secs...
[09-25 13:21:30]Conencting to GroupServer...
[09-25 13:21:32]Connecting to GroupServer failed, reconnecting in 5 secs...
[09-25 13:21:37]Conencting to GroupServer...
[09-25 13:21:39]Connecting to GroupServer failed, reconnecting in 5 secs...
[09-25 13:21:44]Conencting to GroupServer...
[09-25 13:21:46]Connecting to GroupServer failed, reconnecting in 5 secs...
[09-25 13:21:51]Conencting to GroupServer...
[09-25 13:21:53]Connecting to GroupServer failed, reconnecting in 5 secs...
[09-25 13:21:58]Conencting to GroupServer...
[09-25 13:22:00]Connecting to GroupServer failed, reconnecting in 5 secs...
[09-25 13:22:05]Conencting to GroupServer...
[09-25 13:22:07]Connecting to GroupServer failed, reconnecting in 5 secs...
[09-25 13:22:12]Conencting to GroupServer...
[09-25 13:22:14]Connecting to GroupServer failed, reconnecting in 5 secs...
[09-25 13:22:19]Conencting to GroupServer...
[09-25 13:22:21]Connecting to GroupServer failed, reconnecting in 5 secs...
[09-25 13:22:26]Conencting to GroupServer...
[09-25 13:22:29]Connecting to GroupServer failed, reconnecting in 5 secs...
[09-25 13:22:34]Conencting to GroupServer...
[09-25 13:22:36]Connecting to GroupServer failed, reconnecting in 5 secs...
[09-25 13:22:41]Conencting to GroupServer...
[09-25 13:22:43]Connecting to GroupServer failed, reconnecting in 5 secs...
[09-25 13:22:48]Conencting to GroupServer...
[09-25 13:22:50]Connecting to GroupServer failed, reconnecting in 5 secs...
[09-25 13:22:55]Conencting to GroupServer...
[09-25 13:22:57]Connecting to GroupServer failed, reconnecting in 5 secs...
[09-25 13:23:02]Conencting to GroupServer...
[09-25 13:23:04]Connecting to GroupServer failed, reconnecting in 5 secs...
[09-25 13:23:09]Conencting to GroupServer...
[09-25 13:23:11]Connecting to GroupServer failed, reconnecting in 5 secs...
[09-25 13:23:16]Conencting to GroupServer...
[09-25 13:23:18]Connecting to GroupServer failed, reconnecting in 5 secs...
[09-25 13:23:23]Conencting to GroupServer...
[09-25 13:23:25]Connecting to GroupServer failed, reconnecting in 5 secs...
[09-25 13:23:30]Conencting to GroupServer...
[09-25 13:23:32]Connecting to GroupServer failed, reconnecting in 5 secs...
[09-25 13:23:37]Conencting to GroupServer...
[09-25 13:23:40]Connecting to GroupServer failed, reconnecting in 5 secs...
[09-25 13:23:45]Conencting to GroupServer...
[09-25 13:23:47]Connecting to GroupServer failed, reconnecting in 5 secs...
[09-25 13:23:47]begin connect database
[09-25 13:23:48]begin init AccountServer connect
[09-25 13:23:48]AccountServer:25.80.52.210,2321come ! Socket num:1
[09-25 13:23:48]begin read GroupServer.cfg
[09-25 13:23:48]begin load ChaNameFilter.txt
[09-25 13:23:48]begin listen port:2322
[09-25 13:23:48]open listen port:2322success, init is ok
[09-25 13:23:52]Conencting to GroupServer...
[09-25 13:23:52]connect GroupServer: 25.80.52.210,Socket num:1
[09-25 13:23:52]GateServer:25.80.52.210,58278come ! Socket num:2
[09-25 13:23:52]GateServer:25.80.52.210,58278TP_LOGIN1
[09-25 13:23:52]GateServer:25.80.52.210,58278TP_LOGIN2
[09-25 13:23:52]GateServer:25.80.52.210,58278TP_LOGIN3
[09-25 13:23:52]Successfully logged into GroupServer!
[09-25 13:23:57]disconnection with GroupServer,Socket num: 0,reason =远程主机强迫关闭了一个现有的连接。, reconnecting...
[09-25 13:23:58]Conencting to GroupServer...
[09-25 13:24:00]Connecting to GroupServer failed, reconnecting in 5 secs...
[09-25 13:24:05]Conencting to GroupServer...
[09-25 13:24:07]Connecting to GroupServer failed, reconnecting in 5 secs...
[09-25 13:24:12]Conencting to GroupServer...
[09-25 13:24:14]Connecting to GroupServer failed, reconnecting in 5 secs...
[09-25 13:24:19]Conencting to GroupServer...
[09-25 13:24:21]Connecting to GroupServer failed, reconnecting in 5 secs...
[09-25 13:24:26]Conencting to GroupServer...
[09-25 13:24:28]Connecting to GroupServer failed, reconnecting in 5 secs...
[09-25 13:24:33]Conencting to GroupServer...
[09-25 13:24:36]Connecting to GroupServer failed, reconnecting in 5 secs...
[09-25 13:24:41]Conencting to GroupServer...
[09-25 13:24:43]Connecting to GroupServer failed, reconnecting in 5 secs...
[09-25 13:24:48]Conencting to GroupServer...
[09-25 13:24:50]Connecting to GroupServer failed, reconnecting in 5 secs...
[09-25 13:24:55]Conencting to GroupServer...
[09-25 13:24:57]Connecting to GroupServer failed, reconnecting in 5 secs...
[09-25 13:25:02]Conencting to GroupServer...
[09-25 13:25:04]Connecting to GroupServer failed, reconnecting in 5 secs...
[09-25 13:25:09]Conencting to GroupServer...
[09-25 13:25:12]Connecting to GroupServer failed, reconnecting in 5 secs...
[09-25 13:25:17]Conencting to GroupServer...
[09-25 13:25:19]Connecting to GroupServer failed, reconnecting in 5 secs...
[09-25 13:25:24]Conencting to GroupServer...
[09-25 13:25:24]connect GroupServer: 25.80.52.210,Socket num:1
[09-25 13:25:24]Successfully logged into GroupServer!
[09-25 13:41:49]disconnection with GroupServer,Socket num: 0,reason =远程主机强迫关闭了一个现有的连接。, reconnecting...
[09-25 13:41:49]Conencting to GroupServer...
[09-25 13:41:51]Connecting to GroupServer failed, reconnecting in 5 secs...
[09-25 13:41:56]Conencting to GroupServer...
[09-25 13:41:57]connect GroupServer: 25.80.52.210,Socket num:1
[09-25 13:41:57]Successfully logged into GroupServer!
[09-25 13:56:51]disconnection with GroupServer,Socket num: 0,reason =远程主机强迫关闭了一个现有的连接。, reconnecting...
[09-25 13:56:51]Conencting to GroupServer...
[09-25 13:56:53]Connecting to GroupServer failed, reconnecting in 5 secs...
[09-25 13:56:58]Conencting to GroupServer...
[09-25 13:56:58]connect GroupServer: 25.80.52.210,Socket num:1
[09-25 13:56:58]Successfully logged into GroupServer!
[09-25 18:03:33]disconnection with GroupServer,Socket num: 0,reason =远程主机强迫关闭了一个现有的连接。, reconnecting...
[09-25 18:03:33]Conencting to GroupServer...
