c:\users\usuario\documents\yatops_nobackdoors\source\utility\x86\release\utility_x86.pdb
c:\users\usuario\documents\yatops_nobackdoors\source\utility\release\md5c.obj
c:\users\usuario\documents\yatops_nobackdoors\source\utility\release\bill.obj
c:\users\usuario\documents\yatops_nobackdoors\source\utility\release\errorreport.obj
c:\users\usuario\documents\yatops_nobackdoors\source\utility\release\log2.obj
c:\users\usuario\documents\yatops_nobackdoors\source\utility\release\maputil.obj
c:\users\usuario\documents\yatops_nobackdoors\source\utility\release\pch.obj
c:\users\usuario\documents\yatops_nobackdoors\source\utility\release\util2.obj
c:\users\usuario\documents\yatops_nobackdoors\source\utility\release\sehexception.obj
c:\users\usuario\documents\yatops_nobackdoors\source\utility\release\languagerecord.obj
c:\users\usuario\documents\yatops_nobackdoors\source\utility\release\licensemanager.obj
c:\users\usuario\documents\yatops_nobackdoors\source\utility\release\packet.obj
c:\users\usuario\documents\yatops_nobackdoors\source\utility\release\sectiondata.obj
c:\users\usuario\documents\yatops_nobackdoors\source\utility\release\algo.obj
c:\users\usuario\documents\yatops_nobackdoors\source\utility\release\db3.obj
c:\users\usuario\documents\yatops_nobackdoors\source\utility\release\logutil.obj
c:\users\usuario\documents\yatops_nobackdoors\source\utility\release\mymemory.obj
c:\users\usuario\documents\yatops_nobackdoors\source\utility\release\playsound.obj
c:\users\usuario\documents\yatops_nobackdoors\source\utility\release\cperformance.obj
c:\users\usuario\documents\yatops_nobackdoors\source\utility\release\db.obj
c:\users\usuario\documents\yatops_nobackdoors\source\utility\release\log.obj
c:\users\usuario\documents\yatops_nobackdoors\source\utility\release\mapdataver.obj
c:\users\usuario\documents\yatops_nobackdoors\source\utility\release\privilegecheck.obj
c:\users\usuario\documents\yatops_nobackdoors\source\utility\release\sym_engine.obj
c:\users\usuario\documents\yatops_nobackdoors\source\utility\release\win32guid.obj
c:\users\usuario\documents\yatops_nobackdoors\source\utility\x86\release\utility_x86.lib
c:\users\usuario\documents\yatops_nobackdoors\source\utility\release\utility.tlog\cl.command.1.tlog
c:\users\usuario\documents\yatops_nobackdoors\source\utility\release\utility.tlog\cl.items.tlog
c:\users\usuario\documents\yatops_nobackdoors\source\utility\release\utility.tlog\cl.read.1.tlog
c:\users\usuario\documents\yatops_nobackdoors\source\utility\release\utility.tlog\cl.write.1.tlog
c:\users\usuario\documents\yatops_nobackdoors\source\utility\release\utility.tlog\lib-link.read.1.tlog
c:\users\usuario\documents\yatops_nobackdoors\source\utility\release\utility.tlog\lib-link.write.1.tlog
c:\users\usuario\documents\yatops_nobackdoors\source\utility\release\utility.tlog\lib.command.1.tlog
