c:\users\usuario\documents\yatops_nobackdoors\source\accountserver\release\databasectrl.obj
c:\users\usuario\documents\yatops_nobackdoors\source\accountserver\release\player.obj
c:\users\usuario\documents\yatops_nobackdoors\source\accountserver\release\main.obj
c:\users\usuario\documents\yatops_nobackdoors\source\accountserver\release\playermgr.obj
c:\users\usuario\documents\yatops_nobackdoors\source\accountserver\release\accountserver2.obj
c:\users\usuario\documents\yatops_nobackdoors\source\accountserver\release\stdafx.obj
c:\users\usuario\documents\yatops_nobackdoors\source\accountserver\release\globalvariable.obj
c:\users\usuario\documents\yatops_nobackdoors\source\accountserver\release\mythread.obj
c:\users\usuario\documents\yatops_nobackdoors\source\accountserver\release\vc143.pdb
c:\users\usuario\documents\yatops_nobackdoors\server\accountserver_x86_release.exe
c:\users\usuario\documents\yatops_nobackdoors\source\accountserver\release\accountserver_x86_release.ipdb
c:\users\usuario\documents\yatops_nobackdoors\source\accountserver\release\accountserver_x86_release.iobj
c:\users\usuario\documents\yatops_nobackdoors\server\accountserver_x86_release.pdb
c:\users\usuario\documents\yatops_nobackdoors\source\accountserver\release\accountserver.res
c:\users\usuario\documents\yatops_nobackdoors\source\accountserver\..\..\server\accountserver_x86_release.pdb
c:\users\usuario\documents\yatops_nobackdoors\source\accountserver\release\accountserver.tlog\cl.10948.write.1.tlog
c:\users\usuario\documents\yatops_nobackdoors\source\accountserver\release\accountserver.tlog\cl.command.1.tlog
c:\users\usuario\documents\yatops_nobackdoors\source\accountserver\release\accountserver.tlog\cl.items.tlog
c:\users\usuario\documents\yatops_nobackdoors\source\accountserver\release\accountserver.tlog\cl.read.1.tlog
c:\users\usuario\documents\yatops_nobackdoors\source\accountserver\release\accountserver.tlog\link.command.1.tlog
c:\users\usuario\documents\yatops_nobackdoors\source\accountserver\release\accountserver.tlog\link.read.1.tlog
c:\users\usuario\documents\yatops_nobackdoors\source\accountserver\release\accountserver.tlog\link.write.1.tlog
c:\users\usuario\documents\yatops_nobackdoors\source\accountserver\release\accountserver.tlog\rc.command.1.tlog
c:\users\usuario\documents\yatops_nobackdoors\source\accountserver\release\accountserver.tlog\rc.read.1.tlog
c:\users\usuario\documents\yatops_nobackdoors\source\accountserver\release\accountserver.tlog\rc.write.1.tlog
