[09-25 00:31:50]Conencting to GroupServer...
[09-25 00:31:52]Connecting to GroupServer failed, reconnecting in 5 secs...
[09-25 00:31:55]begin connect database
[09-25 00:31:55]Guild list has not yet start the process of sql initializaton sentence
[09-25 00:31:57]Conencting to GroupServer...
[09-25 00:31:59]Connecting to GroupServer failed, reconnecting in 5 secs...
[09-25 00:32:00]begin connect database
[09-25 00:32:00]Guild list has not yet start the process of sql initializaton sentence
[09-25 00:32:04]Conencting to GroupServer...
[09-25 00:32:04]begin connect database
[09-25 00:32:04]Guild list has not yet start the process of sql initializaton sentence
[09-25 00:32:06]Connecting to GroupServer failed, reconnecting in 5 secs...
[09-25 00:32:11]Conencting to GroupServer...
[09-25 00:32:13]Connecting to GroupServer failed, reconnecting in 5 secs...
[09-25 00:32:18]Conencting to GroupServer...
[09-25 00:32:20]Connecting to GroupServer failed, reconnecting in 5 secs...
[09-25 00:32:25]Conencting to GroupServer...
[09-25 00:32:27]Connecting to GroupServer failed, reconnecting in 5 secs...
[09-25 00:32:32]Conencting to GroupServer...
[09-25 00:32:34]Connecting to GroupServer failed, reconnecting in 5 secs...
[09-25 00:32:37]begin connect database
[09-25 00:32:37]begin init AccountServer connect
[09-25 00:32:37]AccountServer:25.80.52.210,2321come ! Socket num:1
[09-25 00:32:37]begin read GroupServer.cfg
[09-25 00:32:37]begin load ChaNameFilter.txt
[09-25 00:32:37]begin listen port:2322
[09-25 00:32:37]open listen port:2322success, init is ok
[09-25 00:32:39]Conencting to GroupServer...
[09-25 00:32:39]GateServer:25.80.52.210,55664come ! Socket num:2
[09-25 00:32:39]connect GroupServer: 25.80.52.210,Socket num:1
[09-25 00:32:39]GateServer:25.80.52.210,55664TP_LOGIN1
[09-25 00:32:39]GateServer:25.80.52.210,55664TP_LOGIN2
[09-25 00:32:39]GateServer:25.80.52.210,55664TP_LOGIN3
[09-25 00:32:39]Successfully logged into GroupServer!
