c:\users\usuario\documents\yatops_nobackdoors\source\gameserver\release\attachable.obj
c:\users\usuario\documents\yatops_nobackdoors\source\gameserver\release\auctionitem.obj
c:\users\usuario\documents\yatops_nobackdoors\source\gameserver\release\characteraistate.obj
c:\users\usuario\documents\yatops_nobackdoors\source\gameserver\release\characterrun.obj
c:\users\usuario\documents\yatops_nobackdoors\source\gameserver\release\charstall.obj
c:\users\usuario\documents\yatops_nobackdoors\source\gameserver\release\entity.obj
c:\users\usuario\documents\yatops_nobackdoors\source\gameserver\release\evententity.obj
c:\users\usuario\documents\yatops_nobackdoors\source\gameserver\release\findpath.obj
c:\users\usuario\documents\yatops_nobackdoors\source\gameserver\release\gamedb.obj
c:\users\usuario\documents\yatops_nobackdoors\source\gameserver\release\harmrec.obj
c:\users\usuario\documents\yatops_nobackdoors\source\gameserver\release\mapres.obj
c:\users\usuario\documents\yatops_nobackdoors\source\gameserver\release\npc.obj
c:\users\usuario\documents\yatops_nobackdoors\source\gameserver\release\player.obj
c:\users\usuario\documents\yatops_nobackdoors\source\gameserver\release\submap.obj
c:\users\usuario\documents\yatops_nobackdoors\source\gameserver\release\xstring.obj
c:\users\usuario\documents\yatops_nobackdoors\source\gameserver\release\auction.obj
c:\users\usuario\documents\yatops_nobackdoors\source\gameserver\release\cfl_lock.obj
c:\users\usuario\documents\yatops_nobackdoors\source\gameserver\release\characterai.obj
c:\users\usuario\documents\yatops_nobackdoors\source\gameserver\release\characterpacket.obj
c:\users\usuario\documents\yatops_nobackdoors\source\gameserver\release\charboat.obj
c:\users\usuario\documents\yatops_nobackdoors\source\gameserver\release\config.obj
c:\users\usuario\documents\yatops_nobackdoors\source\gameserver\release\entityspawn.obj
c:\users\usuario\documents\yatops_nobackdoors\source\gameserver\release\eyeshotcell.obj
c:\users\usuario\documents\yatops_nobackdoors\source\gameserver\release\gameappnet.obj
c:\users\usuario\documents\yatops_nobackdoors\source\gameserver\release\gmsvr.obj
c:\users\usuario\documents\yatops_nobackdoors\source\gameserver\release\guild.obj
c:\users\usuario\documents\yatops_nobackdoors\source\gameserver\release\mapentry.obj
c:\users\usuario\documents\yatops_nobackdoors\source\gameserver\release\mission.obj
c:\users\usuario\documents\yatops_nobackdoors\source\gameserver\release\picset.obj
c:\users\usuario\documents\yatops_nobackdoors\source\gameserver\release\picture.obj
c:\users\usuario\documents\yatops_nobackdoors\source\gameserver\release\profilemonitor.obj
c:\users\usuario\documents\yatops_nobackdoors\source\gameserver\release\stdafx.obj
c:\users\usuario\documents\yatops_nobackdoors\source\gameserver\release\tradelogdb.obj
c:\users\usuario\documents\yatops_nobackdoors\source\gameserver\release\worldeudemon.obj
c:\users\usuario\documents\yatops_nobackdoors\source\gameserver\release\action.obj
c:\users\usuario\documents\yatops_nobackdoors\source\gameserver\release\birthplace.obj
c:\users\usuario\documents\yatops_nobackdoors\source\gameserver\release\character.obj
c:\users\usuario\documents\yatops_nobackdoors\source\gameserver\release\characterprl.obj
c:\users\usuario\documents\yatops_nobackdoors\source\gameserver\release\charscript.obj
c:\users\usuario\documents\yatops_nobackdoors\source\gameserver\release\entityalloc.obj
c:\users\usuario\documents\yatops_nobackdoors\source\gameserver\release\eventcalculate.obj
c:\users\usuario\documents\yatops_nobackdoors\source\gameserver\release\fightable.obj
c:\users\usuario\documents\yatops_nobackdoors\source\gameserver\release\gameserverapp.obj
c:\users\usuario\documents\yatops_nobackdoors\source\gameserver\release\item.obj
c:\users\usuario\documents\yatops_nobackdoors\source\gameserver\release\maptrigger.obj
c:\users\usuario\documents\yatops_nobackdoors\source\gameserver\release\moveable.obj
c:\users\usuario\documents\yatops_nobackdoors\source\gameserver\release\parser.obj
c:\users\usuario\documents\yatops_nobackdoors\source\gameserver\release\stackwalker.obj
c:\users\usuario\documents\yatops_nobackdoors\source\gameserver\release\statecell.obj
c:\users\usuario\documents\yatops_nobackdoors\source\gameserver\release\weather.obj
c:\users\usuario\documents\yatops_nobackdoors\source\gameserver\release\attachmanage.obj
c:\users\usuario\documents\yatops_nobackdoors\source\gameserver\release\cfl_iocp.obj
c:\users\usuario\documents\yatops_nobackdoors\source\gameserver\release\charactercmd.obj
c:\users\usuario\documents\yatops_nobackdoors\source\gameserver\release\charactersupercmd.obj
c:\users\usuario\documents\yatops_nobackdoors\source\gameserver\release\chartrade.obj
c:\users\usuario\documents\yatops_nobackdoors\source\gameserver\release\entityscript.obj
c:\users\usuario\documents\yatops_nobackdoors\source\gameserver\release\eventhandler.obj
c:\users\usuario\documents\yatops_nobackdoors\source\gameserver\release\gameapp.obj
c:\users\usuario\documents\yatops_nobackdoors\source\gameserver\release\gamesmain.obj
c:\users\usuario\documents\yatops_nobackdoors\source\gameserver\release\lua_gamectrl.obj
c:\users\usuario\documents\yatops_nobackdoors\source\gameserver\release\nolockrecord.obj
c:\users\usuario\documents\yatops_nobackdoors\source\gameserver\release\npcscript.obj
c:\users\usuario\documents\yatops_nobackdoors\source\gameserver\release\script.obj
c:\users\usuario\documents\yatops_nobackdoors\source\gameserver\release\systemdialog.obj
c:\users\usuario\documents\yatops_nobackdoors\source\gameserver\release\vc143.pdb
c:\users\usuario\documents\yatops_nobackdoors\server\gameserver_x86_release.exe
c:\users\usuario\documents\yatops_nobackdoors\source\gameserver\release\gameserver_x86_release.ipdb
c:\users\usuario\documents\yatops_nobackdoors\source\gameserver\release\gameserver_x86_release.iobj
c:\users\usuario\documents\yatops_nobackdoors\server\gameserver_x86_release.pdb
c:\users\usuario\documents\yatops_nobackdoors\source\gameserver\release\gameserver.res
c:\users\usuario\documents\yatops_nobackdoors\source\gameserver\..\..\server\gameserver_x86_release.pdb
c:\users\usuario\documents\yatops_nobackdoors\source\gameserver\release\gameserver.tlog\cl.12580.write.1.tlog
c:\users\usuario\documents\yatops_nobackdoors\source\gameserver\release\gameserver.tlog\cl.command.1.tlog
c:\users\usuario\documents\yatops_nobackdoors\source\gameserver\release\gameserver.tlog\cl.items.tlog
c:\users\usuario\documents\yatops_nobackdoors\source\gameserver\release\gameserver.tlog\cl.read.1.tlog
c:\users\usuario\documents\yatops_nobackdoors\source\gameserver\release\gameserver.tlog\link.command.1.tlog
c:\users\usuario\documents\yatops_nobackdoors\source\gameserver\release\gameserver.tlog\link.read.1.tlog
c:\users\usuario\documents\yatops_nobackdoors\source\gameserver\release\gameserver.tlog\link.write.1.tlog
c:\users\usuario\documents\yatops_nobackdoors\source\gameserver\release\gameserver.tlog\rc.command.1.tlog
c:\users\usuario\documents\yatops_nobackdoors\source\gameserver\release\gameserver.tlog\rc.read.1.tlog
c:\users\usuario\documents\yatops_nobackdoors\source\gameserver\release\gameserver.tlog\rc.write.1.tlog
