[04-26 13:58:25]Conencting to GroupServer...
[04-26 13:58:28]Connecting to GroupServer failed, reconnecting in 5 secs...
[04-26 13:58:33]Conencting to GroupServer...
[04-26 13:58:35]Connecting to GroupServer failed, reconnecting in 5 secs...
[04-26 13:58:40]Conencting to GroupServer...
[04-26 13:58:42]Connecting to GroupServer failed, reconnecting in 5 secs...
[04-26 13:58:47]Conencting to GroupServer...
[04-26 13:58:49]Connecting to GroupServer failed, reconnecting in 5 secs...
[04-26 13:58:52]begin connect database
[04-26 13:58:54]Conencting to GroupServer...
[04-26 13:58:56]Connecting to GroupServer failed, reconnecting in 5 secs...
[04-26 13:59:01]Conencting to GroupServer...
[04-26 13:59:03]Connecting to GroupServer failed, reconnecting in 5 secs...
[04-26 13:59:08]Conencting to GroupServer...
[04-26 13:59:10]Connecting to GroupServer failed, reconnecting in 5 secs...
[04-26 13:59:15]Conencting to GroupServer...
[04-26 13:59:17]Connecting to GroupServer failed, reconnecting in 5 secs...
[04-26 13:59:22]begin init AccountServer connect
[04-26 13:59:22]AccountServer:25.80.52.210,2321come ! Socket num:1
[04-26 13:59:22]Conencting to GroupServer...
[04-26 13:59:22]begin read GroupServer.cfg
[04-26 13:59:24]Connecting to GroupServer failed, reconnecting in 5 secs...
[04-26 13:59:24]begin load ChaNameFilter.txt
[04-26 13:59:24]begin listen port:2322
[04-26 13:59:24]open listen port:2322success, init is ok
[04-26 13:59:29]Conencting to GroupServer...
[04-26 13:59:29]GateServer:25.80.52.210,45340come ! Socket num:2
[04-26 13:59:29]connect GroupServer: 25.80.52.210,Socket num:1
[04-26 13:59:29]GateServer:25.80.52.210,45340TP_LOGIN1
[04-26 13:59:29]GateServer:25.80.52.210,45340TP_LOGIN2
[04-26 13:59:29]GateServer:25.80.52.210,45340TP_LOGIN3
[04-26 13:59:29]Successfully logged into GroupServer!
[04-26 14:23:49]disconnection with GroupServer,Socket num: 0,reason =远程主机强迫关闭了一个现有的连接。, reconnecting...
[04-26 14:23:49]Conencting to GroupServer...
