c:\users\usuario\documents\yatops_nobackdoors\source\libdbc\x64\debug\comm.obj
c:\users\usuario\documents\yatops_nobackdoors\source\libdbc\x64\debug\ntsvcobject.obj
c:\users\usuario\documents\yatops_nobackdoors\source\libdbc\x64\debug\receiver.obj
c:\users\usuario\documents\yatops_nobackdoors\source\libdbc\x64\debug\taskqueue.obj
c:\users\usuario\documents\yatops_nobackdoors\source\libdbc\x64\debug\acceptconnect.obj
c:\users\usuario\documents\yatops_nobackdoors\source\libdbc\x64\debug\logstream.obj
c:\users\usuario\documents\yatops_nobackdoors\source\libdbc\x64\debug\packetqueue.obj
c:\users\usuario\documents\yatops_nobackdoors\source\libdbc\x64\debug\sender.obj
c:\users\usuario\documents\yatops_nobackdoors\source\libdbc\x64\debug\datasocket.obj
c:\users\usuario\documents\yatops_nobackdoors\source\libdbc\x64\debug\dbccommon.obj
c:\users\usuario\documents\yatops_nobackdoors\source\libdbc\x64\debug\packetencryption.obj
c:\users\usuario\documents\yatops_nobackdoors\source\libdbc\x64\debug\threadpool.obj
c:\users\usuario\documents\yatops_nobackdoors\source\libdbc\x64\debug\commrpc.obj
c:\users\usuario\documents\yatops_nobackdoors\source\libdbc\x64\debug\inifile.obj
c:\users\usuario\documents\yatops_nobackdoors\source\libdbc\x64\debug\packet.obj
c:\users\usuario\documents\yatops_nobackdoors\source\libdbc\x64\debug\rwmutex.obj
c:\users\usuario\documents\yatops_nobackdoors\source\libdbc\x64\debug\timer.obj
c:\users\usuario\documents\yatops_nobackdoors\source\libdbc\x64\debug\libdbc_x64.pdb
c:\users\usuario\documents\yatops_nobackdoors\source\libdbc\x64\debug\libdbc_x64.lib
c:\users\usuario\documents\yatops_nobackdoors\source\libdbc\x64\debug\libdbc_x64.idb
c:\users\usuario\documents\yatops_nobackdoors\source\libdbc\x64\debug\libdbc.tlog\cl.10352.write.1.tlog
c:\users\usuario\documents\yatops_nobackdoors\source\libdbc\x64\debug\libdbc.tlog\cl.command.1.tlog
c:\users\usuario\documents\yatops_nobackdoors\source\libdbc\x64\debug\libdbc.tlog\cl.items.tlog
c:\users\usuario\documents\yatops_nobackdoors\source\libdbc\x64\debug\libdbc.tlog\cl.read.1.tlog
c:\users\usuario\documents\yatops_nobackdoors\source\libdbc\x64\debug\libdbc.tlog\lib-link.read.1.tlog
c:\users\usuario\documents\yatops_nobackdoors\source\libdbc\x64\debug\libdbc.tlog\lib-link.write.1.tlog
c:\users\usuario\documents\yatops_nobackdoors\source\libdbc\x64\debug\libdbc.tlog\lib.command.1.tlog
