[08-14 01:34:22]Ply[    0     0  3000],	Cha[ 9757  9757 24000],	Item[   19    19 30000],	TNpc[  143   143   300]
[08-14 01:35:22]Ply[    0     0  3000],	Cha[ 9757  9757 24000],	Item[   20    20 30000],	TNpc[  143   143   300]
[08-14 01:36:22]Ply[    0     0  3000],	Cha[ 9757  9757 24000],	Item[   20    20 30000],	TNpc[  143   143   300]
[08-14 01:37:22]Ply[    0     0  3000],	Cha[ 9757  9757 24000],	Item[   20    20 30000],	TNpc[  143   143   300]
[08-14 01:38:22]Ply[    0     0  3000],	Cha[ 9757  9757 24000],	Item[   20    20 30000],	TNpc[  143   143   300]
[08-14 01:39:22]Ply[    0     0  3000],	Cha[ 9757  9757 24000],	Item[   20    20 30000],	TNpc[  143   143   300]
[08-14 01:40:23]Ply[    0     0  3000],	Cha[ 9757  9757 24000],	Item[   20    20 30000],	TNpc[  143   143   300]
[08-14 01:41:23]Ply[    0     0  3000],	Cha[ 9757  9757 24000],	Item[   20    20 30000],	TNpc[  143   143   300]
[08-14 01:42:23]Ply[    0     0  3000],	Cha[ 9757  9757 24000],	Item[   20    20 30000],	TNpc[  143   143   300]
[08-14 01:43:23]Ply[    0     0  3000],	Cha[ 9757  9757 24000],	Item[   20    20 30000],	TNpc[  143   143   300]
[08-14 01:44:23]Ply[    0     0  3000],	Cha[ 9757  9757 24000],	Item[   20    20 30000],	TNpc[  143   143   300]
[08-14 01:45:23]Ply[    0     0  3000],	Cha[ 9757  9757 24000],	Item[   20    20 30000],	TNpc[  143   143   300]
[08-14 01:46:23]Ply[    0     0  3000],	Cha[ 9757  9757 24000],	Item[   20    20 30000],	TNpc[  143   143   300]
[08-14 01:47:23]Ply[    0     0  3000],	Cha[ 9757  9757 24000],	Item[   20    20 30000],	TNpc[  143   143   300]
[08-14 01:48:23]Ply[    0     0  3000],	Cha[ 9757  9757 24000],	Item[   20    20 30000],	TNpc[  143   143   300]
[08-14 01:49:23]Ply[    0     0  3000],	Cha[ 9757  9757 24000],	Item[   20    20 30000],	TNpc[  143   143   300]
[08-14 01:50:23]Ply[    0     0  3000],	Cha[ 9757  9757 24000],	Item[   20    20 30000],	TNpc[  143   143   300]
[08-14 01:51:23]Ply[    0     0  3000],	Cha[ 9757  9757 24000],	Item[   20    20 30000],	TNpc[  143   143   300]
[08-14 01:52:23]Ply[    0     0  3000],	Cha[ 9757  9757 24000],	Item[   20    20 30000],	TNpc[  143   143   300]
[08-14 01:53:23]Ply[    0     0  3000],	Cha[ 9757  9757 24000],	Item[   20    20 30000],	TNpc[  143   143   300]
[08-14 01:54:23]Ply[    0     0  3000],	Cha[ 9757  9757 24000],	Item[   20    20 30000],	TNpc[  143   143   300]
[08-14 01:55:23]Ply[    0     0  3000],	Cha[ 9757  9757 24000],	Item[   20    20 30000],	TNpc[  143   143   300]
[08-14 01:56:23]Ply[    0     0  3000],	Cha[ 9757  9757 24000],	Item[   20    20 30000],	TNpc[  143   143   300]
[08-14 01:57:23]Ply[    0     0  3000],	Cha[ 9757  9757 24000],	Item[   20    20 30000],	TNpc[  143   143   300]
[08-14 01:58:23]Ply[    0     0  3000],	Cha[ 9757  9757 24000],	Item[   20    20 30000],	TNpc[  143   143   300]
[08-14 01:59:23]Ply[    0     0  3000],	Cha[ 9757  9757 24000],	Item[   20    20 30000],	TNpc[  143   143   300]
[08-14 02:00:23]Ply[    0     0  3000],	Cha[ 9757  9757 24000],	Item[   20    20 30000],	TNpc[  143   143   300]
[08-14 02:01:23]Ply[    0     0  3000],	Cha[ 9757  9757 24000],	Item[   20    20 30000],	TNpc[  143   143   300]
[08-14 02:02:23]Ply[    0     0  3000],	Cha[ 9757  9757 24000],	Item[   20    20 30000],	TNpc[  143   143   300]
[08-14 02:03:23]Ply[    0     0  3000],	Cha[ 9757  9757 24000],	Item[   20    20 30000],	TNpc[  143   143   300]
[08-14 02:04:23]Ply[    0     0  3000],	Cha[ 9757  9757 24000],	Item[   20    20 30000],	TNpc[  143   143   300]
[08-14 02:05:23]Ply[    0     0  3000],	Cha[ 9757  9757 24000],	Item[   20    20 30000],	TNpc[  143   143   300]
[08-14 02:06:23]Ply[    0     0  3000],	Cha[ 9757  9757 24000],	Item[   20    20 30000],	TNpc[  143   143   300]
[08-14 02:07:23]Ply[    0     0  3000],	Cha[ 9757  9757 24000],	Item[   20    20 30000],	TNpc[  143   143   300]
[08-14 02:08:23]Ply[    0     0  3000],	Cha[ 9757  9757 24000],	Item[   20    20 30000],	TNpc[  143   143   300]
