[08-14 01:34:12]85,Sailor Helm,cha ID:1
[08-14 01:34:12]86,Pirate Helm,cha ID:1
[08-14 01:34:12]87,Second Mate Helm,cha ID:1
[08-14 01:34:12]90,Lieutenant Commander Helm,cha ID:1
[08-14 01:34:12]91,Commander Helm,cha ID:1
[08-14 01:34:12]92,Colonel Helm,cha ID:1
[08-14 01:34:12]93,General Helm,cha ID:1
[08-14 01:34:12]94,Marshal Helm,cha ID:1
[08-14 01:34:12]95,Major General Helm,cha ID:1
[08-14 01:34:12]96,Captain Helm,cha ID:1
[08-14 01:34:12]135,Arrow 01,cha ID:1
[08-14 01:34:12]149,Gunpowder 01,cha ID:1
[08-14 01:34:12]200,Left Plaster Glove,cha ID:1
[08-14 01:34:12]201,Left Brawler Glove,cha ID:1
[08-14 01:34:12]202,Left Master Glove,cha ID:1
[08-14 01:34:12]203,Left Jagged Blade,cha ID:1
[08-14 01:34:12]204,Left Cosmo Blade,cha ID:1
[08-14 01:34:12]205,Left Tiger Glove,cha ID:1
[08-14 01:34:12]206,Left Hand of Death,cha ID:1
[08-14 01:34:12]635,Lv 1 Strike Coral,cha ID:2
[08-14 01:34:12]636,Lv 2 Strike Coral,cha ID:2
[08-14 01:34:12]637,Lv 3 Strike Coral,cha ID:2
[08-14 01:34:12]638,Lv 4 Strike Coral,cha ID:2
[08-14 01:34:12]639,Lv 5 Strike Coral,cha ID:2
[08-14 01:34:12]1124,Chaos Framestone,cha ID:1
[08-14 01:34:12]1125,Chaos Clawstone,cha ID:1
[08-14 01:34:12]1126,Chaos Pawstone,cha ID:1
[08-14 01:34:12]1127,Chaos Crownstone,cha ID:4
[08-14 01:34:12]1999,Lance Failed Hairdo 1,cha ID:2
[08-14 01:34:12]2000,Hairdo 1,cha ID:2
[08-14 01:34:12]2001,Hairdo 2,cha ID:2
[08-14 01:34:12]2002,Hairdo 3,cha ID:2
[08-14 01:34:12]2003,Hairdo 4,cha ID:2
[08-14 01:34:12]2004,Hairdo 5,cha ID:2
[08-14 01:34:12]2005,Hairdo 6,cha ID:2
[08-14 01:34:12]2006,Hairdo 7,cha ID:2
[08-14 01:34:12]2007,Hairdo 8,cha ID:2
[08-14 01:34:12]2008,Event Commissioner,cha ID:2
[08-14 01:34:12]2009,Hairdo 1,cha ID:2
[08-14 01:34:12]2010,Hairdo 1,cha ID:2
[08-14 01:34:12]2011,Hairdo 1,cha ID:2
[08-14 01:34:12]2012,Hairdo 1,cha ID:2
[08-14 01:34:12]2013,Hairdo 1,cha ID:2
[08-14 01:34:12]2014,Hairdo 1,cha ID:2
[08-14 01:34:12]2015,Hairdo 2,cha ID:2
[08-14 01:34:12]2016,Hairdo 2,cha ID:2
[08-14 01:34:12]2017,Hairdo 2,cha ID:2
[08-14 01:34:12]2018,Hairdo 2,cha ID:2
[08-14 01:34:12]2019,Hairdo 2,cha ID:2
[08-14 01:34:12]2020,Hairdo 2,cha ID:2
[08-14 01:34:12]2021,Hairdo 3,cha ID:2
[08-14 01:34:12]2022,Hairdo 3,cha ID:2
[08-14 01:34:12]2023,Hairdo 3,cha ID:2
[08-14 01:34:12]2024,Hairdo 3,cha ID:2
[08-14 01:34:12]2025,Hairdo 3,cha ID:2
[08-14 01:34:12]2026,Hairdo 3,cha ID:2
[08-14 01:34:12]2027,Hairdo 4,cha ID:2
[08-14 01:34:12]2028,Hairdo 4,cha ID:2
[08-14 01:34:12]2029,Hairdo 4,cha ID:2
[08-14 01:34:12]2030,Hairdo 4,cha ID:2
[08-14 01:34:12]2031,Hairdo 4,cha ID:2
[08-14 01:34:12]2032,Hairdo 4,cha ID:2
[08-14 01:34:12]2033,Hairdo 5,cha ID:2
[08-14 01:34:12]2034,Hairdo 5,cha ID:2
[08-14 01:34:12]2035,Hairdo 5,cha ID:2
[08-14 01:34:12]2036,Hairdo 5,cha ID:2
[08-14 01:34:12]2037,Hairdo 5,cha ID:2
[08-14 01:34:12]2038,Hairdo 5,cha ID:2
[08-14 01:34:12]2039,Hairdo 5,cha ID:2
[08-14 01:34:12]2040,Hairdo 6,cha ID:2
[08-14 01:34:12]2041,Hairdo 6,cha ID:2
[08-14 01:34:12]2042,Hairdo 6,cha ID:2
[08-14 01:34:12]2043,Hairdo 6,cha ID:2
[08-14 01:34:12]2044,Hairdo 6,cha ID:2
[08-14 01:34:12]2045,Hairdo 6,cha ID:2
[08-14 01:34:12]2046,Hairdo 6,cha ID:2
[08-14 01:34:12]2047,Hairdo 7,cha ID:2
[08-14 01:34:12]2048,Hairdo 7,cha ID:2
[08-14 01:34:12]2049,Hairdo 7,cha ID:2
[08-14 01:34:12]2050,Hairdo 7,cha ID:2
[08-14 01:34:12]2051,Hairdo 7,cha ID:2
[08-14 01:34:12]2052,Hairdo 7,cha ID:2
[08-14 01:34:12]2053,Hairdo 7,cha ID:2
[08-14 01:34:12]2054,Hairdo 8,cha ID:2
[08-14 01:34:12]2055,Hairdo 8,cha ID:2
[08-14 01:34:12]2056,Hairdo 8,cha ID:2
[08-14 01:34:12]2057,Hairdo 8,cha ID:2
[08-14 01:34:12]2058,Hairdo 8,cha ID:2
[08-14 01:34:12]2059,Hairdo 8,cha ID:2
[08-14 01:34:12]2060,Guy 1 Bald Hairdo,cha ID:2
[08-14 01:34:12]2061,Lance Failed Hairdo 2,cha ID:2
[08-14 01:34:12]2062,Hairdo 1,cha ID:1
[08-14 01:34:12]2063,Hairdo 2,cha ID:1
[08-14 01:34:12]2064,Hairdo 3,cha ID:1
[08-14 01:34:12]2065,Hairdo 4,cha ID:1
[08-14 01:34:12]2066,Hairdo 5,cha ID:1
[08-14 01:34:12]2067,Hairdo 6,cha ID:1
[08-14 01:34:12]2068,Hairdo 7,cha ID:1
[08-14 01:34:12]2069,Hairdo 8,cha ID:1
[08-14 01:34:12]2070,Event Commissioner,cha ID:1
[08-14 01:34:12]2071,Hairdo 1,cha ID:1
[08-14 01:34:12]2072,Hairdo 1,cha ID:1
[08-14 01:34:12]2073,Hairdo 1,cha ID:1
[08-14 01:34:12]2074,Hairdo 1,cha ID:1
[08-14 01:34:12]2075,Hairdo 1,cha ID:1
[08-14 01:34:12]2076,Hairdo 1,cha ID:1
[08-14 01:34:12]2077,Hairdo 1,cha ID:1
[08-14 01:34:12]2078,Hairdo 2,cha ID:1
[08-14 01:34:12]2079,Hairdo 2,cha ID:1
[08-14 01:34:12]2080,Hairdo 2,cha ID:1
[08-14 01:34:12]2081,Hairdo 2,cha ID:1
[08-14 01:34:12]2082,Hairdo 2,cha ID:1
[08-14 01:34:12]2083,Hairdo 2,cha ID:1
[08-14 01:34:12]2084,Hairdo 3,cha ID:1
[08-14 01:34:12]2085,Hairdo 3,cha ID:1
[08-14 01:34:12]2086,Hairdo 3,cha ID:1
[08-14 01:34:12]2087,Hairdo 3,cha ID:1
[08-14 01:34:12]2088,Hairdo 3,cha ID:1
[08-14 01:34:12]2089,Hairdo 3,cha ID:1
[08-14 01:34:12]2090,Hairdo 4,cha ID:1
[08-14 01:34:12]2091,Hairdo 4,cha ID:1
[08-14 01:34:12]2092,Hairdo 4,cha ID:1
[08-14 01:34:12]2093,Hairdo 4,cha ID:1
[08-14 01:34:12]2094,Hairdo 4,cha ID:1
[08-14 01:34:12]2095,Hairdo 4,cha ID:1
[08-14 01:34:12]2096,Hairdo 4,cha ID:1
[08-14 01:34:12]2097,Hairdo 5,cha ID:1
[08-14 01:34:12]2098,Hairdo 5,cha ID:1
[08-14 01:34:12]2099,Hairdo 5,cha ID:1
[08-14 01:34:12]2100,Hairdo 5,cha ID:1
[08-14 01:34:12]2101,Hairdo 6,cha ID:1
[08-14 01:34:12]2102,Hairdo 6,cha ID:1
[08-14 01:34:12]2103,Hairdo 6,cha ID:1
[08-14 01:34:12]2104,Hairdo 6,cha ID:1
[08-14 01:34:12]2105,Hairdo 6,cha ID:1
[08-14 01:34:12]2106,Hairdo 6,cha ID:1
[08-14 01:34:12]2107,Hairdo 6,cha ID:1
[08-14 01:34:12]2108,Hairdo 7,cha ID:1
[08-14 01:34:12]2109,Hairdo 7,cha ID:1
[08-14 01:34:12]2110,Hairdo 7,cha ID:1
[08-14 01:34:12]2111,Hairdo 7,cha ID:1
[08-14 01:34:12]2112,Hairdo 7,cha ID:1
[08-14 01:34:12]2113,Hairdo 7,cha ID:1
[08-14 01:34:12]2114,Hairdo 8,cha ID:1
[08-14 01:34:12]2115,Hairdo 8,cha ID:1
[08-14 01:34:12]2116,Hairdo 8,cha ID:1
[08-14 01:34:12]2117,Hairdo 8,cha ID:1
[08-14 01:34:12]2118,Hairdo 8,cha ID:1
[08-14 01:34:12]2119,Hairdo 8,cha ID:1
[08-14 01:34:12]2120,Hairdo 8,cha ID:1
[08-14 01:34:12]2121,Carsise Failed Hairdo 1,cha ID:1
[08-14 01:34:12]2122,Guy 2 Bald Hairdo,cha ID:1
[08-14 01:34:12]2123,Carsise Failed Hairdo 2,cha ID:1
[08-14 01:34:12]2124,Hairdo 1,cha ID:1
[08-14 01:34:12]2125,Hairdo 2,cha ID:1
[08-14 01:34:12]2126,Hairdo 3,cha ID:1
[08-14 01:34:12]2127,Hairdo 4,cha ID:1
[08-14 01:34:12]2128,Hairdo 5,cha ID:1
[08-14 01:34:12]2129,Hairdo 6,cha ID:1
[08-14 01:34:12]2130,Hairdo 7,cha ID:1
[08-14 01:34:12]2131,Hairdo 8,cha ID:1
[08-14 01:34:12]2132,Event Commissioner,cha ID:1
[08-14 01:34:12]2133,Hairdo 1,cha ID:1
[08-14 01:34:12]2134,Hairdo 1,cha ID:1
[08-14 01:34:12]2135,Hairdo 1,cha ID:1
[08-14 01:34:12]2136,Hairdo 1,cha ID:1
[08-14 01:34:12]2137,Hairdo 1,cha ID:1
[08-14 01:34:12]2138,Hairdo 1,cha ID:1
[08-14 01:34:12]2139,Hairdo 1,cha ID:1
[08-14 01:34:12]2140,Hairdo 2,cha ID:1
[08-14 01:34:12]2141,Hairdo 2,cha ID:1
[08-14 01:34:12]2142,Hairdo 2,cha ID:1
[08-14 01:34:12]2143,Hairdo 2,cha ID:1
[08-14 01:34:12]2144,Hairdo 2,cha ID:1
[08-14 01:34:12]2145,Hairdo 2,cha ID:1
[08-14 01:34:12]2146,Hairdo 3,cha ID:1
[08-14 01:34:12]2147,Hairdo 3,cha ID:1
[08-14 01:34:12]2148,Hairdo 3,cha ID:1
[08-14 01:34:12]2149,Hairdo 3,cha ID:1
[08-14 01:34:12]2150,Hairdo 3,cha ID:1
[08-14 01:34:12]2151,Hairdo 3,cha ID:1
[08-14 01:34:12]2152,Hairdo 4,cha ID:1
[08-14 01:34:12]2153,Hairdo 4,cha ID:1
[08-14 01:34:12]2154,Hairdo 4,cha ID:1
[08-14 01:34:12]2155,Hairdo 4,cha ID:1
[08-14 01:34:12]2156,Hairdo 4,cha ID:1
[08-14 01:34:12]2157,Hairdo 4,cha ID:1
[08-14 01:34:12]2158,Hairdo 5,cha ID:1
[08-14 01:34:12]2159,Hairdo 5,cha ID:1
[08-14 01:34:12]2160,Hairdo 5,cha ID:1
[08-14 01:34:12]2161,Hairdo 5,cha ID:1
[08-14 01:34:12]2162,Hairdo 5,cha ID:1
[08-14 01:34:12]2163,Hairdo 5,cha ID:1
[08-14 01:34:12]2164,Hairdo 6,cha ID:1
[08-14 01:34:12]2165,Hairdo 6,cha ID:1
[08-14 01:34:12]2166,Hairdo 6,cha ID:1
[08-14 01:34:12]2167,Hairdo 6,cha ID:1
[08-14 01:34:12]2168,Hairdo 6,cha ID:1
[08-14 01:34:12]2169,Hairdo 6,cha ID:1
[08-14 01:34:12]2170,Hairdo 7,cha ID:1
[08-14 01:34:12]2171,Hairdo 7,cha ID:1
[08-14 01:34:12]2172,Hairdo 7,cha ID:1
[08-14 01:34:12]2173,Hairdo 7,cha ID:1
[08-14 01:34:12]2174,Hairdo 7,cha ID:1
[08-14 01:34:12]2175,Hairdo 7,cha ID:1
[08-14 01:34:12]2176,Hairdo 8,cha ID:1
[08-14 01:34:12]2177,Hairdo 8,cha ID:1
[08-14 01:34:12]2178,Hairdo 8,cha ID:1
[08-14 01:34:12]2179,Hairdo 8,cha ID:1
[08-14 01:34:12]2180,Hairdo 8,cha ID:1
[08-14 01:34:12]2181,Hairdo 8,cha ID:1
[08-14 01:34:12]2182,Phyllis Failed Hairdo 1,cha ID:1
[08-14 01:34:12]2183,Phyllis Failed Hairdo 2,cha ID:1
[08-14 01:34:12]2184,Girl 1 Bald Hairdo,cha ID:1
[08-14 01:34:12]2185,Girl 1 Hair Makeup 01,cha ID:1
[08-14 01:34:12]2186,Girl 2 Hair 00,cha ID:1
[08-14 01:34:12]2275,Lance Trendy Hairdo 1,cha ID:4
[08-14 01:34:12]2276,Lance Trendy Hairdo 2,cha ID:4
[08-14 01:34:12]2277,Lance Trendy Hairdo 3,cha ID:4
[08-14 01:34:12]2278,Lance Trendy Hairdo 4,cha ID:4
[08-14 01:34:12]2279,Carsise Trendy Hairdo 1,cha ID:4
[08-14 01:34:12]2280,Carsise Trendy Hairdo 2,cha ID:4
[08-14 01:34:12]2281,Carsise Trendy Hairdo 3,cha ID:4
[08-14 01:34:12]2282,Carsise Trendy Hairdo 4,cha ID:4
[08-14 01:34:12]2283,Phyllis Trendy Hairdo 1,cha ID:4
[08-14 01:34:12]2284,Phyllis Trendy Hairdo 2,cha ID:4
[08-14 01:34:12]2285,Phyllis Trendy Hairdo 3,cha ID:4
[08-14 01:34:12]2286,Phyllis Trendy Hairdo 4,cha ID:4
[08-14 01:34:12]2434,Arrow 02,cha ID:1
[08-14 01:34:12]2448,Gunpowder 02,cha ID:1
[08-14 01:34:12]2499,Left Plaster Glove,cha ID:1
[08-14 01:34:12]2500,Left Brawler Glove,cha ID:1
[08-14 01:34:12]2501,Left Master Glove,cha ID:1
[08-14 01:34:12]2502,Left Jagged Blade,cha ID:1
[08-14 01:34:12]2503,Left Cosmo Blade,cha ID:1
[08-14 01:34:12]2504,Left Tiger Glove,cha ID:1
[08-14 01:34:12]2505,Left Hand of Death,cha ID:1
[08-14 01:34:12]2530,Hephaestus Framestone,cha ID:2
[08-14 01:34:12]2531,Hephaestus Clawstone,cha ID:2
[08-14 01:34:12]2532,Hephaestus Pawstone,cha ID:2
[08-14 01:34:12]2533,Hermes Framestone,cha ID:1
[08-14 01:34:12]2534,Hermes Clawstone,cha ID:1
[08-14 01:34:12]2535,Hermes Pawstone,cha ID:1
[08-14 01:34:12]2536,Apollo Framestone,cha ID:1
[08-14 01:34:12]2537,Apollo Clawstone,cha ID:1
[08-14 01:34:12]2538,Apollo Pawstone,cha ID:1
[08-14 01:34:12]2539,Poseidon Framestone,cha ID:1
[08-14 01:34:12]2540,Poseidon Clawstone,cha ID:1
[08-14 01:34:12]2541,Poseidon Pawstone,cha ID:1
[08-14 01:34:12]2542,Hestia Framestone,cha ID:3
[08-14 01:34:12]2543,Hestia Clawstone,cha ID:3
[08-14 01:34:12]2544,Hestia Pawstone,cha ID:3
[08-14 01:34:12]2545,Athena Framestone,cha ID:3
[08-14 01:34:12]2546,Athena Clawstone,cha ID:3
[08-14 01:34:12]2547,Athena Pawstone,cha ID:3
[08-14 01:34:12]2548,Artemis Crownstone,cha ID:4
[08-14 01:34:13]3061,Bear Shoes,cha ID:4
[08-14 01:34:13]3285,Calculator,cha ID:1
[08-14 01:34:13]3287,Laptop Computer,cha ID:1
[08-14 01:34:13]5071,Greatsword of Cadaver,cha ID:1
[08-14 01:34:13]5074,Dagger of Cadaver,cha ID:2
[08-14 01:34:13]5081,Nightmare Vest,cha ID:1
[08-14 01:34:13]5082,Nightmare Gloves,cha ID:1
[08-14 01:34:13]5083,Nightmare Boots,cha ID:1
[08-14 01:34:13]5209,August Greataxe 1,cha ID:1
[08-14 01:34:13]5212,August Dagger 1,cha ID:2
[08-14 01:34:13]5214,August Greataxe 2,cha ID:1
[08-14 01:34:13]5217,August Dagger 2,cha ID:2
[08-14 01:34:13]9161,Nightmare Demonic Gauntlets,cha ID:1
[08-14 01:34:13]9162,Nightmare Demonic Armor,cha ID:1
[08-14 01:34:13]9163,Nightmare Demonic Boots,cha ID:1
[08-14 01:34:13]9172,Unique Strike Coral,cha ID:2
[08-14 01:34:13]9311,Jack Strike Coral (Permanent),cha ID:2
[08-14 01:34:13]9409,Invisio Helm - Lance,cha ID:1
[08-14 01:34:13]9410,Invisio Helm - Carsise,cha ID:2
[08-14 01:34:13]9411,Invisio Helm - Phyllis,cha ID:3
[08-14 01:34:13]9412,Invisio Helm - Ami,cha ID:4
[08-14 01:34:13]10291,Goku Hat,cha ID:3
