[08-14 01:34:21]create character failed
[08-14 01:34:21]create character failed
[08-14 01:34:21]create character failed
[08-14 01:34:21]create character failed
[08-14 01:34:21]create character failed
[08-14 01:34:21]create character failed
[08-14 01:34:21]create character failed
[08-14 01:34:21]create character failed
[08-14 01:34:21]create character failed
[08-14 01:34:21]create character failed
[08-14 01:34:21]create character failed
[08-14 01:34:21]create character failed
[08-14 01:34:21]create character failed
[08-14 01:34:21]create character failed
[08-14 01:34:22]can't find pointer map[garner], keep former map!
[08-14 01:34:22]can't find pointer map[darkblue], keep former map!
[08-14 01:34:22]can't find pointer map[lonetower], keep former map!
[08-14 01:34:22]can't find pointer map[secretgarden], keep former map!
[08-14 01:34:22]can't find pointer map[secretgarden], keep former map!
[08-14 01:34:22]can't find pointer map[secretgarden], keep former map!
[08-14 01:34:22]can't find pointer map[eastgoaf], keep former map!
[08-14 01:34:22]can't find pointer map[guildwar], keep former map!
[08-14 01:34:22]can't find pointer map[guildwar2], keep former map!
[08-14 01:34:22]can't find pointer map[guildwar], keep former map!
[08-14 01:34:22]can't find pointer map[guildwar2], keep former map!
[08-14 01:34:22]can't find pointer map[07xmas2], keep former map!
[08-14 01:34:22]can't find pointer map[sdBoss], keep former map!
