[12-14 17:16:45]Conencting to GroupServer...
[12-14 17:16:47]Connecting to GroupServer failed, reconnecting in 5 secs...
[12-14 17:16:52]Conencting to GroupServer...
[12-14 17:16:54]Connecting to GroupServer failed, reconnecting in 5 secs...
[12-14 17:16:58]begin connect database
[12-14 17:16:59]Conencting to GroupServer...
[12-14 17:16:59]begin init AccountServer connect
[12-14 17:16:59]AccountServer:25.80.52.210,2321come ! Socket num:1
[12-14 17:16:59]begin read GroupServer.cfg
[12-14 17:16:59]begin load ChaNameFilter.txt
[12-14 17:16:59]begin listen port:2322
[12-14 17:16:59]open listen port:2322success, init is ok
[12-14 17:17:00]connect GroupServer: 25.80.52.210,Socket num:1
[12-14 17:17:00]GateServer:25.80.52.210,58362come ! Socket num:2
[12-14 17:17:00]GateServer:25.80.52.210,58362TP_LOGIN1
[12-14 17:17:00]GateServer:25.80.52.210,58362TP_LOGIN2
[12-14 17:17:00]GateServer:25.80.52.210,58362TP_LOGIN3
[12-14 17:17:00]Successfully logged into GroupServer!
[12-14 17:20:17]disconnection with GroupServer,Socket num: 0,reason =远程主机强迫关闭了一个现有的连接。, reconnecting...
[12-14 17:20:18]Conencting to GroupServer...
[12-14 17:20:20]Connecting to GroupServer failed, reconnecting in 5 secs...
[12-14 17:20:25]Conencting to GroupServer...
[12-14 17:20:27]Connecting to GroupServer failed, reconnecting in 5 secs...
[12-14 17:20:32]Conencting to GroupServer...
[12-14 17:20:34]Connecting to GroupServer failed, reconnecting in 5 secs...
[12-14 17:20:39]Conencting to GroupServer...
[12-14 17:20:41]Connecting to GroupServer failed, reconnecting in 5 secs...
[12-14 17:20:46]Conencting to GroupServer...
[12-14 17:20:48]Connecting to GroupServer failed, reconnecting in 5 secs...
[12-14 17:20:53]Conencting to GroupServer...
[12-14 17:20:55]Connecting to GroupServer failed, reconnecting in 5 secs...
[12-14 17:21:00]Conencting to GroupServer...
[12-14 17:21:02]Connecting to GroupServer failed, reconnecting in 5 secs...
[12-14 17:21:07]Conencting to GroupServer...
[12-14 17:21:09]Connecting to GroupServer failed, reconnecting in 5 secs...
[12-14 17:21:14]Conencting to GroupServer...
[12-14 17:21:17]Connecting to GroupServer failed, reconnecting in 5 secs...
[12-14 17:21:22]Conencting to GroupServer...
[12-14 17:21:24]Connecting to GroupServer failed, reconnecting in 5 secs...
[12-14 17:21:29]Conencting to GroupServer...
[12-14 17:21:31]Connecting to GroupServer failed, reconnecting in 5 secs...
[12-14 17:21:36]Conencting to GroupServer...
[12-14 17:21:38]Connecting to GroupServer failed, reconnecting in 5 secs...
[12-14 17:21:43]Conencting to GroupServer...
[12-14 17:21:45]Connecting to GroupServer failed, reconnecting in 5 secs...
[12-14 17:21:50]Conencting to GroupServer...
[12-14 17:21:52]Connecting to GroupServer failed, reconnecting in 5 secs...
[12-14 17:21:57]Conencting to GroupServer...
[12-14 17:21:59]Connecting to GroupServer failed, reconnecting in 5 secs...
[12-14 17:22:04]Conencting to GroupServer...
[12-14 17:22:06]Connecting to GroupServer failed, reconnecting in 5 secs...
[12-14 17:22:11]Conencting to GroupServer...
[12-14 17:22:13]Connecting to GroupServer failed, reconnecting in 5 secs...
[12-14 17:22:18]Conencting to GroupServer...
[12-14 17:22:20]Connecting to GroupServer failed, reconnecting in 5 secs...
[12-14 17:22:25]Conencting to GroupServer...
[12-14 17:22:27]Connecting to GroupServer failed, reconnecting in 5 secs...
[12-14 17:22:32]Conencting to GroupServer...
[12-14 17:22:34]Connecting to GroupServer failed, reconnecting in 5 secs...
[12-14 17:22:39]Conencting to GroupServer...
[12-14 17:22:41]Connecting to GroupServer failed, reconnecting in 5 secs...
[12-14 17:22:46]Conencting to GroupServer...
[12-14 17:22:48]Connecting to GroupServer failed, reconnecting in 5 secs...
[12-14 17:22:53]Conencting to GroupServer...
[12-14 17:22:55]Connecting to GroupServer failed, reconnecting in 5 secs...
[12-14 17:23:00]Conencting to GroupServer...
[12-14 17:23:02]Connecting to GroupServer failed, reconnecting in 5 secs...
[12-14 17:23:07]Conencting to GroupServer...
[12-14 17:23:10]Connecting to GroupServer failed, reconnecting in 5 secs...
[12-14 17:23:15]Conencting to GroupServer...
[12-14 17:23:17]Connecting to GroupServer failed, reconnecting in 5 secs...
[12-14 17:23:22]Conencting to GroupServer...
[12-14 17:23:24]Connecting to GroupServer failed, reconnecting in 5 secs...
[12-14 17:23:29]Conencting to GroupServer...
[12-14 17:23:31]Connecting to GroupServer failed, reconnecting in 5 secs...
[12-14 17:23:36]Conencting to GroupServer...
[12-14 17:23:38]Connecting to GroupServer failed, reconnecting in 5 secs...
[12-14 17:23:43]Conencting to GroupServer...
[12-14 17:23:45]Connecting to GroupServer failed, reconnecting in 5 secs...
[12-14 17:23:50]Conencting to GroupServer...
[12-14 17:23:52]Connecting to GroupServer failed, reconnecting in 5 secs...
[12-14 17:23:57]Conencting to GroupServer...
[12-14 17:23:59]Connecting to GroupServer failed, reconnecting in 5 secs...
[12-14 17:24:04]Conencting to GroupServer...
[12-14 17:24:06]Connecting to GroupServer failed, reconnecting in 5 secs...
[12-14 17:24:11]Conencting to GroupServer...
[12-14 17:24:13]Connecting to GroupServer failed, reconnecting in 5 secs...
[12-14 17:24:18]Conencting to GroupServer...
[12-14 17:24:20]Connecting to GroupServer failed, reconnecting in 5 secs...
[12-14 17:24:25]Conencting to GroupServer...
[12-14 17:24:27]Connecting to GroupServer failed, reconnecting in 5 secs...
[12-14 17:24:32]Conencting to GroupServer...
[12-14 17:24:34]Connecting to GroupServer failed, reconnecting in 5 secs...
[12-14 17:24:39]Conencting to GroupServer...
[12-14 17:24:41]Connecting to GroupServer failed, reconnecting in 5 secs...
[12-14 17:24:46]Conencting to GroupServer...
[12-14 17:24:48]Connecting to GroupServer failed, reconnecting in 5 secs...
[12-14 17:24:53]Conencting to GroupServer...
[12-14 17:24:55]Connecting to GroupServer failed, reconnecting in 5 secs...
[12-14 17:25:00]Conencting to GroupServer...
[12-14 17:25:02]Connecting to GroupServer failed, reconnecting in 5 secs...
[12-14 17:25:07]Conencting to GroupServer...
[12-14 17:25:09]Connecting to GroupServer failed, reconnecting in 5 secs...
[12-14 17:25:14]Conencting to GroupServer...
[12-14 17:25:16]Connecting to GroupServer failed, reconnecting in 5 secs...
[12-14 17:25:21]Conencting to GroupServer...
[12-14 17:25:23]Connecting to GroupServer failed, reconnecting in 5 secs...
[12-14 17:25:28]Conencting to GroupServer...
[12-14 17:25:31]Connecting to GroupServer failed, reconnecting in 5 secs...
[12-14 17:25:36]Conencting to GroupServer...
[12-14 17:25:38]Connecting to GroupServer failed, reconnecting in 5 secs...
