c:\users\usuario\documents\yatops_nobackdoors\source\groupserver\release\dbconnect.obj
c:\users\usuario\documents\yatops_nobackdoors\source\groupserver\release\groupserverappmaster.obj
c:\users\usuario\documents\yatops_nobackdoors\source\groupserver\release\groupsmain.obj
c:\users\usuario\documents\yatops_nobackdoors\source\groupserver\release\guildmember.obj
c:\users\usuario\documents\yatops_nobackdoors\source\groupserver\release\master.obj
c:\users\usuario\documents\yatops_nobackdoors\source\groupserver\release\stdafx.obj
c:\users\usuario\documents\yatops_nobackdoors\source\groupserver\release\friend.obj
c:\users\usuario\documents\yatops_nobackdoors\source\groupserver\release\groupserverappfrnd.obj
c:\users\usuario\documents\yatops_nobackdoors\source\groupserver\release\groupserverappprsn.obj
c:\users\usuario\documents\yatops_nobackdoors\source\groupserver\release\guild.obj
c:\users\usuario\documents\yatops_nobackdoors\source\groupserver\release\parser.obj
c:\users\usuario\documents\yatops_nobackdoors\source\groupserver\release\sessionchat.obj
c:\users\usuario\documents\yatops_nobackdoors\source\groupserver\release\groupserverapp.obj
c:\users\usuario\documents\yatops_nobackdoors\source\groupserver\release\groupserverappguld.obj
c:\users\usuario\documents\yatops_nobackdoors\source\groupserver\release\groupserverappserv.obj
c:\users\usuario\documents\yatops_nobackdoors\source\groupserver\release\luafunc.obj
c:\users\usuario\documents\yatops_nobackdoors\source\groupserver\release\script.obj
c:\users\usuario\documents\yatops_nobackdoors\source\groupserver\release\team.obj
c:\users\usuario\documents\yatops_nobackdoors\source\groupserver\release\groupserverappchat.obj
c:\users\usuario\documents\yatops_nobackdoors\source\groupserver\release\groupserverappinit.obj
c:\users\usuario\documents\yatops_nobackdoors\source\groupserver\release\groupserverappteam.obj
c:\users\usuario\documents\yatops_nobackdoors\source\groupserver\release\invitation.obj
c:\users\usuario\documents\yatops_nobackdoors\source\groupserver\release\player.obj
c:\users\usuario\documents\yatops_nobackdoors\source\groupserver\release\teammember.obj
c:\users\usuario\documents\yatops_nobackdoors\source\groupserver\release\vc143.pdb
c:\users\usuario\documents\yatops_nobackdoors\server\groupserver_x86_release.exe
c:\users\usuario\documents\yatops_nobackdoors\source\groupserver\release\groupserver_x86_release.ipdb
c:\users\usuario\documents\yatops_nobackdoors\source\groupserver\release\groupserver_x86_release.iobj
c:\users\usuario\documents\yatops_nobackdoors\server\groupserver_x86_release.pdb
c:\users\usuario\documents\yatops_nobackdoors\source\groupserver\release\groupserver.res
c:\users\usuario\documents\yatops_nobackdoors\source\groupserver\..\..\server\groupserver_x86_release.pdb
c:\users\usuario\documents\yatops_nobackdoors\source\groupserver\release\groupserver.tlog\cl.13196.write.1.tlog
c:\users\usuario\documents\yatops_nobackdoors\source\groupserver\release\groupserver.tlog\cl.command.1.tlog
c:\users\usuario\documents\yatops_nobackdoors\source\groupserver\release\groupserver.tlog\cl.items.tlog
c:\users\usuario\documents\yatops_nobackdoors\source\groupserver\release\groupserver.tlog\cl.read.1.tlog
c:\users\usuario\documents\yatops_nobackdoors\source\groupserver\release\groupserver.tlog\link.command.1.tlog
c:\users\usuario\documents\yatops_nobackdoors\source\groupserver\release\groupserver.tlog\link.read.1.tlog
c:\users\usuario\documents\yatops_nobackdoors\source\groupserver\release\groupserver.tlog\link.write.1.tlog
c:\users\usuario\documents\yatops_nobackdoors\source\groupserver\release\groupserver.tlog\rc.command.1.tlog
c:\users\usuario\documents\yatops_nobackdoors\source\groupserver\release\groupserver.tlog\rc.read.1.tlog
c:\users\usuario\documents\yatops_nobackdoors\source\groupserver\release\groupserver.tlog\rc.write.1.tlog
