[08-14 01:34:21]Ply[    0     0  3000],	Cha[ 4191  4191 24000],	Item[   50    50 30000],	TNpc[    5     5   300]
[08-14 01:35:21]Ply[    0     0  3000],	Cha[ 4191  4191 24000],	Item[   50    50 30000],	TNpc[    5     5   300]
[08-14 01:36:21]Ply[    0     0  3000],	Cha[ 4191  4191 24000],	Item[   50    50 30000],	TNpc[    5     5   300]
[08-14 01:37:21]Ply[    0     0  3000],	Cha[ 4191  4191 24000],	Item[   50    50 30000],	TNpc[    5     5   300]
[08-14 01:38:21]Ply[    0     0  3000],	Cha[ 4191  4191 24000],	Item[   50    50 30000],	TNpc[    5     5   300]
[08-14 01:39:21]Ply[    0     0  3000],	Cha[ 4191  4191 24000],	Item[   50    50 30000],	TNpc[    5     5   300]
[08-14 01:40:21]Ply[    0     0  3000],	Cha[ 4191  4191 24000],	Item[   50    50 30000],	TNpc[    5     5   300]
[08-14 01:41:21]Ply[    0     0  3000],	Cha[ 4191  4191 24000],	Item[   50    50 30000],	TNpc[    5     5   300]
[08-14 01:42:21]Ply[    0     0  3000],	Cha[ 4191  4191 24000],	Item[   50    50 30000],	TNpc[    5     5   300]
[08-14 01:43:21]Ply[    0     0  3000],	Cha[ 4191  4191 24000],	Item[   50    50 30000],	TNpc[    5     5   300]
[08-14 01:44:21]Ply[    0     0  3000],	Cha[ 4191  4191 24000],	Item[   50    50 30000],	TNpc[    5     5   300]
[08-14 01:45:22]Ply[    0     0  3000],	Cha[ 4191  4191 24000],	Item[   50    50 30000],	TNpc[    5     5   300]
[08-14 01:46:22]Ply[    0     0  3000],	Cha[ 4191  4191 24000],	Item[   50    50 30000],	TNpc[    5     5   300]
[08-14 01:47:22]Ply[    0     0  3000],	Cha[ 4191  4191 24000],	Item[   50    50 30000],	TNpc[    5     5   300]
[08-14 01:48:22]Ply[    0     0  3000],	Cha[ 4191  4191 24000],	Item[   50    50 30000],	TNpc[    5     5   300]
[08-14 01:49:22]Ply[    0     0  3000],	Cha[ 4191  4191 24000],	Item[   50    50 30000],	TNpc[    5     5   300]
[08-14 01:50:22]Ply[    0     0  3000],	Cha[ 4191  4191 24000],	Item[   50    50 30000],	TNpc[    5     5   300]
[08-14 01:51:22]Ply[    0     0  3000],	Cha[ 4191  4191 24000],	Item[   50    50 30000],	TNpc[    5     5   300]
[08-14 01:52:22]Ply[    0     0  3000],	Cha[ 4191  4191 24000],	Item[   50    50 30000],	TNpc[    5     5   300]
[08-14 01:53:22]Ply[    0     0  3000],	Cha[ 4191  4191 24000],	Item[   50    50 30000],	TNpc[    5     5   300]
[08-14 01:54:22]Ply[    0     0  3000],	Cha[ 4191  4191 24000],	Item[   50    50 30000],	TNpc[    5     5   300]
[08-14 01:55:22]Ply[    0     0  3000],	Cha[ 4191  4191 24000],	Item[   50    50 30000],	TNpc[    5     5   300]
[08-14 01:56:22]Ply[    0     0  3000],	Cha[ 4191  4191 24000],	Item[   50    50 30000],	TNpc[    5     5   300]
[08-14 01:57:22]Ply[    0     0  3000],	Cha[ 4191  4191 24000],	Item[   50    50 30000],	TNpc[    5     5   300]
[08-14 01:58:22]Ply[    0     0  3000],	Cha[ 4191  4191 24000],	Item[   50    50 30000],	TNpc[    5     5   300]
[08-14 01:59:22]Ply[    0     0  3000],	Cha[ 4191  4191 24000],	Item[   50    50 30000],	TNpc[    5     5   300]
[08-14 02:00:22]Ply[    0     0  3000],	Cha[ 4191  4191 24000],	Item[   50    50 30000],	TNpc[    5     5   300]
[08-14 02:01:22]Ply[    0     0  3000],	Cha[ 4191  4191 24000],	Item[   50    50 30000],	TNpc[    5     5   300]
[08-14 02:02:22]Ply[    0     0  3000],	Cha[ 4191  4191 24000],	Item[   50    50 30000],	TNpc[    5     5   300]
[08-14 02:03:22]Ply[    0     0  3000],	Cha[ 4191  4191 24000],	Item[   50    50 30000],	TNpc[    5     5   300]
[08-14 02:04:22]Ply[    0     0  3000],	Cha[ 4191  4191 24000],	Item[   50    50 30000],	TNpc[    5     5   300]
[08-14 02:05:22]Ply[    0     0  3000],	Cha[ 4191  4191 24000],	Item[   50    50 30000],	TNpc[    5     5   300]
[08-14 02:06:22]Ply[    0     0  3000],	Cha[ 4191  4191 24000],	Item[   50    50 30000],	TNpc[    5     5   300]
[08-14 02:07:22]Ply[    0     0  3000],	Cha[ 4191  4191 24000],	Item[   50    50 30000],	TNpc[    5     5   300]
[08-14 02:08:22]Ply[    0     0  3000],	Cha[ 4191  4191 24000],	Item[   50    50 30000],	TNpc[    5     5   300]
