[08-14 01:34:12]85,Sailor Helm,cha ID:1
[08-14 01:34:12]86,Pirate Helm,cha ID:1
[08-14 01:34:12]87,Second Mate Helm,cha ID:1
[08-14 01:34:12]90,Lieutenant Commander Helm,cha ID:1
[08-14 01:34:12]91,Commander Helm,cha ID:1
[08-14 01:34:12]92,Colonel Helm,cha ID:1
[08-14 01:34:12]93,General Helm,cha ID:1
[08-14 01:34:12]94,Marshal Helm,cha ID:1
[08-14 01:34:12]95,Major General Helm,cha ID:1
[08-14 01:34:12]96,Captain Helm,cha ID:1
[08-14 01:34:12]135,Arrow 01,cha ID:1
[08-14 01:34:12]149,Gunpowder 01,cha ID:1
[08-14 01:34:12]200,Left Plaster Glove,cha ID:1
[08-14 01:34:12]201,Left Brawler Glove,cha ID:1
[08-14 01:34:12]202,Left Master Glove,cha ID:1
[08-14 01:34:12]203,Left Jagged Blade,cha ID:1
[08-14 01:34:12]204,Left Cosmo Blade,cha ID:1
[08-14 01:34:12]205,Left Tiger Glove,cha ID:1
[08-14 01:34:12]206,Left Hand of Death,cha ID:1
[08-14 01:34:12]635,Lv 1 Strike Coral,cha ID:2
[08-14 01:34:12]636,Lv 2 Strike Coral,cha ID:2
[08-14 01:34:12]637,Lv 3 Strike Coral,cha ID:2
[08-14 01:34:12]638,Lv 4 Strike Coral,cha ID:2
[08-14 01:34:12]639,Lv 5 Strike Coral,cha ID:2
[08-14 01:34:12]1124,Chaos Framestone,cha ID:1
[08-14 01:34:12]1125,Chaos Clawstone,cha ID:1
[08-14 01:34:12]1126,Chaos Pawstone,cha ID:1
[08-14 01:34:12]1127,Chaos Crownstone,cha ID:4
[08-14 01:34:13]1999,Lance Failed Hairdo 1,cha ID:2
[08-14 01:34:13]2000,Hairdo 1,cha ID:2
[08-14 01:34:13]2001,Hairdo 2,cha ID:2
[08-14 01:34:13]2002,Hairdo 3,cha ID:2
[08-14 01:34:13]2003,Hairdo 4,cha ID:2
[08-14 01:34:13]2004,Hairdo 5,cha ID:2
[08-14 01:34:13]2005,Hairdo 6,cha ID:2
[08-14 01:34:13]2006,Hairdo 7,cha ID:2
[08-14 01:34:13]2007,Hairdo 8,cha ID:2
[08-14 01:34:13]2008,Event Commissioner,cha ID:2
[08-14 01:34:13]2009,Hairdo 1,cha ID:2
[08-14 01:34:13]2010,Hairdo 1,cha ID:2
[08-14 01:34:13]2011,Hairdo 1,cha ID:2
[08-14 01:34:13]2012,Hairdo 1,cha ID:2
[08-14 01:34:13]2013,Hairdo 1,cha ID:2
[08-14 01:34:13]2014,Hairdo 1,cha ID:2
[08-14 01:34:13]2015,Hairdo 2,cha ID:2
[08-14 01:34:13]2016,Hairdo 2,cha ID:2
[08-14 01:34:13]2017,Hairdo 2,cha ID:2
[08-14 01:34:13]2018,Hairdo 2,cha ID:2
[08-14 01:34:13]2019,Hairdo 2,cha ID:2
[08-14 01:34:13]2020,Hairdo 2,cha ID:2
[08-14 01:34:13]2021,Hairdo 3,cha ID:2
[08-14 01:34:13]2022,Hairdo 3,cha ID:2
[08-14 01:34:13]2023,Hairdo 3,cha ID:2
[08-14 01:34:13]2024,Hairdo 3,cha ID:2
[08-14 01:34:13]2025,Hairdo 3,cha ID:2
[08-14 01:34:13]2026,Hairdo 3,cha ID:2
[08-14 01:34:13]2027,Hairdo 4,cha ID:2
[08-14 01:34:13]2028,Hairdo 4,cha ID:2
[08-14 01:34:13]2029,Hairdo 4,cha ID:2
[08-14 01:34:13]2030,Hairdo 4,cha ID:2
[08-14 01:34:13]2031,Hairdo 4,cha ID:2
[08-14 01:34:13]2032,Hairdo 4,cha ID:2
[08-14 01:34:13]2033,Hairdo 5,cha ID:2
[08-14 01:34:13]2034,Hairdo 5,cha ID:2
[08-14 01:34:13]2035,Hairdo 5,cha ID:2
[08-14 01:34:13]2036,Hairdo 5,cha ID:2
[08-14 01:34:13]2037,Hairdo 5,cha ID:2
[08-14 01:34:13]2038,Hairdo 5,cha ID:2
[08-14 01:34:13]2039,Hairdo 5,cha ID:2
[08-14 01:34:13]2040,Hairdo 6,cha ID:2
[08-14 01:34:13]2041,Hairdo 6,cha ID:2
[08-14 01:34:13]2042,Hairdo 6,cha ID:2
[08-14 01:34:13]2043,Hairdo 6,cha ID:2
[08-14 01:34:13]2044,Hairdo 6,cha ID:2
[08-14 01:34:13]2045,Hairdo 6,cha ID:2
[08-14 01:34:13]2046,Hairdo 6,cha ID:2
[08-14 01:34:13]2047,Hairdo 7,cha ID:2
[08-14 01:34:13]2048,Hairdo 7,cha ID:2
[08-14 01:34:13]2049,Hairdo 7,cha ID:2
[08-14 01:34:13]2050,Hairdo 7,cha ID:2
[08-14 01:34:13]2051,Hairdo 7,cha ID:2
[08-14 01:34:13]2052,Hairdo 7,cha ID:2
[08-14 01:34:13]2053,Hairdo 7,cha ID:2
[08-14 01:34:13]2054,Hairdo 8,cha ID:2
[08-14 01:34:13]2055,Hairdo 8,cha ID:2
[08-14 01:34:13]2056,Hairdo 8,cha ID:2
[08-14 01:34:13]2057,Hairdo 8,cha ID:2
[08-14 01:34:13]2058,Hairdo 8,cha ID:2
[08-14 01:34:13]2059,Hairdo 8,cha ID:2
[08-14 01:34:13]2060,Guy 1 Bald Hairdo,cha ID:2
[08-14 01:34:13]2061,Lance Failed Hairdo 2,cha ID:2
[08-14 01:34:13]2062,Hairdo 1,cha ID:1
[08-14 01:34:13]2063,Hairdo 2,cha ID:1
[08-14 01:34:13]2064,Hairdo 3,cha ID:1
[08-14 01:34:13]2065,Hairdo 4,cha ID:1
[08-14 01:34:13]2066,Hairdo 5,cha ID:1
[08-14 01:34:13]2067,Hairdo 6,cha ID:1
[08-14 01:34:13]2068,Hairdo 7,cha ID:1
[08-14 01:34:13]2069,Hairdo 8,cha ID:1
[08-14 01:34:13]2070,Event Commissioner,cha ID:1
[08-14 01:34:13]2071,Hairdo 1,cha ID:1
[08-14 01:34:13]2072,Hairdo 1,cha ID:1
[08-14 01:34:13]2073,Hairdo 1,cha ID:1
[08-14 01:34:13]2074,Hairdo 1,cha ID:1
[08-14 01:34:13]2075,Hairdo 1,cha ID:1
[08-14 01:34:13]2076,Hairdo 1,cha ID:1
[08-14 01:34:13]2077,Hairdo 1,cha ID:1
[08-14 01:34:13]2078,Hairdo 2,cha ID:1
[08-14 01:34:13]2079,Hairdo 2,cha ID:1
[08-14 01:34:13]2080,Hairdo 2,cha ID:1
[08-14 01:34:13]2081,Hairdo 2,cha ID:1
[08-14 01:34:13]2082,Hairdo 2,cha ID:1
[08-14 01:34:13]2083,Hairdo 2,cha ID:1
[08-14 01:34:13]2084,Hairdo 3,cha ID:1
[08-14 01:34:13]2085,Hairdo 3,cha ID:1
[08-14 01:34:13]2086,Hairdo 3,cha ID:1
[08-14 01:34:13]2087,Hairdo 3,cha ID:1
[08-14 01:34:13]2088,Hairdo 3,cha ID:1
[08-14 01:34:13]2089,Hairdo 3,cha ID:1
[08-14 01:34:13]2090,Hairdo 4,cha ID:1
[08-14 01:34:13]2091,Hairdo 4,cha ID:1
[08-14 01:34:13]2092,Hairdo 4,cha ID:1
[08-14 01:34:13]2093,Hairdo 4,cha ID:1
[08-14 01:34:13]2094,Hairdo 4,cha ID:1
[08-14 01:34:13]2095,Hairdo 4,cha ID:1
[08-14 01:34:13]2096,Hairdo 4,cha ID:1
[08-14 01:34:13]2097,Hairdo 5,cha ID:1
[08-14 01:34:13]2098,Hairdo 5,cha ID:1
[08-14 01:34:13]2099,Hairdo 5,cha ID:1
[08-14 01:34:13]2100,Hairdo 5,cha ID:1
[08-14 01:34:13]2101,Hairdo 6,cha ID:1
[08-14 01:34:13]2102,Hairdo 6,cha ID:1
[08-14 01:34:13]2103,Hairdo 6,cha ID:1
[08-14 01:34:13]2104,Hairdo 6,cha ID:1
[08-14 01:34:13]2105,Hairdo 6,cha ID:1
[08-14 01:34:13]2106,Hairdo 6,cha ID:1
[08-14 01:34:13]2107,Hairdo 6,cha ID:1
[08-14 01:34:13]2108,Hairdo 7,cha ID:1
[08-14 01:34:13]2109,Hairdo 7,cha ID:1
[08-14 01:34:13]2110,Hairdo 7,cha ID:1
[08-14 01:34:13]2111,Hairdo 7,cha ID:1
[08-14 01:34:13]2112,Hairdo 7,cha ID:1
[08-14 01:34:13]2113,Hairdo 7,cha ID:1
[08-14 01:34:13]2114,Hairdo 8,cha ID:1
[08-14 01:34:13]2115,Hairdo 8,cha ID:1
[08-14 01:34:13]2116,Hairdo 8,cha ID:1
[08-14 01:34:13]2117,Hairdo 8,cha ID:1
[08-14 01:34:13]2118,Hairdo 8,cha ID:1
[08-14 01:34:13]2119,Hairdo 8,cha ID:1
[08-14 01:34:13]2120,Hairdo 8,cha ID:1
[08-14 01:34:13]2121,Carsise Failed Hairdo 1,cha ID:1
[08-14 01:34:13]2122,Guy 2 Bald Hairdo,cha ID:1
[08-14 01:34:13]2123,Carsise Failed Hairdo 2,cha ID:1
[08-14 01:34:13]2124,Hairdo 1,cha ID:1
[08-14 01:34:13]2125,Hairdo 2,cha ID:1
[08-14 01:34:13]2126,Hairdo 3,cha ID:1
[08-14 01:34:13]2127,Hairdo 4,cha ID:1
[08-14 01:34:13]2128,Hairdo 5,cha ID:1
[08-14 01:34:13]2129,Hairdo 6,cha ID:1
[08-14 01:34:13]2130,Hairdo 7,cha ID:1
[08-14 01:34:13]2131,Hairdo 8,cha ID:1
[08-14 01:34:13]2132,Event Commissioner,cha ID:1
[08-14 01:34:13]2133,Hairdo 1,cha ID:1
[08-14 01:34:13]2134,Hairdo 1,cha ID:1
[08-14 01:34:13]2135,Hairdo 1,cha ID:1
[08-14 01:34:13]2136,Hairdo 1,cha ID:1
[08-14 01:34:13]2137,Hairdo 1,cha ID:1
[08-14 01:34:13]2138,Hairdo 1,cha ID:1
[08-14 01:34:13]2139,Hairdo 1,cha ID:1
[08-14 01:34:13]2140,Hairdo 2,cha ID:1
[08-14 01:34:13]2141,Hairdo 2,cha ID:1
[08-14 01:34:13]2142,Hairdo 2,cha ID:1
[08-14 01:34:13]2143,Hairdo 2,cha ID:1
[08-14 01:34:13]2144,Hairdo 2,cha ID:1
[08-14 01:34:13]2145,Hairdo 2,cha ID:1
[08-14 01:34:13]2146,Hairdo 3,cha ID:1
[08-14 01:34:13]2147,Hairdo 3,cha ID:1
[08-14 01:34:13]2148,Hairdo 3,cha ID:1
[08-14 01:34:13]2149,Hairdo 3,cha ID:1
[08-14 01:34:13]2150,Hairdo 3,cha ID:1
[08-14 01:34:13]2151,Hairdo 3,cha ID:1
[08-14 01:34:13]2152,Hairdo 4,cha ID:1
[08-14 01:34:13]2153,Hairdo 4,cha ID:1
[08-14 01:34:13]2154,Hairdo 4,cha ID:1
[08-14 01:34:13]2155,Hairdo 4,cha ID:1
[08-14 01:34:13]2156,Hairdo 4,cha ID:1
[08-14 01:34:13]2157,Hairdo 4,cha ID:1
[08-14 01:34:13]2158,Hairdo 5,cha ID:1
[08-14 01:34:13]2159,Hairdo 5,cha ID:1
[08-14 01:34:13]2160,Hairdo 5,cha ID:1
[08-14 01:34:13]2161,Hairdo 5,cha ID:1
[08-14 01:34:13]2162,Hairdo 5,cha ID:1
[08-14 01:34:13]2163,Hairdo 5,cha ID:1
[08-14 01:34:13]2164,Hairdo 6,cha ID:1
[08-14 01:34:13]2165,Hairdo 6,cha ID:1
[08-14 01:34:13]2166,Hairdo 6,cha ID:1
[08-14 01:34:13]2167,Hairdo 6,cha ID:1
[08-14 01:34:13]2168,Hairdo 6,cha ID:1
[08-14 01:34:13]2169,Hairdo 6,cha ID:1
[08-14 01:34:13]2170,Hairdo 7,cha ID:1
[08-14 01:34:13]2171,Hairdo 7,cha ID:1
[08-14 01:34:13]2172,Hairdo 7,cha ID:1
[08-14 01:34:13]2173,Hairdo 7,cha ID:1
[08-14 01:34:13]2174,Hairdo 7,cha ID:1
[08-14 01:34:13]2175,Hairdo 7,cha ID:1
[08-14 01:34:13]2176,Hairdo 8,cha ID:1
[08-14 01:34:13]2177,Hairdo 8,cha ID:1
[08-14 01:34:13]2178,Hairdo 8,cha ID:1
[08-14 01:34:13]2179,Hairdo 8,cha ID:1
[08-14 01:34:13]2180,Hairdo 8,cha ID:1
[08-14 01:34:13]2181,Hairdo 8,cha ID:1
[08-14 01:34:13]2182,Phyllis Failed Hairdo 1,cha ID:1
[08-14 01:34:13]2183,Phyllis Failed Hairdo 2,cha ID:1
[08-14 01:34:13]2184,Girl 1 Bald Hairdo,cha ID:1
[08-14 01:34:13]2185,Girl 1 Hair Makeup 01,cha ID:1
[08-14 01:34:13]2186,Girl 2 Hair 00,cha ID:1
[08-14 01:34:13]2275,Lance Trendy Hairdo 1,cha ID:4
[08-14 01:34:13]2276,Lance Trendy Hairdo 2,cha ID:4
[08-14 01:34:13]2277,Lance Trendy Hairdo 3,cha ID:4
[08-14 01:34:13]2278,Lance Trendy Hairdo 4,cha ID:4
[08-14 01:34:13]2279,Carsise Trendy Hairdo 1,cha ID:4
[08-14 01:34:13]2280,Carsise Trendy Hairdo 2,cha ID:4
[08-14 01:34:13]2281,Carsise Trendy Hairdo 3,cha ID:4
[08-14 01:34:13]2282,Carsise Trendy Hairdo 4,cha ID:4
[08-14 01:34:13]2283,Phyllis Trendy Hairdo 1,cha ID:4
[08-14 01:34:13]2284,Phyllis Trendy Hairdo 2,cha ID:4
[08-14 01:34:13]2285,Phyllis Trendy Hairdo 3,cha ID:4
[08-14 01:34:13]2286,Phyllis Trendy Hairdo 4,cha ID:4
[08-14 01:34:13]2434,Arrow 02,cha ID:1
[08-14 01:34:13]2448,Gunpowder 02,cha ID:1
[08-14 01:34:13]2499,Left Plaster Glove,cha ID:1
[08-14 01:34:13]2500,Left Brawler Glove,cha ID:1
[08-14 01:34:13]2501,Left Master Glove,cha ID:1
[08-14 01:34:13]2502,Left Jagged Blade,cha ID:1
[08-14 01:34:13]2503,Left Cosmo Blade,cha ID:1
[08-14 01:34:13]2504,Left Tiger Glove,cha ID:1
[08-14 01:34:13]2505,Left Hand of Death,cha ID:1
[08-14 01:34:13]2530,Hephaestus Framestone,cha ID:2
[08-14 01:34:13]2531,Hephaestus Clawstone,cha ID:2
[08-14 01:34:13]2532,Hephaestus Pawstone,cha ID:2
[08-14 01:34:13]2533,Hermes Framestone,cha ID:1
[08-14 01:34:13]2534,Hermes Clawstone,cha ID:1
[08-14 01:34:13]2535,Hermes Pawstone,cha ID:1
[08-14 01:34:13]2536,Apollo Framestone,cha ID:1
[08-14 01:34:13]2537,Apollo Clawstone,cha ID:1
[08-14 01:34:13]2538,Apollo Pawstone,cha ID:1
[08-14 01:34:13]2539,Poseidon Framestone,cha ID:1
[08-14 01:34:13]2540,Poseidon Clawstone,cha ID:1
[08-14 01:34:13]2541,Poseidon Pawstone,cha ID:1
[08-14 01:34:13]2542,Hestia Framestone,cha ID:3
[08-14 01:34:13]2543,Hestia Clawstone,cha ID:3
[08-14 01:34:13]2544,Hestia Pawstone,cha ID:3
[08-14 01:34:13]2545,Athena Framestone,cha ID:3
[08-14 01:34:13]2546,Athena Clawstone,cha ID:3
[08-14 01:34:13]2547,Athena Pawstone,cha ID:3
[08-14 01:34:13]2548,Artemis Crownstone,cha ID:4
[08-14 01:34:13]3061,Bear Shoes,cha ID:4
[08-14 01:34:13]3285,Calculator,cha ID:1
[08-14 01:34:13]3287,Laptop Computer,cha ID:1
[08-14 01:34:13]5071,Greatsword of Cadaver,cha ID:1
[08-14 01:34:13]5074,Dagger of Cadaver,cha ID:2
[08-14 01:34:13]5081,Nightmare Vest,cha ID:1
[08-14 01:34:13]5082,Nightmare Gloves,cha ID:1
[08-14 01:34:13]5083,Nightmare Boots,cha ID:1
[08-14 01:34:13]5209,August Greataxe 1,cha ID:1
[08-14 01:34:13]5212,August Dagger 1,cha ID:2
[08-14 01:34:13]5214,August Greataxe 2,cha ID:1
[08-14 01:34:13]5217,August Dagger 2,cha ID:2
[08-14 01:34:13]9161,Nightmare Demonic Gauntlets,cha ID:1
[08-14 01:34:13]9162,Nightmare Demonic Armor,cha ID:1
[08-14 01:34:13]9163,Nightmare Demonic Boots,cha ID:1
[08-14 01:34:13]9172,Unique Strike Coral,cha ID:2
[08-14 01:34:13]9311,Jack Strike Coral (Permanent),cha ID:2
[08-14 01:34:13]9409,Invisio Helm - Lance,cha ID:1
[08-14 01:34:13]9410,Invisio Helm - Carsise,cha ID:2
[08-14 01:34:13]9411,Invisio Helm - Phyllis,cha ID:3
[08-14 01:34:13]9412,Invisio Helm - Ami,cha ID:4
[08-14 01:34:13]10291,Goku Hat,cha ID:3
