c:\users\usuario\documents\yatops_nobackdoors\source\engine\debug\anifile.obj
c:\users\usuario\documents\yatops_nobackdoors\source\engine\debug\drbitmap.obj
c:\users\usuario\documents\yatops_nobackdoors\source\engine\debug\drddsfile.obj
c:\users\usuario\documents\yatops_nobackdoors\source\engine\debug\drexpobj.obj
c:\users\usuario\documents\yatops_nobackdoors\source\engine\debug\drfileutil.obj
c:\users\usuario\documents\yatops_nobackdoors\source\engine\debug\drhelpergeometry.obj
c:\users\usuario\documents\yatops_nobackdoors\source\engine\debug\driutil.obj
c:\users\usuario\documents\yatops_nobackdoors\source\engine\debug\drnodeobject.obj
c:\users\usuario\documents\yatops_nobackdoors\source\engine\debug\drprimitive.obj
c:\users\usuario\documents\yatops_nobackdoors\source\engine\debug\drrenderimp.obj
c:\users\usuario\documents\yatops_nobackdoors\source\engine\debug\drshadermgr.obj
c:\users\usuario\documents\yatops_nobackdoors\source\engine\debug\drsysteminfo.obj
c:\users\usuario\documents\yatops_nobackdoors\source\engine\debug\drviewfrustum.obj
c:\users\usuario\documents\yatops_nobackdoors\source\engine\debug\frames.obj
c:\users\usuario\documents\yatops_nobackdoors\source\engine\debug\lecamera.obj
c:\users\usuario\documents\yatops_nobackdoors\source\engine\debug\lecolorvalue.obj
c:\users\usuario\documents\yatops_nobackdoors\source\engine\debug\leconsole.obj
c:\users\usuario\documents\yatops_nobackdoors\source\engine\debug\lefont.obj
c:\users\usuario\documents\yatops_nobackdoors\source\engine\debug\lemath.obj
c:\users\usuario\documents\yatops_nobackdoors\source\engine\debug\lerender.obj
c:\users\usuario\documents\yatops_nobackdoors\source\engine\debug\leshademap.obj
c:\users\usuario\documents\yatops_nobackdoors\source\engine\debug\singleton.obj
c:\users\usuario\documents\yatops_nobackdoors\source\engine\debug\stdafx.obj
c:\users\usuario\documents\yatops_nobackdoors\source\engine\debug\tgacore.obj
c:\users\usuario\documents\yatops_nobackdoors\source\engine\debug\vim_helper.obj
c:\users\usuario\documents\yatops_nobackdoors\source\engine\debug\blk.obj
c:\users\usuario\documents\yatops_nobackdoors\source\engine\debug\d3dutil.obj
c:\users\usuario\documents\yatops_nobackdoors\source\engine\debug\dranimkeysetprs.obj
c:\users\usuario\documents\yatops_nobackdoors\source\engine\debug\drconsole.obj
c:\users\usuario\documents\yatops_nobackdoors\source\engine\debug\drdeviceobject.obj
c:\users\usuario\documents\yatops_nobackdoors\source\engine\debug\drfilestream.obj
c:\users\usuario\documents\yatops_nobackdoors\source\engine\debug\drguidobj.obj
c:\users\usuario\documents\yatops_nobackdoors\source\engine\debug\drifunc.obj
c:\users\usuario\documents\yatops_nobackdoors\source\engine\debug\drmisc.obj
c:\users\usuario\documents\yatops_nobackdoors\source\engine\debug\drobjectpool.obj
c:\users\usuario\documents\yatops_nobackdoors\source\engine\debug\drphysique.obj
c:\users\usuario\documents\yatops_nobackdoors\source\engine\debug\drrenderctrlemb.obj
c:\users\usuario\documents\yatops_nobackdoors\source\engine\debug\drscenemgr.obj
c:\users\usuario\documents\yatops_nobackdoors\source\engine\debug\drstreamobj.obj
c:\users\usuario\documents\yatops_nobackdoors\source\engine\debug\drsystem.obj
c:\users\usuario\documents\yatops_nobackdoors\source\engine\debug\drtimer.obj
c:\users\usuario\documents\yatops_nobackdoors\source\engine\debug\dxutil.obj
c:\users\usuario\documents\yatops_nobackdoors\source\engine\debug\frustum.obj
c:\users\usuario\documents\yatops_nobackdoors\source\engine\debug\heightmap.obj
c:\users\usuario\documents\yatops_nobackdoors\source\engine\debug\ledatastream.obj
c:\users\usuario\documents\yatops_nobackdoors\source\engine\debug\leeffquaternion.obj
c:\users\usuario\documents\yatops_nobackdoors\source\engine\debug\lemap.obj
c:\users\usuario\documents\yatops_nobackdoors\source\engine\debug\leparticlectrl.obj
c:\users\usuario\documents\yatops_nobackdoors\source\engine\debug\leresmanger.obj
c:\users\usuario\documents\yatops_nobackdoors\source\engine\debug\mygraph.obj
c:\users\usuario\documents\yatops_nobackdoors\source\engine\debug\terrain.obj
c:\users\usuario\documents\yatops_nobackdoors\source\engine\debug\zrblock.obj
c:\users\usuario\documents\yatops_nobackdoors\source\engine\debug\d3dfont.obj
c:\users\usuario\documents\yatops_nobackdoors\source\engine\debug\dranimctrl.obj
c:\users\usuario\documents\yatops_nobackdoors\source\engine\debug\drcoordinatesys.obj
c:\users\usuario\documents\yatops_nobackdoors\source\engine\debug\drdirectorybrowser.obj
c:\users\usuario\documents\yatops_nobackdoors\source\engine\debug\drfileencode.obj
c:\users\usuario\documents\yatops_nobackdoors\source\engine\debug\drgraphicsutil.obj
c:\users\usuario\documents\yatops_nobackdoors\source\engine\debug\dritem.obj
c:\users\usuario\documents\yatops_nobackdoors\source\engine\debug\drobjectmethod.obj
c:\users\usuario\documents\yatops_nobackdoors\source\engine\debug\drpathinfo.obj
c:\users\usuario\documents\yatops_nobackdoors\source\engine\debug\drprimitivehelper.obj
c:\users\usuario\documents\yatops_nobackdoors\source\engine\debug\drresourcemgr.obj
c:\users\usuario\documents\yatops_nobackdoors\source\engine\debug\drsysgraphics.obj
c:\users\usuario\documents\yatops_nobackdoors\source\engine\debug\drtreenode.obj
c:\users\usuario\documents\yatops_nobackdoors\source\engine\debug\effectfile.obj
c:\users\usuario\documents\yatops_nobackdoors\source\engine\debug\lecharacter.obj
c:\users\usuario\documents\yatops_nobackdoors\source\engine\debug\leeffectmath.obj
c:\users\usuario\documents\yatops_nobackdoors\source\engine\debug\leeffvector3.obj
c:\users\usuario\documents\yatops_nobackdoors\source\engine\debug\legameapp.obj
c:\users\usuario\documents\yatops_nobackdoors\source\engine\debug\lemodeleff.obj
c:\users\usuario\documents\yatops_nobackdoors\source\engine\debug\lesceneitem.obj
c:\users\usuario\documents\yatops_nobackdoors\source\engine\debug\leskybox.obj
c:\users\usuario\documents\yatops_nobackdoors\source\engine\debug\letile.obj
c:\users\usuario\documents\yatops_nobackdoors\source\engine\debug\texturemanager.obj
c:\users\usuario\documents\yatops_nobackdoors\source\engine\debug\color.obj
c:\users\usuario\documents\yatops_nobackdoors\source\engine\debug\dranimctrlobj.obj
c:\users\usuario\documents\yatops_nobackdoors\source\engine\debug\drcamera.obj
c:\users\usuario\documents\yatops_nobackdoors\source\engine\debug\drd3dsettings.obj
c:\users\usuario\documents\yatops_nobackdoors\source\engine\debug\drefxtrack.obj
c:\users\usuario\documents\yatops_nobackdoors\source\engine\debug\drfile.obj
c:\users\usuario\documents\yatops_nobackdoors\source\engine\debug\drheap.obj
c:\users\usuario\documents\yatops_nobackdoors\source\engine\debug\drinterface.obj
c:\users\usuario\documents\yatops_nobackdoors\source\engine\debug\drmath.obj
c:\users\usuario\documents\yatops_nobackdoors\source\engine\debug\drmodel.obj
c:\users\usuario\documents\yatops_nobackdoors\source\engine\debug\drposectrl.obj
c:\users\usuario\documents\yatops_nobackdoors\source\engine\debug\drshaderdeclmgr.obj
c:\users\usuario\documents\yatops_nobackdoors\source\engine\debug\drsyscharacter.obj
c:\users\usuario\documents\yatops_nobackdoors\source\engine\debug\drthreadpool.obj
c:\users\usuario\documents\yatops_nobackdoors\source\engine\debug\drxrenderctrvs.obj
c:\users\usuario\documents\yatops_nobackdoors\source\engine\debug\i_effect.obj
c:\users\usuario\documents\yatops_nobackdoors\source\engine\debug\leeffectctrl.obj
c:\users\usuario\documents\yatops_nobackdoors\source\engine\debug\lemapdata.obj
c:\users\usuario\documents\yatops_nobackdoors\source\engine\debug\leparticlesys.obj
c:\users\usuario\documents\yatops_nobackdoors\source\engine\debug\lesceneobject.obj
c:\users\usuario\documents\yatops_nobackdoors\source\engine\debug\lestringutil.obj
c:\users\usuario\documents\yatops_nobackdoors\source\engine\debug\shaderload.obj
c:\users\usuario\documents\yatops_nobackdoors\source\engine\debug\texture.obj
c:\users\usuario\documents\yatops_nobackdoors\source\engine\debug\vc143.pdb
c:\users\usuario\documents\yatops_nobackdoors\source\engine\debug\engine_x86_debug.ilk
c:\users\usuario\documents\yatops_nobackdoors\client\system\engine_x86_debug.dll
c:\users\usuario\documents\yatops_nobackdoors\client\system\engine_x86_debug.pdb
c:\users\usuario\documents\yatops_nobackdoors\client\system\engine_x86_debug.lib
c:\users\usuario\documents\yatops_nobackdoors\client\system\engine_x86_debug.exp
c:\users\usuario\documents\yatops_nobackdoors\source\engine\debug\vc143.idb
c:\users\usuario\documents\yatops_nobackdoors\source\engine\..\..\client\system\engine_x86_debug.pdb
c:\users\usuario\documents\yatops_nobackdoors\source\engine\debug\engine.tlog\cl.16772.write.1.tlog
c:\users\usuario\documents\yatops_nobackdoors\source\engine\debug\engine.tlog\cl.command.1.tlog
c:\users\usuario\documents\yatops_nobackdoors\source\engine\debug\engine.tlog\cl.items.tlog
c:\users\usuario\documents\yatops_nobackdoors\source\engine\debug\engine.tlog\cl.read.1.tlog
c:\users\usuario\documents\yatops_nobackdoors\source\engine\debug\engine.tlog\link.command.1.tlog
c:\users\usuario\documents\yatops_nobackdoors\source\engine\debug\engine.tlog\link.read.1.tlog
c:\users\usuario\documents\yatops_nobackdoors\source\engine\debug\engine.tlog\link.write.1.tlog
c:\users\usuario\documents\yatops_nobackdoors\source\engine\debug\engine.tlog\link.write.2u.tlog
