c:\users\usuario\documents\yatops_nobackdoors\source\engine\release\blk.obj
c:\users\usuario\documents\yatops_nobackdoors\source\engine\release\d3dutil.obj
c:\users\usuario\documents\yatops_nobackdoors\source\engine\release\dranimkeysetprs.obj
c:\users\usuario\documents\yatops_nobackdoors\source\engine\release\drconsole.obj
c:\users\usuario\documents\yatops_nobackdoors\source\engine\release\drdeviceobject.obj
c:\users\usuario\documents\yatops_nobackdoors\source\engine\release\drfilestream.obj
c:\users\usuario\documents\yatops_nobackdoors\source\engine\release\drhelpergeometry.obj
c:\users\usuario\documents\yatops_nobackdoors\source\engine\release\driutil.obj
c:\users\usuario\documents\yatops_nobackdoors\source\engine\release\drmodel.obj
c:\users\usuario\documents\yatops_nobackdoors\source\engine\release\drposectrl.obj
c:\users\usuario\documents\yatops_nobackdoors\source\engine\release\drshaderdeclmgr.obj
c:\users\usuario\documents\yatops_nobackdoors\source\engine\release\drsysgraphics.obj
c:\users\usuario\documents\yatops_nobackdoors\source\engine\release\drtreenode.obj
c:\users\usuario\documents\yatops_nobackdoors\source\engine\release\dxutil.obj
c:\users\usuario\documents\yatops_nobackdoors\source\engine\release\frustum.obj
c:\users\usuario\documents\yatops_nobackdoors\source\engine\release\i_effect.obj
c:\users\usuario\documents\yatops_nobackdoors\source\engine\release\leeffectctrl.obj
c:\users\usuario\documents\yatops_nobackdoors\source\engine\release\lemapdata.obj
c:\users\usuario\documents\yatops_nobackdoors\source\engine\release\leparticlesys.obj
c:\users\usuario\documents\yatops_nobackdoors\source\engine\release\lesceneobject.obj
c:\users\usuario\documents\yatops_nobackdoors\source\engine\release\lestringutil.obj
c:\users\usuario\documents\yatops_nobackdoors\source\engine\release\shaderload.obj
c:\users\usuario\documents\yatops_nobackdoors\source\engine\release\texture.obj
c:\users\usuario\documents\yatops_nobackdoors\source\engine\release\d3dfont.obj
c:\users\usuario\documents\yatops_nobackdoors\source\engine\release\dranimctrl.obj
c:\users\usuario\documents\yatops_nobackdoors\source\engine\release\drcoordinatesys.obj
c:\users\usuario\documents\yatops_nobackdoors\source\engine\release\drdirectorybrowser.obj
c:\users\usuario\documents\yatops_nobackdoors\source\engine\release\drfile.obj
c:\users\usuario\documents\yatops_nobackdoors\source\engine\release\drguidobj.obj
c:\users\usuario\documents\yatops_nobackdoors\source\engine\release\drinterface.obj
c:\users\usuario\documents\yatops_nobackdoors\source\engine\release\drmath.obj
c:\users\usuario\documents\yatops_nobackdoors\source\engine\release\drnodeobject.obj
c:\users\usuario\documents\yatops_nobackdoors\source\engine\release\drprimitive.obj
c:\users\usuario\documents\yatops_nobackdoors\source\engine\release\drrenderimp.obj
c:\users\usuario\documents\yatops_nobackdoors\source\engine\release\drshadermgr.obj
c:\users\usuario\documents\yatops_nobackdoors\source\engine\release\drsysteminfo.obj
c:\users\usuario\documents\yatops_nobackdoors\source\engine\release\drviewfrustum.obj
c:\users\usuario\documents\yatops_nobackdoors\source\engine\release\frames.obj
c:\users\usuario\documents\yatops_nobackdoors\source\engine\release\lecamera.obj
c:\users\usuario\documents\yatops_nobackdoors\source\engine\release\lecolorvalue.obj
c:\users\usuario\documents\yatops_nobackdoors\source\engine\release\leconsole.obj
c:\users\usuario\documents\yatops_nobackdoors\source\engine\release\lemap.obj
c:\users\usuario\documents\yatops_nobackdoors\source\engine\release\leparticlectrl.obj
c:\users\usuario\documents\yatops_nobackdoors\source\engine\release\lesceneitem.obj
c:\users\usuario\documents\yatops_nobackdoors\source\engine\release\leskybox.obj
c:\users\usuario\documents\yatops_nobackdoors\source\engine\release\mygraph.obj
c:\users\usuario\documents\yatops_nobackdoors\source\engine\release\terrain.obj
c:\users\usuario\documents\yatops_nobackdoors\source\engine\release\zrblock.obj
c:\users\usuario\documents\yatops_nobackdoors\source\engine\release\anifile.obj
c:\users\usuario\documents\yatops_nobackdoors\source\engine\release\drbitmap.obj
c:\users\usuario\documents\yatops_nobackdoors\source\engine\release\drddsfile.obj
c:\users\usuario\documents\yatops_nobackdoors\source\engine\release\drexpobj.obj
c:\users\usuario\documents\yatops_nobackdoors\source\engine\release\drfileutil.obj
c:\users\usuario\documents\yatops_nobackdoors\source\engine\release\drheap.obj
c:\users\usuario\documents\yatops_nobackdoors\source\engine\release\drifunc.obj
c:\users\usuario\documents\yatops_nobackdoors\source\engine\release\drmisc.obj
c:\users\usuario\documents\yatops_nobackdoors\source\engine\release\drobjectpool.obj
c:\users\usuario\documents\yatops_nobackdoors\source\engine\release\drphysique.obj
c:\users\usuario\documents\yatops_nobackdoors\source\engine\release\drrenderctrlemb.obj
c:\users\usuario\documents\yatops_nobackdoors\source\engine\release\drscenemgr.obj
c:\users\usuario\documents\yatops_nobackdoors\source\engine\release\drstreamobj.obj
c:\users\usuario\documents\yatops_nobackdoors\source\engine\release\drsystem.obj
c:\users\usuario\documents\yatops_nobackdoors\source\engine\release\drtimer.obj
c:\users\usuario\documents\yatops_nobackdoors\source\engine\release\effectfile.obj
c:\users\usuario\documents\yatops_nobackdoors\source\engine\release\lecharacter.obj
c:\users\usuario\documents\yatops_nobackdoors\source\engine\release\leeffectmath.obj
c:\users\usuario\documents\yatops_nobackdoors\source\engine\release\leeffvector3.obj
c:\users\usuario\documents\yatops_nobackdoors\source\engine\release\legameapp.obj
c:\users\usuario\documents\yatops_nobackdoors\source\engine\release\lemodeleff.obj
c:\users\usuario\documents\yatops_nobackdoors\source\engine\release\leresmanger.obj
c:\users\usuario\documents\yatops_nobackdoors\source\engine\release\letile.obj
c:\users\usuario\documents\yatops_nobackdoors\source\engine\release\tgacore.obj
c:\users\usuario\documents\yatops_nobackdoors\source\engine\release\vim_helper.obj
c:\users\usuario\documents\yatops_nobackdoors\source\engine\release\color.obj
c:\users\usuario\documents\yatops_nobackdoors\source\engine\release\dranimctrlobj.obj
c:\users\usuario\documents\yatops_nobackdoors\source\engine\release\drcamera.obj
c:\users\usuario\documents\yatops_nobackdoors\source\engine\release\drd3dsettings.obj
c:\users\usuario\documents\yatops_nobackdoors\source\engine\release\drefxtrack.obj
c:\users\usuario\documents\yatops_nobackdoors\source\engine\release\drfileencode.obj
c:\users\usuario\documents\yatops_nobackdoors\source\engine\release\drgraphicsutil.obj
c:\users\usuario\documents\yatops_nobackdoors\source\engine\release\dritem.obj
c:\users\usuario\documents\yatops_nobackdoors\source\engine\release\drobjectmethod.obj
c:\users\usuario\documents\yatops_nobackdoors\source\engine\release\drpathinfo.obj
c:\users\usuario\documents\yatops_nobackdoors\source\engine\release\drprimitivehelper.obj
c:\users\usuario\documents\yatops_nobackdoors\source\engine\release\drresourcemgr.obj
c:\users\usuario\documents\yatops_nobackdoors\source\engine\release\drsyscharacter.obj
c:\users\usuario\documents\yatops_nobackdoors\source\engine\release\drthreadpool.obj
c:\users\usuario\documents\yatops_nobackdoors\source\engine\release\drxrenderctrvs.obj
c:\users\usuario\documents\yatops_nobackdoors\source\engine\release\heightmap.obj
c:\users\usuario\documents\yatops_nobackdoors\source\engine\release\ledatastream.obj
c:\users\usuario\documents\yatops_nobackdoors\source\engine\release\leeffquaternion.obj
c:\users\usuario\documents\yatops_nobackdoors\source\engine\release\lefont.obj
c:\users\usuario\documents\yatops_nobackdoors\source\engine\release\lemath.obj
c:\users\usuario\documents\yatops_nobackdoors\source\engine\release\lerender.obj
c:\users\usuario\documents\yatops_nobackdoors\source\engine\release\leshademap.obj
c:\users\usuario\documents\yatops_nobackdoors\source\engine\release\singleton.obj
c:\users\usuario\documents\yatops_nobackdoors\source\engine\release\stdafx.obj
c:\users\usuario\documents\yatops_nobackdoors\source\engine\release\texturemanager.obj
c:\users\usuario\documents\yatops_nobackdoors\source\engine\release\vc143.pdb
c:\users\usuario\documents\yatops_nobackdoors\client\system\engine_x86_release.dll
c:\users\usuario\documents\yatops_nobackdoors\source\engine\release\engine_x86_release.ipdb
c:\users\usuario\documents\yatops_nobackdoors\source\engine\release\engine_x86_release.iobj
c:\users\usuario\documents\yatops_nobackdoors\client\system\engine_x86_release.pdb
c:\users\usuario\documents\yatops_nobackdoors\client\system\engine_x86_release.lib
c:\users\usuario\documents\yatops_nobackdoors\client\system\engine_x86_release.exp
c:\users\usuario\documents\yatops_nobackdoors\source\engine\..\..\client\system\engine_x86_release.pdb
c:\users\usuario\documents\yatops_nobackdoors\source\engine\release\engine.tlog\cl.10748.write.1.tlog
c:\users\usuario\documents\yatops_nobackdoors\source\engine\release\engine.tlog\cl.command.1.tlog
c:\users\usuario\documents\yatops_nobackdoors\source\engine\release\engine.tlog\cl.items.tlog
c:\users\usuario\documents\yatops_nobackdoors\source\engine\release\engine.tlog\cl.read.1.tlog
c:\users\usuario\documents\yatops_nobackdoors\source\engine\release\engine.tlog\link.command.1.tlog
c:\users\usuario\documents\yatops_nobackdoors\source\engine\release\engine.tlog\link.read.1.tlog
c:\users\usuario\documents\yatops_nobackdoors\source\engine\release\engine.tlog\link.write.1.tlog
c:\users\usuario\documents\yatops_nobackdoors\source\engine\release\engine.tlog\link.write.2u.tlog
