c:\users\usuario\documents\yatops_nobackdoors\source\client\debug\audiothread.obj
c:\users\usuario\documents\yatops_nobackdoors\source\client\debug\autoattack.obj
c:\users\usuario\documents\yatops_nobackdoors\source\client\debug\characteraction.obj
c:\users\usuario\documents\yatops_nobackdoors\source\client\debug\chastate.obj
c:\users\usuario\documents\yatops_nobackdoors\source\client\debug\crcursor.obj
c:\users\usuario\documents\yatops_nobackdoors\source\client\debug\dsoundinstance.obj
c:\users\usuario\documents\yatops_nobackdoors\source\client\debug\effectobj.obj
c:\users\usuario\documents\yatops_nobackdoors\source\client\debug\gameappframemove.obj
c:\users\usuario\documents\yatops_nobackdoors\source\client\debug\gameappnet.obj
c:\users\usuario\documents\yatops_nobackdoors\source\client\debug\gameloading.obj
c:\users\usuario\documents\yatops_nobackdoors\source\client\debug\guilddata.obj
c:\users\usuario\documents\yatops_nobackdoors\source\client\debug\guildlistmgr.obj
c:\users\usuario\documents\yatops_nobackdoors\source\client\debug\hmattack.obj
c:\users\usuario\documents\yatops_nobackdoors\source\client\debug\itemlitanim.obj
c:\users\usuario\documents\yatops_nobackdoors\source\client\debug\main.obj
c:\users\usuario\documents\yatops_nobackdoors\source\client\debug\netchat.obj
c:\users\usuario\documents\yatops_nobackdoors\source\client\debug\netpkguild.obj
c:\users\usuario\documents\yatops_nobackdoors\source\client\debug\packetcmd_sc.obj
c:\users\usuario\documents\yatops_nobackdoors\source\client\debug\recruitmembersmgr.obj
c:\users\usuario\documents\yatops_nobackdoors\source\client\debug\scenecreatenode.obj
c:\users\usuario\documents\yatops_nobackdoors\source\client\debug\scenelight.obj
c:\users\usuario\documents\yatops_nobackdoors\source\client\debug\sceneobjfile.obj
c:\users\usuario\documents\yatops_nobackdoors\source\client\debug\scenesign.obj
c:\users\usuario\documents\yatops_nobackdoors\source\client\debug\smallmap.obj
c:\users\usuario\documents\yatops_nobackdoors\source\client\debug\steadyframe.obj
c:\users\usuario\documents\yatops_nobackdoors\source\client\debug\streadydie.obj
c:\users\usuario\documents\yatops_nobackdoors\source\client\debug\talksessionformmgr.obj
c:\users\usuario\documents\yatops_nobackdoors\source\client\debug\ui3dcompent.obj
c:\users\usuario\documents\yatops_nobackdoors\source\client\debug\uiboatform.obj
c:\users\usuario\documents\yatops_nobackdoors\source\client\debug\uiboxform.obj
c:\users\usuario\documents\yatops_nobackdoors\source\client\debug\uichainfo.obj
c:\users\usuario\documents\yatops_nobackdoors\source\client\debug\uicombo.obj
c:\users\usuario\documents\yatops_nobackdoors\source\client\debug\uicompent.obj
c:\users\usuario\documents\yatops_nobackdoors\source\client\debug\uicursor.obj
c:\users\usuario\documents\yatops_nobackdoors\source\client\debug\uiedit.obj
c:\users\usuario\documents\yatops_nobackdoors\source\client\debug\uieditstrategy.obj
c:\users\usuario\documents\yatops_nobackdoors\source\client\debug\uifont.obj
c:\users\usuario\documents\yatops_nobackdoors\source\client\debug\uiform.obj
c:\users\usuario\documents\yatops_nobackdoors\source\client\debug\uifoundform.obj
c:\users\usuario\documents\yatops_nobackdoors\source\client\debug\uiguildapply.obj
c:\users\usuario\documents\yatops_nobackdoors\source\client\debug\uihaircutform.obj
c:\users\usuario\documents\yatops_nobackdoors\source\client\debug\uiimeinput.obj
c:\users\usuario\documents\yatops_nobackdoors\source\client\debug\uijewelryupform.obj
c:\users\usuario\documents\yatops_nobackdoors\source\client\debug\uimakeequipform.obj
c:\users\usuario\documents\yatops_nobackdoors\source\client\debug\uimislogform.obj
c:\users\usuario\documents\yatops_nobackdoors\source\client\debug\uinumanswer.obj
c:\users\usuario\documents\yatops_nobackdoors\source\client\debug\uipksilverform.obj
c:\users\usuario\documents\yatops_nobackdoors\source\client\debug\uirumbuyform.obj
c:\users\usuario\documents\yatops_nobackdoors\source\client\debug\uirumsaleform.obj
c:\users\usuario\documents\yatops_nobackdoors\source\client\debug\uiskillcommand.obj
c:\users\usuario\documents\yatops_nobackdoors\source\client\debug\uistateform.obj
c:\users\usuario\documents\yatops_nobackdoors\source\client\debug\uitextbutton.obj
c:\users\usuario\documents\yatops_nobackdoors\source\client\debug\uitreeview.obj
c:\users\usuario\documents\yatops_nobackdoors\source\client\debug\wequ.obj
c:\users\usuario\documents\yatops_nobackdoors\source\client\debug\wwave.obj
c:\users\usuario\documents\yatops_nobackdoors\source\client\debug\actor.obj
c:\users\usuario\documents\yatops_nobackdoors\source\client\debug\bassmusicinterface.obj
c:\users\usuario\documents\yatops_nobackdoors\source\client\debug\charactermodel.obj
c:\users\usuario\documents\yatops_nobackdoors\source\client\debug\connection.obj
c:\users\usuario\documents\yatops_nobackdoors\source\client\debug\d3des.obj
c:\users\usuario\documents\yatops_nobackdoors\source\client\debug\dsoundmanager.obj
c:\users\usuario\documents\yatops_nobackdoors\source\client\debug\findpath.obj
c:\users\usuario\documents\yatops_nobackdoors\source\client\debug\gameappinterface.obj
c:\users\usuario\documents\yatops_nobackdoors\source\client\debug\gameconfig.obj
c:\users\usuario\documents\yatops_nobackdoors\source\client\debug\gamewg.obj
c:\users\usuario\documents\yatops_nobackdoors\source\client\debug\guildlistdata.obj
c:\users\usuario\documents\yatops_nobackdoors\source\client\debug\hairtool.obj
c:\users\usuario\documents\yatops_nobackdoors\source\client\debug\isskilluse.obj
c:\users\usuario\documents\yatops_nobackdoors\source\client\debug\loginscene.obj
c:\users\usuario\documents\yatops_nobackdoors\source\client\debug\musicthread.obj
c:\users\usuario\documents\yatops_nobackdoors\source\client\debug\netif.obj
c:\users\usuario\documents\yatops_nobackdoors\source\client\debug\npchelper.obj
c:\users\usuario\documents\yatops_nobackdoors\source\client\debug\packfile.obj
c:\users\usuario\documents\yatops_nobackdoors\source\client\debug\recruitmemberdata.obj
c:\users\usuario\documents\yatops_nobackdoors\source\client\debug\scene.obj
c:\users\usuario\documents\yatops_nobackdoors\source\client\debug\scenemsg.obj
c:\users\usuario\documents\yatops_nobackdoors\source\client\debug\scenerender.obj
c:\users\usuario\documents\yatops_nobackdoors\source\client\debug\selectchascene.obj
c:\users\usuario\documents\yatops_nobackdoors\source\client\debug\state_reading.obj
c:\users\usuario\documents\yatops_nobackdoors\source\client\debug\stnpctalk.obj
c:\users\usuario\documents\yatops_nobackdoors\source\client\debug\ststateobj.obj
c:\users\usuario\documents\yatops_nobackdoors\source\client\debug\threadbase.obj
c:\users\usuario\documents\yatops_nobackdoors\source\client\debug\uiallbuttonform.obj
c:\users\usuario\documents\yatops_nobackdoors\source\client\debug\uiboothform.obj
c:\users\usuario\documents\yatops_nobackdoors\source\client\debug\uichat.obj
c:\users\usuario\documents\yatops_nobackdoors\source\client\debug\uicommand.obj
c:\users\usuario\documents\yatops_nobackdoors\source\client\debug\uicookingform.obj
c:\users\usuario\documents\yatops_nobackdoors\source\client\debug\uidragtitle.obj
c:\users\usuario\documents\yatops_nobackdoors\source\client\debug\uieditkey.obj
c:\users\usuario\documents\yatops_nobackdoors\source\client\debug\uifastcommand.obj
c:\users\usuario\documents\yatops_nobackdoors\source\client\debug\uiforgeform.obj
c:\users\usuario\documents\yatops_nobackdoors\source\client\debug\uiglobalvar.obj
c:\users\usuario\documents\yatops_nobackdoors\source\client\debug\uiguildchallengeform.obj
c:\users\usuario\documents\yatops_nobackdoors\source\client\debug\uiheadsay.obj
c:\users\usuario\documents\yatops_nobackdoors\source\client\debug\uiitem.obj
c:\users\usuario\documents\yatops_nobackdoors\source\client\debug\uilabel.obj
c:\users\usuario\documents\yatops_nobackdoors\source\client\debug\uimailform.obj
c:\users\usuario\documents\yatops_nobackdoors\source\client\debug\uiminimapform.obj
c:\users\usuario\documents\yatops_nobackdoors\source\client\debug\uinpctradeform.obj
c:\users\usuario\documents\yatops_nobackdoors\source\client\debug\uipicture.obj
c:\users\usuario\documents\yatops_nobackdoors\source\client\debug\uipurifyform.obj
c:\users\usuario\documents\yatops_nobackdoors\source\client\debug\uirumgetform.obj
c:\users\usuario\documents\yatops_nobackdoors\source\client\debug\uirumsellform.obj
c:\users\usuario\documents\yatops_nobackdoors\source\client\debug\uispiritform.obj
c:\users\usuario\documents\yatops_nobackdoors\source\client\debug\uisystemform.obj
c:\users\usuario\documents\yatops_nobackdoors\source\client\debug\uititle.obj
c:\users\usuario\documents\yatops_nobackdoors\source\client\debug\webbrowser.obj
c:\users\usuario\documents\yatops_nobackdoors\source\client\debug\worldscene.obj
c:\users\usuario\documents\yatops_nobackdoors\source\client\debug\appscript.obj
c:\users\usuario\documents\yatops_nobackdoors\source\client\debug\cameractrl.obj
c:\users\usuario\documents\yatops_nobackdoors\source\client\debug\chascript.obj
c:\users\usuario\documents\yatops_nobackdoors\source\client\debug\crcircle.obj
c:\users\usuario\documents\yatops_nobackdoors\source\client\debug\createchascene.obj
c:\users\usuario\documents\yatops_nobackdoors\source\client\debug\effdelay.obj
c:\users\usuario\documents\yatops_nobackdoors\source\client\debug\frndinviteformmgr.obj
c:\users\usuario\documents\yatops_nobackdoors\source\client\debug\gameappmsg.obj
c:\users\usuario\documents\yatops_nobackdoors\source\client\debug\gameerrorreport.obj
c:\users\usuario\documents\yatops_nobackdoors\source\client\debug\globalvar.obj
c:\users\usuario\documents\yatops_nobackdoors\source\client\debug\guildmemberdata.obj
c:\users\usuario\documents\yatops_nobackdoors\source\client\debug\hmmanage.obj
c:\users\usuario\documents\yatops_nobackdoors\source\client\debug\itemlit.obj
c:\users\usuario\documents\yatops_nobackdoors\source\client\debug\lua_platform.obj
c:\users\usuario\documents\yatops_nobackdoors\source\client\debug\mpeditor.obj
c:\users\usuario\documents\yatops_nobackdoors\source\client\debug\netpkchat.obj
c:\users\usuario\documents\yatops_nobackdoors\source\client\debug\packetcmd_cs.obj
c:\users\usuario\documents\yatops_nobackdoors\source\client\debug\procirculatecs.obj
c:\users\usuario\documents\yatops_nobackdoors\source\client\debug\scenearea.obj
c:\users\usuario\documents\yatops_nobackdoors\source\client\debug\sceneitem.obj
c:\users\usuario\documents\yatops_nobackdoors\source\client\debug\sceneobj.obj
c:\users\usuario\documents\yatops_nobackdoors\source\client\debug\script.obj
c:\users\usuario\documents\yatops_nobackdoors\source\client\debug\soundcommon.obj
c:\users\usuario\documents\yatops_nobackdoors\source\client\debug\stdafx.obj
c:\users\usuario\documents\yatops_nobackdoors\source\client\debug\stmove.obj
c:\users\usuario\documents\yatops_nobackdoors\source\client\debug\stseat.obj
c:\users\usuario\documents\yatops_nobackdoors\source\client\debug\testdemo.obj
c:\users\usuario\documents\yatops_nobackdoors\source\client\debug\uibankform.obj
c:\users\usuario\documents\yatops_nobackdoors\source\client\debug\uibreakform.obj
c:\users\usuario\documents\yatops_nobackdoors\source\client\debug\uicheckboxitem.obj
c:\users\usuario\documents\yatops_nobackdoors\source\client\debug\uicloneform.obj
c:\users\usuario\documents\yatops_nobackdoors\source\client\debug\uicommandcompent.obj
c:\users\usuario\documents\yatops_nobackdoors\source\client\debug\uicozeform.obj
c:\users\usuario\documents\yatops_nobackdoors\source\client\debug\uieditdata.obj
c:\users\usuario\documents\yatops_nobackdoors\source\client\debug\uiequipform.obj
c:\users\usuario\documents\yatops_nobackdoors\source\client\debug\uiforgemoveform.obj
c:\users\usuario\documents\yatops_nobackdoors\source\client\debug\uigoodsgrid.obj
c:\users\usuario\documents\yatops_nobackdoors\source\client\debug\uigrid.obj
c:\users\usuario\documents\yatops_nobackdoors\source\client\debug\uiguildlist.obj
c:\users\usuario\documents\yatops_nobackdoors\source\client\debug\uihelpinfoform.obj
c:\users\usuario\documents\yatops_nobackdoors\source\client\debug\uiitemcommand.obj
c:\users\usuario\documents\yatops_nobackdoors\source\client\debug\uilistview.obj
c:\users\usuario\documents\yatops_nobackdoors\source\client\debug\uimenu.obj
c:\users\usuario\documents\yatops_nobackdoors\source\client\debug\uimissionform.obj
c:\users\usuario\documents\yatops_nobackdoors\source\client\debug\uipage.obj
c:\users\usuario\documents\yatops_nobackdoors\source\client\debug\uipkdialog.obj
c:\users\usuario\documents\yatops_nobackdoors\source\client\debug\uirichedit.obj
c:\users\usuario\documents\yatops_nobackdoors\source\client\debug\uirumdealform.obj
c:\users\usuario\documents\yatops_nobackdoors\source\client\debug\uiscript.obj
c:\users\usuario\documents\yatops_nobackdoors\source\client\debug\uistartform.obj
c:\users\usuario\documents\yatops_nobackdoors\source\client\debug\uiteam.obj
c:\users\usuario\documents\yatops_nobackdoors\source\client\debug\uitradeform.obj
c:\users\usuario\documents\yatops_nobackdoors\source\client\debug\wmp3.obj
c:\users\usuario\documents\yatops_nobackdoors\source\client\debug\arctrack.obj
c:\users\usuario\documents\yatops_nobackdoors\source\client\debug\bassloader.obj
c:\users\usuario\documents\yatops_nobackdoors\source\client\debug\character.obj
c:\users\usuario\documents\yatops_nobackdoors\source\client\debug\chatrecord.obj
c:\users\usuario\documents\yatops_nobackdoors\source\client\debug\crcursorobj.obj
c:\users\usuario\documents\yatops_nobackdoors\source\client\debug\drawpointlist.obj
c:\users\usuario\documents\yatops_nobackdoors\source\client\debug\event.obj
c:\users\usuario\documents\yatops_nobackdoors\source\client\debug\gameappinit.obj
c:\users\usuario\documents\yatops_nobackdoors\source\client\debug\gameapprender.obj
c:\users\usuario\documents\yatops_nobackdoors\source\client\debug\gamemovie.obj
c:\users\usuario\documents\yatops_nobackdoors\source\client\debug\guildinviteformmgr.obj
c:\users\usuario\documents\yatops_nobackdoors\source\client\debug\guildmembersmgr.obj
c:\users\usuario\documents\yatops_nobackdoors\source\client\debug\hmsynchroobj.obj
c:\users\usuario\documents\yatops_nobackdoors\source\client\debug\litload.obj
c:\users\usuario\documents\yatops_nobackdoors\source\client\debug\mousedown.obj
c:\users\usuario\documents\yatops_nobackdoors\source\client\debug\netguild.obj
c:\users\usuario\documents\yatops_nobackdoors\source\client\debug\netprotocol.obj
c:\users\usuario\documents\yatops_nobackdoors\source\client\debug\procirculatecc.obj
c:\users\usuario\documents\yatops_nobackdoors\source\client\debug\renderstatemgr.obj
c:\users\usuario\documents\yatops_nobackdoors\source\client\debug\sceneframemove.obj
c:\users\usuario\documents\yatops_nobackdoors\source\client\debug\scenenode.obj
c:\users\usuario\documents\yatops_nobackdoors\source\client\debug\scenescript.obj
c:\users\usuario\documents\yatops_nobackdoors\source\client\debug\shipfactory.obj
c:\users\usuario\documents\yatops_nobackdoors\source\client\debug\stattack.obj
c:\users\usuario\documents\yatops_nobackdoors\source\client\debug\stpose.obj
c:\users\usuario\documents\yatops_nobackdoors\source\client\debug\teaminviteformmgr.obj
c:\users\usuario\documents\yatops_nobackdoors\source\client\debug\tools.obj
c:\users\usuario\documents\yatops_nobackdoors\source\client\debug\uibakghostform.obj
c:\users\usuario\documents\yatops_nobackdoors\source\client\debug\uibourseform.obj
c:\users\usuario\documents\yatops_nobackdoors\source\client\debug\uicheckbox.obj
c:\users\usuario\documents\yatops_nobackdoors\source\client\debug\uichurchchallenge.obj
c:\users\usuario\documents\yatops_nobackdoors\source\client\debug\uicomposeform.obj
c:\users\usuario\documents\yatops_nobackdoors\source\client\debug\uidoublepwdform.obj
c:\users\usuario\documents\yatops_nobackdoors\source\client\debug\uieditor.obj
c:\users\usuario\documents\yatops_nobackdoors\source\client\debug\uifindteamform.obj
c:\users\usuario\documents\yatops_nobackdoors\source\client\debug\uiformmgr.obj
c:\users\usuario\documents\yatops_nobackdoors\source\client\debug\uigraph.obj
c:\users\usuario\documents\yatops_nobackdoors\source\client\debug\uiguidata.obj
c:\users\usuario\documents\yatops_nobackdoors\source\client\debug\uiguildmgr.obj
c:\users\usuario\documents\yatops_nobackdoors\source\client\debug\uiimage.obj
c:\users\usuario\documents\yatops_nobackdoors\source\client\debug\uiitemreform.obj
c:\users\usuario\documents\yatops_nobackdoors\source\client\debug\uilist.obj
c:\users\usuario\documents\yatops_nobackdoors\source\client\debug\uimemo.obj
c:\users\usuario\documents\yatops_nobackdoors\source\client\debug\uinpctalkform.obj
c:\users\usuario\documents\yatops_nobackdoors\source\client\debug\uipiclist.obj
c:\users\usuario\documents\yatops_nobackdoors\source\client\debug\uiprogressbar.obj
c:\users\usuario\documents\yatops_nobackdoors\source\client\debug\uirender.obj
c:\users\usuario\documents\yatops_nobackdoors\source\client\debug\uirumpurform.obj
c:\users\usuario\documents\yatops_nobackdoors\source\client\debug\uiscroll.obj
c:\users\usuario\documents\yatops_nobackdoors\source\client\debug\uiskilllist.obj
c:\users\usuario\documents\yatops_nobackdoors\source\client\debug\uistoreform.obj
c:\users\usuario\documents\yatops_nobackdoors\source\client\debug\uitextparse.obj
c:\users\usuario\documents\yatops_nobackdoors\source\client\debug\uiwebbrowser.obj
c:\users\usuario\documents\yatops_nobackdoors\source\client\debug\wmp3decoder.obj
c:\users\usuario\documents\yatops_nobackdoors\source\client\debug\vc143.pdb
c:\users\usuario\documents\yatops_nobackdoors\source\client\debug\vc143.idb
c:\users\usuario\documents\yatops_nobackdoors\source\client\debug\kop.res
c:\users\usuario\documents\yatops_nobackdoors\source\client\..\..\client\system\client_x86_debug.pdb
c:\users\usuario\documents\yatops_nobackdoors\source\client\debug\client.tlog\cl.command.1.tlog
c:\users\usuario\documents\yatops_nobackdoors\source\client\debug\client.tlog\cl.items.tlog
c:\users\usuario\documents\yatops_nobackdoors\source\client\debug\client.tlog\cl.read.1.tlog
c:\users\usuario\documents\yatops_nobackdoors\source\client\debug\client.tlog\cl.write.1.tlog
c:\users\usuario\documents\yatops_nobackdoors\source\client\debug\client.tlog\link-cvtres.read.1.tlog
c:\users\usuario\documents\yatops_nobackdoors\source\client\debug\client.tlog\link-cvtres.write.1.tlog
c:\users\usuario\documents\yatops_nobackdoors\source\client\debug\client.tlog\link-rc.read.1.tlog
c:\users\usuario\documents\yatops_nobackdoors\source\client\debug\client.tlog\link-rc.write.1.tlog
c:\users\usuario\documents\yatops_nobackdoors\source\client\debug\client.tlog\link.18900-cvtres.read.1.tlog
c:\users\usuario\documents\yatops_nobackdoors\source\client\debug\client.tlog\link.18900-cvtres.write.1.tlog
c:\users\usuario\documents\yatops_nobackdoors\source\client\debug\client.tlog\link.18900-rc.read.1.tlog
c:\users\usuario\documents\yatops_nobackdoors\source\client\debug\client.tlog\link.18900-rc.write.1.tlog
c:\users\usuario\documents\yatops_nobackdoors\source\client\debug\client.tlog\link.18900.read.1.tlog
c:\users\usuario\documents\yatops_nobackdoors\source\client\debug\client.tlog\link.18900.write.1.tlog
c:\users\usuario\documents\yatops_nobackdoors\source\client\debug\client.tlog\link.command.1.tlog
c:\users\usuario\documents\yatops_nobackdoors\source\client\debug\client.tlog\link.read.1.tlog
c:\users\usuario\documents\yatops_nobackdoors\source\client\debug\client.tlog\link.write.1.tlog
c:\users\usuario\documents\yatops_nobackdoors\source\client\debug\client.tlog\rc.command.1.tlog
c:\users\usuario\documents\yatops_nobackdoors\source\client\debug\client.tlog\rc.read.1.tlog
c:\users\usuario\documents\yatops_nobackdoors\source\client\debug\client.tlog\rc.write.1.tlog
