[Sun Sep 22 14:39:48 2024]	[Healer] Bought [Iron Man] for [50], [4950] remaining.
[Sun Sep 22 14:47:06 2024]	[Healer] Bought [Iron Man] for [50], [4900] remaining.
[Tue Sep 24 01:39:59 2024]	[Killer171] Bought [Standard Berserk] for [999], [23980] remaining.
[Tue Sep 24 02:08:30 2024]	[Killer171] Bought [Magical Clover] for [79], [23901] remaining.
[Tue Sep 24 02:08:32 2024]	[Killer171] Bought [Constitution Recovery Flask] for [1000], [22901] remaining.
[Tue Sep 24 02:08:33 2024]	[Killer171] Bought [Constitution Recovery Flask] for [1000], [21901] remaining.
[Tue Sep 24 02:33:02 2024]	[Killer171] Bought [Item-locking Stone] for [259], [21642] remaining.
[Tue Sep 24 02:41:50 2024]	[Killer171] Bought [Lovers Chocolate;18] for [49], [21593] remaining.
[Tue Sep 24 03:52:14 2024]	[1234] Bought [No Exp Stone] for [500], [2999500] remaining.
[Tue Sep 24 03:52:23 2024]	[1234] Bought [Fairy Rations] for [1099], [2998401] remaining.
[Tue Sep 24 03:52:36 2024]	[1234] Bought [Demonic Fruit of Acidity] for [5499], [2992902] remaining.
[Tue Sep 24 03:52:41 2024]	[1234] Bought [Demonic Fruit of Courage] for [5499], [2987403] remaining.
[Tue Sep 24 03:52:45 2024]	[1234] Bought [Demonic Fruit of Strength] for [5499], [2981904] remaining.
[Tue Sep 24 03:52:52 2024]	[1234] Bought [Demonic Fruit of Intellect] for [5499], [2976405] remaining.
[Tue Sep 24 03:52:58 2024]	[1234] Bought [Demonic Fruit of Energy] for [5499], [2970906] remaining.
[Tue Sep 24 03:53:03 2024]	[1234] Bought [Demonic Fruit of Aberrant] for [5499], [2965407] remaining.
[Tue Sep 24 03:53:07 2024]	[1234] Bought [Demonic Fruit of Mystery] for [5499], [2959908] remaining.
[Tue Sep 24 03:53:13 2024]	[1234] Bought [Standard Meditation] for [999], [2958909] remaining.
[Tue Sep 24 03:56:37 2024]	[1234] Bought [Standard Recover] for [999], [2957910] remaining.
[Tue Sep 24 03:56:40 2024]	[1234] Bought [Standard Magic] for [999], [2956911] remaining.
[Tue Sep 24 03:56:45 2024]	[1234] Bought [Standard Berserk] for [999], [2955912] remaining.
[Tue Sep 24 03:56:49 2024]	[1234] Bought [Standard Protection] for [999], [2954913] remaining.
[Tue Sep 24 03:56:54 2024]	[1234] Bought [Snow Dragon Fruit] for [499], [2954414] remaining.
[Tue Sep 24 03:56:59 2024]	[1234] Bought [Icespire Plum] for [499], [2953915] remaining.
[Tue Sep 24 03:57:04 2024]	[1234] Bought [Zephyr Fish Floss] for [499], [2953416] remaining.
[Tue Sep 24 03:57:10 2024]	[1234] Bought [Zephyr Fish Floss] for [499], [2952917] remaining.
[Tue Sep 24 03:57:17 2024]	[1234] Bought [Zephyr Fish Floss] for [499], [2952418] remaining.
[Tue Sep 24 03:57:22 2024]	[1234] Bought [Argent Mango] for [499], [2951919] remaining.
[Tue Sep 24 03:57:27 2024]	[1234] Bought [Shaitan Biscuit] for [499], [2951420] remaining.
[Tue Sep 24 03:58:39 2024]	[1234] Bought [Heaven's Berry & Nana] for [6290], [2945130] remaining.
[Tue Sep 24 03:58:49 2024]	[1234] Bought [Magical Clover] for [79], [2945051] remaining.
[Tue Sep 24 03:59:04 2024]	[1234] Bought [Intense Magic] for [7989], [2937062] remaining.
[Tue Sep 24 03:59:09 2024]	[1234] Bought [Crystalline Blessing] for [7989], [2929073] remaining.
[Tue Sep 24 03:59:15 2024]	[1234] Bought [Icy Crystal] for [79], [2928994] remaining.
[Tue Sep 24 03:59:21 2024]	[1234] Bought [Icy Crystal] for [79], [2928915] remaining.
[Tue Sep 24 03:59:25 2024]	[1234] Bought [SP Holy Water] for [999], [2927916] remaining.
[Tue Sep 24 03:59:30 2024]	[1234] Bought [Power Sail] for [1199], [2926717] remaining.
[Tue Sep 24 03:59:34 2024]	[1234] Bought [lantern festival] for [499], [2926218] remaining.
[Tue Sep 24 04:02:23 2024]	[1234] Bought [Pass to Lone Tower] for [90], [2926128] remaining.
[Tue Sep 24 04:02:27 2024]	[1234] Bought [Pass to Summer] for [150], [2925978] remaining.
[Tue Sep 24 04:02:29 2024]	[1234] Bought [Pass to Autum] for [150], [2925828] remaining.
[Tue Sep 24 04:02:33 2024]	[1234] Bought [Pass to Silver Mine 3] for [90], [2925738] remaining.
[Tue Sep 24 04:02:36 2024]	[1234] Bought [Pass to Abandoned Mine 2] for [90], [2925648] remaining.
[Tue Sep 24 04:02:39 2024]	[1234] Bought [Pass to Sacred Snow Mountain] for [90], [2925558] remaining.
[Tue Sep 24 04:02:42 2024]	[1234] Bought [Pass to Spring Town] for [90], [2925468] remaining.
[Tue Sep 24 04:02:55 2024]	[1234] Bought [Socket Pack] for [2999], [2922469] remaining.
[Tue Sep 24 04:03:02 2024]	[1234] Bought [Fiery Gem Voucher] for [1099], [2921370] remaining.
[Tue Sep 24 04:03:06 2024]	[1234] Bought [Furious Gem Voucher] for [1099], [2920271] remaining.
[Tue Sep 24 04:03:51 2024]	[1234] Bought [Explosive Gem Voucher] for [1099], [2919172] remaining.
[Tue Sep 24 04:03:55 2024]	[1234] Bought [Lustrious Gem Voucher] for [1099], [2918073] remaining.
[Tue Sep 24 04:04:00 2024]	[1234] Bought [Spirit Gem Voucher] for [1099], [2916974] remaining.
[Tue Sep 24 04:04:08 2024]	[1234] Bought [Glowing Gem Voucher] for [1099], [2915875] remaining.
[Tue Sep 24 04:06:13 2024]	[1234] Bought [Shining Gem Voucher] for [1099], [2914776] remaining.
[Tue Sep 24 04:06:17 2024]	[1234] Bought [Shadow Gem Voucher] for [1099], [2913677] remaining.
[Tue Sep 24 04:06:22 2024]	[1234] Bought [Blacksmith Pliers] for [109], [2913568] remaining.
[Tue Sep 24 04:06:28 2024]	[1234] Bought [Blacksmith Pliers] for [109], [2913459] remaining.
[Tue Sep 24 04:06:46 2024]	[1234] Bought [Full Body Armor] for [1199], [2912260] remaining.
[Tue Sep 24 04:06:49 2024]	[1234] Bought [Item-locking Stone] for [259], [2912001] remaining.
[Tue Sep 24 04:06:53 2024]	[1234] Bought [Primary Magic Powder] for [200], [2911801] remaining.
[Tue Sep 24 04:06:56 2024]	[1234] Bought [Junior Magic Powder] for [400], [2911401] remaining.
[Tue Sep 24 04:06:59 2024]	[1234] Bought [Senior Magic Powder] for [800], [2910601] remaining.
[Tue Sep 24 04:07:03 2024]	[1234] Bought [Soul Detector Lv1] for [49], [2910552] remaining.
[Tue Sep 24 04:07:05 2024]	[1234] Bought [Skill-Snooty] for [49], [2910503] remaining.
[Tue Sep 24 04:07:08 2024]	[1234] Bought [Skill-Fool] for [49], [2910454] remaining.
[Tue Sep 24 04:07:09 2024]	[1234] Bought [Skill-Trickster] for [49], [2910405] remaining.
[Tue Sep 24 04:07:13 2024]	[1234] Bought [Skill-Coin Shower] for [49], [2910356] remaining.
[Tue Sep 24 04:07:32 2024]	[1234] Bought [Rose;18] for [49], [2910307] remaining.
[Tue Sep 24 04:07:35 2024]	[1234] Bought [Lovers Chocolate;18] for [49], [2910258] remaining.
[Tue Sep 24 04:09:56 2024]	[1234] Bought [Skill-Trickster] for [49], [2910209] remaining.
[Tue Sep 24 04:10:43 2024]	[1234] Bought [Little Snow Ball;9] for [49], [2910160] remaining.
[Tue Sep 24 04:10:47 2024]	[1234] Bought [Inventory Pack] for [5999], [2904161] remaining.
[Tue Sep 24 04:10:58 2024]	[1234] Bought [Unique Ring Voucher] for [19999], [2884162] remaining.
[Tue Sep 24 04:11:02 2024]	[1234] Bought [Unique Necklace Voucher] for [19999], [2864163] remaining.
[Tue Sep 24 04:11:09 2024]	[1234] Bought [Unique Necklace Voucher] for [19999], [2844164] remaining.
[Tue Sep 24 14:19:31 2024]	[Killer171] Bought [Pass to Sacred Snow Mountain] for [90], [21503] remaining.
[Tue Sep 24 14:26:38 2024]	[Killer171] Bought [Item-locking Stone] for [259], [21244] remaining.
[Wed Sep 25 02:21:30 2024]	[Healer] Bought [Resetting Stone] for [4999], [45001] remaining.
[Wed Sep 25 02:21:32 2024]	[Healer] Bought [Resetting Stone] for [4999], [40002] remaining.
[Wed Sep 25 02:21:32 2024]	[Healer] Bought [Resetting Stone] for [4999], [35003] remaining.
[Wed Sep 25 16:24:00 2024]	[Killer171] Bought [Pass to Sacred Snow Mountain] for [90], [960] remaining.
[Tue Oct 22 13:33:23 2024]	[Killer171] Bought [Argent Mango] for [499], [461] remaining.
[Mon Dec  2 21:51:14 2024]	[Killer171] Bought [Bloodmoon Set] for [4999], [45001] remaining.
[Tue Dec  3 12:32:37 2024]	[Killer171] Bought [Pass to Spring Town] for [90], [44911] remaining.
[Tue Dec  3 12:32:43 2024]	[Killer171] Bought [Soul of Water] for [14999], [29912] remaining.
[Tue Dec  3 12:35:48 2024]	[Killer171] Bought [Bloodmoon Set] for [4999], [24913] remaining.
[Wed Dec  4 23:49:59 2024]	[Killer171] Bought [Resetting Stone] for [4999], [19914] remaining.
[Thu Dec  5 23:20:45 2024]	[Killer171] Bought [Pass to Spring Town] for [90], [19824] remaining.
[Fri Dec  6 00:28:13 2024]	[MyHae] Bought [Standard Meditation] for [999], [4001] remaining.
[Fri Dec  6 00:32:21 2024]	[MyHae] Bought [Resetting Stone] for [4999], [45001] remaining.
[Fri Dec  6 00:32:22 2024]	[MyHae] Bought [Resetting Stone] for [4999], [40002] remaining.
[Fri Dec  6 00:32:22 2024]	[MyHae] Bought [Resetting Stone] for [4999], [35003] remaining.
[Fri Dec  6 00:32:23 2024]	[MyHae] Bought [Resetting Stone] for [4999], [30004] remaining.
[Fri Dec  6 00:33:51 2024]	[MyHae] Bought [Resetting Stone] for [4999], [25005] remaining.
[Fri Dec  6 18:20:07 2024]	[Helper] Bought [Zephyr Fish Floss] for [499], [126] remaining.
