c:\users\usuario\documents\yatops_nobackdoors\source\common\x64\release\common_x64.pdb
c:\users\usuario\documents\yatops_nobackdoors\source\common\x64\release\chamask.obj
c:\users\usuario\documents\yatops_nobackdoors\source\common\x64\release\commfunc.obj
c:\users\usuario\documents\yatops_nobackdoors\source\common\x64\release\itemattr.obj
c:\users\usuario\documents\yatops_nobackdoors\source\common\x64\release\kitbag.obj
c:\users\usuario\documents\yatops_nobackdoors\source\common\x64\release\mapcopyrecord.obj
c:\users\usuario\documents\yatops_nobackdoors\source\common\x64\release\point.obj
c:\users\usuario\documents\yatops_nobackdoors\source\common\x64\release\saillvrecord.obj
c:\users\usuario\documents\yatops_nobackdoors\source\common\x64\release\stringlib.obj
c:\users\usuario\documents\yatops_nobackdoors\source\common\x64\release\switchmaprecord.obj
c:\users\usuario\documents\yatops_nobackdoors\source\common\x64\release\eventrecord.obj
c:\users\usuario\documents\yatops_nobackdoors\source\common\x64\release\itemrecord.obj
c:\users\usuario\documents\yatops_nobackdoors\source\common\x64\release\lifelvrecord.obj
c:\users\usuario\documents\yatops_nobackdoors\source\common\x64\release\nolockrecord.obj
c:\users\usuario\documents\yatops_nobackdoors\source\common\x64\release\skillrecord.obj
c:\users\usuario\documents\yatops_nobackdoors\source\common\x64\release\chaattr.obj
c:\users\usuario\documents\yatops_nobackdoors\source\common\x64\release\i18n.obj
c:\users\usuario\documents\yatops_nobackdoors\source\common\x64\release\itemcontent.obj
c:\users\usuario\documents\yatops_nobackdoors\source\common\x64\release\levelrecord.obj
c:\users\usuario\documents\yatops_nobackdoors\source\common\x64\release\memcheck.obj
c:\users\usuario\documents\yatops_nobackdoors\source\common\x64\release\monrefrecord.obj
c:\users\usuario\documents\yatops_nobackdoors\source\common\x64\release\shipset.obj
c:\users\usuario\documents\yatops_nobackdoors\source\common\x64\release\stringpooll.obj
c:\users\usuario\documents\yatops_nobackdoors\source\common\x64\release\terrainattrib.obj
c:\users\usuario\documents\yatops_nobackdoors\source\common\x64\release\characterrecord.obj
c:\users\usuario\documents\yatops_nobackdoors\source\common\x64\release\hairrecord.obj
c:\users\usuario\documents\yatops_nobackdoors\source\common\x64\release\jobinitequip.obj
c:\users\usuario\documents\yatops_nobackdoors\source\common\x64\release\logfile.obj
c:\users\usuario\documents\yatops_nobackdoors\source\common\x64\release\netcommand.obj
c:\users\usuario\documents\yatops_nobackdoors\source\common\x64\release\npcrecord.obj
c:\users\usuario\documents\yatops_nobackdoors\source\common\x64\release\skillstaterecord.obj
c:\users\usuario\documents\yatops_nobackdoors\source\common\x64\release\common_x64.lib
c:\users\usuario\documents\yatops_nobackdoors\source\common\x64\release\common.tlog\cl.command.1.tlog
c:\users\usuario\documents\yatops_nobackdoors\source\common\x64\release\common.tlog\cl.items.tlog
c:\users\usuario\documents\yatops_nobackdoors\source\common\x64\release\common.tlog\cl.read.1.tlog
c:\users\usuario\documents\yatops_nobackdoors\source\common\x64\release\common.tlog\cl.write.1.tlog
c:\users\usuario\documents\yatops_nobackdoors\source\common\x64\release\common.tlog\lib-link.read.1.tlog
c:\users\usuario\documents\yatops_nobackdoors\source\common\x64\release\common.tlog\lib-link.write.1.tlog
c:\users\usuario\documents\yatops_nobackdoors\source\common\x64\release\common.tlog\lib.command.1.tlog
