c:\users\usuario\documents\yatops_nobackdoors\source\calua\lib\calua.bsc
d:\forsaken-new\source\calua\lib\calua.lib
d:\forsaken-new\source\calua\lib\calua.exp
c:\users\usuario\documents\yatops_nobackdoors\source\calua\calua\debug\vc143.pdb
c:\users\usuario\documents\yatops_nobackdoors\source\calua\calua\debug\calua_avltree.sbr
c:\users\usuario\documents\yatops_nobackdoors\source\calua\calua\debug\calua_function.sbr
c:\users\usuario\documents\yatops_nobackdoors\source\calua\calua\debug\calua_hash.sbr
c:\users\usuario\documents\yatops_nobackdoors\source\calua\calua\debug\calua_helper.sbr
c:\users\usuario\documents\yatops_nobackdoors\source\calua\calua\debug\calua_luafuncs.sbr
c:\users\usuario\documents\yatops_nobackdoors\source\calua\calua\debug\calua_main.sbr
c:\users\usuario\documents\yatops_nobackdoors\source\calua\calua\debug\calua_parser.sbr
c:\users\usuario\documents\yatops_nobackdoors\source\calua\calua\debug\calua_stack.sbr
c:\users\usuario\documents\yatops_nobackdoors\source\calua\calua\debug\calua_structure.sbr
c:\users\usuario\documents\yatops_nobackdoors\source\calua\calua\debug\calua_vmstack.sbr
c:\users\usuario\documents\yatops_nobackdoors\source\calua\calua\debug\calua_vmstack.obj
c:\users\usuario\documents\yatops_nobackdoors\source\calua\calua\debug\calua_structure.obj
c:\users\usuario\documents\yatops_nobackdoors\source\calua\calua\debug\calua_stack.obj
c:\users\usuario\documents\yatops_nobackdoors\source\calua\calua\debug\calua_parser.obj
c:\users\usuario\documents\yatops_nobackdoors\source\calua\calua\debug\calua_main.obj
c:\users\usuario\documents\yatops_nobackdoors\source\calua\calua\debug\calua_luafuncs.obj
c:\users\usuario\documents\yatops_nobackdoors\source\calua\calua\debug\calua_helper.obj
c:\users\usuario\documents\yatops_nobackdoors\source\calua\calua\debug\calua_hash.obj
c:\users\usuario\documents\yatops_nobackdoors\source\calua\calua\debug\calua_function.obj
c:\users\usuario\documents\yatops_nobackdoors\source\calua\calua\debug\calua_avltree.obj
c:\users\usuario\documents\yatops_nobackdoors\source\calua\lib\calua.lib
c:\users\usuario\documents\yatops_nobackdoors\source\calua\lib\calua.exp
c:\users\usuario\documents\yatops_nobackdoors\source\calua\lib\calua.dll
c:\users\usuario\documents\yatops_nobackdoors\source\calua\lib\calua.map
c:\users\usuario\documents\yatops_nobackdoors\source\calua\lib\calua.pdb
c:\users\usuario\documents\yatops_nobackdoors\source\calua\calua\debug\vc142.pdb
c:\users\usuario\documents\yatops_nobackdoors\source\calua\calua\debug\calua.tlog\bscmake.command.1.tlog
c:\users\usuario\documents\yatops_nobackdoors\source\calua\calua\debug\calua.tlog\bscmake.read.1.tlog
c:\users\usuario\documents\yatops_nobackdoors\source\calua\calua\debug\calua.tlog\bscmake.write.1.tlog
c:\users\usuario\documents\yatops_nobackdoors\source\calua\calua\debug\calua.tlog\calua.write.1u.tlog
c:\users\usuario\documents\yatops_nobackdoors\source\calua\calua\debug\calua.tlog\cl.command.1.tlog
c:\users\usuario\documents\yatops_nobackdoors\source\calua\calua\debug\calua.tlog\cl.items.tlog
c:\users\usuario\documents\yatops_nobackdoors\source\calua\calua\debug\calua.tlog\cl.read.1.tlog
c:\users\usuario\documents\yatops_nobackdoors\source\calua\calua\debug\calua.tlog\cl.write.1.tlog
c:\users\usuario\documents\yatops_nobackdoors\source\calua\calua\debug\calua.tlog\link.command.1.tlog
c:\users\usuario\documents\yatops_nobackdoors\source\calua\calua\debug\calua.tlog\link.read.1.tlog
c:\users\usuario\documents\yatops_nobackdoors\source\calua\calua\debug\calua.tlog\link.write.1.tlog
c:\users\usuario\documents\yatops_nobackdoors\source\calua\calua\debug\calua.tlog\link.write.2u.tlog
