c:\users\usuario\documents\yatops_nobackdoors\source\gameserver\x64\release\action.obj
c:\users\usuario\documents\yatops_nobackdoors\source\gameserver\x64\release\auctionitem.obj
c:\users\usuario\documents\yatops_nobackdoors\source\gameserver\x64\release\charactercmd.obj
c:\users\usuario\documents\yatops_nobackdoors\source\gameserver\x64\release\charactersupercmd.obj
c:\users\usuario\documents\yatops_nobackdoors\source\gameserver\x64\release\chartrade.obj
c:\users\usuario\documents\yatops_nobackdoors\source\gameserver\x64\release\entityscript.obj
c:\users\usuario\documents\yatops_nobackdoors\source\gameserver\x64\release\eyeshotcell.obj
c:\users\usuario\documents\yatops_nobackdoors\source\gameserver\x64\release\gameappnet.obj
c:\users\usuario\documents\yatops_nobackdoors\source\gameserver\x64\release\gamesmain.obj
c:\users\usuario\documents\yatops_nobackdoors\source\gameserver\x64\release\lua_gamectrl.obj
c:\users\usuario\documents\yatops_nobackdoors\source\gameserver\x64\release\nolockrecord.obj
c:\users\usuario\documents\yatops_nobackdoors\source\gameserver\x64\release\npcscript.obj
c:\users\usuario\documents\yatops_nobackdoors\source\gameserver\x64\release\profilemonitor.obj
c:\users\usuario\documents\yatops_nobackdoors\source\gameserver\x64\release\stdafx.obj
c:\users\usuario\documents\yatops_nobackdoors\source\gameserver\x64\release\tradelogdb.obj
c:\users\usuario\documents\yatops_nobackdoors\source\gameserver\x64\release\worldeudemon.obj
c:\users\usuario\documents\yatops_nobackdoors\source\gameserver\x64\release\attachable.obj
c:\users\usuario\documents\yatops_nobackdoors\source\gameserver\x64\release\birthplace.obj
c:\users\usuario\documents\yatops_nobackdoors\source\gameserver\x64\release\character.obj
c:\users\usuario\documents\yatops_nobackdoors\source\gameserver\x64\release\characterpacket.obj
c:\users\usuario\documents\yatops_nobackdoors\source\gameserver\x64\release\charboat.obj
c:\users\usuario\documents\yatops_nobackdoors\source\gameserver\x64\release\config.obj
c:\users\usuario\documents\yatops_nobackdoors\source\gameserver\x64\release\entityspawn.obj
c:\users\usuario\documents\yatops_nobackdoors\source\gameserver\x64\release\eventhandler.obj
c:\users\usuario\documents\yatops_nobackdoors\source\gameserver\x64\release\findpath.obj
c:\users\usuario\documents\yatops_nobackdoors\source\gameserver\x64\release\gamedb.obj
c:\users\usuario\documents\yatops_nobackdoors\source\gameserver\x64\release\harmrec.obj
c:\users\usuario\documents\yatops_nobackdoors\source\gameserver\x64\release\mapres.obj
c:\users\usuario\documents\yatops_nobackdoors\source\gameserver\x64\release\npc.obj
c:\users\usuario\documents\yatops_nobackdoors\source\gameserver\x64\release\player.obj
c:\users\usuario\documents\yatops_nobackdoors\source\gameserver\x64\release\systemdialog.obj
c:\users\usuario\documents\yatops_nobackdoors\source\gameserver\x64\release\attachmanage.obj
c:\users\usuario\documents\yatops_nobackdoors\source\gameserver\x64\release\cfl_iocp.obj
c:\users\usuario\documents\yatops_nobackdoors\source\gameserver\x64\release\characteraistate.obj
c:\users\usuario\documents\yatops_nobackdoors\source\gameserver\x64\release\characterrun.obj
c:\users\usuario\documents\yatops_nobackdoors\source\gameserver\x64\release\charstall.obj
c:\users\usuario\documents\yatops_nobackdoors\source\gameserver\x64\release\entity.obj
c:\users\usuario\documents\yatops_nobackdoors\source\gameserver\x64\release\evententity.obj
c:\users\usuario\documents\yatops_nobackdoors\source\gameserver\x64\release\gameapp.obj
c:\users\usuario\documents\yatops_nobackdoors\source\gameserver\x64\release\gmsvr.obj
c:\users\usuario\documents\yatops_nobackdoors\source\gameserver\x64\release\guild.obj
c:\users\usuario\documents\yatops_nobackdoors\source\gameserver\x64\release\mapentry.obj
c:\users\usuario\documents\yatops_nobackdoors\source\gameserver\x64\release\maptrigger.obj
c:\users\usuario\documents\yatops_nobackdoors\source\gameserver\x64\release\mission.obj
c:\users\usuario\documents\yatops_nobackdoors\source\gameserver\x64\release\parser.obj
c:\users\usuario\documents\yatops_nobackdoors\source\gameserver\x64\release\stackwalker.obj
c:\users\usuario\documents\yatops_nobackdoors\source\gameserver\x64\release\statecell.obj
c:\users\usuario\documents\yatops_nobackdoors\source\gameserver\x64\release\weather.obj
c:\users\usuario\documents\yatops_nobackdoors\source\gameserver\x64\release\auction.obj
c:\users\usuario\documents\yatops_nobackdoors\source\gameserver\x64\release\cfl_lock.obj
c:\users\usuario\documents\yatops_nobackdoors\source\gameserver\x64\release\characterai.obj
c:\users\usuario\documents\yatops_nobackdoors\source\gameserver\x64\release\characterprl.obj
c:\users\usuario\documents\yatops_nobackdoors\source\gameserver\x64\release\charscript.obj
c:\users\usuario\documents\yatops_nobackdoors\source\gameserver\x64\release\entityalloc.obj
c:\users\usuario\documents\yatops_nobackdoors\source\gameserver\x64\release\eventcalculate.obj
c:\users\usuario\documents\yatops_nobackdoors\source\gameserver\x64\release\fightable.obj
c:\users\usuario\documents\yatops_nobackdoors\source\gameserver\x64\release\gameserverapp.obj
c:\users\usuario\documents\yatops_nobackdoors\source\gameserver\x64\release\item.obj
c:\users\usuario\documents\yatops_nobackdoors\source\gameserver\x64\release\moveable.obj
c:\users\usuario\documents\yatops_nobackdoors\source\gameserver\x64\release\picset.obj
c:\users\usuario\documents\yatops_nobackdoors\source\gameserver\x64\release\picture.obj
c:\users\usuario\documents\yatops_nobackdoors\source\gameserver\x64\release\script.obj
c:\users\usuario\documents\yatops_nobackdoors\source\gameserver\x64\release\submap.obj
c:\users\usuario\documents\yatops_nobackdoors\source\gameserver\x64\release\xstring.obj
c:\users\usuario\documents\yatops_nobackdoors\source\gameserver\x64\release\vc143.pdb
c:\users\usuario\documents\yatops_nobackdoors\server\gameserver_x64_release.exe
c:\users\usuario\documents\yatops_nobackdoors\source\gameserver\x64\release\gameserver_x64_release.ipdb
c:\users\usuario\documents\yatops_nobackdoors\server\gameserver_x64_release.pdb
c:\users\usuario\documents\yatops_nobackdoors\source\gameserver\x64\release\gameserver_x64_release.iobj
c:\users\usuario\documents\yatops_nobackdoors\source\gameserver\x64\release\gameserver.res
c:\users\usuario\documents\yatops_nobackdoors\source\gameserver\..\..\server\gameserver_x64_release.pdb
c:\users\usuario\documents\yatops_nobackdoors\source\gameserver\x64\release\gameserver.tlog\cl.command.1.tlog
c:\users\usuario\documents\yatops_nobackdoors\source\gameserver\x64\release\gameserver.tlog\cl.items.tlog
c:\users\usuario\documents\yatops_nobackdoors\source\gameserver\x64\release\gameserver.tlog\cl.read.1.tlog
c:\users\usuario\documents\yatops_nobackdoors\source\gameserver\x64\release\gameserver.tlog\cl.write.1.tlog
c:\users\usuario\documents\yatops_nobackdoors\source\gameserver\x64\release\gameserver.tlog\link.command.1.tlog
c:\users\usuario\documents\yatops_nobackdoors\source\gameserver\x64\release\gameserver.tlog\link.read.1.tlog
c:\users\usuario\documents\yatops_nobackdoors\source\gameserver\x64\release\gameserver.tlog\link.write.1.tlog
c:\users\usuario\documents\yatops_nobackdoors\source\gameserver\x64\release\gameserver.tlog\rc.command.1.tlog
c:\users\usuario\documents\yatops_nobackdoors\source\gameserver\x64\release\gameserver.tlog\rc.read.1.tlog
c:\users\usuario\documents\yatops_nobackdoors\source\gameserver\x64\release\gameserver.tlog\rc.write.1.tlog
