c:\users\usuario\documents\yatops_nobackdoors\source\groupserver\x64\release\dbconnect.obj
c:\users\usuario\documents\yatops_nobackdoors\source\groupserver\x64\release\groupserverappguld.obj
c:\users\usuario\documents\yatops_nobackdoors\source\groupserver\x64\release\groupserverappserv.obj
c:\users\usuario\documents\yatops_nobackdoors\source\groupserver\x64\release\luafunc.obj
c:\users\usuario\documents\yatops_nobackdoors\source\groupserver\x64\release\player.obj
c:\users\usuario\documents\yatops_nobackdoors\source\groupserver\x64\release\groupserverappchat.obj
c:\users\usuario\documents\yatops_nobackdoors\source\groupserver\x64\release\groupserverappinit.obj
c:\users\usuario\documents\yatops_nobackdoors\source\groupserver\x64\release\groupserverappteam.obj
c:\users\usuario\documents\yatops_nobackdoors\source\groupserver\x64\release\invitation.obj
c:\users\usuario\documents\yatops_nobackdoors\source\groupserver\x64\release\script.obj
c:\users\usuario\documents\yatops_nobackdoors\source\groupserver\x64\release\team.obj
c:\users\usuario\documents\yatops_nobackdoors\source\groupserver\x64\release\friend.obj
c:\users\usuario\documents\yatops_nobackdoors\source\groupserver\x64\release\groupserverappfrnd.obj
c:\users\usuario\documents\yatops_nobackdoors\source\groupserver\x64\release\groupserverappprsn.obj
c:\users\usuario\documents\yatops_nobackdoors\source\groupserver\x64\release\guild.obj
c:\users\usuario\documents\yatops_nobackdoors\source\groupserver\x64\release\master.obj
c:\users\usuario\documents\yatops_nobackdoors\source\groupserver\x64\release\sessionchat.obj
c:\users\usuario\documents\yatops_nobackdoors\source\groupserver\x64\release\groupserverapp.obj
c:\users\usuario\documents\yatops_nobackdoors\source\groupserver\x64\release\groupserverappmaster.obj
c:\users\usuario\documents\yatops_nobackdoors\source\groupserver\x64\release\groupsmain.obj
c:\users\usuario\documents\yatops_nobackdoors\source\groupserver\x64\release\guildmember.obj
c:\users\usuario\documents\yatops_nobackdoors\source\groupserver\x64\release\parser.obj
c:\users\usuario\documents\yatops_nobackdoors\source\groupserver\x64\release\stdafx.obj
c:\users\usuario\documents\yatops_nobackdoors\source\groupserver\x64\release\teammember.obj
c:\users\usuario\documents\yatops_nobackdoors\source\groupserver\x64\release\vc143.pdb
c:\users\usuario\documents\yatops_nobackdoors\server\groupserver_x64_release.exe
c:\users\usuario\documents\yatops_nobackdoors\source\groupserver\x64\release\groupserver_x64_release.ipdb
c:\users\usuario\documents\yatops_nobackdoors\server\groupserver_x64_release.pdb
c:\users\usuario\documents\yatops_nobackdoors\source\groupserver\x64\release\groupserver_x64_release.iobj
c:\users\usuario\documents\yatops_nobackdoors\source\groupserver\x64\release\groupserver.res
c:\users\usuario\documents\yatops_nobackdoors\source\groupserver\..\..\server\groupserver_x64_release.pdb
c:\users\usuario\documents\yatops_nobackdoors\source\groupserver\x64\release\groupserver.tlog\cl.10728.write.1.tlog
c:\users\usuario\documents\yatops_nobackdoors\source\groupserver\x64\release\groupserver.tlog\cl.command.1.tlog
c:\users\usuario\documents\yatops_nobackdoors\source\groupserver\x64\release\groupserver.tlog\cl.items.tlog
c:\users\usuario\documents\yatops_nobackdoors\source\groupserver\x64\release\groupserver.tlog\cl.read.1.tlog
c:\users\usuario\documents\yatops_nobackdoors\source\groupserver\x64\release\groupserver.tlog\link.command.1.tlog
c:\users\usuario\documents\yatops_nobackdoors\source\groupserver\x64\release\groupserver.tlog\link.read.1.tlog
c:\users\usuario\documents\yatops_nobackdoors\source\groupserver\x64\release\groupserver.tlog\link.write.1.tlog
c:\users\usuario\documents\yatops_nobackdoors\source\groupserver\x64\release\groupserver.tlog\rc.command.1.tlog
c:\users\usuario\documents\yatops_nobackdoors\source\groupserver\x64\release\groupserver.tlog\rc.read.1.tlog
c:\users\usuario\documents\yatops_nobackdoors\source\groupserver\x64\release\groupserver.tlog\rc.write.1.tlog
