c:\users\usuario\documents\yatops_nobackdoors\source\accountserver\x64\release\globalvariable.obj
c:\users\usuario\documents\yatops_nobackdoors\source\accountserver\x64\release\mythread.obj
c:\users\usuario\documents\yatops_nobackdoors\source\accountserver\x64\release\accountserver2.obj
c:\users\usuario\documents\yatops_nobackdoors\source\accountserver\x64\release\stdafx.obj
c:\users\usuario\documents\yatops_nobackdoors\source\accountserver\x64\release\databasectrl.obj
c:\users\usuario\documents\yatops_nobackdoors\source\accountserver\x64\release\player.obj
c:\users\usuario\documents\yatops_nobackdoors\source\accountserver\x64\release\main.obj
c:\users\usuario\documents\yatops_nobackdoors\source\accountserver\x64\release\playermgr.obj
c:\users\usuario\documents\yatops_nobackdoors\source\accountserver\x64\release\vc143.pdb
c:\users\usuario\documents\yatops_nobackdoors\server\accountserver_x64_release.exe
c:\users\usuario\documents\yatops_nobackdoors\source\accountserver\x64\release\accountserver_x64_release.ipdb
c:\users\usuario\documents\yatops_nobackdoors\server\accountserver_x64_release.pdb
c:\users\usuario\documents\yatops_nobackdoors\source\accountserver\x64\release\accountserver_x64_release.iobj
c:\users\usuario\documents\yatops_nobackdoors\source\accountserver\x64\release\accountserver.res
c:\users\usuario\documents\yatops_nobackdoors\source\accountserver\..\..\server\accountserver_x64_release.pdb
c:\users\usuario\documents\yatops_nobackdoors\source\accountserver\x64\release\accountserver.tlog\cl.13052.write.1.tlog
c:\users\usuario\documents\yatops_nobackdoors\source\accountserver\x64\release\accountserver.tlog\cl.command.1.tlog
c:\users\usuario\documents\yatops_nobackdoors\source\accountserver\x64\release\accountserver.tlog\cl.items.tlog
c:\users\usuario\documents\yatops_nobackdoors\source\accountserver\x64\release\accountserver.tlog\cl.read.1.tlog
c:\users\usuario\documents\yatops_nobackdoors\source\accountserver\x64\release\accountserver.tlog\link.command.1.tlog
c:\users\usuario\documents\yatops_nobackdoors\source\accountserver\x64\release\accountserver.tlog\link.read.1.tlog
c:\users\usuario\documents\yatops_nobackdoors\source\accountserver\x64\release\accountserver.tlog\link.write.1.tlog
c:\users\usuario\documents\yatops_nobackdoors\source\accountserver\x64\release\accountserver.tlog\rc.command.1.tlog
c:\users\usuario\documents\yatops_nobackdoors\source\accountserver\x64\release\accountserver.tlog\rc.read.1.tlog
c:\users\usuario\documents\yatops_nobackdoors\source\accountserver\x64\release\accountserver.tlog\rc.write.1.tlog
