c:\users\usuario\documents\yatops\source\common\win32\debug\chaattr.obj
c:\users\usuario\documents\yatops\source\common\win32\debug\i18n.obj
c:\users\usuario\documents\yatops\source\common\win32\debug\itemcontent.obj
c:\users\usuario\documents\yatops\source\common\win32\debug\levelrecord.obj
c:\users\usuario\documents\yatops\source\common\win32\debug\memcheck.obj
c:\users\usuario\documents\yatops\source\common\win32\debug\monrefrecord.obj
c:\users\usuario\documents\yatops\source\common\win32\debug\shipset.obj
c:\users\usuario\documents\yatops\source\common\win32\debug\stringpooll.obj
c:\users\usuario\documents\yatops\source\common\win32\debug\commfunc.obj
c:\users\usuario\documents\yatops\source\common\win32\debug\itemattr.obj
c:\users\usuario\documents\yatops\source\common\win32\debug\kitbag.obj
c:\users\usuario\documents\yatops\source\common\win32\debug\mapcopyrecord.obj
c:\users\usuario\documents\yatops\source\common\win32\debug\point.obj
c:\users\usuario\documents\yatops\source\common\win32\debug\saillvrecord.obj
c:\users\usuario\documents\yatops\source\common\win32\debug\stringlib.obj
c:\users\usuario\documents\yatops\source\common\win32\debug\switchmaprecord.obj
c:\users\usuario\documents\yatops\source\common\win32\debug\characterrecord.obj
c:\users\usuario\documents\yatops\source\common\win32\debug\hairrecord.obj
c:\users\usuario\documents\yatops\source\common\win32\debug\jobinitequip.obj
c:\users\usuario\documents\yatops\source\common\win32\debug\logfile.obj
c:\users\usuario\documents\yatops\source\common\win32\debug\netcommand.obj
c:\users\usuario\documents\yatops\source\common\win32\debug\npcrecord.obj
c:\users\usuario\documents\yatops\source\common\win32\debug\skillstaterecord.obj
c:\users\usuario\documents\yatops\source\common\win32\debug\chamask.obj
c:\users\usuario\documents\yatops\source\common\win32\debug\eventrecord.obj
c:\users\usuario\documents\yatops\source\common\win32\debug\itemrecord.obj
c:\users\usuario\documents\yatops\source\common\win32\debug\lifelvrecord.obj
c:\users\usuario\documents\yatops\source\common\win32\debug\nolockrecord.obj
c:\users\usuario\documents\yatops\source\common\win32\debug\skillrecord.obj
c:\users\usuario\documents\yatops\source\common\win32\debug\terrainattrib.obj
c:\users\usuario\documents\yatops\source\common\x86\debug\common_x86.pdb
c:\users\usuario\documents\yatops\source\common\x86\debug\common_x86.lib
c:\users\usuario\documents\yatops\source\common\win32\debug\common.tlog\cl.11604.write.1.tlog
c:\users\usuario\documents\yatops\source\common\win32\debug\common.tlog\cl.command.1.tlog
c:\users\usuario\documents\yatops\source\common\win32\debug\common.tlog\cl.items.tlog
c:\users\usuario\documents\yatops\source\common\win32\debug\common.tlog\cl.read.1.tlog
c:\users\usuario\documents\yatops\source\common\win32\debug\common.tlog\lib-link.read.1.tlog
c:\users\usuario\documents\yatops\source\common\win32\debug\common.tlog\lib-link.write.1.tlog
c:\users\usuario\documents\yatops\source\common\win32\debug\common.tlog\lib.command.1.tlog
