c:\users\usuario\documents\yatops_nobackdoors\source\gateserver\release\main.obj
c:\users\usuario\documents\yatops_nobackdoors\source\gateserver\release\togameserver.obj
c:\users\usuario\documents\yatops_nobackdoors\source\gateserver\release\gateserver.obj
c:\users\usuario\documents\yatops_nobackdoors\source\gateserver\release\togroupserver.obj
c:\users\usuario\documents\yatops_nobackdoors\source\gateserver\release\toclient.obj
c:\users\usuario\documents\yatops_nobackdoors\source\gateserver\release\vc143.pdb
c:\users\usuario\documents\yatops_nobackdoors\server\gateserver_x86_release.exe
c:\users\usuario\documents\yatops_nobackdoors\source\gateserver\release\gateserver_x86_release.ipdb
c:\users\usuario\documents\yatops_nobackdoors\source\gateserver\release\gateserver_x86_release.iobj
c:\users\usuario\documents\yatops_nobackdoors\server\gateserver_x86_release.pdb
c:\users\usuario\documents\yatops_nobackdoors\source\gateserver\release\gateserver.res
c:\users\usuario\documents\yatops_nobackdoors\source\gateserver\..\..\server\gateserver_x86_release.pdb
c:\users\usuario\documents\yatops_nobackdoors\source\gateserver\release\gateserver.tlog\cl.10500.write.1.tlog
c:\users\usuario\documents\yatops_nobackdoors\source\gateserver\release\gateserver.tlog\cl.command.1.tlog
c:\users\usuario\documents\yatops_nobackdoors\source\gateserver\release\gateserver.tlog\cl.items.tlog
c:\users\usuario\documents\yatops_nobackdoors\source\gateserver\release\gateserver.tlog\cl.read.1.tlog
c:\users\usuario\documents\yatops_nobackdoors\source\gateserver\release\gateserver.tlog\link.command.1.tlog
c:\users\usuario\documents\yatops_nobackdoors\source\gateserver\release\gateserver.tlog\link.read.1.tlog
c:\users\usuario\documents\yatops_nobackdoors\source\gateserver\release\gateserver.tlog\link.write.1.tlog
c:\users\usuario\documents\yatops_nobackdoors\source\gateserver\release\gateserver.tlog\rc.command.1.tlog
c:\users\usuario\documents\yatops_nobackdoors\source\gateserver\release\gateserver.tlog\rc.read.1.tlog
c:\users\usuario\documents\yatops_nobackdoors\source\gateserver\release\gateserver.tlog\rc.write.1.tlog
