c:\users\usuario\documents\yatops_nobackdoors\source\utility\x64\debug\utility_x64.pdb
c:\users\usuario\documents\yatops_nobackdoors\source\utility\x64\debug\utility_x64.idb
c:\users\usuario\documents\yatops_nobackdoors\source\utility\x64\debug\md5c.obj
c:\users\usuario\documents\yatops_nobackdoors\source\utility\x64\debug\algo.obj
c:\users\usuario\documents\yatops_nobackdoors\source\utility\x64\debug\db3.obj
c:\users\usuario\documents\yatops_nobackdoors\source\utility\x64\debug\logutil.obj
c:\users\usuario\documents\yatops_nobackdoors\source\utility\x64\debug\mymemory.obj
c:\users\usuario\documents\yatops_nobackdoors\source\utility\x64\debug\pch.obj
c:\users\usuario\documents\yatops_nobackdoors\source\utility\x64\debug\sym_engine.obj
c:\users\usuario\documents\yatops_nobackdoors\source\utility\x64\debug\util2.obj
c:\users\usuario\documents\yatops_nobackdoors\source\utility\x64\debug\sehexception.obj
c:\users\usuario\documents\yatops_nobackdoors\source\utility\x64\debug\languagerecord.obj
c:\users\usuario\documents\yatops_nobackdoors\source\utility\x64\debug\licensemanager.obj
c:\users\usuario\documents\yatops_nobackdoors\source\utility\x64\debug\packet.obj
c:\users\usuario\documents\yatops_nobackdoors\source\utility\x64\debug\privilegecheck.obj
c:\users\usuario\documents\yatops_nobackdoors\source\utility\x64\debug\win32guid.obj
c:\users\usuario\documents\yatops_nobackdoors\source\utility\x64\debug\bill.obj
c:\users\usuario\documents\yatops_nobackdoors\source\utility\x64\debug\errorreport.obj
c:\users\usuario\documents\yatops_nobackdoors\source\utility\x64\debug\log2.obj
c:\users\usuario\documents\yatops_nobackdoors\source\utility\x64\debug\maputil.obj
c:\users\usuario\documents\yatops_nobackdoors\source\utility\x64\debug\sectiondata.obj
c:\users\usuario\documents\yatops_nobackdoors\source\utility\x64\debug\cperformance.obj
c:\users\usuario\documents\yatops_nobackdoors\source\utility\x64\debug\db.obj
c:\users\usuario\documents\yatops_nobackdoors\source\utility\x64\debug\log.obj
c:\users\usuario\documents\yatops_nobackdoors\source\utility\x64\debug\mapdataver.obj
c:\users\usuario\documents\yatops_nobackdoors\source\utility\x64\debug\playsound.obj
c:\users\usuario\documents\yatops_nobackdoors\source\utility\x64\debug\utility_x64.lib
c:\users\usuario\documents\yatops_nobackdoors\source\utility\x64\debug\utility.tlog\cl.command.1.tlog
c:\users\usuario\documents\yatops_nobackdoors\source\utility\x64\debug\utility.tlog\cl.items.tlog
c:\users\usuario\documents\yatops_nobackdoors\source\utility\x64\debug\utility.tlog\cl.read.1.tlog
c:\users\usuario\documents\yatops_nobackdoors\source\utility\x64\debug\utility.tlog\cl.write.1.tlog
c:\users\usuario\documents\yatops_nobackdoors\source\utility\x64\debug\utility.tlog\lib-link.read.1.tlog
c:\users\usuario\documents\yatops_nobackdoors\source\utility\x64\debug\utility.tlog\lib-link.write.1.tlog
c:\users\usuario\documents\yatops_nobackdoors\source\utility\x64\debug\utility.tlog\lib.command.1.tlog
