c:\users\usuario\documents\yatops_nobackdoors\source\calua\lib\lua50.pdb
c:\users\usuario\documents\yatops_nobackdoors\source\calua\lua\obj\lzio.obj
c:\users\usuario\documents\yatops_nobackdoors\source\calua\lua\obj\lvm.obj
c:\users\usuario\documents\yatops_nobackdoors\source\calua\lua\obj\lundump.obj
c:\users\usuario\documents\yatops_nobackdoors\source\calua\lua\obj\ltm.obj
c:\users\usuario\documents\yatops_nobackdoors\source\calua\lua\obj\ltests.obj
c:\users\usuario\documents\yatops_nobackdoors\source\calua\lua\obj\ltable.obj
c:\users\usuario\documents\yatops_nobackdoors\source\calua\lua\obj\lstring.obj
c:\users\usuario\documents\yatops_nobackdoors\source\calua\lua\obj\lstate.obj
c:\users\usuario\documents\yatops_nobackdoors\source\calua\lua\obj\lparser.obj
c:\users\usuario\documents\yatops_nobackdoors\source\calua\lua\obj\lopcodes.obj
c:\users\usuario\documents\yatops_nobackdoors\source\calua\lua\obj\lobject.obj
c:\users\usuario\documents\yatops_nobackdoors\source\calua\lua\obj\lmem.obj
c:\users\usuario\documents\yatops_nobackdoors\source\calua\lua\obj\llex.obj
c:\users\usuario\documents\yatops_nobackdoors\source\calua\lua\obj\lgc.obj
c:\users\usuario\documents\yatops_nobackdoors\source\calua\lua\obj\lfunc.obj
c:\users\usuario\documents\yatops_nobackdoors\source\calua\lua\obj\ldump.obj
c:\users\usuario\documents\yatops_nobackdoors\source\calua\lua\obj\ldo.obj
c:\users\usuario\documents\yatops_nobackdoors\source\calua\lua\obj\ldebug.obj
c:\users\usuario\documents\yatops_nobackdoors\source\calua\lua\obj\lcode.obj
c:\users\usuario\documents\yatops_nobackdoors\source\calua\lua\obj\lapi.obj
c:\users\usuario\documents\yatops_nobackdoors\source\calua\lib\lua50.lib
c:\users\usuario\documents\yatops_nobackdoors\source\calua\lua\obj\lua50.tlog\cl.command.1.tlog
c:\users\usuario\documents\yatops_nobackdoors\source\calua\lua\obj\lua50.tlog\cl.read.1.tlog
c:\users\usuario\documents\yatops_nobackdoors\source\calua\lua\obj\lua50.tlog\cl.write.1.tlog
c:\users\usuario\documents\yatops_nobackdoors\source\calua\lua\obj\lua50.tlog\lib-link.read.1.tlog
c:\users\usuario\documents\yatops_nobackdoors\source\calua\lua\obj\lua50.tlog\lib-link.write.1.tlog
c:\users\usuario\documents\yatops_nobackdoors\source\calua\lua\obj\lua50.tlog\lib.command.1.tlog
