C:\Program Files (x86)\Microsoft Visual Studio\2019\BuildTools\Msbuild\Microsoft\VC\v160\Microsoft.CppBuild.targets(513,5): warning MSB8028: O diretório intermediário (.\obj\) contém arquivos compartilhados de outro projeto (lua50.vcxproj). Isso pode levar a um comportamento incorreto de limpeza e recompilação.
  lauxlib.c
C:\Users\Usuario\Documents\Yatops_NoBackdoors\Source\CaLua\Lua\lib\lauxlib.c(480,54): warning C4996: 'strerror': This function or variable may be unsafe. Consider using strerror_s instead. To disable deprecation, use _CRT_SECURE_NO_WARNINGS. See online help for details.
C:\Users\Usuario\Documents\Yatops_NoBackdoors\Source\CaLua\Lua\lib\lauxlib.c(497,12): warning C4996: 'fopen': This function or variable may be unsafe. Consider using fopen_s instead. To disable deprecation, use _CRT_SECURE_NO_WARNINGS. See online help for details.
C:\Users\Usuario\Documents\Yatops_NoBackdoors\Source\CaLua\Lua\lib\lauxlib.c(503,12): warning C4996: 'fopen': This function or variable may be unsafe. Consider using fopen_s instead. To disable deprecation, use _CRT_SECURE_NO_WARNINGS. See online help for details.
  lbaselib.c
C:\Users\Usuario\Documents\Yatops_NoBackdoors\Source\CaLua\Lua\lib\lbaselib.c(342,7): warning C4996: 'sprintf': This function or variable may be unsafe. Consider using sprintf_s instead. To disable deprecation, use _CRT_SECURE_NO_WARNINGS. See online help for details.
C:\Users\Usuario\Documents\Yatops_NoBackdoors\Source\CaLua\Lua\lib\lbaselib.c(345,7): warning C4996: 'sprintf': This function or variable may be unsafe. Consider using sprintf_s instead. To disable deprecation, use _CRT_SECURE_NO_WARNINGS. See online help for details.
C:\Users\Usuario\Documents\Yatops_NoBackdoors\Source\CaLua\Lua\lib\lbaselib.c(349,7): warning C4996: 'sprintf': This function or variable may be unsafe. Consider using sprintf_s instead. To disable deprecation, use _CRT_SECURE_NO_WARNINGS. See online help for details.
C:\Users\Usuario\Documents\Yatops_NoBackdoors\Source\CaLua\Lua\lib\lbaselib.c(352,7): warning C4996: 'sprintf': This function or variable may be unsafe. Consider using sprintf_s instead. To disable deprecation, use _CRT_SECURE_NO_WARNINGS. See online help for details.
C:\Users\Usuario\Documents\Yatops_NoBackdoors\Source\CaLua\Lua\lib\lbaselib.c(421,10): warning C4996: 'getenv': This function or variable may be unsafe. Consider using _dupenv_s instead. To disable deprecation, use _CRT_SECURE_NO_WARNINGS. See online help for details.
  ldblib.c
  liolib.c
C:\Users\Usuario\Documents\Yatops_NoBackdoors\Source\CaLua\Lua\lib\liolib.c(80,46): warning C4996: 'strerror': This function or variable may be unsafe. Consider using strerror_s instead. To disable deprecation, use _CRT_SECURE_NO_WARNINGS. See online help for details.
C:\Users\Usuario\Documents\Yatops_NoBackdoors\Source\CaLua\Lua\lib\liolib.c(82,32): warning C4996: 'strerror': This function or variable may be unsafe. Consider using strerror_s instead. To disable deprecation, use _CRT_SECURE_NO_WARNINGS. See online help for details.
C:\Users\Usuario\Documents\Yatops_NoBackdoors\Source\CaLua\Lua\lib\liolib.c(181,11): warning C4996: 'strcpy': This function or variable may be unsafe. Consider using strcpy_s instead. To disable deprecation, use _CRT_SECURE_NO_WARNINGS. See online help for details.
C:\Users\Usuario\Documents\Yatops_NoBackdoors\Source\CaLua\Lua\lib\liolib.c(183,5): warning C4996: 'sprintf': This function or variable may be unsafe. Consider using sprintf_s instead. To disable deprecation, use _CRT_SECURE_NO_WARNINGS. See online help for details.
C:\Users\Usuario\Documents\Yatops_NoBackdoors\Source\CaLua\Lua\lib\liolib.c(193,9): warning C4996: 'fopen': This function or variable may be unsafe. Consider using fopen_s instead. To disable deprecation, use _CRT_SECURE_NO_WARNINGS. See online help for details.
C:\Users\Usuario\Documents\Yatops_NoBackdoors\Source\CaLua\Lua\lib\liolib.c(214,9): warning C4996: 'tmpfile': This function or variable may be unsafe. Consider using tmpfile_s instead. To disable deprecation, use _CRT_SECURE_NO_WARNINGS. See online help for details.
C:\Users\Usuario\Documents\Yatops_NoBackdoors\Source\CaLua\Lua\lib\liolib.c(232,13): warning C4996: 'fopen': This function or variable may be unsafe. Consider using fopen_s instead. To disable deprecation, use _CRT_SECURE_NO_WARNINGS. See online help for details.
C:\Users\Usuario\Documents\Yatops_NoBackdoors\Source\CaLua\Lua\lib\liolib.c(234,48): warning C4996: 'strerror': This function or variable may be unsafe. Consider using strerror_s instead. To disable deprecation, use _CRT_SECURE_NO_WARNINGS. See online help for details.
C:\Users\Usuario\Documents\Yatops_NoBackdoors\Source\CaLua\Lua\lib\liolib.c(289,11): warning C4996: 'fopen': This function or variable may be unsafe. Consider using fopen_s instead. To disable deprecation, use _CRT_SECURE_NO_WARNINGS. See online help for details.
C:\Users\Usuario\Documents\Yatops_NoBackdoors\Source\CaLua\Lua\lib\liolib.c(290,5): warning C4996: 'strerror': This function or variable may be unsafe. Consider using strerror_s instead. To disable deprecation, use _CRT_SECURE_NO_WARNINGS. See online help for details.
C:\Users\Usuario\Documents\Yatops_NoBackdoors\Source\CaLua\Lua\lib\liolib.c(306,7): warning C4996: 'fscanf': This function or variable may be unsafe. Consider using fscanf_s instead. To disable deprecation, use _CRT_SECURE_NO_WARNINGS. See online help for details.
C:\Users\Usuario\Documents\Yatops_NoBackdoors\Source\CaLua\Lua\lib\liolib.c(564,7): warning C4996: 'tmpnam': This function or variable may be unsafe. Consider using tmpnam_s instead. To disable deprecation, use _CRT_SECURE_NO_WARNINGS. See online help for details.
C:\Users\Usuario\Documents\Yatops_NoBackdoors\Source\CaLua\Lua\lib\liolib.c(573,21): warning C4996: 'getenv': This function or variable may be unsafe. Consider using _dupenv_s instead. To disable deprecation, use _CRT_SECURE_NO_WARNINGS. See online help for details.
C:\Users\Usuario\Documents\Yatops_NoBackdoors\Source\CaLua\Lua\lib\liolib.c(637,11): warning C4996: 'gmtime': This function or variable may be unsafe. Consider using gmtime_s instead. To disable deprecation, use _CRT_SECURE_NO_WARNINGS. See online help for details.
C:\Users\Usuario\Documents\Yatops_NoBackdoors\Source\CaLua\Lua\lib\liolib.c(641,11): warning C4996: 'localtime': This function or variable may be unsafe. Consider using localtime_s instead. To disable deprecation, use _CRT_SECURE_NO_WARNINGS. See online help for details.
C:\Users\Usuario\Documents\Yatops_NoBackdoors\Source\CaLua\Lua\lib\liolib.c(669,33): warning C4244: 'função': conversão de 'time_t' para 'lua_Number', possível perda de dados
C:\Users\Usuario\Documents\Yatops_NoBackdoors\Source\CaLua\Lua\lib\liolib.c(686,26): warning C4244: 'função': conversão de 'time_t' para 'lua_Number', possível perda de dados
  lmathlib.c
  loadlib.c
  lstrlib.c
C:\Users\Usuario\Documents\Yatops_NoBackdoors\Source\CaLua\Lua\lib\lstrlib.c(675,3): warning C4996: 'strncpy': This function or variable may be unsafe. Consider using strncpy_s instead. To disable deprecation, use _CRT_SECURE_NO_WARNINGS. See online help for details.
C:\Users\Usuario\Documents\Yatops_NoBackdoors\Source\CaLua\Lua\lib\lstrlib.c(703,11): warning C4996: 'sprintf': This function or variable may be unsafe. Consider using sprintf_s instead. To disable deprecation, use _CRT_SECURE_NO_WARNINGS. See online help for details.
C:\Users\Usuario\Documents\Yatops_NoBackdoors\Source\CaLua\Lua\lib\lstrlib.c(707,11): warning C4996: 'sprintf': This function or variable may be unsafe. Consider using sprintf_s instead. To disable deprecation, use _CRT_SECURE_NO_WARNINGS. See online help for details.
C:\Users\Usuario\Documents\Yatops_NoBackdoors\Source\CaLua\Lua\lib\lstrlib.c(712,11): warning C4996: 'sprintf': This function or variable may be unsafe. Consider using sprintf_s instead. To disable deprecation, use _CRT_SECURE_NO_WARNINGS. See online help for details.
C:\Users\Usuario\Documents\Yatops_NoBackdoors\Source\CaLua\Lua\lib\lstrlib.c(730,13): warning C4996: 'sprintf': This function or variable may be unsafe. Consider using sprintf_s instead. To disable deprecation, use _CRT_SECURE_NO_WARNINGS. See online help for details.
  ltablib.c
  Gerando Código...
  lualib.vcxproj -> C:\Users\Usuario\Documents\Yatops_NoBackdoors\Source\CaLua\lib\lualib.lib
