c:\users\usuario\documents\yatops_nobackdoors\source\calua\lib\lualib.pdb
c:\users\usuario\documents\yatops_nobackdoors\source\calua\lua\obj\ltablib.obj
c:\users\usuario\documents\yatops_nobackdoors\source\calua\lua\obj\lstrlib.obj
c:\users\usuario\documents\yatops_nobackdoors\source\calua\lua\obj\loadlib.obj
c:\users\usuario\documents\yatops_nobackdoors\source\calua\lua\obj\lmathlib.obj
c:\users\usuario\documents\yatops_nobackdoors\source\calua\lua\obj\liolib.obj
c:\users\usuario\documents\yatops_nobackdoors\source\calua\lua\obj\ldblib.obj
c:\users\usuario\documents\yatops_nobackdoors\source\calua\lua\obj\lbaselib.obj
c:\users\usuario\documents\yatops_nobackdoors\source\calua\lua\obj\lauxlib.obj
c:\users\usuario\documents\yatops_nobackdoors\source\calua\lib\lualib.lib
c:\users\usuario\documents\yatops_nobackdoors\source\calua\lua\obj\lapi.obj
c:\users\usuario\documents\yatops_nobackdoors\source\calua\lua\obj\lcode.obj
c:\users\usuario\documents\yatops_nobackdoors\source\calua\lua\obj\ldebug.obj
c:\users\usuario\documents\yatops_nobackdoors\source\calua\lua\obj\ldo.obj
c:\users\usuario\documents\yatops_nobackdoors\source\calua\lua\obj\ldump.obj
c:\users\usuario\documents\yatops_nobackdoors\source\calua\lua\obj\lfunc.obj
c:\users\usuario\documents\yatops_nobackdoors\source\calua\lua\obj\lgc.obj
c:\users\usuario\documents\yatops_nobackdoors\source\calua\lua\obj\llex.obj
c:\users\usuario\documents\yatops_nobackdoors\source\calua\lua\obj\lmem.obj
c:\users\usuario\documents\yatops_nobackdoors\source\calua\lua\obj\lobject.obj
c:\users\usuario\documents\yatops_nobackdoors\source\calua\lua\obj\lopcodes.obj
c:\users\usuario\documents\yatops_nobackdoors\source\calua\lua\obj\lparser.obj
c:\users\usuario\documents\yatops_nobackdoors\source\calua\lua\obj\lstate.obj
c:\users\usuario\documents\yatops_nobackdoors\source\calua\lua\obj\lstring.obj
c:\users\usuario\documents\yatops_nobackdoors\source\calua\lua\obj\ltable.obj
c:\users\usuario\documents\yatops_nobackdoors\source\calua\lua\obj\ltests.obj
c:\users\usuario\documents\yatops_nobackdoors\source\calua\lua\obj\ltm.obj
c:\users\usuario\documents\yatops_nobackdoors\source\calua\lua\obj\lundump.obj
c:\users\usuario\documents\yatops_nobackdoors\source\calua\lua\obj\lvm.obj
c:\users\usuario\documents\yatops_nobackdoors\source\calua\lua\obj\lzio.obj
c:\users\usuario\documents\yatops_nobackdoors\source\calua\lua\obj\lualib.tlog\cl.command.1.tlog
c:\users\usuario\documents\yatops_nobackdoors\source\calua\lua\obj\lualib.tlog\cl.read.1.tlog
c:\users\usuario\documents\yatops_nobackdoors\source\calua\lua\obj\lualib.tlog\cl.write.1.tlog
c:\users\usuario\documents\yatops_nobackdoors\source\calua\lua\obj\lualib.tlog\lib-link.read.1.tlog
c:\users\usuario\documents\yatops_nobackdoors\source\calua\lua\obj\lualib.tlog\lib-link.write.1.tlog
c:\users\usuario\documents\yatops_nobackdoors\source\calua\lua\obj\lualib.tlog\lib.command.1.tlog
