c:\users\usuario\documents\yatops_nobackdoors\source\calua\calua\release\vc143.pdb
c:\users\usuario\documents\yatops_nobackdoors\source\calua\calua\release\calua_vmstack.obj
c:\users\usuario\documents\yatops_nobackdoors\source\calua\calua\release\calua_structure.obj
c:\users\usuario\documents\yatops_nobackdoors\source\calua\calua\release\calua_stack.obj
c:\users\usuario\documents\yatops_nobackdoors\source\calua\calua\release\calua_parser.obj
c:\users\usuario\documents\yatops_nobackdoors\source\calua\calua\release\calua_main.obj
c:\users\usuario\documents\yatops_nobackdoors\source\calua\calua\release\calua_luafuncs.obj
c:\users\usuario\documents\yatops_nobackdoors\source\calua\calua\release\calua_helper.obj
c:\users\usuario\documents\yatops_nobackdoors\source\calua\calua\release\calua_hash.obj
c:\users\usuario\documents\yatops_nobackdoors\source\calua\calua\release\calua_function.obj
c:\users\usuario\documents\yatops_nobackdoors\source\calua\calua\release\calua_avltree.obj
c:\users\usuario\documents\yatops_nobackdoors\client\system\calua.dll
c:\users\usuario\documents\yatops_nobackdoors\client\system\calua.pdb
c:\users\usuario\documents\yatops_nobackdoors\source\calua\lib\calua.lib
c:\users\usuario\documents\yatops_nobackdoors\source\calua\lib\calua.exp
c:\users\usuario\documents\yatops_nobackdoors\source\calua\calua\..\..\..\client\system\calua.pdb
c:\users\usuario\documents\yatops_nobackdoors\source\calua\calua\release\calua.tlog\cl.command.1.tlog
c:\users\usuario\documents\yatops_nobackdoors\source\calua\calua\release\calua.tlog\cl.items.tlog
c:\users\usuario\documents\yatops_nobackdoors\source\calua\calua\release\calua.tlog\cl.read.1.tlog
c:\users\usuario\documents\yatops_nobackdoors\source\calua\calua\release\calua.tlog\cl.write.1.tlog
c:\users\usuario\documents\yatops_nobackdoors\source\calua\calua\release\calua.tlog\link.command.1.tlog
c:\users\usuario\documents\yatops_nobackdoors\source\calua\calua\release\calua.tlog\link.read.1.tlog
c:\users\usuario\documents\yatops_nobackdoors\source\calua\calua\release\calua.tlog\link.write.1.tlog
c:\users\usuario\documents\yatops_nobackdoors\source\calua\calua\release\calua.tlog\link.write.2u.tlog
