c:\users\usuario\documents\yatops_nobackdoors\source\common\x64\debug\common_x64.pdb
c:\users\usuario\documents\yatops_nobackdoors\source\common\x64\debug\common_x64.idb
c:\users\usuario\documents\yatops_nobackdoors\source\common\x64\debug\chamask.obj
c:\users\usuario\documents\yatops_nobackdoors\source\common\x64\debug\commfunc.obj
c:\users\usuario\documents\yatops_nobackdoors\source\common\x64\debug\itemattr.obj
c:\users\usuario\documents\yatops_nobackdoors\source\common\x64\debug\kitbag.obj
c:\users\usuario\documents\yatops_nobackdoors\source\common\x64\debug\mapcopyrecord.obj
c:\users\usuario\documents\yatops_nobackdoors\source\common\x64\debug\point.obj
c:\users\usuario\documents\yatops_nobackdoors\source\common\x64\debug\saillvrecord.obj
c:\users\usuario\documents\yatops_nobackdoors\source\common\x64\debug\stringlib.obj
c:\users\usuario\documents\yatops_nobackdoors\source\common\x64\debug\terrainattrib.obj
c:\users\usuario\documents\yatops_nobackdoors\source\common\x64\debug\characterrecord.obj
c:\users\usuario\documents\yatops_nobackdoors\source\common\x64\debug\i18n.obj
c:\users\usuario\documents\yatops_nobackdoors\source\common\x64\debug\itemcontent.obj
c:\users\usuario\documents\yatops_nobackdoors\source\common\x64\debug\levelrecord.obj
c:\users\usuario\documents\yatops_nobackdoors\source\common\x64\debug\memcheck.obj
c:\users\usuario\documents\yatops_nobackdoors\source\common\x64\debug\monrefrecord.obj
c:\users\usuario\documents\yatops_nobackdoors\source\common\x64\debug\shipset.obj
c:\users\usuario\documents\yatops_nobackdoors\source\common\x64\debug\stringpooll.obj
c:\users\usuario\documents\yatops_nobackdoors\source\common\x64\debug\switchmaprecord.obj
c:\users\usuario\documents\yatops_nobackdoors\source\common\x64\debug\eventrecord.obj
c:\users\usuario\documents\yatops_nobackdoors\source\common\x64\debug\itemrecord.obj
c:\users\usuario\documents\yatops_nobackdoors\source\common\x64\debug\lifelvrecord.obj
c:\users\usuario\documents\yatops_nobackdoors\source\common\x64\debug\nolockrecord.obj
c:\users\usuario\documents\yatops_nobackdoors\source\common\x64\debug\skillrecord.obj
c:\users\usuario\documents\yatops_nobackdoors\source\common\x64\debug\chaattr.obj
c:\users\usuario\documents\yatops_nobackdoors\source\common\x64\debug\hairrecord.obj
c:\users\usuario\documents\yatops_nobackdoors\source\common\x64\debug\jobinitequip.obj
c:\users\usuario\documents\yatops_nobackdoors\source\common\x64\debug\logfile.obj
c:\users\usuario\documents\yatops_nobackdoors\source\common\x64\debug\netcommand.obj
c:\users\usuario\documents\yatops_nobackdoors\source\common\x64\debug\npcrecord.obj
c:\users\usuario\documents\yatops_nobackdoors\source\common\x64\debug\skillstaterecord.obj
c:\users\usuario\documents\yatops_nobackdoors\source\common\x64\debug\common_x64.lib
c:\users\usuario\documents\yatops_nobackdoors\source\common\x64\debug\common.tlog\cl.command.1.tlog
c:\users\usuario\documents\yatops_nobackdoors\source\common\x64\debug\common.tlog\cl.items.tlog
c:\users\usuario\documents\yatops_nobackdoors\source\common\x64\debug\common.tlog\cl.read.1.tlog
c:\users\usuario\documents\yatops_nobackdoors\source\common\x64\debug\common.tlog\cl.write.1.tlog
c:\users\usuario\documents\yatops_nobackdoors\source\common\x64\debug\common.tlog\lib-link.read.1.tlog
c:\users\usuario\documents\yatops_nobackdoors\source\common\x64\debug\common.tlog\lib-link.write.1.tlog
c:\users\usuario\documents\yatops_nobackdoors\source\common\x64\debug\common.tlog\lib.command.1.tlog
