c:\users\usuario\documents\yatops_nobackdoors\source\common\release\chaattr.obj
c:\users\usuario\documents\yatops_nobackdoors\source\common\release\hairrecord.obj
c:\users\usuario\documents\yatops_nobackdoors\source\common\release\jobinitequip.obj
c:\users\usuario\documents\yatops_nobackdoors\source\common\release\logfile.obj
c:\users\usuario\documents\yatops_nobackdoors\source\common\release\netcommand.obj
c:\users\usuario\documents\yatops_nobackdoors\source\common\release\npcrecord.obj
c:\users\usuario\documents\yatops_nobackdoors\source\common\release\skillstaterecord.obj
c:\users\usuario\documents\yatops_nobackdoors\source\common\release\characterrecord.obj
c:\users\usuario\documents\yatops_nobackdoors\source\common\release\i18n.obj
c:\users\usuario\documents\yatops_nobackdoors\source\common\release\itemcontent.obj
c:\users\usuario\documents\yatops_nobackdoors\source\common\release\levelrecord.obj
c:\users\usuario\documents\yatops_nobackdoors\source\common\release\memcheck.obj
c:\users\usuario\documents\yatops_nobackdoors\source\common\release\monrefrecord.obj
c:\users\usuario\documents\yatops_nobackdoors\source\common\release\shipset.obj
c:\users\usuario\documents\yatops_nobackdoors\source\common\release\stringpooll.obj
c:\users\usuario\documents\yatops_nobackdoors\source\common\release\commfunc.obj
c:\users\usuario\documents\yatops_nobackdoors\source\common\release\itemattr.obj
c:\users\usuario\documents\yatops_nobackdoors\source\common\release\kitbag.obj
c:\users\usuario\documents\yatops_nobackdoors\source\common\release\mapcopyrecord.obj
c:\users\usuario\documents\yatops_nobackdoors\source\common\release\point.obj
c:\users\usuario\documents\yatops_nobackdoors\source\common\release\saillvrecord.obj
c:\users\usuario\documents\yatops_nobackdoors\source\common\release\stringlib.obj
c:\users\usuario\documents\yatops_nobackdoors\source\common\release\switchmaprecord.obj
c:\users\usuario\documents\yatops_nobackdoors\source\common\release\chamask.obj
c:\users\usuario\documents\yatops_nobackdoors\source\common\release\eventrecord.obj
c:\users\usuario\documents\yatops_nobackdoors\source\common\release\itemrecord.obj
c:\users\usuario\documents\yatops_nobackdoors\source\common\release\lifelvrecord.obj
c:\users\usuario\documents\yatops_nobackdoors\source\common\release\nolockrecord.obj
c:\users\usuario\documents\yatops_nobackdoors\source\common\release\skillrecord.obj
c:\users\usuario\documents\yatops_nobackdoors\source\common\release\terrainattrib.obj
c:\users\usuario\documents\yatops_nobackdoors\source\common\x86\release\common_x86.pdb
c:\users\usuario\documents\yatops_nobackdoors\source\common\x86\release\common_x86.lib
c:\users\usuario\documents\yatops_nobackdoors\source\common\release\common.tlog\cl.12780.write.1.tlog
c:\users\usuario\documents\yatops_nobackdoors\source\common\release\common.tlog\cl.command.1.tlog
c:\users\usuario\documents\yatops_nobackdoors\source\common\release\common.tlog\cl.items.tlog
c:\users\usuario\documents\yatops_nobackdoors\source\common\release\common.tlog\cl.read.1.tlog
c:\users\usuario\documents\yatops_nobackdoors\source\common\release\common.tlog\lib-link.read.1.tlog
c:\users\usuario\documents\yatops_nobackdoors\source\common\release\common.tlog\lib-link.write.1.tlog
c:\users\usuario\documents\yatops_nobackdoors\source\common\release\common.tlog\lib.command.1.tlog
