[09-24 14:02:47]Conencting to GroupServer...
[09-24 14:02:49]Connecting to GroupServer failed, reconnecting in 5 secs...
[09-24 14:02:54]Conencting to GroupServer...
[09-24 14:02:56]Connecting to GroupServer failed, reconnecting in 5 secs...
[09-24 14:03:01]Conencting to GroupServer...
[09-24 14:03:03]Connecting to GroupServer failed, reconnecting in 5 secs...
[09-24 14:03:08]Conencting to GroupServer...
[09-24 14:03:10]Connecting to GroupServer failed, reconnecting in 5 secs...
[09-24 14:03:15]Conencting to GroupServer...
[09-24 14:03:17]Connecting to GroupServer failed, reconnecting in 5 secs...
[09-24 14:03:22]Conencting to GroupServer...
[09-24 14:03:24]Connecting to GroupServer failed, reconnecting in 5 secs...
[09-24 14:03:29]Conencting to GroupServer...
[09-24 14:03:29]connect GroupServer: 25.80.52.210,Socket num:1
[09-24 14:03:29]Successfully logged into GroupServer!
[09-24 19:15:41]disconnection with GroupServer,Socket num: 0,reason =远程主机强迫关闭了一个现有的连接。, reconnecting...
[09-24 19:15:41]Conencting to GroupServer...
[09-24 19:15:43]Connecting to GroupServer failed, reconnecting in 5 secs...
[09-24 19:15:48]Conencting to GroupServer...
[09-24 19:15:51]Connecting to GroupServer failed, reconnecting in 5 secs...
[09-24 19:15:56]Conencting to GroupServer...
[09-24 19:15:58]Connecting to GroupServer failed, reconnecting in 5 secs...
[09-24 19:16:03]Conencting to GroupServer...
[09-24 19:16:05]Connecting to GroupServer failed, reconnecting in 5 secs...
[09-24 19:16:10]Conencting to GroupServer...
[09-24 19:16:12]Connecting to GroupServer failed, reconnecting in 5 secs...
[09-24 19:16:17]Conencting to GroupServer...
[09-24 19:16:19]Connecting to GroupServer failed, reconnecting in 5 secs...
[09-24 19:16:24]Conencting to GroupServer...
[09-24 19:16:26]Connecting to GroupServer failed, reconnecting in 5 secs...
[09-24 19:16:31]Conencting to GroupServer...
[09-24 19:16:33]Connecting to GroupServer failed, reconnecting in 5 secs...
[09-24 19:16:38]Conencting to GroupServer...
[09-24 19:16:40]Connecting to GroupServer failed, reconnecting in 5 secs...
[09-24 19:16:45]Conencting to GroupServer...
[09-24 19:16:47]Connecting to GroupServer failed, reconnecting in 5 secs...
[09-24 19:16:52]Conencting to GroupServer...
[09-24 19:16:54]Connecting to GroupServer failed, reconnecting in 5 secs...
[09-24 19:16:59]Conencting to GroupServer...
[09-24 19:17:01]Connecting to GroupServer failed, reconnecting in 5 secs...
[09-24 19:17:06]Conencting to GroupServer...
[09-24 19:17:08]Connecting to GroupServer failed, reconnecting in 5 secs...
[09-24 19:17:13]Conencting to GroupServer...
[09-24 19:17:15]Connecting to GroupServer failed, reconnecting in 5 secs...
[09-24 19:17:20]Conencting to GroupServer...
[09-24 19:17:22]Connecting to GroupServer failed, reconnecting in 5 secs...
[09-24 19:17:27]Conencting to GroupServer...
[09-24 19:17:29]Connecting to GroupServer failed, reconnecting in 5 secs...
[09-24 19:17:34]Conencting to GroupServer...
[09-24 19:17:36]Connecting to GroupServer failed, reconnecting in 5 secs...
[09-24 19:17:41]Conencting to GroupServer...
[09-24 19:17:43]Connecting to GroupServer failed, reconnecting in 5 secs...
[09-24 19:17:48]Conencting to GroupServer...
[09-24 19:17:51]Connecting to GroupServer failed, reconnecting in 5 secs...
[09-24 19:17:56]Conencting to GroupServer...
[09-24 19:17:58]Connecting to GroupServer failed, reconnecting in 5 secs...
[09-24 19:18:03]Conencting to GroupServer...
[09-24 19:18:05]Connecting to GroupServer failed, reconnecting in 5 secs...
[09-24 19:18:10]Conencting to GroupServer...
[09-24 19:18:12]Connecting to GroupServer failed, reconnecting in 5 secs...
[09-24 19:18:17]Conencting to GroupServer...
[09-24 19:18:19]Connecting to GroupServer failed, reconnecting in 5 secs...
[09-24 19:18:24]Conencting to GroupServer...
[09-24 19:18:26]Connecting to GroupServer failed, reconnecting in 5 secs...
[09-24 19:18:31]Conencting to GroupServer...
[09-24 19:18:33]Connecting to GroupServer failed, reconnecting in 5 secs...
[09-24 19:18:38]Conencting to GroupServer...
[09-24 19:18:41]Connecting to GroupServer failed, reconnecting in 5 secs...
[09-24 19:18:46]Conencting to GroupServer...
[09-24 19:18:48]Connecting to GroupServer failed, reconnecting in 5 secs...
[09-24 19:18:53]Conencting to GroupServer...
[09-24 19:18:55]Connecting to GroupServer failed, reconnecting in 5 secs...
[09-24 19:19:00]Conencting to GroupServer...
[09-24 19:19:02]Connecting to GroupServer failed, reconnecting in 5 secs...
[09-24 19:19:07]Conencting to GroupServer...
[09-24 19:19:09]Connecting to GroupServer failed, reconnecting in 5 secs...
[09-24 19:19:14]Conencting to GroupServer...
[09-24 19:19:16]Connecting to GroupServer failed, reconnecting in 5 secs...
[09-24 19:19:21]Conencting to GroupServer...
[09-24 19:19:23]Connecting to GroupServer failed, reconnecting in 5 secs...
[09-24 19:19:28]Conencting to GroupServer...
[09-24 19:19:30]Connecting to GroupServer failed, reconnecting in 5 secs...
[09-24 19:19:35]Conencting to GroupServer...
[09-24 19:19:37]Connecting to GroupServer failed, reconnecting in 5 secs...
[09-24 19:19:42]Conencting to GroupServer...
[09-24 19:19:44]Connecting to GroupServer failed, reconnecting in 5 secs...
[09-24 19:19:49]Conencting to GroupServer...
[09-24 19:19:51]Connecting to GroupServer failed, reconnecting in 5 secs...
[09-24 19:19:56]Conencting to GroupServer...
[09-24 19:19:58]Connecting to GroupServer failed, reconnecting in 5 secs...
[09-24 19:20:03]Conencting to GroupServer...
[09-24 19:20:05]Connecting to GroupServer failed, reconnecting in 5 secs...
[09-24 19:20:10]Conencting to GroupServer...
[09-24 19:20:12]Connecting to GroupServer failed, reconnecting in 5 secs...
[09-24 19:20:17]Conencting to GroupServer...
[09-24 19:20:19]Connecting to GroupServer failed, reconnecting in 5 secs...
[09-24 19:20:24]Conencting to GroupServer...
[09-24 19:20:26]Connecting to GroupServer failed, reconnecting in 5 secs...
[09-24 19:20:31]Conencting to GroupServer...
[09-24 19:20:33]Connecting to GroupServer failed, reconnecting in 5 secs...
[09-24 19:20:38]Conencting to GroupServer...
[09-24 19:20:40]Connecting to GroupServer failed, reconnecting in 5 secs...
[09-24 19:20:45]Conencting to GroupServer...
[09-24 19:20:47]Connecting to GroupServer failed, reconnecting in 5 secs...
[09-24 19:20:52]Conencting to GroupServer...
[09-24 19:20:54]Connecting to GroupServer failed, reconnecting in 5 secs...
[09-24 19:20:59]Conencting to GroupServer...
[09-24 19:21:02]Connecting to GroupServer failed, reconnecting in 5 secs...
[09-24 19:21:07]Conencting to GroupServer...
[09-24 19:21:09]Connecting to GroupServer failed, reconnecting in 5 secs...
[09-24 19:21:14]Conencting to GroupServer...
[09-24 19:21:16]Connecting to GroupServer failed, reconnecting in 5 secs...
[09-24 19:21:21]Conencting to GroupServer...
[09-24 19:21:23]Connecting to GroupServer failed, reconnecting in 5 secs...
[09-24 19:21:28]Conencting to GroupServer...
[09-24 19:21:30]Connecting to GroupServer failed, reconnecting in 5 secs...
[09-24 19:21:35]Conencting to GroupServer...
[09-24 19:21:37]Connecting to GroupServer failed, reconnecting in 5 secs...
[09-24 19:21:42]Conencting to GroupServer...
[09-24 19:21:44]Connecting to GroupServer failed, reconnecting in 5 secs...
[09-24 19:21:49]Conencting to GroupServer...
[09-24 19:21:51]Connecting to GroupServer failed, reconnecting in 5 secs...
[09-24 19:21:56]Conencting to GroupServer...
[09-24 19:21:58]Connecting to GroupServer failed, reconnecting in 5 secs...
[09-24 19:22:03]Conencting to GroupServer...
[09-24 19:22:05]Connecting to GroupServer failed, reconnecting in 5 secs...
[09-24 19:22:10]Conencting to GroupServer...
[09-24 19:22:12]Connecting to GroupServer failed, reconnecting in 5 secs...
[09-24 19:22:17]Conencting to GroupServer...
[09-24 19:22:19]Connecting to GroupServer failed, reconnecting in 5 secs...
[09-24 19:22:24]Conencting to GroupServer...
[09-24 19:22:26]Connecting to GroupServer failed, reconnecting in 5 secs...
[09-24 19:22:31]Conencting to GroupServer...
[09-24 19:22:33]Connecting to GroupServer failed, reconnecting in 5 secs...
[09-24 19:22:38]Conencting to GroupServer...
[09-24 19:22:40]Connecting to GroupServer failed, reconnecting in 5 secs...
[09-24 19:22:45]Conencting to GroupServer...
[09-24 19:22:47]Connecting to GroupServer failed, reconnecting in 5 secs...
[09-24 19:22:52]Conencting to GroupServer...
[09-24 19:22:54]Connecting to GroupServer failed, reconnecting in 5 secs...
[09-24 19:22:59]Conencting to GroupServer...
[09-24 19:23:01]Connecting to GroupServer failed, reconnecting in 5 secs...
[09-24 19:23:06]Conencting to GroupServer...
[09-24 19:23:09]Connecting to GroupServer failed, reconnecting in 5 secs...
[09-24 19:23:14]Conencting to GroupServer...
[09-24 19:23:16]Connecting to GroupServer failed, reconnecting in 5 secs...
[09-24 19:23:21]Conencting to GroupServer...
[09-24 19:23:23]Connecting to GroupServer failed, reconnecting in 5 secs...
[09-24 19:23:28]Conencting to GroupServer...
[09-24 19:23:30]Connecting to GroupServer failed, reconnecting in 5 secs...
[09-24 19:23:35]Conencting to GroupServer...
[09-24 19:23:37]Connecting to GroupServer failed, reconnecting in 5 secs...
[09-24 19:23:42]Conencting to GroupServer...
[09-24 19:23:44]Connecting to GroupServer failed, reconnecting in 5 secs...
[09-24 19:23:48]begin connect database
[09-24 19:23:48]begin init AccountServer connect
[09-24 19:23:48]AccountServer:25.80.52.210,2321come ! Socket num:1
[09-24 19:23:48]begin read GroupServer.cfg
[09-24 19:23:48]begin load ChaNameFilter.txt
[09-24 19:23:48]begin listen port:2322
[09-24 19:23:48]open listen port:2322success, init is ok
[09-24 19:23:49]Conencting to GroupServer...
[09-24 19:23:49]connect GroupServer: 25.80.52.210,Socket num:1
[09-24 19:23:49]GateServer:25.80.52.210,14678come ! Socket num:2
[09-24 19:23:49]GateServer:25.80.52.210,14678TP_LOGIN1
[09-24 19:23:49]GateServer:25.80.52.210,14678TP_LOGIN2
[09-24 19:23:49]GateServer:25.80.52.210,14678TP_LOGIN3
[09-24 19:23:49]Successfully logged into GroupServer!
[09-24 19:23:59]disconnection with GroupServer,Socket num: 0,reason =远程主机强迫关闭了一个现有的连接。, reconnecting...
[09-24 19:23:59]Conencting to GroupServer...
[09-24 19:24:01]Connecting to GroupServer failed, reconnecting in 5 secs...
[09-24 19:24:06]Conencting to GroupServer...
[09-24 19:24:08]Connecting to GroupServer failed, reconnecting in 5 secs...
[09-24 19:24:13]Conencting to GroupServer...
[09-24 19:24:15]Connecting to GroupServer failed, reconnecting in 5 secs...
[09-24 19:24:20]Conencting to GroupServer...
[09-24 19:24:22]Connecting to GroupServer failed, reconnecting in 5 secs...
[09-24 19:24:27]Conencting to GroupServer...
[09-24 19:24:29]Connecting to GroupServer failed, reconnecting in 5 secs...
[09-24 19:24:34]Conencting to GroupServer...
[09-24 19:24:36]Connecting to GroupServer failed, reconnecting in 5 secs...
[09-24 19:24:41]Conencting to GroupServer...
[09-24 19:24:43]Connecting to GroupServer failed, reconnecting in 5 secs...
[09-24 19:24:48]Conencting to GroupServer...
[09-24 19:24:50]Connecting to GroupServer failed, reconnecting in 5 secs...
[09-24 19:24:55]Conencting to GroupServer...
[09-24 19:24:57]Connecting to GroupServer failed, reconnecting in 5 secs...
[09-24 19:25:02]Conencting to GroupServer...
[09-24 19:25:04]Connecting to GroupServer failed, reconnecting in 5 secs...
[09-24 19:25:09]Conencting to GroupServer...
[09-24 19:25:11]Connecting to GroupServer failed, reconnecting in 5 secs...
[09-24 19:25:16]Conencting to GroupServer...
[09-24 19:25:18]Connecting to GroupServer failed, reconnecting in 5 secs...
[09-24 19:25:23]Conencting to GroupServer...
[09-24 19:25:26]Connecting to GroupServer failed, reconnecting in 5 secs...
[09-24 19:25:31]Conencting to GroupServer...
[09-24 19:25:33]Connecting to GroupServer failed, reconnecting in 5 secs...
[09-24 19:25:38]Conencting to GroupServer...
[09-24 19:25:40]Connecting to GroupServer failed, reconnecting in 5 secs...
[09-24 19:25:45]Conencting to GroupServer...
[09-24 19:25:47]Connecting to GroupServer failed, reconnecting in 5 secs...
[09-24 19:25:52]Conencting to GroupServer...
[09-24 19:25:54]Connecting to GroupServer failed, reconnecting in 5 secs...
[09-24 19:25:59]Conencting to GroupServer...
[09-24 19:26:01]Connecting to GroupServer failed, reconnecting in 5 secs...
[09-24 19:26:06]Conencting to GroupServer...
[09-24 19:26:08]Connecting to GroupServer failed, reconnecting in 5 secs...
[09-24 19:26:13]Conencting to GroupServer...
[09-24 19:26:15]Connecting to GroupServer failed, reconnecting in 5 secs...
[09-24 19:26:20]Conencting to GroupServer...
[09-24 19:26:22]Connecting to GroupServer failed, reconnecting in 5 secs...
[09-24 19:26:27]Conencting to GroupServer...
[09-24 19:26:29]Connecting to GroupServer failed, reconnecting in 5 secs...
[09-24 19:26:34]Conencting to GroupServer...
[09-24 19:26:36]Connecting to GroupServer failed, reconnecting in 5 secs...
[09-24 19:26:41]Conencting to GroupServer...
[09-24 19:26:44]Connecting to GroupServer failed, reconnecting in 5 secs...
[09-24 19:26:49]Conencting to GroupServer...
[09-24 19:26:51]Connecting to GroupServer failed, reconnecting in 5 secs...
[09-24 19:26:56]Conencting to GroupServer...
[09-24 19:26:58]Connecting to GroupServer failed, reconnecting in 5 secs...
[09-24 19:27:03]Conencting to GroupServer...
[09-24 19:27:03]connect GroupServer: 25.80.52.210,Socket num:1
[09-24 19:27:03]Successfully logged into GroupServer!
[09-24 22:39:47]disconnection with GroupServer,Socket num: 0,reason =远程主机强迫关闭了一个现有的连接。, reconnecting...
[09-24 22:39:48]Conencting to GroupServer...
[09-24 22:39:50]Connecting to GroupServer failed, reconnecting in 5 secs...
[09-24 22:39:55]Conencting to GroupServer...
[09-24 22:39:57]Connecting to GroupServer failed, reconnecting in 5 secs...
[09-24 22:40:02]Conencting to GroupServer...
[09-24 22:40:04]Connecting to GroupServer failed, reconnecting in 5 secs...
[09-24 22:40:04]begin connect database
[09-24 22:40:05]begin init AccountServer connect
[09-24 22:40:05]AccountServer:25.80.52.210,2321come ! Socket num:1
[09-24 22:40:05]begin read GroupServer.cfg
[09-24 22:40:05]begin load ChaNameFilter.txt
[09-24 22:40:05]begin listen port:2322
[09-24 22:40:05]open listen port:2322success, init is ok
[09-24 22:40:09]Conencting to GroupServer...
[09-24 22:40:09]connect GroupServer: 25.80.52.210,Socket num:1
[09-24 22:40:09]GateServer:25.80.52.210,18170come ! Socket num:2
[09-24 22:40:09]GateServer:25.80.52.210,18170TP_LOGIN1
[09-24 22:40:09]GateServer:25.80.52.210,18170TP_LOGIN2
[09-24 22:40:09]GateServer:25.80.52.210,18170TP_LOGIN3
[09-24 22:40:09]Successfully logged into GroupServer!
[09-24 22:41:52]disconnection with GroupServer,Socket num: 0,reason =远程主机强迫关闭了一个现有的连接。, reconnecting...
[09-24 22:41:52]Conencting to GroupServer...
[09-24 22:41:54]Connecting to GroupServer failed, reconnecting in 5 secs...
[09-24 22:41:59]Conencting to GroupServer...
[09-24 22:42:01]Connecting to GroupServer failed, reconnecting in 5 secs...
[09-24 22:42:06]Conencting to GroupServer...
[09-24 22:42:08]Connecting to GroupServer failed, reconnecting in 5 secs...
[09-24 22:42:13]Conencting to GroupServer...
[09-24 22:42:15]Connecting to GroupServer failed, reconnecting in 5 secs...
[09-24 22:42:20]Conencting to GroupServer...
[09-24 22:42:22]Connecting to GroupServer failed, reconnecting in 5 secs...
[09-24 22:42:27]Conencting to GroupServer...
[09-24 22:42:29]Connecting to GroupServer failed, reconnecting in 5 secs...
[09-24 22:42:34]Conencting to GroupServer...
[09-24 22:42:36]Connecting to GroupServer failed, reconnecting in 5 secs...
[09-24 22:42:41]Conencting to GroupServer...
[09-24 22:42:43]Connecting to GroupServer failed, reconnecting in 5 secs...
[09-24 22:42:48]Conencting to GroupServer...
[09-24 22:42:50]Connecting to GroupServer failed, reconnecting in 5 secs...
[09-24 22:42:55]Conencting to GroupServer...
[09-24 22:42:57]Connecting to GroupServer failed, reconnecting in 5 secs...
[09-24 22:43:02]Conencting to GroupServer...
[09-24 22:43:04]Connecting to GroupServer failed, reconnecting in 5 secs...
[09-24 22:43:09]Conencting to GroupServer...
[09-24 22:43:11]Connecting to GroupServer failed, reconnecting in 5 secs...
[09-24 22:43:16]Conencting to GroupServer...
[09-24 22:43:19]Connecting to GroupServer failed, reconnecting in 5 secs...
[09-24 22:43:24]Conencting to GroupServer...
[09-24 22:43:26]Connecting to GroupServer failed, reconnecting in 5 secs...
[09-24 22:43:31]Conencting to GroupServer...
[09-24 22:43:33]Connecting to GroupServer failed, reconnecting in 5 secs...
[09-24 22:43:38]Conencting to GroupServer...
[09-24 22:43:40]Connecting to GroupServer failed, reconnecting in 5 secs...
[09-24 22:43:45]Conencting to GroupServer...
[09-24 22:43:47]Connecting to GroupServer failed, reconnecting in 5 secs...
[09-24 22:43:52]Conencting to GroupServer...
[09-24 22:43:54]Connecting to GroupServer failed, reconnecting in 5 secs...
[09-24 22:43:59]Conencting to GroupServer...
[09-24 22:44:01]Connecting to GroupServer failed, reconnecting in 5 secs...
[09-24 22:44:06]Conencting to GroupServer...
[09-24 22:44:08]Connecting to GroupServer failed, reconnecting in 5 secs...
[09-24 22:44:13]Conencting to GroupServer...
[09-24 22:44:15]Connecting to GroupServer failed, reconnecting in 5 secs...
[09-24 22:44:20]Conencting to GroupServer...
[09-24 22:44:22]Connecting to GroupServer failed, reconnecting in 5 secs...
[09-24 22:44:27]Conencting to GroupServer...
[09-24 22:44:29]Connecting to GroupServer failed, reconnecting in 5 secs...
[09-24 22:44:34]Conencting to GroupServer...
[09-24 22:44:36]Connecting to GroupServer failed, reconnecting in 5 secs...
[09-24 22:44:41]Conencting to GroupServer...
[09-24 22:44:43]Connecting to GroupServer failed, reconnecting in 5 secs...
[09-24 22:44:48]Conencting to GroupServer...
[09-24 22:44:50]Connecting to GroupServer failed, reconnecting in 5 secs...
[09-24 22:44:55]Conencting to GroupServer...
[09-24 22:44:57]Connecting to GroupServer failed, reconnecting in 5 secs...
[09-24 22:45:02]Conencting to GroupServer...
[09-24 22:45:04]Connecting to GroupServer failed, reconnecting in 5 secs...
[09-24 22:45:09]Conencting to GroupServer...
[09-24 22:45:11]Connecting to GroupServer failed, reconnecting in 5 secs...
[09-24 22:45:16]Conencting to GroupServer...
[09-24 22:45:18]Connecting to GroupServer failed, reconnecting in 5 secs...
[09-24 22:45:23]Conencting to GroupServer...
[09-24 22:45:26]Connecting to GroupServer failed, reconnecting in 5 secs...
[09-24 22:45:31]Conencting to GroupServer...
[09-24 22:45:33]Connecting to GroupServer failed, reconnecting in 5 secs...
[09-24 22:45:38]Conencting to GroupServer...
[09-24 22:45:40]Connecting to GroupServer failed, reconnecting in 5 secs...
[09-24 22:45:45]Conencting to GroupServer...
[09-24 22:45:47]Connecting to GroupServer failed, reconnecting in 5 secs...
[09-24 22:45:52]Conencting to GroupServer...
[09-24 22:45:54]Connecting to GroupServer failed, reconnecting in 5 secs...
[09-24 22:45:59]Conencting to GroupServer...
[09-24 22:46:01]Connecting to GroupServer failed, reconnecting in 5 secs...
[09-24 22:46:06]Conencting to GroupServer...
[09-24 22:46:08]Connecting to GroupServer failed, reconnecting in 5 secs...
[09-24 22:46:13]Conencting to GroupServer...
[09-24 22:46:15]Connecting to GroupServer failed, reconnecting in 5 secs...
[09-24 22:46:20]Conencting to GroupServer...
[09-24 22:46:22]Connecting to GroupServer failed, reconnecting in 5 secs...
[09-24 22:46:27]Conencting to GroupServer...
[09-24 22:46:29]Connecting to GroupServer failed, reconnecting in 5 secs...
[09-24 22:46:34]Conencting to GroupServer...
[09-24 22:46:36]Connecting to GroupServer failed, reconnecting in 5 secs...
[09-24 22:46:41]Conencting to GroupServer...
[09-24 22:46:43]Connecting to GroupServer failed, reconnecting in 5 secs...
[09-24 22:46:48]Conencting to GroupServer...
[09-24 22:46:50]Connecting to GroupServer failed, reconnecting in 5 secs...
[09-24 22:46:55]Conencting to GroupServer...
[09-24 22:46:58]Connecting to GroupServer failed, reconnecting in 5 secs...
[09-24 22:47:03]Conencting to GroupServer...
[09-24 22:47:05]Connecting to GroupServer failed, reconnecting in 5 secs...
[09-24 22:47:10]Conencting to GroupServer...
[09-24 22:47:12]Connecting to GroupServer failed, reconnecting in 5 secs...
[09-24 22:47:17]begin connect database
[09-24 22:47:17]begin init AccountServer connect
[09-24 22:47:17]AccountServer:25.80.52.210,2321come ! Socket num:1
[09-24 22:47:17]begin read GroupServer.cfg
[09-24 22:47:17]begin load ChaNameFilter.txt
[09-24 22:47:17]begin listen port:2322
[09-24 22:47:17]open listen port:2322success, init is ok
[09-24 22:47:17]Conencting to GroupServer...
[09-24 22:47:17]connect GroupServer: 25.80.52.210,Socket num:1
[09-24 22:47:17]GateServer:25.80.52.210,18341come ! Socket num:2
[09-24 22:47:17]GateServer:25.80.52.210,18341TP_LOGIN1
[09-24 22:47:17]GateServer:25.80.52.210,18341TP_LOGIN2
[09-24 22:47:17]GateServer:25.80.52.210,18341TP_LOGIN3
[09-24 22:47:17]Successfully logged into GroupServer!
[09-25 00:31:39]disconnection with GroupServer,Socket num: 0,reason =远程主机强迫关闭了一个现有的连接。, reconnecting...
[09-25 00:31:39]Conencting to GroupServer...
[09-25 00:31:41]Connecting to GroupServer failed, reconnecting in 5 secs...
