[05-25 14:39:18]Conencting to GroupServer...
[05-25 14:39:21]Connecting to GroupServer failed, reconnecting in 5 secs...
[05-25 14:39:26]Conencting to GroupServer...
[05-25 14:39:28]Connecting to GroupServer failed, reconnecting in 5 secs...
[05-25 14:39:33]Conencting to GroupServer...
[05-25 14:39:35]Connecting to GroupServer failed, reconnecting in 5 secs...
[05-25 14:39:40]Conencting to GroupServer...
[05-25 14:39:43]Connecting to GroupServer failed, reconnecting in 5 secs...
[05-25 14:39:48]Conencting to GroupServer...
[05-25 14:39:50]Connecting to GroupServer failed, reconnecting in 5 secs...
[05-25 14:39:55]Conencting to GroupServer...
[05-25 14:39:57]Connecting to GroupServer failed, reconnecting in 5 secs...
[05-25 14:40:02]Conencting to GroupServer...
[05-25 14:40:04]Connecting to GroupServer failed, reconnecting in 5 secs...
[05-25 14:40:09]Conencting to GroupServer...
[05-25 14:40:11]Connecting to GroupServer failed, reconnecting in 5 secs...
[05-25 14:40:16]Conencting to GroupServer...
[05-25 14:40:18]Connecting to GroupServer failed, reconnecting in 5 secs...
[05-25 14:40:23]Conencting to GroupServer...
[05-25 14:40:25]Connecting to GroupServer failed, reconnecting in 5 secs...
[05-25 14:40:30]Conencting to GroupServer...
[05-25 14:40:33]Connecting to GroupServer failed, reconnecting in 5 secs...
[05-25 14:40:38]Conencting to GroupServer...
[05-25 14:40:40]Connecting to GroupServer failed, reconnecting in 5 secs...
[05-25 14:40:45]Conencting to GroupServer...
[05-25 14:40:47]Connecting to GroupServer failed, reconnecting in 5 secs...
[05-25 14:40:52]Conencting to GroupServer...
[05-25 14:40:54]Connecting to GroupServer failed, reconnecting in 5 secs...
[05-25 14:40:59]Conencting to GroupServer...
[05-25 14:41:01]Connecting to GroupServer failed, reconnecting in 5 secs...
[05-25 14:41:06]Conencting to GroupServer...
[05-25 14:41:08]Connecting to GroupServer failed, reconnecting in 5 secs...
[05-25 14:41:13]Conencting to GroupServer...
[05-25 14:41:16]Connecting to GroupServer failed, reconnecting in 5 secs...
[05-25 14:41:21]Conencting to GroupServer...
[05-25 14:41:23]Connecting to GroupServer failed, reconnecting in 5 secs...
[05-25 14:41:28]Conencting to GroupServer...
[05-25 14:41:30]Connecting to GroupServer failed, reconnecting in 5 secs...
[05-25 14:41:35]Conencting to GroupServer...
[05-25 14:41:37]Connecting to GroupServer failed, reconnecting in 5 secs...
[05-25 14:41:42]Conencting to GroupServer...
[05-25 14:41:44]Connecting to GroupServer failed, reconnecting in 5 secs...
[05-25 14:41:49]Conencting to GroupServer...
[05-25 14:41:52]Connecting to GroupServer failed, reconnecting in 5 secs...
[05-25 14:41:57]Conencting to GroupServer...
[05-25 14:41:59]Connecting to GroupServer failed, reconnecting in 5 secs...
[05-25 14:42:04]Conencting to GroupServer...
[05-25 14:42:06]Connecting to GroupServer failed, reconnecting in 5 secs...
[05-25 14:42:11]Conencting to GroupServer...
[05-25 14:42:13]Connecting to GroupServer failed, reconnecting in 5 secs...
[05-25 14:42:18]Conencting to GroupServer...
[05-25 14:42:20]Connecting to GroupServer failed, reconnecting in 5 secs...
[05-25 14:42:25]Conencting to GroupServer...
[05-25 14:42:27]Connecting to GroupServer failed, reconnecting in 5 secs...
[05-25 14:42:28]begin connect database
[05-25 14:42:28]begin init AccountServer connect
[05-25 14:42:28]AccountServer:25.80.52.210,2321come ! Socket num:1
[05-25 14:42:28]begin read GroupServer.cfg
[05-25 14:42:28]begin load ChaNameFilter.txt
[05-25 14:42:28]begin listen port:2322
[05-25 14:42:28]open listen port:2322success, init is ok
[05-25 14:42:32]Conencting to GroupServer...
[05-25 14:42:32]connect GroupServer: 25.80.52.210,Socket num:1
[05-25 14:42:32]GateServer:25.80.52.210,19712come ! Socket num:2
[05-25 14:42:32]GateServer:25.80.52.210,19712TP_LOGIN1
[05-25 14:42:32]GateServer:25.80.52.210,19712TP_LOGIN2
[05-25 14:42:32]GateServer:25.80.52.210,19712TP_LOGIN3
[05-25 14:42:32]Successfully logged into GroupServer!
[05-25 16:46:28]disconnection with GroupServer,Socket num: 0,reason =远程主机强迫关闭了一个现有的连接。, reconnecting...
[05-25 16:46:28]AccountServer:25.80.52.210,2321go ! Socket num:0reason=(10054)远程主机强迫关闭了一个现有的连接。
[05-25 16:46:28]GateServer:25.80.52.210,19712go ! Socket num:0reason=(10054)远程主机强迫关闭了一个现有的连接。
[05-25 16:46:29]Conencting to GroupServer...
[05-25 18:21:48]Connecting to GroupServer failed, reconnecting in 5 secs...
[05-25 18:21:53]Conencting to GroupServer...
[05-25 18:21:55]Connecting to GroupServer failed, reconnecting in 5 secs...
[05-25 18:22:00]Conencting to GroupServer...
[05-25 18:22:02]Connecting to GroupServer failed, reconnecting in 5 secs...
[05-25 18:22:07]Conencting to GroupServer...
[05-25 18:22:09]Connecting to GroupServer failed, reconnecting in 5 secs...
[05-25 18:22:14]Conencting to GroupServer...
[05-25 18:22:16]Connecting to GroupServer failed, reconnecting in 5 secs...
[05-25 18:22:21]Conencting to GroupServer...
[05-25 18:22:23]Connecting to GroupServer failed, reconnecting in 5 secs...
[05-25 18:22:28]Conencting to GroupServer...
[05-25 18:22:30]Connecting to GroupServer failed, reconnecting in 5 secs...
[05-25 18:22:35]Conencting to GroupServer...
[05-25 18:22:37]Connecting to GroupServer failed, reconnecting in 5 secs...
[05-25 18:22:42]Conencting to GroupServer...
[05-25 18:22:44]Connecting to GroupServer failed, reconnecting in 5 secs...
[05-25 18:22:49]Conencting to GroupServer...
[05-25 18:22:51]Connecting to GroupServer failed, reconnecting in 5 secs...
[05-25 18:22:56]Conencting to GroupServer...
[05-25 18:22:58]Connecting to GroupServer failed, reconnecting in 5 secs...
[05-25 18:23:03]Conencting to GroupServer...
[05-25 18:23:05]Connecting to GroupServer failed, reconnecting in 5 secs...
[05-25 18:23:10]Conencting to GroupServer...
[05-25 18:23:12]Connecting to GroupServer failed, reconnecting in 5 secs...
[05-25 18:23:17]Conencting to GroupServer...
[05-25 18:23:19]Connecting to GroupServer failed, reconnecting in 5 secs...
[05-25 18:23:24]Conencting to GroupServer...
[05-25 18:23:26]Connecting to GroupServer failed, reconnecting in 5 secs...
[05-25 18:23:31]Conencting to GroupServer...
[05-25 18:23:33]Connecting to GroupServer failed, reconnecting in 5 secs...
[05-25 18:23:38]Conencting to GroupServer...
[05-25 18:23:40]Connecting to GroupServer failed, reconnecting in 5 secs...
[05-25 18:23:45]Conencting to GroupServer...
[05-25 18:23:47]Connecting to GroupServer failed, reconnecting in 5 secs...
[05-25 18:23:52]Conencting to GroupServer...
[05-25 18:23:54]Connecting to GroupServer failed, reconnecting in 5 secs...
[05-25 18:23:59]Conencting to GroupServer...
[05-25 18:24:01]Connecting to GroupServer failed, reconnecting in 5 secs...
[05-25 18:24:06]Conencting to GroupServer...
[05-25 18:24:08]Connecting to GroupServer failed, reconnecting in 5 secs...
[05-25 18:24:13]Conencting to GroupServer...
[05-25 18:24:15]Connecting to GroupServer failed, reconnecting in 5 secs...
[05-25 18:24:20]Conencting to GroupServer...
[05-25 18:24:22]Connecting to GroupServer failed, reconnecting in 5 secs...
[05-25 18:24:27]Conencting to GroupServer...
[05-25 18:24:29]Connecting to GroupServer failed, reconnecting in 5 secs...
[05-25 18:24:34]Conencting to GroupServer...
[05-25 18:24:36]Connecting to GroupServer failed, reconnecting in 5 secs...
[05-25 18:24:41]Conencting to GroupServer...
[05-25 18:24:43]Connecting to GroupServer failed, reconnecting in 5 secs...
[05-25 18:24:48]Conencting to GroupServer...
[05-25 18:24:50]Connecting to GroupServer failed, reconnecting in 5 secs...
[05-25 18:24:55]Conencting to GroupServer...
[05-25 18:24:57]Connecting to GroupServer failed, reconnecting in 5 secs...
[05-25 18:25:02]Conencting to GroupServer...
[05-25 18:25:04]Connecting to GroupServer failed, reconnecting in 5 secs...
[05-25 18:25:09]Conencting to GroupServer...
[05-25 18:25:11]Connecting to GroupServer failed, reconnecting in 5 secs...
[05-25 18:25:16]Conencting to GroupServer...
[05-25 18:25:18]Connecting to GroupServer failed, reconnecting in 5 secs...
[05-25 18:25:23]Conencting to GroupServer...
[05-25 18:25:25]Connecting to GroupServer failed, reconnecting in 5 secs...
[05-25 18:25:30]Conencting to GroupServer...
[05-25 18:25:32]Connecting to GroupServer failed, reconnecting in 5 secs...
[05-25 18:25:37]Conencting to GroupServer...
[05-25 18:25:39]Connecting to GroupServer failed, reconnecting in 5 secs...
[05-25 18:25:44]Conencting to GroupServer...
[05-25 18:25:46]Connecting to GroupServer failed, reconnecting in 5 secs...
[05-25 18:25:51]Conencting to GroupServer...
[05-25 18:25:53]Connecting to GroupServer failed, reconnecting in 5 secs...
[05-25 18:25:58]Conencting to GroupServer...
[05-25 18:26:00]Connecting to GroupServer failed, reconnecting in 5 secs...
[05-25 18:26:05]Conencting to GroupServer...
[05-25 18:26:07]Connecting to GroupServer failed, reconnecting in 5 secs...
[05-25 18:26:12]Conencting to GroupServer...
[05-25 18:26:14]Connecting to GroupServer failed, reconnecting in 5 secs...
[05-25 18:26:19]Conencting to GroupServer...
[05-25 18:26:21]Connecting to GroupServer failed, reconnecting in 5 secs...
[05-25 18:26:26]Conencting to GroupServer...
[05-25 18:26:28]Connecting to GroupServer failed, reconnecting in 5 secs...
[05-25 18:26:33]Conencting to GroupServer...
[05-25 18:26:35]Connecting to GroupServer failed, reconnecting in 5 secs...
[05-25 18:26:40]Conencting to GroupServer...
[05-25 18:26:42]Connecting to GroupServer failed, reconnecting in 5 secs...
[05-25 18:26:47]Conencting to GroupServer...
[05-25 18:26:49]Connecting to GroupServer failed, reconnecting in 5 secs...
[05-25 18:26:54]Conencting to GroupServer...
[05-25 18:26:56]Connecting to GroupServer failed, reconnecting in 5 secs...
[05-25 18:27:01]Conencting to GroupServer...
[05-25 18:27:03]Connecting to GroupServer failed, reconnecting in 5 secs...
[05-25 18:27:08]Conencting to GroupServer...
[05-25 18:27:10]Connecting to GroupServer failed, reconnecting in 5 secs...
[05-25 18:27:15]Conencting to GroupServer...
[05-25 18:27:17]Connecting to GroupServer failed, reconnecting in 5 secs...
[05-25 18:27:22]Conencting to GroupServer...
[05-25 18:27:24]Connecting to GroupServer failed, reconnecting in 5 secs...
[05-25 18:27:29]Conencting to GroupServer...
[05-25 18:27:31]Connecting to GroupServer failed, reconnecting in 5 secs...
[05-25 18:27:36]Conencting to GroupServer...
[05-25 18:27:38]Connecting to GroupServer failed, reconnecting in 5 secs...
[05-25 18:27:43]Conencting to GroupServer...
[05-25 18:27:45]Connecting to GroupServer failed, reconnecting in 5 secs...
[05-25 18:27:50]Conencting to GroupServer...
[05-25 18:27:52]Connecting to GroupServer failed, reconnecting in 5 secs...
[05-25 18:27:57]Conencting to GroupServer...
[05-25 18:27:59]Connecting to GroupServer failed, reconnecting in 5 secs...
[05-25 18:28:04]Conencting to GroupServer...
[05-25 18:28:06]Connecting to GroupServer failed, reconnecting in 5 secs...
[05-25 18:28:11]Conencting to GroupServer...
[05-25 18:28:13]Connecting to GroupServer failed, reconnecting in 5 secs...
[05-25 18:28:18]Conencting to GroupServer...
[05-25 18:28:20]Connecting to GroupServer failed, reconnecting in 5 secs...
[05-25 18:28:25]Conencting to GroupServer...
[05-25 18:28:27]Connecting to GroupServer failed, reconnecting in 5 secs...
[05-25 18:28:32]Conencting to GroupServer...
[05-25 18:28:34]Connecting to GroupServer failed, reconnecting in 5 secs...
[05-25 18:28:39]Conencting to GroupServer...
[05-25 18:28:41]Connecting to GroupServer failed, reconnecting in 5 secs...
[05-25 18:28:46]Conencting to GroupServer...
[05-25 18:28:48]Connecting to GroupServer failed, reconnecting in 5 secs...
[05-25 18:28:53]Conencting to GroupServer...
[05-25 18:28:55]Connecting to GroupServer failed, reconnecting in 5 secs...
[05-25 18:29:00]Conencting to GroupServer...
[05-25 18:29:02]Connecting to GroupServer failed, reconnecting in 5 secs...
[05-25 18:29:07]Conencting to GroupServer...
[05-25 18:29:09]Connecting to GroupServer failed, reconnecting in 5 secs...
[05-25 18:29:14]Conencting to GroupServer...
[05-25 18:29:16]Connecting to GroupServer failed, reconnecting in 5 secs...
[05-25 18:29:21]Conencting to GroupServer...
[05-25 18:29:23]Connecting to GroupServer failed, reconnecting in 5 secs...
[05-25 18:29:28]Conencting to GroupServer...
[05-25 18:29:30]Connecting to GroupServer failed, reconnecting in 5 secs...
[05-25 18:29:35]Conencting to GroupServer...
[05-25 18:29:37]Connecting to GroupServer failed, reconnecting in 5 secs...
[05-25 18:29:42]Conencting to GroupServer...
[05-25 18:29:44]Connecting to GroupServer failed, reconnecting in 5 secs...
[05-25 18:29:49]Conencting to GroupServer...
[05-25 18:29:51]Connecting to GroupServer failed, reconnecting in 5 secs...
[05-25 18:29:56]Conencting to GroupServer...
[05-25 18:29:58]Connecting to GroupServer failed, reconnecting in 5 secs...
[05-25 18:30:03]Conencting to GroupServer...
[05-25 18:30:05]Connecting to GroupServer failed, reconnecting in 5 secs...
[05-25 18:30:10]Conencting to GroupServer...
[05-25 18:30:12]Connecting to GroupServer failed, reconnecting in 5 secs...
[05-25 18:30:17]Conencting to GroupServer...
[05-25 18:30:19]Connecting to GroupServer failed, reconnecting in 5 secs...
[05-25 18:30:24]Conencting to GroupServer...
[05-25 18:30:26]Connecting to GroupServer failed, reconnecting in 5 secs...
[05-25 18:30:31]Conencting to GroupServer...
[05-25 18:30:33]Connecting to GroupServer failed, reconnecting in 5 secs...
[05-25 18:30:38]Conencting to GroupServer...
[05-25 18:30:40]Connecting to GroupServer failed, reconnecting in 5 secs...
[05-25 18:30:45]Conencting to GroupServer...
[05-25 18:30:47]Connecting to GroupServer failed, reconnecting in 5 secs...
[05-25 18:30:52]Conencting to GroupServer...
[05-25 18:30:54]Connecting to GroupServer failed, reconnecting in 5 secs...
[05-25 18:30:59]Conencting to GroupServer...
[05-25 18:31:01]Connecting to GroupServer failed, reconnecting in 5 secs...
[05-25 18:31:06]Conencting to GroupServer...
[05-25 18:31:08]Connecting to GroupServer failed, reconnecting in 5 secs...
[05-25 18:31:13]Conencting to GroupServer...
[05-25 18:31:15]Connecting to GroupServer failed, reconnecting in 5 secs...
[05-25 18:31:20]Conencting to GroupServer...
[05-25 18:31:22]Connecting to GroupServer failed, reconnecting in 5 secs...
[05-25 18:31:27]Conencting to GroupServer...
[05-25 18:31:29]Connecting to GroupServer failed, reconnecting in 5 secs...
[05-25 18:31:34]Conencting to GroupServer...
[05-25 18:31:36]Connecting to GroupServer failed, reconnecting in 5 secs...
[05-25 18:31:41]Conencting to GroupServer...
[05-25 18:31:43]Connecting to GroupServer failed, reconnecting in 5 secs...
[05-25 18:31:48]Conencting to GroupServer...
[05-25 18:31:50]Connecting to GroupServer failed, reconnecting in 5 secs...
[05-25 18:31:55]Conencting to GroupServer...
[05-25 18:31:57]Connecting to GroupServer failed, reconnecting in 5 secs...
[05-25 18:32:02]Conencting to GroupServer...
[05-25 18:32:04]Connecting to GroupServer failed, reconnecting in 5 secs...
[05-25 18:32:09]Conencting to GroupServer...
[05-25 18:32:11]Connecting to GroupServer failed, reconnecting in 5 secs...
[05-25 18:32:16]Conencting to GroupServer...
[05-25 18:32:18]Connecting to GroupServer failed, reconnecting in 5 secs...
[05-25 18:32:23]Conencting to GroupServer...
[05-25 18:32:25]Connecting to GroupServer failed, reconnecting in 5 secs...
[05-25 18:32:30]Conencting to GroupServer...
[05-25 18:32:32]Connecting to GroupServer failed, reconnecting in 5 secs...
[05-25 18:32:37]Conencting to GroupServer...
[05-25 18:32:39]Connecting to GroupServer failed, reconnecting in 5 secs...
[05-25 18:32:44]Conencting to GroupServer...
[05-25 18:32:46]Connecting to GroupServer failed, reconnecting in 5 secs...
[05-25 18:32:51]Conencting to GroupServer...
[05-25 18:32:53]Connecting to GroupServer failed, reconnecting in 5 secs...
[05-25 18:32:58]Conencting to GroupServer...
[05-25 18:33:00]Connecting to GroupServer failed, reconnecting in 5 secs...
[05-25 18:33:05]Conencting to GroupServer...
[05-25 18:33:07]Connecting to GroupServer failed, reconnecting in 5 secs...
[05-25 18:33:12]Conencting to GroupServer...
[05-25 18:33:14]Connecting to GroupServer failed, reconnecting in 5 secs...
[05-25 18:33:19]Conencting to GroupServer...
[05-25 18:33:21]Connecting to GroupServer failed, reconnecting in 5 secs...
[05-25 18:33:26]Conencting to GroupServer...
[05-25 18:33:28]Connecting to GroupServer failed, reconnecting in 5 secs...
[05-25 18:33:33]Conencting to GroupServer...
[05-25 18:33:35]Connecting to GroupServer failed, reconnecting in 5 secs...
[05-25 18:33:40]Conencting to GroupServer...
[05-25 18:33:42]Connecting to GroupServer failed, reconnecting in 5 secs...
[05-25 18:33:47]Conencting to GroupServer...
[05-25 18:33:49]Connecting to GroupServer failed, reconnecting in 5 secs...
[05-25 18:33:54]Conencting to GroupServer...
[05-25 18:33:56]Connecting to GroupServer failed, reconnecting in 5 secs...
[05-25 18:34:01]Conencting to GroupServer...
[05-25 18:34:03]Connecting to GroupServer failed, reconnecting in 5 secs...
[05-25 18:34:08]Conencting to GroupServer...
[05-25 18:34:10]Connecting to GroupServer failed, reconnecting in 5 secs...
[05-25 18:34:15]Conencting to GroupServer...
[05-25 18:34:17]Connecting to GroupServer failed, reconnecting in 5 secs...
[05-25 18:34:22]Conencting to GroupServer...
[05-25 18:34:24]Connecting to GroupServer failed, reconnecting in 5 secs...
[05-25 18:34:29]Conencting to GroupServer...
[05-25 18:34:31]Connecting to GroupServer failed, reconnecting in 5 secs...
[05-25 18:34:36]Conencting to GroupServer...
[05-25 18:34:38]Connecting to GroupServer failed, reconnecting in 5 secs...
[05-25 18:34:43]Conencting to GroupServer...
[05-25 18:34:45]Connecting to GroupServer failed, reconnecting in 5 secs...
[05-25 18:34:50]Conencting to GroupServer...
[05-25 18:34:52]Connecting to GroupServer failed, reconnecting in 5 secs...
[05-25 18:34:57]Conencting to GroupServer...
[05-25 18:34:59]Connecting to GroupServer failed, reconnecting in 5 secs...
[05-25 18:35:04]Conencting to GroupServer...
[05-25 18:35:06]Connecting to GroupServer failed, reconnecting in 5 secs...
[05-25 18:35:11]Conencting to GroupServer...
[05-25 18:35:13]Connecting to GroupServer failed, reconnecting in 5 secs...
[05-25 18:35:18]Conencting to GroupServer...
[05-25 18:35:20]Connecting to GroupServer failed, reconnecting in 5 secs...
[05-25 18:35:25]Conencting to GroupServer...
[05-25 18:35:27]Connecting to GroupServer failed, reconnecting in 5 secs...
[05-25 18:35:32]Conencting to GroupServer...
[05-25 18:35:34]Connecting to GroupServer failed, reconnecting in 5 secs...
[05-25 18:35:39]Conencting to GroupServer...
[05-25 18:35:41]Connecting to GroupServer failed, reconnecting in 5 secs...
[05-25 18:35:46]Conencting to GroupServer...
[05-25 18:35:48]Connecting to GroupServer failed, reconnecting in 5 secs...
[05-25 18:35:53]Conencting to GroupServer...
[05-25 18:35:55]Connecting to GroupServer failed, reconnecting in 5 secs...
[05-25 18:36:00]Conencting to GroupServer...
[05-25 18:36:02]Connecting to GroupServer failed, reconnecting in 5 secs...
[05-25 18:36:07]Conencting to GroupServer...
[05-25 18:36:09]Connecting to GroupServer failed, reconnecting in 5 secs...
[05-25 18:36:14]Conencting to GroupServer...
[05-25 18:36:16]Connecting to GroupServer failed, reconnecting in 5 secs...
[05-25 18:36:21]Conencting to GroupServer...
[05-25 18:36:23]Connecting to GroupServer failed, reconnecting in 5 secs...
[05-25 18:36:28]Conencting to GroupServer...
[05-25 18:36:30]Connecting to GroupServer failed, reconnecting in 5 secs...
[05-25 18:36:35]Conencting to GroupServer...
[05-25 18:36:37]Connecting to GroupServer failed, reconnecting in 5 secs...
[05-25 18:36:42]Conencting to GroupServer...
[05-25 18:36:44]Connecting to GroupServer failed, reconnecting in 5 secs...
[05-25 18:36:49]Conencting to GroupServer...
[05-25 18:36:51]Connecting to GroupServer failed, reconnecting in 5 secs...
[05-25 18:36:56]Conencting to GroupServer...
[05-25 18:36:58]Connecting to GroupServer failed, reconnecting in 5 secs...
[05-25 18:37:03]Conencting to GroupServer...
[05-25 18:37:05]Connecting to GroupServer failed, reconnecting in 5 secs...
[05-25 18:37:10]Conencting to GroupServer...
[05-25 18:37:12]Connecting to GroupServer failed, reconnecting in 5 secs...
[05-25 18:37:17]Conencting to GroupServer...
[05-25 18:37:19]Connecting to GroupServer failed, reconnecting in 5 secs...
[05-25 18:37:24]Conencting to GroupServer...
[05-25 18:37:26]Connecting to GroupServer failed, reconnecting in 5 secs...
[05-25 18:37:31]Conencting to GroupServer...
[05-25 18:37:33]Connecting to GroupServer failed, reconnecting in 5 secs...
[05-25 18:37:38]Conencting to GroupServer...
[05-25 18:37:40]Connecting to GroupServer failed, reconnecting in 5 secs...
[05-25 18:37:45]Conencting to GroupServer...
[05-25 18:37:47]Connecting to GroupServer failed, reconnecting in 5 secs...
[05-25 18:37:52]Conencting to GroupServer...
[05-25 18:37:54]Connecting to GroupServer failed, reconnecting in 5 secs...
[05-25 18:37:59]Conencting to GroupServer...
[05-25 18:38:01]Connecting to GroupServer failed, reconnecting in 5 secs...
[05-25 18:38:06]Conencting to GroupServer...
[05-25 18:38:08]Connecting to GroupServer failed, reconnecting in 5 secs...
[05-25 18:38:13]Conencting to GroupServer...
[05-25 18:38:15]Connecting to GroupServer failed, reconnecting in 5 secs...
[05-25 18:38:20]Conencting to GroupServer...
[05-25 18:38:22]Connecting to GroupServer failed, reconnecting in 5 secs...
[05-25 18:38:27]Conencting to GroupServer...
[05-25 18:38:29]Connecting to GroupServer failed, reconnecting in 5 secs...
[05-25 18:38:34]Conencting to GroupServer...
[05-25 18:38:36]Connecting to GroupServer failed, reconnecting in 5 secs...
[05-25 18:38:41]Conencting to GroupServer...
[05-25 18:38:43]Connecting to GroupServer failed, reconnecting in 5 secs...
[05-25 18:38:48]Conencting to GroupServer...
[05-25 18:38:50]Connecting to GroupServer failed, reconnecting in 5 secs...
[05-25 18:38:55]Conencting to GroupServer...
[05-25 18:38:57]Connecting to GroupServer failed, reconnecting in 5 secs...
[05-25 18:39:02]Conencting to GroupServer...
[05-25 18:39:04]Connecting to GroupServer failed, reconnecting in 5 secs...
[05-25 18:39:09]Conencting to GroupServer...
[05-25 18:39:11]Connecting to GroupServer failed, reconnecting in 5 secs...
[05-25 18:39:16]Conencting to GroupServer...
[05-25 18:39:18]Connecting to GroupServer failed, reconnecting in 5 secs...
[05-25 18:39:23]Conencting to GroupServer...
[05-25 18:39:25]Connecting to GroupServer failed, reconnecting in 5 secs...
[05-25 18:39:30]Conencting to GroupServer...
[05-25 18:39:32]Connecting to GroupServer failed, reconnecting in 5 secs...
[05-25 18:39:37]Conencting to GroupServer...
[05-25 18:39:39]Connecting to GroupServer failed, reconnecting in 5 secs...
[05-25 18:39:44]Conencting to GroupServer...
[05-25 18:39:46]Connecting to GroupServer failed, reconnecting in 5 secs...
[05-25 18:39:51]Conencting to GroupServer...
[05-25 18:39:53]Connecting to GroupServer failed, reconnecting in 5 secs...
[05-25 18:39:58]Conencting to GroupServer...
[05-25 18:40:00]Connecting to GroupServer failed, reconnecting in 5 secs...
[05-25 18:40:06]Conencting to GroupServer...
[05-25 18:40:08]Connecting to GroupServer failed, reconnecting in 5 secs...
[05-25 18:40:13]Conencting to GroupServer...
[05-25 18:40:15]Connecting to GroupServer failed, reconnecting in 5 secs...
[05-25 18:40:20]Conencting to GroupServer...
[05-25 18:40:22]Connecting to GroupServer failed, reconnecting in 5 secs...
[05-25 18:40:27]Conencting to GroupServer...
[05-25 18:40:29]Connecting to GroupServer failed, reconnecting in 5 secs...
[05-25 18:40:34]Conencting to GroupServer...
[05-25 18:40:36]Connecting to GroupServer failed, reconnecting in 5 secs...
[05-25 18:40:41]Conencting to GroupServer...
[05-25 18:40:43]Connecting to GroupServer failed, reconnecting in 5 secs...
[05-25 18:40:48]Conencting to GroupServer...
[05-25 18:40:50]Connecting to GroupServer failed, reconnecting in 5 secs...
[05-25 18:40:55]Conencting to GroupServer...
[05-25 18:40:57]Connecting to GroupServer failed, reconnecting in 5 secs...
[05-25 18:41:02]Conencting to GroupServer...
[05-25 18:41:04]Connecting to GroupServer failed, reconnecting in 5 secs...
[05-25 18:41:09]Conencting to GroupServer...
[05-25 18:41:11]Connecting to GroupServer failed, reconnecting in 5 secs...
[05-25 18:41:16]Conencting to GroupServer...
[05-25 18:41:18]Connecting to GroupServer failed, reconnecting in 5 secs...
[05-25 18:41:23]Conencting to GroupServer...
[05-25 18:41:25]Connecting to GroupServer failed, reconnecting in 5 secs...
[05-25 18:41:30]Conencting to GroupServer...
[05-25 18:41:32]Connecting to GroupServer failed, reconnecting in 5 secs...
[05-25 18:41:37]Conencting to GroupServer...
[05-25 18:41:39]Connecting to GroupServer failed, reconnecting in 5 secs...
[05-25 18:41:44]Conencting to GroupServer...
[05-25 18:41:46]Connecting to GroupServer failed, reconnecting in 5 secs...
[05-25 18:41:51]Conencting to GroupServer...
[05-25 18:41:53]Connecting to GroupServer failed, reconnecting in 5 secs...
[05-25 18:41:58]Conencting to GroupServer...
[05-25 18:42:00]Connecting to GroupServer failed, reconnecting in 5 secs...
[05-25 18:42:05]Conencting to GroupServer...
[05-25 18:42:07]Connecting to GroupServer failed, reconnecting in 5 secs...
[05-25 18:42:12]Conencting to GroupServer...
[05-25 18:42:14]Connecting to GroupServer failed, reconnecting in 5 secs...
[05-25 18:42:19]Conencting to GroupServer...
[05-25 18:42:21]Connecting to GroupServer failed, reconnecting in 5 secs...
[05-25 18:42:26]Conencting to GroupServer...
[05-25 18:42:28]Connecting to GroupServer failed, reconnecting in 5 secs...
[05-25 18:42:33]Conencting to GroupServer...
[05-25 18:42:35]Connecting to GroupServer failed, reconnecting in 5 secs...
[05-25 18:42:40]Conencting to GroupServer...
[05-25 18:42:42]Connecting to GroupServer failed, reconnecting in 5 secs...
[05-25 18:42:47]Conencting to GroupServer...
[05-25 18:42:49]Connecting to GroupServer failed, reconnecting in 5 secs...
[05-25 18:42:54]Conencting to GroupServer...
[05-25 18:42:56]Connecting to GroupServer failed, reconnecting in 5 secs...
[05-25 18:43:01]Conencting to GroupServer...
[05-25 18:43:03]Connecting to GroupServer failed, reconnecting in 5 secs...
[05-25 18:43:08]Conencting to GroupServer...
[05-25 18:43:10]Connecting to GroupServer failed, reconnecting in 5 secs...
[05-25 18:43:15]Conencting to GroupServer...
[05-25 18:43:17]Connecting to GroupServer failed, reconnecting in 5 secs...
[05-25 18:43:22]Conencting to GroupServer...
[05-25 18:43:24]Connecting to GroupServer failed, reconnecting in 5 secs...
[05-25 18:43:29]Conencting to GroupServer...
[05-25 18:43:31]Connecting to GroupServer failed, reconnecting in 5 secs...
[05-25 18:43:36]Conencting to GroupServer...
[05-25 18:43:38]Connecting to GroupServer failed, reconnecting in 5 secs...
[05-25 18:43:43]Conencting to GroupServer...
[05-25 18:43:45]Connecting to GroupServer failed, reconnecting in 5 secs...
[05-25 18:43:50]Conencting to GroupServer...
[05-25 18:43:52]Connecting to GroupServer failed, reconnecting in 5 secs...
[05-25 18:43:57]Conencting to GroupServer...
[05-25 18:43:59]Connecting to GroupServer failed, reconnecting in 5 secs...
[05-25 18:44:04]Conencting to GroupServer...
[05-25 18:44:06]Connecting to GroupServer failed, reconnecting in 5 secs...
[05-25 18:44:11]Conencting to GroupServer...
[05-25 18:44:13]Connecting to GroupServer failed, reconnecting in 5 secs...
[05-25 18:44:18]Conencting to GroupServer...
[05-25 18:44:20]Connecting to GroupServer failed, reconnecting in 5 secs...
[05-25 18:44:25]Conencting to GroupServer...
[05-25 18:44:27]Connecting to GroupServer failed, reconnecting in 5 secs...
[05-25 18:44:32]Conencting to GroupServer...
[05-25 18:44:34]Connecting to GroupServer failed, reconnecting in 5 secs...
[05-25 18:44:39]Conencting to GroupServer...
[05-25 18:44:41]Connecting to GroupServer failed, reconnecting in 5 secs...
[05-25 18:44:46]Conencting to GroupServer...
[05-25 18:44:48]Connecting to GroupServer failed, reconnecting in 5 secs...
[05-25 18:44:53]Conencting to GroupServer...
[05-25 18:44:55]Connecting to GroupServer failed, reconnecting in 5 secs...
[05-25 18:45:00]Conencting to GroupServer...
[05-25 18:45:02]Connecting to GroupServer failed, reconnecting in 5 secs...
[05-25 18:45:07]Conencting to GroupServer...
[05-25 18:45:09]Connecting to GroupServer failed, reconnecting in 5 secs...
[05-25 18:45:14]Conencting to GroupServer...
[05-25 18:45:16]Connecting to GroupServer failed, reconnecting in 5 secs...
[05-25 18:45:21]Conencting to GroupServer...
[05-25 18:45:23]Connecting to GroupServer failed, reconnecting in 5 secs...
[05-25 18:45:28]Conencting to GroupServer...
[05-25 18:45:30]Connecting to GroupServer failed, reconnecting in 5 secs...
[05-25 18:45:35]Conencting to GroupServer...
[05-25 18:45:37]Connecting to GroupServer failed, reconnecting in 5 secs...
[05-25 18:45:42]Conencting to GroupServer...
[05-25 18:45:44]Connecting to GroupServer failed, reconnecting in 5 secs...
[05-25 18:45:49]Conencting to GroupServer...
[05-25 18:45:51]Connecting to GroupServer failed, reconnecting in 5 secs...
[05-25 18:45:56]Conencting to GroupServer...
[05-25 18:45:58]Connecting to GroupServer failed, reconnecting in 5 secs...
[05-25 18:46:03]Conencting to GroupServer...
[05-25 18:46:05]Connecting to GroupServer failed, reconnecting in 5 secs...
[05-25 18:46:10]Conencting to GroupServer...
[05-25 18:46:12]Connecting to GroupServer failed, reconnecting in 5 secs...
[05-25 18:46:17]Conencting to GroupServer...
[05-25 18:46:19]Connecting to GroupServer failed, reconnecting in 5 secs...
[05-25 18:46:24]Conencting to GroupServer...
[05-25 18:46:26]Connecting to GroupServer failed, reconnecting in 5 secs...
[05-25 18:46:31]Conencting to GroupServer...
[05-25 18:46:33]Connecting to GroupServer failed, reconnecting in 5 secs...
[05-25 18:46:38]Conencting to GroupServer...
[05-25 18:46:40]Connecting to GroupServer failed, reconnecting in 5 secs...
[05-25 18:46:45]Conencting to GroupServer...
[05-25 18:46:47]Connecting to GroupServer failed, reconnecting in 5 secs...
[05-25 18:46:52]Conencting to GroupServer...
[05-25 18:46:54]Connecting to GroupServer failed, reconnecting in 5 secs...
[05-25 18:46:59]Conencting to GroupServer...
[05-25 18:47:01]Connecting to GroupServer failed, reconnecting in 5 secs...
[05-25 18:47:06]Conencting to GroupServer...
[05-25 18:47:08]Connecting to GroupServer failed, reconnecting in 5 secs...
[05-25 18:47:13]Conencting to GroupServer...
[05-25 18:47:15]Connecting to GroupServer failed, reconnecting in 5 secs...
[05-25 18:47:20]Conencting to GroupServer...
[05-25 18:47:22]Connecting to GroupServer failed, reconnecting in 5 secs...
[05-25 18:47:27]Conencting to GroupServer...
[05-25 18:47:29]Connecting to GroupServer failed, reconnecting in 5 secs...
[05-25 18:47:34]Conencting to GroupServer...
[05-25 18:47:36]Connecting to GroupServer failed, reconnecting in 5 secs...
[05-25 18:47:41]Conencting to GroupServer...
[05-25 18:47:43]Connecting to GroupServer failed, reconnecting in 5 secs...
[05-25 18:47:48]Conencting to GroupServer...
[05-25 18:47:50]Connecting to GroupServer failed, reconnecting in 5 secs...
[05-25 18:47:55]Conencting to GroupServer...
[05-25 18:47:57]Connecting to GroupServer failed, reconnecting in 5 secs...
[05-25 18:48:02]Conencting to GroupServer...
[05-25 18:48:04]Connecting to GroupServer failed, reconnecting in 5 secs...
[05-25 18:48:09]Conencting to GroupServer...
[05-25 18:48:11]Connecting to GroupServer failed, reconnecting in 5 secs...
[05-25 18:48:16]Conencting to GroupServer...
[05-25 18:48:18]Connecting to GroupServer failed, reconnecting in 5 secs...
[05-25 18:48:23]Conencting to GroupServer...
[05-25 18:48:25]Connecting to GroupServer failed, reconnecting in 5 secs...
[05-25 18:48:30]Conencting to GroupServer...
[05-25 18:48:32]Connecting to GroupServer failed, reconnecting in 5 secs...
[05-25 18:48:37]Conencting to GroupServer...
[05-25 18:48:39]Connecting to GroupServer failed, reconnecting in 5 secs...
[05-25 18:48:44]Conencting to GroupServer...
[05-25 18:48:46]Connecting to GroupServer failed, reconnecting in 5 secs...
[05-25 18:48:51]Conencting to GroupServer...
[05-25 18:48:53]Connecting to GroupServer failed, reconnecting in 5 secs...
[05-25 18:48:58]Conencting to GroupServer...
[05-25 18:49:00]Connecting to GroupServer failed, reconnecting in 5 secs...
[05-25 18:49:05]Conencting to GroupServer...
[05-25 18:49:07]Connecting to GroupServer failed, reconnecting in 5 secs...
[05-25 18:49:12]Conencting to GroupServer...
[05-25 18:49:14]Connecting to GroupServer failed, reconnecting in 5 secs...
[05-25 18:49:19]Conencting to GroupServer...
[05-25 18:49:21]Connecting to GroupServer failed, reconnecting in 5 secs...
[05-25 18:49:26]Conencting to GroupServer...
[05-25 18:49:28]Connecting to GroupServer failed, reconnecting in 5 secs...
[05-25 18:49:33]Conencting to GroupServer...
[05-25 18:49:35]Connecting to GroupServer failed, reconnecting in 5 secs...
[05-25 18:49:40]Conencting to GroupServer...
[05-25 18:49:42]Connecting to GroupServer failed, reconnecting in 5 secs...
[05-25 18:49:47]Conencting to GroupServer...
[05-25 18:49:49]Connecting to GroupServer failed, reconnecting in 5 secs...
[05-25 18:49:54]Conencting to GroupServer...
[05-25 18:49:56]Connecting to GroupServer failed, reconnecting in 5 secs...
[05-25 18:50:01]Conencting to GroupServer...
[05-25 18:50:03]Connecting to GroupServer failed, reconnecting in 5 secs...
[05-25 18:50:08]Conencting to GroupServer...
[05-25 18:50:10]Connecting to GroupServer failed, reconnecting in 5 secs...
[05-25 18:50:15]Conencting to GroupServer...
[05-25 18:50:17]Connecting to GroupServer failed, reconnecting in 5 secs...
[05-25 18:50:22]Conencting to GroupServer...
[05-25 18:50:24]Connecting to GroupServer failed, reconnecting in 5 secs...
[05-25 18:50:29]Conencting to GroupServer...
[05-25 18:50:31]Connecting to GroupServer failed, reconnecting in 5 secs...
[05-25 18:50:36]Conencting to GroupServer...
[05-25 18:50:38]Connecting to GroupServer failed, reconnecting in 5 secs...
[05-25 18:50:43]Conencting to GroupServer...
[05-25 18:50:45]Connecting to GroupServer failed, reconnecting in 5 secs...
[05-25 18:50:50]Conencting to GroupServer...
[05-25 18:50:52]Connecting to GroupServer failed, reconnecting in 5 secs...
[05-25 18:50:57]Conencting to GroupServer...
[05-25 18:50:59]Connecting to GroupServer failed, reconnecting in 5 secs...
[05-25 18:51:04]Conencting to GroupServer...
[05-25 18:51:06]Connecting to GroupServer failed, reconnecting in 5 secs...
[05-25 18:51:11]Conencting to GroupServer...
[05-25 18:51:13]Connecting to GroupServer failed, reconnecting in 5 secs...
[05-25 18:51:18]Conencting to GroupServer...
[05-25 18:51:20]Connecting to GroupServer failed, reconnecting in 5 secs...
[05-25 18:51:25]Conencting to GroupServer...
[05-25 18:51:27]Connecting to GroupServer failed, reconnecting in 5 secs...
[05-25 18:51:32]Conencting to GroupServer...
[05-25 18:51:34]Connecting to GroupServer failed, reconnecting in 5 secs...
[05-25 18:51:36]begin connect database
[05-25 18:51:36]begin init AccountServer connect
[05-25 18:51:36]AccountServer:25.80.52.210,2321come ! Socket num:1
[05-25 18:51:36]begin read GroupServer.cfg
[05-25 18:51:36]begin load ChaNameFilter.txt
[05-25 18:51:36]begin listen port:2322
[05-25 18:51:36]open listen port:2322success, init is ok
[05-25 18:51:39]Conencting to GroupServer...
[05-25 18:51:39]connect GroupServer: 25.80.52.210,Socket num:1
[05-25 18:51:39]GateServer:25.80.52.210,45014come ! Socket num:2
[05-25 18:51:39]GateServer:25.80.52.210,45014TP_LOGIN1
[05-25 18:51:39]GateServer:25.80.52.210,45014TP_LOGIN2
[05-25 18:51:39]GateServer:25.80.52.210,45014TP_LOGIN3
[05-25 18:51:39]Successfully logged into GroupServer!
[05-25 19:30:58]disconnection with GroupServer,Socket num: 0,reason =远程主机强迫关闭了一个现有的连接。, reconnecting...
[05-25 19:30:58]AccountServer:25.80.52.210,2321go ! Socket num:0reason=(10054)远程主机强迫关闭了一个现有的连接。
[05-25 19:30:58]GateServer:25.80.52.210,45014go ! Socket num:0reason=(10054)远程主机强迫关闭了一个现有的连接。
[05-25 19:30:59]Conencting to GroupServer...
[05-25 21:45:54]Connecting to GroupServer failed, reconnecting in 5 secs...
[05-25 21:45:59]Conencting to GroupServer...
[05-25 21:46:20]Connecting to GroupServer failed, reconnecting in 5 secs...
[05-25 21:46:25]Conencting to GroupServer...
[05-25 21:46:27]Connecting to GroupServer failed, reconnecting in 5 secs...
[05-25 21:46:32]Conencting to GroupServer...
[05-25 21:46:34]Connecting to GroupServer failed, reconnecting in 5 secs...
[05-25 21:46:39]Conencting to GroupServer...
[05-25 21:46:41]Connecting to GroupServer failed, reconnecting in 5 secs...
[05-25 21:46:46]Conencting to GroupServer...
[05-25 21:46:48]Connecting to GroupServer failed, reconnecting in 5 secs...
[05-25 21:46:53]Conencting to GroupServer...
[05-25 21:46:55]Connecting to GroupServer failed, reconnecting in 5 secs...
[05-25 21:47:00]Conencting to GroupServer...
[05-25 21:47:02]Connecting to GroupServer failed, reconnecting in 5 secs...
[05-25 21:47:07]Conencting to GroupServer...
[05-25 21:47:09]Connecting to GroupServer failed, reconnecting in 5 secs...
[05-25 21:47:14]Conencting to GroupServer...
[05-25 21:47:16]Connecting to GroupServer failed, reconnecting in 5 secs...
[05-25 21:47:21]Conencting to GroupServer...
[05-25 21:47:23]Connecting to GroupServer failed, reconnecting in 5 secs...
[05-25 21:47:28]Conencting to GroupServer...
[05-25 21:47:30]Connecting to GroupServer failed, reconnecting in 5 secs...
[05-25 21:47:35]Conencting to GroupServer...
[05-25 21:47:37]Connecting to GroupServer failed, reconnecting in 5 secs...
[05-25 21:47:42]Conencting to GroupServer...
[05-25 21:47:44]Connecting to GroupServer failed, reconnecting in 5 secs...
[05-25 21:47:49]Conencting to GroupServer...
[05-25 21:47:51]Connecting to GroupServer failed, reconnecting in 5 secs...
[05-25 21:47:56]Conencting to GroupServer...
[05-25 21:47:58]Connecting to GroupServer failed, reconnecting in 5 secs...
[05-25 21:48:03]Conencting to GroupServer...
[05-25 21:48:05]Connecting to GroupServer failed, reconnecting in 5 secs...
[05-25 21:48:10]Conencting to GroupServer...
[05-25 21:48:12]Connecting to GroupServer failed, reconnecting in 5 secs...
[05-25 21:48:17]Conencting to GroupServer...
[05-25 21:48:19]Connecting to GroupServer failed, reconnecting in 5 secs...
[05-25 21:48:24]Conencting to GroupServer...
[05-25 21:48:26]Connecting to GroupServer failed, reconnecting in 5 secs...
[05-25 21:48:31]Conencting to GroupServer...
[05-25 21:48:33]Connecting to GroupServer failed, reconnecting in 5 secs...
[05-25 21:48:38]Conencting to GroupServer...
[05-25 21:48:40]Connecting to GroupServer failed, reconnecting in 5 secs...
[05-25 21:48:45]Conencting to GroupServer...
[05-25 21:48:47]Connecting to GroupServer failed, reconnecting in 5 secs...
[05-25 21:48:52]Conencting to GroupServer...
[05-25 21:48:54]Connecting to GroupServer failed, reconnecting in 5 secs...
[05-25 21:48:59]Conencting to GroupServer...
[05-25 21:49:01]Connecting to GroupServer failed, reconnecting in 5 secs...
[05-25 21:49:06]Conencting to GroupServer...
[05-25 21:49:08]Connecting to GroupServer failed, reconnecting in 5 secs...
[05-25 21:49:13]Conencting to GroupServer...
[05-25 21:49:15]Connecting to GroupServer failed, reconnecting in 5 secs...
[05-25 21:49:20]Conencting to GroupServer...
[05-25 21:49:22]Connecting to GroupServer failed, reconnecting in 5 secs...
[05-25 21:49:27]Conencting to GroupServer...
[05-25 21:49:29]Connecting to GroupServer failed, reconnecting in 5 secs...
[05-25 21:49:34]Conencting to GroupServer...
[05-25 21:49:36]Connecting to GroupServer failed, reconnecting in 5 secs...
[05-25 21:49:41]Conencting to GroupServer...
[05-25 21:49:43]Connecting to GroupServer failed, reconnecting in 5 secs...
[05-25 21:49:48]Conencting to GroupServer...
[05-25 21:49:50]Connecting to GroupServer failed, reconnecting in 5 secs...
[05-25 21:49:55]Conencting to GroupServer...
[05-25 21:49:57]Connecting to GroupServer failed, reconnecting in 5 secs...
[05-25 21:50:02]Conencting to GroupServer...
[05-25 21:50:05]Connecting to GroupServer failed, reconnecting in 5 secs...
[05-25 21:50:10]Conencting to GroupServer...
[05-25 21:50:12]Connecting to GroupServer failed, reconnecting in 5 secs...
[05-25 21:50:17]Conencting to GroupServer...
[05-25 21:50:19]Connecting to GroupServer failed, reconnecting in 5 secs...
[05-25 21:50:24]Conencting to GroupServer...
[05-25 21:50:26]Connecting to GroupServer failed, reconnecting in 5 secs...
[05-25 21:50:31]Conencting to GroupServer...
[05-25 21:50:33]Connecting to GroupServer failed, reconnecting in 5 secs...
[05-25 21:50:38]Conencting to GroupServer...
[05-25 21:50:40]Connecting to GroupServer failed, reconnecting in 5 secs...
[05-25 21:50:45]Conencting to GroupServer...
[05-25 21:50:48]Connecting to GroupServer failed, reconnecting in 5 secs...
[05-25 21:50:53]Conencting to GroupServer...
[05-25 21:50:55]Connecting to GroupServer failed, reconnecting in 5 secs...
[05-25 21:51:00]Conencting to GroupServer...
[05-25 21:51:02]Connecting to GroupServer failed, reconnecting in 5 secs...
[05-25 21:51:07]Conencting to GroupServer...
[05-25 21:51:09]Connecting to GroupServer failed, reconnecting in 5 secs...
[05-25 21:51:14]Conencting to GroupServer...
[05-25 21:51:16]Connecting to GroupServer failed, reconnecting in 5 secs...
[05-25 21:51:21]Conencting to GroupServer...
[05-25 21:51:23]Connecting to GroupServer failed, reconnecting in 5 secs...
[05-25 21:51:28]Conencting to GroupServer...
[05-25 21:51:30]Connecting to GroupServer failed, reconnecting in 5 secs...
[05-25 21:51:35]Conencting to GroupServer...
[05-25 21:51:37]Connecting to GroupServer failed, reconnecting in 5 secs...
[05-25 21:51:38]begin connect database
[05-25 21:51:39]begin init AccountServer connect
[05-25 21:51:39]AccountServer:25.80.52.210,2321come ! Socket num:1
[05-25 21:51:39]begin read GroupServer.cfg
[05-25 21:51:39]begin load ChaNameFilter.txt
[05-25 21:51:39]begin listen port:2322
[05-25 21:51:39]open listen port:2322success, init is ok
[05-25 21:51:42]Conencting to GroupServer...
[05-25 21:51:42]connect GroupServer: 25.80.52.210,Socket num:1
[05-25 21:51:42]GateServer:25.80.52.210,28196come ! Socket num:2
[05-25 21:51:42]GateServer:25.80.52.210,28196TP_LOGIN1
[05-25 21:51:42]GateServer:25.80.52.210,28196TP_LOGIN2
[05-25 21:51:42]GateServer:25.80.52.210,28196TP_LOGIN3
[05-25 21:51:42]Successfully logged into GroupServer!
[05-25 21:52:08]disconnection with GroupServer,Socket num: 0,reason =远程主机强迫关闭了一个现有的连接。, reconnecting...
[05-25 21:52:09]Conencting to GroupServer...
[05-25 21:52:11]Connecting to GroupServer failed, reconnecting in 5 secs...
[05-25 21:52:16]begin connect database
[05-25 21:52:16]Conencting to GroupServer...
[05-25 21:52:16]begin init AccountServer connect
[05-25 21:52:16]AccountServer:25.80.52.210,2321come ! Socket num:1
[05-25 21:52:16]begin read GroupServer.cfg
[05-25 21:52:16]begin load ChaNameFilter.txt
[05-25 21:52:16]begin listen port:2322
[05-25 21:52:16]open listen port:2322success, init is ok
[05-25 21:52:16]connect GroupServer: 25.80.52.210,Socket num:1
[05-25 21:52:16]GateServer:25.80.52.210,28205come ! Socket num:2
[05-25 21:52:16]GateServer:25.80.52.210,28205TP_LOGIN1
[05-25 21:52:16]GateServer:25.80.52.210,28205TP_LOGIN2
[05-25 21:52:16]GateServer:25.80.52.210,28205TP_LOGIN3
[05-25 21:52:16]Successfully logged into GroupServer!
[05-25 21:55:10]AccountServer:25.80.52.210,2321go ! Socket num:1reason=(-3)网络被对方正常关闭。
[05-25 21:55:16]AccountServer:25.80.52.210,2321come ! Socket num:2
[05-25 21:56:17]GateServer:25.80.52.210,28205go ! Socket num:1reason=(10054)远程主机强迫关闭了一个现有的连接。
[05-25 21:58:42]
[05-25 21:58:42]GateServer:25.80.52.210,28370come ! Socket num:2
[05-25 21:58:42]connect GroupServer: 25.80.52.210,Socket num:1
[05-25 21:58:42]GateServer:25.80.52.210,28370TP_LOGIN1
[05-25 21:58:42]GateServer:25.80.52.210,28370TP_LOGIN2
[05-25 21:58:42]GateServer:25.80.52.210,28370TP_LOGIN3
[05-25 21:58:42]
[05-25 21:59:32]GateServer:25.80.52.210,28370go ! Socket num:1reason=(10054)远程主机强迫关闭了一个现有的连接。
[05-25 21:59:38]Conencting to GroupServer...
[05-25 21:59:38]connect GroupServer: 25.80.52.210,Socket num:1
[05-25 21:59:38]GateServer:25.80.52.210,28401come ! Socket num:2
[05-25 21:59:38]GateServer:25.80.52.210,28401TP_LOGIN1
[05-25 21:59:38]GateServer:25.80.52.210,28401TP_LOGIN2
[05-25 21:59:38]GateServer:25.80.52.210,28401TP_LOGIN3
[05-25 21:59:38]Successfully logged into GroupServer!
