c:\users\usuario\documents\yatops_nobackdoors\source\libdbc\release\comm.obj
c:\users\usuario\documents\yatops_nobackdoors\source\libdbc\release\ntsvcobject.obj
c:\users\usuario\documents\yatops_nobackdoors\source\libdbc\release\packetqueue.obj
c:\users\usuario\documents\yatops_nobackdoors\source\libdbc\release\sender.obj
c:\users\usuario\documents\yatops_nobackdoors\source\libdbc\release\commrpc.obj
c:\users\usuario\documents\yatops_nobackdoors\source\libdbc\release\inifile.obj
c:\users\usuario\documents\yatops_nobackdoors\source\libdbc\release\packetencryption.obj
c:\users\usuario\documents\yatops_nobackdoors\source\libdbc\release\threadpool.obj
c:\users\usuario\documents\yatops_nobackdoors\source\libdbc\release\acceptconnect.obj
c:\users\usuario\documents\yatops_nobackdoors\source\libdbc\release\dbccommon.obj
c:\users\usuario\documents\yatops_nobackdoors\source\libdbc\release\packet.obj
c:\users\usuario\documents\yatops_nobackdoors\source\libdbc\release\rwmutex.obj
c:\users\usuario\documents\yatops_nobackdoors\source\libdbc\release\taskqueue.obj
c:\users\usuario\documents\yatops_nobackdoors\source\libdbc\release\datasocket.obj
c:\users\usuario\documents\yatops_nobackdoors\source\libdbc\release\logstream.obj
c:\users\usuario\documents\yatops_nobackdoors\source\libdbc\release\receiver.obj
c:\users\usuario\documents\yatops_nobackdoors\source\libdbc\release\timer.obj
c:\users\usuario\documents\yatops_nobackdoors\source\libdbc\x86\release\libdbc_x86.pdb
c:\users\usuario\documents\yatops_nobackdoors\source\libdbc\x86\release\libdbc_x86.lib
c:\users\usuario\documents\yatops_nobackdoors\source\libdbc\release\libdbc.tlog\cl.14792.write.1.tlog
c:\users\usuario\documents\yatops_nobackdoors\source\libdbc\release\libdbc.tlog\cl.command.1.tlog
c:\users\usuario\documents\yatops_nobackdoors\source\libdbc\release\libdbc.tlog\cl.items.tlog
c:\users\usuario\documents\yatops_nobackdoors\source\libdbc\release\libdbc.tlog\cl.read.1.tlog
c:\users\usuario\documents\yatops_nobackdoors\source\libdbc\release\libdbc.tlog\lib-link.read.1.tlog
c:\users\usuario\documents\yatops_nobackdoors\source\libdbc\release\libdbc.tlog\lib-link.write.1.tlog
c:\users\usuario\documents\yatops_nobackdoors\source\libdbc\release\libdbc.tlog\lib.command.1.tlog
