  GateServer.cpp
  main.cpp
  ToClient.cpp
  ToGameServer.cpp
C:\Users\Usuario\Documents\Yatops_NoBackdoors\Source\LIBDBC\dstring.h(164,41): warning C4267: 'argument': conversion from 'size_t' to 'dbc::uLong', possible loss of data
  (compiling source file 'GateServer.cpp')
  
C:\Users\Usuario\Documents\Yatops_NoBackdoors\Source\LIBDBC\dstring.h(164,41): warning C4267: 'argument': conversion from 'size_t' to 'dbc::uLong', possible loss of data
  (compiling source file 'ToGameServer.cpp')
  
C:\Users\Usuario\Documents\Yatops_NoBackdoors\Source\LIBDBC\dstring.h(164,41): warning C4267: 'argument': conversion from 'size_t' to 'dbc::uLong', possible loss of data
  (compiling source file 'ToClient.cpp')
  
C:\Users\Usuario\Documents\Yatops_NoBackdoors\Source\Common\NetCommand.h(265,1): warning C4002: too many arguments for function-like macro invocation 'MESSAGE_DEF'
  (compiling source file 'ToGameServer.cpp')
  
C:\Users\Usuario\Documents\Yatops_NoBackdoors\Source\Common\NetCommand.h(265,1): warning C4002: too many arguments for function-like macro invocation 'MESSAGE_DEF'
  (compiling source file 'GateServer.cpp')
  
C:\Users\Usuario\Documents\Yatops_NoBackdoors\Source\Common\NetCommand.h(265,1): warning C4002: too many arguments for function-like macro invocation 'MESSAGE_DEF'
  (compiling source file 'ToClient.cpp')
  
C:\Users\Usuario\Documents\Yatops_NoBackdoors\Source\LIBDBC\dstring.h(164,41): warning C4267: 'argument': conversion from 'size_t' to 'dbc::uLong', possible loss of data
  (compiling source file 'main.cpp')
  
C:\Users\Usuario\Documents\Yatops_NoBackdoors\Source\Common\NetCommand.h(265,1): warning C4002: too many arguments for function-like macro invocation 'MESSAGE_DEF'
  (compiling source file 'main.cpp')
  
C:\Users\Usuario\Documents\Yatops_NoBackdoors\Source\Botan\x64\Debug\include\botan\rsa.h(176,4): warning C4250: 'Botan::RSA_PrivateKey': inherits 'Botan::RSA_PublicKey::Botan::RSA_PublicKey::algo_name' via dominance
  (compiling source file 'GateServer.cpp')
  C:\Users\Usuario\Documents\Yatops_NoBackdoors\Source\Botan\x64\Debug\include\botan\rsa.h(43,19):
  see declaration of 'Botan::RSA_PublicKey::algo_name'
  
C:\Users\Usuario\Documents\Yatops_NoBackdoors\Source\Botan\x64\Debug\include\botan\rsa.h(176,4): warning C4250: 'Botan::RSA_PrivateKey': inherits 'Botan::RSA_PublicKey::Botan::RSA_PublicKey::estimated_strength' via dominance
  (compiling source file 'GateServer.cpp')
  C:\Users\Usuario\Documents\Yatops_NoBackdoors\Source\Botan\x64\Debug\include\botan\rsa.h(62,14):
  see declaration of 'Botan::RSA_PublicKey::estimated_strength'
  
C:\Users\Usuario\Documents\Yatops_NoBackdoors\Source\Botan\x64\Debug\include\botan\rsa.h(176,4): warning C4250: 'Botan::RSA_PrivateKey': inherits 'Botan::RSA_PublicKey::Botan::RSA_PublicKey::key_length' via dominance
  (compiling source file 'GateServer.cpp')
  C:\Users\Usuario\Documents\Yatops_NoBackdoors\Source\Botan\x64\Debug\include\botan\rsa.h(61,14):
  see declaration of 'Botan::RSA_PublicKey::key_length'
  
C:\Users\Usuario\Documents\Yatops_NoBackdoors\Source\Botan\x64\Debug\include\botan\rsa.h(176,4): warning C4250: 'Botan::RSA_PrivateKey': inherits 'Botan::RSA_PublicKey::Botan::RSA_PublicKey::algorithm_identifier' via dominance
  (compiling source file 'GateServer.cpp')
  C:\Users\Usuario\Documents\Yatops_NoBackdoors\Source\Botan\x64\Debug\include\botan\rsa.h(47,27):
  see declaration of 'Botan::RSA_PublicKey::algorithm_identifier'
  
C:\Users\Usuario\Documents\Yatops_NoBackdoors\Source\Botan\x64\Debug\include\botan\rsa.h(176,4): warning C4250: 'Botan::RSA_PrivateKey': inherits 'Botan::RSA_PublicKey::Botan::RSA_PublicKey::public_key_bits' via dominance
  (compiling source file 'GateServer.cpp')
  C:\Users\Usuario\Documents\Yatops_NoBackdoors\Source\Botan\x64\Debug\include\botan\rsa.h(49,28):
  see declaration of 'Botan::RSA_PublicKey::public_key_bits'
  
C:\Users\Usuario\Documents\Yatops_NoBackdoors\Source\Botan\x64\Debug\include\botan\rsa.h(176,4): warning C4250: 'Botan::RSA_PrivateKey': inherits 'Botan::RSA_PublicKey::Botan::RSA_PublicKey::create_encryption_op' via dominance
  (compiling source file 'GateServer.cpp')
  C:\Users\Usuario\Documents\Yatops_NoBackdoors\Source\Botan\x64\Debug\include\botan\rsa.h(68,10):
  see declaration of 'Botan::RSA_PublicKey::create_encryption_op'
  
C:\Users\Usuario\Documents\Yatops_NoBackdoors\Source\Botan\x64\Debug\include\botan\rsa.h(176,4): warning C4250: 'Botan::RSA_PrivateKey': inherits 'Botan::RSA_PublicKey::Botan::RSA_PublicKey::create_kem_encryption_op' via dominance
  (compiling source file 'GateServer.cpp')
  C:\Users\Usuario\Documents\Yatops_NoBackdoors\Source\Botan\x64\Debug\include\botan\rsa.h(73,10):
  see declaration of 'Botan::RSA_PublicKey::create_kem_encryption_op'
  
C:\Users\Usuario\Documents\Yatops_NoBackdoors\Source\Botan\x64\Debug\include\botan\rsa.h(176,4): warning C4250: 'Botan::RSA_PrivateKey': inherits 'Botan::RSA_PublicKey::Botan::RSA_PublicKey::create_verification_op' via dominance
  (compiling source file 'GateServer.cpp')
  C:\Users\Usuario\Documents\Yatops_NoBackdoors\Source\Botan\x64\Debug\include\botan\rsa.h(78,10):
  see declaration of 'Botan::RSA_PublicKey::create_verification_op'
  
  this header is deprecated
  this header will be made internal in the future
  this header is deprecated
  this header is deprecated
  this header will be made internal in the future
C:\Users\Usuario\Documents\Yatops_NoBackdoors\Source\Botan\x64\Debug\include\botan\rsa.h(176,4): warning C4250: 'Botan::RSA_PrivateKey': inherits 'Botan::RSA_PublicKey::Botan::RSA_PublicKey::algo_name' via dominance
  (compiling source file 'ToGameServer.cpp')
  C:\Users\Usuario\Documents\Yatops_NoBackdoors\Source\Botan\x64\Debug\include\botan\rsa.h(43,19):
  see declaration of 'Botan::RSA_PublicKey::algo_name'
  
C:\Users\Usuario\Documents\Yatops_NoBackdoors\Source\Botan\x64\Debug\include\botan\rsa.h(176,4): warning C4250: 'Botan::RSA_PrivateKey': inherits 'Botan::RSA_PublicKey::Botan::RSA_PublicKey::estimated_strength' via dominance
  (compiling source file 'ToGameServer.cpp')
  C:\Users\Usuario\Documents\Yatops_NoBackdoors\Source\Botan\x64\Debug\include\botan\rsa.h(62,14):
  see declaration of 'Botan::RSA_PublicKey::estimated_strength'
  
C:\Users\Usuario\Documents\Yatops_NoBackdoors\Source\Botan\x64\Debug\include\botan\rsa.h(176,4): warning C4250: 'Botan::RSA_PrivateKey': inherits 'Botan::RSA_PublicKey::Botan::RSA_PublicKey::key_length' via dominance
  (compiling source file 'ToGameServer.cpp')
  C:\Users\Usuario\Documents\Yatops_NoBackdoors\Source\Botan\x64\Debug\include\botan\rsa.h(61,14):
  see declaration of 'Botan::RSA_PublicKey::key_length'
  
C:\Users\Usuario\Documents\Yatops_NoBackdoors\Source\Botan\x64\Debug\include\botan\rsa.h(176,4): warning C4250: 'Botan::RSA_PrivateKey': inherits 'Botan::RSA_PublicKey::Botan::RSA_PublicKey::algorithm_identifier' via dominance
  (compiling source file 'ToGameServer.cpp')
  C:\Users\Usuario\Documents\Yatops_NoBackdoors\Source\Botan\x64\Debug\include\botan\rsa.h(47,27):
  see declaration of 'Botan::RSA_PublicKey::algorithm_identifier'
  
C:\Users\Usuario\Documents\Yatops_NoBackdoors\Source\Botan\x64\Debug\include\botan\rsa.h(176,4): warning C4250: 'Botan::RSA_PrivateKey': inherits 'Botan::RSA_PublicKey::Botan::RSA_PublicKey::public_key_bits' via dominance
  (compiling source file 'ToGameServer.cpp')
  C:\Users\Usuario\Documents\Yatops_NoBackdoors\Source\Botan\x64\Debug\include\botan\rsa.h(49,28):
  see declaration of 'Botan::RSA_PublicKey::public_key_bits'
  
C:\Users\Usuario\Documents\Yatops_NoBackdoors\Source\Botan\x64\Debug\include\botan\rsa.h(176,4): warning C4250: 'Botan::RSA_PrivateKey': inherits 'Botan::RSA_PublicKey::Botan::RSA_PublicKey::create_encryption_op' via dominance
  (compiling source file 'ToGameServer.cpp')
  C:\Users\Usuario\Documents\Yatops_NoBackdoors\Source\Botan\x64\Debug\include\botan\rsa.h(68,10):
  see declaration of 'Botan::RSA_PublicKey::create_encryption_op'
  
C:\Users\Usuario\Documents\Yatops_NoBackdoors\Source\Botan\x64\Debug\include\botan\rsa.h(176,4): warning C4250: 'Botan::RSA_PrivateKey': inherits 'Botan::RSA_PublicKey::Botan::RSA_PublicKey::create_kem_encryption_op' via dominance
  (compiling source file 'ToGameServer.cpp')
  C:\Users\Usuario\Documents\Yatops_NoBackdoors\Source\Botan\x64\Debug\include\botan\rsa.h(73,10):
  see declaration of 'Botan::RSA_PublicKey::create_kem_encryption_op'
  
C:\Users\Usuario\Documents\Yatops_NoBackdoors\Source\Botan\x64\Debug\include\botan\rsa.h(176,4): warning C4250: 'Botan::RSA_PrivateKey': inherits 'Botan::RSA_PublicKey::Botan::RSA_PublicKey::create_verification_op' via dominance
  (compiling source file 'ToGameServer.cpp')
  C:\Users\Usuario\Documents\Yatops_NoBackdoors\Source\Botan\x64\Debug\include\botan\rsa.h(78,10):
  see declaration of 'Botan::RSA_PublicKey::create_verification_op'
  
  this header is deprecated
C:\Users\Usuario\Documents\Yatops_NoBackdoors\Source\GateServer\GateServer.cpp(343,42): warning C4244: '=': conversion from 'dbc::LLong' to 'volatile dbc::uLong', possible loss of data
C:\Users\Usuario\Documents\Yatops_NoBackdoors\Source\GateServer\GateServer.cpp(366,42): warning C4244: '=': conversion from 'dbc::LLong' to 'volatile dbc::uLong', possible loss of data
C:\Users\Usuario\Documents\Yatops_NoBackdoors\Source\Botan\x64\Debug\include\botan\rsa.h(176,4): warning C4250: 'Botan::RSA_PrivateKey': inherits 'Botan::RSA_PublicKey::Botan::RSA_PublicKey::algo_name' via dominance
  (compiling source file 'ToClient.cpp')
  C:\Users\Usuario\Documents\Yatops_NoBackdoors\Source\Botan\x64\Debug\include\botan\rsa.h(43,19):
  see declaration of 'Botan::RSA_PublicKey::algo_name'
  
C:\Users\Usuario\Documents\Yatops_NoBackdoors\Source\Botan\x64\Debug\include\botan\rsa.h(176,4): warning C4250: 'Botan::RSA_PrivateKey': inherits 'Botan::RSA_PublicKey::Botan::RSA_PublicKey::estimated_strength' via dominance
  (compiling source file 'ToClient.cpp')
  C:\Users\Usuario\Documents\Yatops_NoBackdoors\Source\Botan\x64\Debug\include\botan\rsa.h(62,14):
  see declaration of 'Botan::RSA_PublicKey::estimated_strength'
  
C:\Users\Usuario\Documents\Yatops_NoBackdoors\Source\Botan\x64\Debug\include\botan\rsa.h(176,4): warning C4250: 'Botan::RSA_PrivateKey': inherits 'Botan::RSA_PublicKey::Botan::RSA_PublicKey::key_length' via dominance
  (compiling source file 'ToClient.cpp')
  C:\Users\Usuario\Documents\Yatops_NoBackdoors\Source\Botan\x64\Debug\include\botan\rsa.h(61,14):
  see declaration of 'Botan::RSA_PublicKey::key_length'
  
C:\Users\Usuario\Documents\Yatops_NoBackdoors\Source\Botan\x64\Debug\include\botan\rsa.h(176,4): warning C4250: 'Botan::RSA_PrivateKey': inherits 'Botan::RSA_PublicKey::Botan::RSA_PublicKey::algorithm_identifier' via dominance
  (compiling source file 'ToClient.cpp')
  C:\Users\Usuario\Documents\Yatops_NoBackdoors\Source\Botan\x64\Debug\include\botan\rsa.h(47,27):
  see declaration of 'Botan::RSA_PublicKey::algorithm_identifier'
  
C:\Users\Usuario\Documents\Yatops_NoBackdoors\Source\Botan\x64\Debug\include\botan\rsa.h(176,4): warning C4250: 'Botan::RSA_PrivateKey': inherits 'Botan::RSA_PublicKey::Botan::RSA_PublicKey::public_key_bits' via dominance
  (compiling source file 'ToClient.cpp')
  C:\Users\Usuario\Documents\Yatops_NoBackdoors\Source\Botan\x64\Debug\include\botan\rsa.h(49,28):
  see declaration of 'Botan::RSA_PublicKey::public_key_bits'
  
C:\Users\Usuario\Documents\Yatops_NoBackdoors\Source\Botan\x64\Debug\include\botan\rsa.h(176,4): warning C4250: 'Botan::RSA_PrivateKey': inherits 'Botan::RSA_PublicKey::Botan::RSA_PublicKey::create_encryption_op' via dominance
  (compiling source file 'ToClient.cpp')
  C:\Users\Usuario\Documents\Yatops_NoBackdoors\Source\Botan\x64\Debug\include\botan\rsa.h(68,10):
  see declaration of 'Botan::RSA_PublicKey::create_encryption_op'
  
C:\Users\Usuario\Documents\Yatops_NoBackdoors\Source\Botan\x64\Debug\include\botan\rsa.h(176,4): warning C4250: 'Botan::RSA_PrivateKey': inherits 'Botan::RSA_PublicKey::Botan::RSA_PublicKey::create_kem_encryption_op' via dominance
  (compiling source file 'ToClient.cpp')
  C:\Users\Usuario\Documents\Yatops_NoBackdoors\Source\Botan\x64\Debug\include\botan\rsa.h(73,10):
  see declaration of 'Botan::RSA_PublicKey::create_kem_encryption_op'
  
C:\Users\Usuario\Documents\Yatops_NoBackdoors\Source\Botan\x64\Debug\include\botan\rsa.h(176,4): warning C4250: 'Botan::RSA_PrivateKey': inherits 'Botan::RSA_PublicKey::Botan::RSA_PublicKey::create_verification_op' via dominance
  (compiling source file 'ToClient.cpp')
  C:\Users\Usuario\Documents\Yatops_NoBackdoors\Source\Botan\x64\Debug\include\botan\rsa.h(78,10):
  see declaration of 'Botan::RSA_PublicKey::create_verification_op'
  
  this header will be made internal in the future
  this header is deprecated
  this header is deprecated
  this header will be made internal in the future
  this header is deprecated
  this header will be made internal in the future
  this header is deprecated
  this header is deprecated
  this header will be made internal in the future
C:\Users\Usuario\Documents\Yatops_NoBackdoors\Source\Botan\x64\Debug\include\botan\rsa.h(176,4): warning C4250: 'Botan::RSA_PrivateKey': inherits 'Botan::RSA_PublicKey::Botan::RSA_PublicKey::algo_name' via dominance
  (compiling source file 'main.cpp')
  C:\Users\Usuario\Documents\Yatops_NoBackdoors\Source\Botan\x64\Debug\include\botan\rsa.h(43,19):
  see declaration of 'Botan::RSA_PublicKey::algo_name'
  
C:\Users\Usuario\Documents\Yatops_NoBackdoors\Source\Botan\x64\Debug\include\botan\rsa.h(176,4): warning C4250: 'Botan::RSA_PrivateKey': inherits 'Botan::RSA_PublicKey::Botan::RSA_PublicKey::estimated_strength' via dominance
  (compiling source file 'main.cpp')
  C:\Users\Usuario\Documents\Yatops_NoBackdoors\Source\Botan\x64\Debug\include\botan\rsa.h(62,14):
  see declaration of 'Botan::RSA_PublicKey::estimated_strength'
  
C:\Users\Usuario\Documents\Yatops_NoBackdoors\Source\Botan\x64\Debug\include\botan\rsa.h(176,4): warning C4250: 'Botan::RSA_PrivateKey': inherits 'Botan::RSA_PublicKey::Botan::RSA_PublicKey::key_length' via dominance
  (compiling source file 'main.cpp')
  C:\Users\Usuario\Documents\Yatops_NoBackdoors\Source\Botan\x64\Debug\include\botan\rsa.h(61,14):
  see declaration of 'Botan::RSA_PublicKey::key_length'
  
C:\Users\Usuario\Documents\Yatops_NoBackdoors\Source\Botan\x64\Debug\include\botan\rsa.h(176,4): warning C4250: 'Botan::RSA_PrivateKey': inherits 'Botan::RSA_PublicKey::Botan::RSA_PublicKey::algorithm_identifier' via dominance
  (compiling source file 'main.cpp')
  C:\Users\Usuario\Documents\Yatops_NoBackdoors\Source\Botan\x64\Debug\include\botan\rsa.h(47,27):
  see declaration of 'Botan::RSA_PublicKey::algorithm_identifier'
  
C:\Users\Usuario\Documents\Yatops_NoBackdoors\Source\Botan\x64\Debug\include\botan\rsa.h(176,4): warning C4250: 'Botan::RSA_PrivateKey': inherits 'Botan::RSA_PublicKey::Botan::RSA_PublicKey::public_key_bits' via dominance
  (compiling source file 'main.cpp')
  C:\Users\Usuario\Documents\Yatops_NoBackdoors\Source\Botan\x64\Debug\include\botan\rsa.h(49,28):
  see declaration of 'Botan::RSA_PublicKey::public_key_bits'
  
C:\Users\Usuario\Documents\Yatops_NoBackdoors\Source\Botan\x64\Debug\include\botan\rsa.h(176,4): warning C4250: 'Botan::RSA_PrivateKey': inherits 'Botan::RSA_PublicKey::Botan::RSA_PublicKey::create_encryption_op' via dominance
  (compiling source file 'main.cpp')
  C:\Users\Usuario\Documents\Yatops_NoBackdoors\Source\Botan\x64\Debug\include\botan\rsa.h(68,10):
  see declaration of 'Botan::RSA_PublicKey::create_encryption_op'
  
C:\Users\Usuario\Documents\Yatops_NoBackdoors\Source\Botan\x64\Debug\include\botan\rsa.h(176,4): warning C4250: 'Botan::RSA_PrivateKey': inherits 'Botan::RSA_PublicKey::Botan::RSA_PublicKey::create_kem_encryption_op' via dominance
  (compiling source file 'main.cpp')
  C:\Users\Usuario\Documents\Yatops_NoBackdoors\Source\Botan\x64\Debug\include\botan\rsa.h(73,10):
  see declaration of 'Botan::RSA_PublicKey::create_kem_encryption_op'
  
C:\Users\Usuario\Documents\Yatops_NoBackdoors\Source\Botan\x64\Debug\include\botan\rsa.h(176,4): warning C4250: 'Botan::RSA_PrivateKey': inherits 'Botan::RSA_PublicKey::Botan::RSA_PublicKey::create_verification_op' via dominance
  (compiling source file 'main.cpp')
  C:\Users\Usuario\Documents\Yatops_NoBackdoors\Source\Botan\x64\Debug\include\botan\rsa.h(78,10):
  see declaration of 'Botan::RSA_PublicKey::create_verification_op'
  
  this header is deprecated
  this header will be made internal in the future
  this header is deprecated
  this header is deprecated
  this header will be made internal in the future
C:\Users\Usuario\Documents\Yatops_NoBackdoors\Source\GateServer\ToClient.cpp(243,72): warning C4267: 'argument': conversion from 'size_t' to 'dbc::uShort', possible loss of data
C:\Users\Usuario\Documents\Yatops_NoBackdoors\Source\GateServer\ToClient.cpp(244,70): warning C4267: 'argument': conversion from 'size_t' to 'dbc::uShort', possible loss of data
C:\Users\Usuario\Documents\Yatops_NoBackdoors\Source\GateServer\ToClient.cpp(455,31): warning C5051: attribute [[fallthrough]] requires at least '/std:c++17'; ignored
C:\Users\Usuario\Documents\Yatops_NoBackdoors\Source\GateServer\ToClient.cpp(469,50): warning C4267: 'argument': conversion from 'size_t' to 'dbc::uShort', possible loss of data
C:\Users\Usuario\Documents\Yatops_NoBackdoors\Source\GateServer\ToClient.cpp(487,50): warning C4267: 'argument': conversion from 'size_t' to 'dbc::uShort', possible loss of data
C:\Users\Usuario\Documents\Yatops_NoBackdoors\Source\GateServer\ToClient.cpp(636,62): warning C4267: 'argument': conversion from 'size_t' to 'dbc::uShort', possible loss of data
C:\Users\Usuario\Documents\Yatops_NoBackdoors\Source\GateServer\ToClient.cpp(1137,61): warning C4267: 'argument': conversion from 'size_t' to 'dbc::uShort', possible loss of data
C:\Users\Usuario\Documents\Yatops_NoBackdoors\Source\GateServer\ToClient.cpp(1195,61): warning C4267: 'argument': conversion from 'size_t' to 'dbc::uShort', possible loss of data
C:\Users\Usuario\Documents\Yatops_NoBackdoors\Source\GateServer\ToClient.cpp(1255,69): warning C4267: 'argument': conversion from 'size_t' to 'dbc::uShort', possible loss of data
C:\Users\Usuario\Documents\Yatops_NoBackdoors\Source\GateServer\ToClient.cpp(1256,69): warning C4267: 'argument': conversion from 'size_t' to 'dbc::uShort', possible loss of data
  ToGroupServer.cpp
C:\Users\Usuario\Documents\Yatops_NoBackdoors\Source\LIBDBC\dstring.h(164,41): warning C4267: 'argument': conversion from 'size_t' to 'dbc::uLong', possible loss of data
  (compiling source file 'ToGroupServer.cpp')
  
C:\Users\Usuario\Documents\Yatops_NoBackdoors\Source\Common\NetCommand.h(265,1): warning C4002: too many arguments for function-like macro invocation 'MESSAGE_DEF'
  (compiling source file 'ToGroupServer.cpp')
  
C:\Users\Usuario\Documents\Yatops_NoBackdoors\Source\Botan\x64\Debug\include\botan\rsa.h(176,4): warning C4250: 'Botan::RSA_PrivateKey': inherits 'Botan::RSA_PublicKey::Botan::RSA_PublicKey::algo_name' via dominance
  (compiling source file 'ToGroupServer.cpp')
  C:\Users\Usuario\Documents\Yatops_NoBackdoors\Source\Botan\x64\Debug\include\botan\rsa.h(43,19):
  see declaration of 'Botan::RSA_PublicKey::algo_name'
  
C:\Users\Usuario\Documents\Yatops_NoBackdoors\Source\Botan\x64\Debug\include\botan\rsa.h(176,4): warning C4250: 'Botan::RSA_PrivateKey': inherits 'Botan::RSA_PublicKey::Botan::RSA_PublicKey::estimated_strength' via dominance
  (compiling source file 'ToGroupServer.cpp')
  C:\Users\Usuario\Documents\Yatops_NoBackdoors\Source\Botan\x64\Debug\include\botan\rsa.h(62,14):
  see declaration of 'Botan::RSA_PublicKey::estimated_strength'
  
C:\Users\Usuario\Documents\Yatops_NoBackdoors\Source\Botan\x64\Debug\include\botan\rsa.h(176,4): warning C4250: 'Botan::RSA_PrivateKey': inherits 'Botan::RSA_PublicKey::Botan::RSA_PublicKey::key_length' via dominance
  (compiling source file 'ToGroupServer.cpp')
  C:\Users\Usuario\Documents\Yatops_NoBackdoors\Source\Botan\x64\Debug\include\botan\rsa.h(61,14):
  see declaration of 'Botan::RSA_PublicKey::key_length'
  
C:\Users\Usuario\Documents\Yatops_NoBackdoors\Source\Botan\x64\Debug\include\botan\rsa.h(176,4): warning C4250: 'Botan::RSA_PrivateKey': inherits 'Botan::RSA_PublicKey::Botan::RSA_PublicKey::algorithm_identifier' via dominance
  (compiling source file 'ToGroupServer.cpp')
  C:\Users\Usuario\Documents\Yatops_NoBackdoors\Source\Botan\x64\Debug\include\botan\rsa.h(47,27):
  see declaration of 'Botan::RSA_PublicKey::algorithm_identifier'
  
C:\Users\Usuario\Documents\Yatops_NoBackdoors\Source\Botan\x64\Debug\include\botan\rsa.h(176,4): warning C4250: 'Botan::RSA_PrivateKey': inherits 'Botan::RSA_PublicKey::Botan::RSA_PublicKey::public_key_bits' via dominance
  (compiling source file 'ToGroupServer.cpp')
  C:\Users\Usuario\Documents\Yatops_NoBackdoors\Source\Botan\x64\Debug\include\botan\rsa.h(49,28):
  see declaration of 'Botan::RSA_PublicKey::public_key_bits'
  
C:\Users\Usuario\Documents\Yatops_NoBackdoors\Source\Botan\x64\Debug\include\botan\rsa.h(176,4): warning C4250: 'Botan::RSA_PrivateKey': inherits 'Botan::RSA_PublicKey::Botan::RSA_PublicKey::create_encryption_op' via dominance
  (compiling source file 'ToGroupServer.cpp')
  C:\Users\Usuario\Documents\Yatops_NoBackdoors\Source\Botan\x64\Debug\include\botan\rsa.h(68,10):
  see declaration of 'Botan::RSA_PublicKey::create_encryption_op'
  
C:\Users\Usuario\Documents\Yatops_NoBackdoors\Source\Botan\x64\Debug\include\botan\rsa.h(176,4): warning C4250: 'Botan::RSA_PrivateKey': inherits 'Botan::RSA_PublicKey::Botan::RSA_PublicKey::create_kem_encryption_op' via dominance
  (compiling source file 'ToGroupServer.cpp')
  C:\Users\Usuario\Documents\Yatops_NoBackdoors\Source\Botan\x64\Debug\include\botan\rsa.h(73,10):
  see declaration of 'Botan::RSA_PublicKey::create_kem_encryption_op'
  
C:\Users\Usuario\Documents\Yatops_NoBackdoors\Source\Botan\x64\Debug\include\botan\rsa.h(176,4): warning C4250: 'Botan::RSA_PrivateKey': inherits 'Botan::RSA_PublicKey::Botan::RSA_PublicKey::create_verification_op' via dominance
  (compiling source file 'ToGroupServer.cpp')
  C:\Users\Usuario\Documents\Yatops_NoBackdoors\Source\Botan\x64\Debug\include\botan\rsa.h(78,10):
  see declaration of 'Botan::RSA_PublicKey::create_verification_op'
  
  this header is deprecated
  this header will be made internal in the future
  this header is deprecated
  this header is deprecated
  this header will be made internal in the future
Utility_x64.lib(licensecc.cpp.obj) : warning LNK4099: PDB '' was not found with 'Utility_x64.lib(licensecc.cpp.obj)' or at ''; linking object as if no debug info
Utility_x64.lib(logger.cpp.obj) : warning LNK4099: PDB '' was not found with 'Utility_x64.lib(logger.cpp.obj)' or at ''; linking object as if no debug info
Utility_x64.lib(string_utils.cpp.obj) : warning LNK4099: PDB '' was not found with 'Utility_x64.lib(string_utils.cpp.obj)' or at ''; linking object as if no debug info
Utility_x64.lib(cpu_info.cpp.obj) : warning LNK4099: PDB '' was not found with 'Utility_x64.lib(cpu_info.cpp.obj)' or at ''; linking object as if no debug info
Utility_x64.lib(execution_environment.cpp.obj) : warning LNK4099: PDB '' was not found with 'Utility_x64.lib(execution_environment.cpp.obj)' or at ''; linking object as if no debug info
Utility_x64.lib(execution_environment_common.cpp.obj) : warning LNK4099: PDB '' was not found with 'Utility_x64.lib(execution_environment_common.cpp.obj)' or at ''; linking object as if no debug info
Utility_x64.lib(hw_identifier_facade.cpp.obj) : warning LNK4099: PDB '' was not found with 'Utility_x64.lib(hw_identifier_facade.cpp.obj)' or at ''; linking object as if no debug info
Utility_x64.lib(EventRegistry.cpp.obj) : warning LNK4099: PDB '' was not found with 'Utility_x64.lib(EventRegistry.cpp.obj)' or at ''; linking object as if no debug info
Utility_x64.lib(LicenseReader.cpp.obj) : warning LNK4099: PDB '' was not found with 'Utility_x64.lib(LicenseReader.cpp.obj)' or at ''; linking object as if no debug info
Utility_x64.lib(license_verifier.cpp.obj) : warning LNK4099: PDB '' was not found with 'Utility_x64.lib(license_verifier.cpp.obj)' or at ''; linking object as if no debug info
Utility_x64.lib(dmi_info.cpp.obj) : warning LNK4099: PDB '' was not found with 'Utility_x64.lib(dmi_info.cpp.obj)' or at ''; linking object as if no debug info
Utility_x64.lib(hw_identifier.cpp.obj) : warning LNK4099: PDB '' was not found with 'Utility_x64.lib(hw_identifier.cpp.obj)' or at ''; linking object as if no debug info
Utility_x64.lib(identification_strategy.cpp.obj) : warning LNK4099: PDB '' was not found with 'Utility_x64.lib(identification_strategy.cpp.obj)' or at ''; linking object as if no debug info
Utility_x64.lib(LocatorFactory.cpp.obj) : warning LNK4099: PDB '' was not found with 'Utility_x64.lib(LocatorFactory.cpp.obj)' or at ''; linking object as if no debug info
Utility_x64.lib(signature_verifier.cpp.obj) : warning LNK4099: PDB '' was not found with 'Utility_x64.lib(signature_verifier.cpp.obj)' or at ''; linking object as if no debug info
Utility_x64.lib(base64.cpp.obj) : warning LNK4099: PDB '' was not found with 'Utility_x64.lib(base64.cpp.obj)' or at ''; linking object as if no debug info
Utility_x64.lib(default_strategy.cpp.obj) : warning LNK4099: PDB '' was not found with 'Utility_x64.lib(default_strategy.cpp.obj)' or at ''; linking object as if no debug info
Utility_x64.lib(ethernet.cpp.obj) : warning LNK4099: PDB '' was not found with 'Utility_x64.lib(ethernet.cpp.obj)' or at ''; linking object as if no debug info
Utility_x64.lib(disk_strategy.cpp.obj) : warning LNK4099: PDB '' was not found with 'Utility_x64.lib(disk_strategy.cpp.obj)' or at ''; linking object as if no debug info
Utility_x64.lib(ApplicationFolder.cpp.obj) : warning LNK4099: PDB '' was not found with 'Utility_x64.lib(ApplicationFolder.cpp.obj)' or at ''; linking object as if no debug info
Utility_x64.lib(EnvironmentVarData.cpp.obj) : warning LNK4099: PDB '' was not found with 'Utility_x64.lib(EnvironmentVarData.cpp.obj)' or at ''; linking object as if no debug info
Utility_x64.lib(EnvironmentVarLocation.cpp.obj) : warning LNK4099: PDB '' was not found with 'Utility_x64.lib(EnvironmentVarLocation.cpp.obj)' or at ''; linking object as if no debug info
Utility_x64.lib(ExternalDefinition.cpp.obj) : warning LNK4099: PDB '' was not found with 'Utility_x64.lib(ExternalDefinition.cpp.obj)' or at ''; linking object as if no debug info
Utility_x64.lib(network.cpp.obj) : warning LNK4099: PDB '' was not found with 'Utility_x64.lib(network.cpp.obj)' or at ''; linking object as if no debug info
Utility_x64.lib(os_win.cpp.obj) : warning LNK4099: PDB '' was not found with 'Utility_x64.lib(os_win.cpp.obj)' or at ''; linking object as if no debug info
Utility_x64.lib(LocatorStrategy.cpp.obj) : warning LNK4099: PDB '' was not found with 'Utility_x64.lib(LocatorStrategy.cpp.obj)' or at ''; linking object as if no debug info
Utility_x64.lib(file_utils.cpp.obj) : warning LNK4099: PDB '' was not found with 'Utility_x64.lib(file_utils.cpp.obj)' or at ''; linking object as if no debug info
  GateServer.vcxproj -> C:\Users\Usuario\Documents\Yatops_NoBackdoors\Server\GateServer_x64_Debug.exe
