[05-18 18:29:25]Conencting to GroupServer...
[05-18 18:29:27]Connecting to GroupServer failed, reconnecting in 5 secs...
[05-18 18:29:32]Conencting to GroupServer...
[05-18 18:29:34]Connecting to GroupServer failed, reconnecting in 5 secs...
[05-18 18:29:39]Conencting to GroupServer...
[05-18 18:29:41]Connecting to GroupServer failed, reconnecting in 5 secs...
[05-18 18:29:46]Conencting to GroupServer...
[05-18 18:29:48]Connecting to GroupServer failed, reconnecting in 5 secs...
[05-18 18:29:53]Conencting to GroupServer...
[05-18 18:29:55]Connecting to GroupServer failed, reconnecting in 5 secs...
[05-18 18:30:00]Conencting to GroupServer...
[05-18 18:30:02]Connecting to GroupServer failed, reconnecting in 5 secs...
[05-18 18:30:07]Conencting to GroupServer...
[05-18 18:30:09]Connecting to GroupServer failed, reconnecting in 5 secs...
[05-18 18:30:14]Conencting to GroupServer...
[05-18 18:30:16]Connecting to GroupServer failed, reconnecting in 5 secs...
[05-18 18:30:21]Conencting to GroupServer...
[05-18 18:30:23]Connecting to GroupServer failed, reconnecting in 5 secs...
[05-18 18:30:28]Conencting to GroupServer...
[05-18 18:30:30]Connecting to GroupServer failed, reconnecting in 5 secs...
[05-18 18:30:33]begin connect database
[05-18 18:30:35]begin init AccountServer connect
[05-18 18:30:35]AccountServer:25.80.52.210,2321come ! Socket num:1
[05-18 18:30:35]begin read GroupServer.cfg
[05-18 18:30:35]begin load ChaNameFilter.txt
[05-18 18:30:35]begin listen port:2322
[05-18 18:30:35]open listen port:2322success, init is ok
[05-18 18:30:35]Conencting to GroupServer...
[05-18 18:30:35]GateServer:25.80.52.210,10550come ! Socket num:2
[05-18 18:30:35]connect GroupServer: 25.80.52.210,Socket num:1
[05-18 18:30:35]GateServer:25.80.52.210,10550TP_LOGIN1
[05-18 18:30:35]GateServer:25.80.52.210,10550TP_LOGIN2
[05-18 18:30:35]GateServer:25.80.52.210,10550TP_LOGIN3
[05-18 18:30:35]Successfully logged into GroupServer!
[05-18 18:33:10]disconnection with GroupServer,Socket num: 0,reason =远程主机强迫关闭了一个现有的连接。, reconnecting...
[05-18 18:33:10]Conencting to GroupServer...
