  UICozeForm.cpp
C:\Users\Usuario\Documents\Yatops_NoBackdoors\Source\Common\NetCommand.h(266,1): warning C4002: muitos argumentos para a invocação de macro de função 'MESSAGE_DEF'
  (compilando o arquivo fonte 'UICozeForm.cpp')
  
C:\Users\Usuario\Documents\Yatops_NoBackdoors\Source\Botan\x86\Release\include\botan\rsa.h(176,4): warning C4250: 'Botan::RSA_PrivateKey': herda 'Botan::RSA_PublicKey::Botan::RSA_PublicKey::algo_name' via domínio
  (compilando o arquivo fonte 'UICozeForm.cpp')
  C:\Users\Usuario\Documents\Yatops_NoBackdoors\Source\Botan\x86\Release\include\botan\rsa.h(43,19):
  consulte a declaração de 'Botan::RSA_PublicKey::algo_name'
  
C:\Users\Usuario\Documents\Yatops_NoBackdoors\Source\Botan\x86\Release\include\botan\rsa.h(176,4): warning C4250: 'Botan::RSA_PrivateKey': herda 'Botan::RSA_PublicKey::Botan::RSA_PublicKey::estimated_strength' via domínio
  (compilando o arquivo fonte 'UICozeForm.cpp')
  C:\Users\Usuario\Documents\Yatops_NoBackdoors\Source\Botan\x86\Release\include\botan\rsa.h(62,14):
  consulte a declaração de 'Botan::RSA_PublicKey::estimated_strength'
  
C:\Users\Usuario\Documents\Yatops_NoBackdoors\Source\Botan\x86\Release\include\botan\rsa.h(176,4): warning C4250: 'Botan::RSA_PrivateKey': herda 'Botan::RSA_PublicKey::Botan::RSA_PublicKey::key_length' via domínio
  (compilando o arquivo fonte 'UICozeForm.cpp')
  C:\Users\Usuario\Documents\Yatops_NoBackdoors\Source\Botan\x86\Release\include\botan\rsa.h(61,14):
  consulte a declaração de 'Botan::RSA_PublicKey::key_length'
  
C:\Users\Usuario\Documents\Yatops_NoBackdoors\Source\Botan\x86\Release\include\botan\rsa.h(176,4): warning C4250: 'Botan::RSA_PrivateKey': herda 'Botan::RSA_PublicKey::Botan::RSA_PublicKey::algorithm_identifier' via domínio
  (compilando o arquivo fonte 'UICozeForm.cpp')
  C:\Users\Usuario\Documents\Yatops_NoBackdoors\Source\Botan\x86\Release\include\botan\rsa.h(47,27):
  consulte a declaração de 'Botan::RSA_PublicKey::algorithm_identifier'
  
C:\Users\Usuario\Documents\Yatops_NoBackdoors\Source\Botan\x86\Release\include\botan\rsa.h(176,4): warning C4250: 'Botan::RSA_PrivateKey': herda 'Botan::RSA_PublicKey::Botan::RSA_PublicKey::public_key_bits' via domínio
  (compilando o arquivo fonte 'UICozeForm.cpp')
  C:\Users\Usuario\Documents\Yatops_NoBackdoors\Source\Botan\x86\Release\include\botan\rsa.h(49,28):
  consulte a declaração de 'Botan::RSA_PublicKey::public_key_bits'
  
C:\Users\Usuario\Documents\Yatops_NoBackdoors\Source\Botan\x86\Release\include\botan\rsa.h(176,4): warning C4250: 'Botan::RSA_PrivateKey': herda 'Botan::RSA_PublicKey::Botan::RSA_PublicKey::create_encryption_op' via domínio
  (compilando o arquivo fonte 'UICozeForm.cpp')
  C:\Users\Usuario\Documents\Yatops_NoBackdoors\Source\Botan\x86\Release\include\botan\rsa.h(68,10):
  consulte a declaração de 'Botan::RSA_PublicKey::create_encryption_op'
  
C:\Users\Usuario\Documents\Yatops_NoBackdoors\Source\Botan\x86\Release\include\botan\rsa.h(176,4): warning C4250: 'Botan::RSA_PrivateKey': herda 'Botan::RSA_PublicKey::Botan::RSA_PublicKey::create_kem_encryption_op' via domínio
  (compilando o arquivo fonte 'UICozeForm.cpp')
  C:\Users\Usuario\Documents\Yatops_NoBackdoors\Source\Botan\x86\Release\include\botan\rsa.h(73,10):
  consulte a declaração de 'Botan::RSA_PublicKey::create_kem_encryption_op'
  
C:\Users\Usuario\Documents\Yatops_NoBackdoors\Source\Botan\x86\Release\include\botan\rsa.h(176,4): warning C4250: 'Botan::RSA_PrivateKey': herda 'Botan::RSA_PublicKey::Botan::RSA_PublicKey::create_verification_op' via domínio
  (compilando o arquivo fonte 'UICozeForm.cpp')
  C:\Users\Usuario\Documents\Yatops_NoBackdoors\Source\Botan\x86\Release\include\botan\rsa.h(78,10):
  consulte a declaração de 'Botan::RSA_PublicKey::create_verification_op'
  
  this header is deprecated
  this header will be made internal in the future
  this header is deprecated
  this header is deprecated
  this header will be made internal in the future
LINK : warning LNK4098: defaultlib 'LIBCMT' conflita com uso de outras bibliotecas; use /NODEFAULTLIB:library
  Gerando código
  961 of 16152 functions ( 5.9%) were compiled, the rest were copied from previous compilation.
    1 functions were new in current compilation
    75 functions had inline decision re-evaluated but remain unchanged
  Finalizada a geração de código
  Client.vcxproj -> C:\Users\Usuario\Documents\Yatops_NoBackdoors\Client\system\Client_x86_Release.exe
