c:\users\usuario\documents\yatops_nobackdoors\source\client\release\vc143.pdb
c:\users\usuario\documents\yatops_nobackdoors\source\client\release\uichat.obj
c:\users\usuario\documents\yatops_nobackdoors\source\client\release\appscript.obj
c:\users\usuario\documents\yatops_nobackdoors\source\client\release\cameractrl.obj
c:\users\usuario\documents\yatops_nobackdoors\source\client\release\chascript.obj
c:\users\usuario\documents\yatops_nobackdoors\source\client\release\crcircle.obj
c:\users\usuario\documents\yatops_nobackdoors\source\client\release\d3des.obj
c:\users\usuario\documents\yatops_nobackdoors\source\client\release\dsoundmanager.obj
c:\users\usuario\documents\yatops_nobackdoors\source\client\release\findpath.obj
c:\users\usuario\documents\yatops_nobackdoors\source\client\release\gameappinterface.obj
c:\users\usuario\documents\yatops_nobackdoors\source\client\release\gameconfig.obj
c:\users\usuario\documents\yatops_nobackdoors\source\client\release\gamewg.obj
c:\users\usuario\documents\yatops_nobackdoors\source\client\release\guildlistdata.obj
c:\users\usuario\documents\yatops_nobackdoors\source\client\release\guildmembersmgr.obj
c:\users\usuario\documents\yatops_nobackdoors\source\client\release\isskilluse.obj
c:\users\usuario\documents\yatops_nobackdoors\source\client\release\loginscene.obj
c:\users\usuario\documents\yatops_nobackdoors\source\client\release\mpeditor.obj
c:\users\usuario\documents\yatops_nobackdoors\source\client\release\netpkchat.obj
c:\users\usuario\documents\yatops_nobackdoors\source\client\release\packetcmd_cs.obj
c:\users\usuario\documents\yatops_nobackdoors\source\client\release\procirculatecs.obj
c:\users\usuario\documents\yatops_nobackdoors\source\client\release\scenearea.obj
c:\users\usuario\documents\yatops_nobackdoors\source\client\release\sceneitem.obj
c:\users\usuario\documents\yatops_nobackdoors\source\client\release\sceneobj.obj
c:\users\usuario\documents\yatops_nobackdoors\source\client\release\scenesign.obj
c:\users\usuario\documents\yatops_nobackdoors\source\client\release\smallmap.obj
c:\users\usuario\documents\yatops_nobackdoors\source\client\release\steadyframe.obj
c:\users\usuario\documents\yatops_nobackdoors\source\client\release\stpose.obj
c:\users\usuario\documents\yatops_nobackdoors\source\client\release\teaminviteformmgr.obj
c:\users\usuario\documents\yatops_nobackdoors\source\client\release\tools.obj
c:\users\usuario\documents\yatops_nobackdoors\source\client\release\uibakghostform.obj
c:\users\usuario\documents\yatops_nobackdoors\source\client\release\uibourseform.obj
c:\users\usuario\documents\yatops_nobackdoors\source\client\release\uicheckbox.obj
c:\users\usuario\documents\yatops_nobackdoors\source\client\release\uichurchchallenge.obj
c:\users\usuario\documents\yatops_nobackdoors\source\client\release\uicomposeform.obj
c:\users\usuario\documents\yatops_nobackdoors\source\client\release\uidoublepwdform.obj
c:\users\usuario\documents\yatops_nobackdoors\source\client\release\uieditstrategy.obj
c:\users\usuario\documents\yatops_nobackdoors\source\client\release\uifindteamform.obj
c:\users\usuario\documents\yatops_nobackdoors\source\client\release\uiform.obj
c:\users\usuario\documents\yatops_nobackdoors\source\client\release\uiglobalvar.obj
c:\users\usuario\documents\yatops_nobackdoors\source\client\release\uiguildchallengeform.obj
c:\users\usuario\documents\yatops_nobackdoors\source\client\release\uiheadsay.obj
c:\users\usuario\documents\yatops_nobackdoors\source\client\release\uiitemcommand.obj
c:\users\usuario\documents\yatops_nobackdoors\source\client\release\uilistview.obj
c:\users\usuario\documents\yatops_nobackdoors\source\client\release\uimenu.obj
c:\users\usuario\documents\yatops_nobackdoors\source\client\release\uinpctalkform.obj
c:\users\usuario\documents\yatops_nobackdoors\source\client\release\uipiclist.obj
c:\users\usuario\documents\yatops_nobackdoors\source\client\release\uipksilverform.obj
c:\users\usuario\documents\yatops_nobackdoors\source\client\release\uirichedit.obj
c:\users\usuario\documents\yatops_nobackdoors\source\client\release\uirumdealform.obj
c:\users\usuario\documents\yatops_nobackdoors\source\client\release\uiscript.obj
c:\users\usuario\documents\yatops_nobackdoors\source\client\release\uistartform.obj
c:\users\usuario\documents\yatops_nobackdoors\source\client\release\uiteam.obj
c:\users\usuario\documents\yatops_nobackdoors\source\client\release\uitreeview.obj
c:\users\usuario\documents\yatops_nobackdoors\source\client\release\wequ.obj
c:\users\usuario\documents\yatops_nobackdoors\source\client\release\wwave.obj
c:\users\usuario\documents\yatops_nobackdoors\source\client\release\audiothread.obj
c:\users\usuario\documents\yatops_nobackdoors\source\client\release\autoattack.obj
c:\users\usuario\documents\yatops_nobackdoors\source\client\release\characteraction.obj
c:\users\usuario\documents\yatops_nobackdoors\source\client\release\chastate.obj
c:\users\usuario\documents\yatops_nobackdoors\source\client\release\crcursorobj.obj
c:\users\usuario\documents\yatops_nobackdoors\source\client\release\drawpointlist.obj
c:\users\usuario\documents\yatops_nobackdoors\source\client\release\event.obj
c:\users\usuario\documents\yatops_nobackdoors\source\client\release\gameappinit.obj
c:\users\usuario\documents\yatops_nobackdoors\source\client\release\gameapprender.obj
c:\users\usuario\documents\yatops_nobackdoors\source\client\release\gameloading.obj
c:\users\usuario\documents\yatops_nobackdoors\source\client\release\guilddata.obj
c:\users\usuario\documents\yatops_nobackdoors\source\client\release\guildmemberdata.obj
c:\users\usuario\documents\yatops_nobackdoors\source\client\release\hmmanage.obj
c:\users\usuario\documents\yatops_nobackdoors\source\client\release\itemlitanim.obj
c:\users\usuario\documents\yatops_nobackdoors\source\client\release\main.obj
c:\users\usuario\documents\yatops_nobackdoors\source\client\release\netchat.obj
c:\users\usuario\documents\yatops_nobackdoors\source\client\release\netpkguild.obj
c:\users\usuario\documents\yatops_nobackdoors\source\client\release\packetcmd_sc.obj
c:\users\usuario\documents\yatops_nobackdoors\source\client\release\recruitmembersmgr.obj
c:\users\usuario\documents\yatops_nobackdoors\source\client\release\scenecreatenode.obj
c:\users\usuario\documents\yatops_nobackdoors\source\client\release\scenelight.obj
c:\users\usuario\documents\yatops_nobackdoors\source\client\release\sceneobjfile.obj
c:\users\usuario\documents\yatops_nobackdoors\source\client\release\script.obj
c:\users\usuario\documents\yatops_nobackdoors\source\client\release\soundcommon.obj
c:\users\usuario\documents\yatops_nobackdoors\source\client\release\stdafx.obj
c:\users\usuario\documents\yatops_nobackdoors\source\client\release\stmove.obj
c:\users\usuario\documents\yatops_nobackdoors\source\client\release\stseat.obj
c:\users\usuario\documents\yatops_nobackdoors\source\client\release\threadbase.obj
c:\users\usuario\documents\yatops_nobackdoors\source\client\release\uiallbuttonform.obj
c:\users\usuario\documents\yatops_nobackdoors\source\client\release\uiboothform.obj
c:\users\usuario\documents\yatops_nobackdoors\source\client\release\uicommand.obj
c:\users\usuario\documents\yatops_nobackdoors\source\client\release\uicookingform.obj
c:\users\usuario\documents\yatops_nobackdoors\source\client\release\uidragtitle.obj
c:\users\usuario\documents\yatops_nobackdoors\source\client\release\uieditkey.obj
c:\users\usuario\documents\yatops_nobackdoors\source\client\release\uifastcommand.obj
c:\users\usuario\documents\yatops_nobackdoors\source\client\release\uiforgeform.obj
c:\users\usuario\documents\yatops_nobackdoors\source\client\release\uifoundform.obj
c:\users\usuario\documents\yatops_nobackdoors\source\client\release\uiguildapply.obj
c:\users\usuario\documents\yatops_nobackdoors\source\client\release\uihaircutform.obj
c:\users\usuario\documents\yatops_nobackdoors\source\client\release\uiimeinput.obj
c:\users\usuario\documents\yatops_nobackdoors\source\client\release\uijewelryupform.obj
c:\users\usuario\documents\yatops_nobackdoors\source\client\release\uimailform.obj
c:\users\usuario\documents\yatops_nobackdoors\source\client\release\uiminimapform.obj
c:\users\usuario\documents\yatops_nobackdoors\source\client\release\uinpctradeform.obj
c:\users\usuario\documents\yatops_nobackdoors\source\client\release\uipkdialog.obj
c:\users\usuario\documents\yatops_nobackdoors\source\client\release\uirumbuyform.obj
c:\users\usuario\documents\yatops_nobackdoors\source\client\release\uirumsaleform.obj
c:\users\usuario\documents\yatops_nobackdoors\source\client\release\uiskillcommand.obj
c:\users\usuario\documents\yatops_nobackdoors\source\client\release\uistateform.obj
c:\users\usuario\documents\yatops_nobackdoors\source\client\release\uitextbutton.obj
c:\users\usuario\documents\yatops_nobackdoors\source\client\release\uititle.obj
c:\users\usuario\documents\yatops_nobackdoors\source\client\release\webbrowser.obj
c:\users\usuario\documents\yatops_nobackdoors\source\client\release\worldscene.obj
c:\users\usuario\documents\yatops_nobackdoors\source\client\release\arctrack.obj
c:\users\usuario\documents\yatops_nobackdoors\source\client\release\bassloader.obj
c:\users\usuario\documents\yatops_nobackdoors\source\client\release\character.obj
c:\users\usuario\documents\yatops_nobackdoors\source\client\release\connection.obj
c:\users\usuario\documents\yatops_nobackdoors\source\client\release\createchascene.obj
c:\users\usuario\documents\yatops_nobackdoors\source\client\release\effdelay.obj
c:\users\usuario\documents\yatops_nobackdoors\source\client\release\frndinviteformmgr.obj
c:\users\usuario\documents\yatops_nobackdoors\source\client\release\gameappmsg.obj
c:\users\usuario\documents\yatops_nobackdoors\source\client\release\gameerrorreport.obj
c:\users\usuario\documents\yatops_nobackdoors\source\client\release\globalvar.obj
c:\users\usuario\documents\yatops_nobackdoors\source\client\release\guildlistmgr.obj
c:\users\usuario\documents\yatops_nobackdoors\source\client\release\hmattack.obj
c:\users\usuario\documents\yatops_nobackdoors\source\client\release\itemlit.obj
c:\users\usuario\documents\yatops_nobackdoors\source\client\release\lua_platform.obj
c:\users\usuario\documents\yatops_nobackdoors\source\client\release\musicthread.obj
c:\users\usuario\documents\yatops_nobackdoors\source\client\release\netif.obj
c:\users\usuario\documents\yatops_nobackdoors\source\client\release\npchelper.obj
c:\users\usuario\documents\yatops_nobackdoors\source\client\release\packfile.obj
c:\users\usuario\documents\yatops_nobackdoors\source\client\release\recruitmemberdata.obj
c:\users\usuario\documents\yatops_nobackdoors\source\client\release\scene.obj
c:\users\usuario\documents\yatops_nobackdoors\source\client\release\scenemsg.obj
c:\users\usuario\documents\yatops_nobackdoors\source\client\release\scenerender.obj
c:\users\usuario\documents\yatops_nobackdoors\source\client\release\selectchascene.obj
c:\users\usuario\documents\yatops_nobackdoors\source\client\release\state_reading.obj
c:\users\usuario\documents\yatops_nobackdoors\source\client\release\stnpctalk.obj
c:\users\usuario\documents\yatops_nobackdoors\source\client\release\ststateobj.obj
c:\users\usuario\documents\yatops_nobackdoors\source\client\release\testdemo.obj
c:\users\usuario\documents\yatops_nobackdoors\source\client\release\uiboatform.obj
c:\users\usuario\documents\yatops_nobackdoors\source\client\release\uiboxform.obj
c:\users\usuario\documents\yatops_nobackdoors\source\client\release\uichainfo.obj
c:\users\usuario\documents\yatops_nobackdoors\source\client\release\uicombo.obj
c:\users\usuario\documents\yatops_nobackdoors\source\client\release\uicompent.obj
c:\users\usuario\documents\yatops_nobackdoors\source\client\release\uicursor.obj
c:\users\usuario\documents\yatops_nobackdoors\source\client\release\uiedit.obj
c:\users\usuario\documents\yatops_nobackdoors\source\client\release\uieditor.obj
c:\users\usuario\documents\yatops_nobackdoors\source\client\release\uifont.obj
c:\users\usuario\documents\yatops_nobackdoors\source\client\release\uiformmgr.obj
c:\users\usuario\documents\yatops_nobackdoors\source\client\release\uigraph.obj
c:\users\usuario\documents\yatops_nobackdoors\source\client\release\uiguidata.obj
c:\users\usuario\documents\yatops_nobackdoors\source\client\release\uiguildlist.obj
c:\users\usuario\documents\yatops_nobackdoors\source\client\release\uihelpinfoform.obj
c:\users\usuario\documents\yatops_nobackdoors\source\client\release\uiitemreform.obj
c:\users\usuario\documents\yatops_nobackdoors\source\client\release\uilist.obj
c:\users\usuario\documents\yatops_nobackdoors\source\client\release\uimemo.obj
c:\users\usuario\documents\yatops_nobackdoors\source\client\release\uimissionform.obj
c:\users\usuario\documents\yatops_nobackdoors\source\client\release\uinumanswer.obj
c:\users\usuario\documents\yatops_nobackdoors\source\client\release\uiprogressbar.obj
c:\users\usuario\documents\yatops_nobackdoors\source\client\release\uirender.obj
c:\users\usuario\documents\yatops_nobackdoors\source\client\release\uirumgetform.obj
c:\users\usuario\documents\yatops_nobackdoors\source\client\release\uirumsellform.obj
c:\users\usuario\documents\yatops_nobackdoors\source\client\release\uispiritform.obj
c:\users\usuario\documents\yatops_nobackdoors\source\client\release\uisystemform.obj
c:\users\usuario\documents\yatops_nobackdoors\source\client\release\uitradeform.obj
c:\users\usuario\documents\yatops_nobackdoors\source\client\release\wmp3.obj
c:\users\usuario\documents\yatops_nobackdoors\source\client\release\actor.obj
c:\users\usuario\documents\yatops_nobackdoors\source\client\release\bassmusicinterface.obj
c:\users\usuario\documents\yatops_nobackdoors\source\client\release\charactermodel.obj
c:\users\usuario\documents\yatops_nobackdoors\source\client\release\chatrecord.obj
c:\users\usuario\documents\yatops_nobackdoors\source\client\release\crcursor.obj
c:\users\usuario\documents\yatops_nobackdoors\source\client\release\dsoundinstance.obj
c:\users\usuario\documents\yatops_nobackdoors\source\client\release\effectobj.obj
c:\users\usuario\documents\yatops_nobackdoors\source\client\release\gameappframemove.obj
c:\users\usuario\documents\yatops_nobackdoors\source\client\release\gameappnet.obj
c:\users\usuario\documents\yatops_nobackdoors\source\client\release\gamemovie.obj
c:\users\usuario\documents\yatops_nobackdoors\source\client\release\guildinviteformmgr.obj
c:\users\usuario\documents\yatops_nobackdoors\source\client\release\hairtool.obj
c:\users\usuario\documents\yatops_nobackdoors\source\client\release\hmsynchroobj.obj
c:\users\usuario\documents\yatops_nobackdoors\source\client\release\litload.obj
c:\users\usuario\documents\yatops_nobackdoors\source\client\release\mousedown.obj
c:\users\usuario\documents\yatops_nobackdoors\source\client\release\netguild.obj
c:\users\usuario\documents\yatops_nobackdoors\source\client\release\netprotocol.obj
c:\users\usuario\documents\yatops_nobackdoors\source\client\release\procirculatecc.obj
c:\users\usuario\documents\yatops_nobackdoors\source\client\release\renderstatemgr.obj
c:\users\usuario\documents\yatops_nobackdoors\source\client\release\sceneframemove.obj
c:\users\usuario\documents\yatops_nobackdoors\source\client\release\scenenode.obj
c:\users\usuario\documents\yatops_nobackdoors\source\client\release\scenescript.obj
c:\users\usuario\documents\yatops_nobackdoors\source\client\release\shipfactory.obj
c:\users\usuario\documents\yatops_nobackdoors\source\client\release\stattack.obj
c:\users\usuario\documents\yatops_nobackdoors\source\client\release\streadydie.obj
c:\users\usuario\documents\yatops_nobackdoors\source\client\release\talksessionformmgr.obj
c:\users\usuario\documents\yatops_nobackdoors\source\client\release\ui3dcompent.obj
c:\users\usuario\documents\yatops_nobackdoors\source\client\release\uibankform.obj
c:\users\usuario\documents\yatops_nobackdoors\source\client\release\uibreakform.obj
c:\users\usuario\documents\yatops_nobackdoors\source\client\release\uicheckboxitem.obj
c:\users\usuario\documents\yatops_nobackdoors\source\client\release\uicloneform.obj
c:\users\usuario\documents\yatops_nobackdoors\source\client\release\uicommandcompent.obj
c:\users\usuario\documents\yatops_nobackdoors\source\client\release\uicozeform.obj
c:\users\usuario\documents\yatops_nobackdoors\source\client\release\uieditdata.obj
c:\users\usuario\documents\yatops_nobackdoors\source\client\release\uiequipform.obj
c:\users\usuario\documents\yatops_nobackdoors\source\client\release\uiforgemoveform.obj
c:\users\usuario\documents\yatops_nobackdoors\source\client\release\uigoodsgrid.obj
c:\users\usuario\documents\yatops_nobackdoors\source\client\release\uigrid.obj
c:\users\usuario\documents\yatops_nobackdoors\source\client\release\uiguildmgr.obj
c:\users\usuario\documents\yatops_nobackdoors\source\client\release\uiimage.obj
c:\users\usuario\documents\yatops_nobackdoors\source\client\release\uiitem.obj
c:\users\usuario\documents\yatops_nobackdoors\source\client\release\uilabel.obj
c:\users\usuario\documents\yatops_nobackdoors\source\client\release\uimakeequipform.obj
c:\users\usuario\documents\yatops_nobackdoors\source\client\release\uimislogform.obj
c:\users\usuario\documents\yatops_nobackdoors\source\client\release\uipage.obj
c:\users\usuario\documents\yatops_nobackdoors\source\client\release\uipicture.obj
c:\users\usuario\documents\yatops_nobackdoors\source\client\release\uipurifyform.obj
c:\users\usuario\documents\yatops_nobackdoors\source\client\release\uirumpurform.obj
c:\users\usuario\documents\yatops_nobackdoors\source\client\release\uiscroll.obj
c:\users\usuario\documents\yatops_nobackdoors\source\client\release\uiskilllist.obj
c:\users\usuario\documents\yatops_nobackdoors\source\client\release\uistoreform.obj
c:\users\usuario\documents\yatops_nobackdoors\source\client\release\uitextparse.obj
c:\users\usuario\documents\yatops_nobackdoors\source\client\release\uiwebbrowser.obj
c:\users\usuario\documents\yatops_nobackdoors\source\client\release\wmp3decoder.obj
c:\users\usuario\documents\yatops_nobackdoors\client\system\client_x86_release.exe
c:\users\usuario\documents\yatops_nobackdoors\source\client\release\client_x86_release.ipdb
c:\users\usuario\documents\yatops_nobackdoors\source\client\release\client_x86_release.iobj
c:\users\usuario\documents\yatops_nobackdoors\client\system\client_x86_release.pdb
c:\users\usuario\documents\yatops_nobackdoors\source\client\release\kop.res
c:\users\usuario\documents\yatops_nobackdoors\source\client\..\..\client\system\client_x86_release.pdb
c:\users\usuario\documents\yatops_nobackdoors\source\client\release\client.tlog\cl.command.1.tlog
c:\users\usuario\documents\yatops_nobackdoors\source\client\release\client.tlog\cl.items.tlog
c:\users\usuario\documents\yatops_nobackdoors\source\client\release\client.tlog\cl.read.1.tlog
c:\users\usuario\documents\yatops_nobackdoors\source\client\release\client.tlog\cl.write.1.tlog
c:\users\usuario\documents\yatops_nobackdoors\source\client\release\client.tlog\link.command.1.tlog
c:\users\usuario\documents\yatops_nobackdoors\source\client\release\client.tlog\link.read.1.tlog
c:\users\usuario\documents\yatops_nobackdoors\source\client\release\client.tlog\link.write.1.tlog
c:\users\usuario\documents\yatops_nobackdoors\source\client\release\client.tlog\rc.command.1.tlog
c:\users\usuario\documents\yatops_nobackdoors\source\client\release\client.tlog\rc.read.1.tlog
c:\users\usuario\documents\yatops_nobackdoors\source\client\release\client.tlog\rc.write.1.tlog
