[08-14 01:34:12]Add LG [iteminfoerror]
[08-14 01:34:15]Add LG [npcinfo]
[08-14 01:34:15]Add LG [boat_init]
[08-14 01:34:15]Add LG [packbag_init]
[08-14 01:34:15]Add LG [boatlevel_init]
[08-14 01:34:15]Add LG [PfTable]
[08-14 01:34:15]Add LG [missionIDLOG]
[08-14 01:34:16]Add LG [randmission_prize_error]
[08-14 01:34:17]Add LG [npcinit]
[08-14 01:34:17]Add LG [initmap]
[08-14 01:34:18]Add LG [Common]
[08-14 01:34:19]Add LG [spawn_mum_darkblue]
[08-14 01:34:20]Add LG [missioninit]
[08-14 01:34:20]Add LG [npcinit_trade]
[08-14 01:34:21]Add LG [entity_init]
[08-14 01:34:21]Add LG [weather]
[08-14 01:34:21]Add LG [create_cha]
[08-14 01:34:21]Add LG [help]
[08-14 01:34:21]Add LG [map_entrance_flow]
[08-14 01:34:21]Add LG [spawn_mum_winterland]
[08-14 01:34:22]Add LG [Cha_born_error]
[08-14 01:34:22]Add LG [lua_ai]
[08-14 01:34:23]Add LG [Connect]
[08-14 01:34:23]Add LG [Store_data]
[08-14 01:34:23]Add LG [EntityNum]
[08-14 01:34:23]Add LG [GameRunTime]
[08-14 01:34:23]Add LG [GameLogin]
[08-14 01:34:26]Add LG [WorldNotice]
[08-14 01:34:27]Add LG [lua_err]
