[08-14 01:34:20]Set quest [1]: [6251]: [Make a new Torch] 
[08-14 01:34:20]Set quest [2]: [6252]: [Make a new Torch] 
[08-14 01:34:20]Set quest [3]: [6253]: [Ignite Sacred Flame] 
[08-14 01:34:20]Set quest [4]: [723]: [Blacksmith's Greetings] 
[08-14 01:34:20]Set quest [5]: [1041]: [A Swordsman's Life] 
[08-14 01:34:20]Set quest [6]: [1093]: [A Hunter's Life] 
[08-14 01:34:20]Set quest [7]: [1152]: [Doctor Class Quest] 
[08-14 01:34:20]Set quest [8]: [1204]: [An Explorer's Life] 
[08-14 01:34:20]Set quest [9]: [1233]: [Commerce Quest] 
[08-14 01:34:20]Set quest [1]: [1052]: [A Swordsman's Life] 
[08-14 01:34:20]Set quest [2]: [1106]: [A Hunter's Life] 
[08-14 01:34:20]Set quest [3]: [1162]: [Doctor Class Quest] 
[08-14 01:34:20]Set quest [4]: [1214]: [An Explorer's Life] 
[08-14 01:34:20]Set quest [5]: [181]: [Letter for Palpin] 
[08-14 01:34:20]Set quest [6]: [182]: [Bangle Collection] 
[08-14 01:34:20]Set quest [7]: [183]: [Letter for Yaskey] 
[08-14 01:34:20]Set quest [8]: [1234]: [Commerce Quest] 
[08-14 01:34:20]Set quest [9]: [6750]: [Search for Grocer] 
[08-14 01:34:20]Set quest [10]: [6751]: [Preparing for Adventure] 
[08-14 01:34:20]Set quest [11]: [6752]: [Leaving the city] 
[08-14 01:34:20]Set quest [1]: [727]: [Physician's Greetings] 
[08-14 01:34:20]Set quest [2]: [1047]: [A Swordsman's Life] 
[08-14 01:34:20]Set quest [3]: [1101]: [A Hunter's Life] 
[08-14 01:34:20]Set quest [4]: [1158]: [Doctor Class Quest] 
[08-14 01:34:20]Set quest [5]: [1209]: [An Explorer's Life] 
[08-14 01:34:20]Set quest [6]: [1235]: [Commerce Quest] 
[08-14 01:34:20]Set quest [7]: [5067]: [Unravel the dream of Daisha] 
[08-14 01:34:20]Set quest [8]: [593]: [Retrospection] 
[08-14 01:34:20]Set quest [9]: [594]: [Daisha's Nightmare] 
[08-14 01:34:20]Set quest [10]: [596]: [Belinda's nightmare] 
[08-14 01:34:20]Set quest [1]: [1018]: [A Swordsman's Life] 
[08-14 01:34:20]Set quest [2]: [1073]: [A Hunter's Life] 
[08-14 01:34:20]Set quest [3]: [1128]: [Doctor Class Quest] 
[08-14 01:34:20]Set quest [4]: [1181]: [An Explorer's Life] 
[08-14 01:34:20]Set quest [5]: [1236]: [Commerce Quest] 
[08-14 01:34:20]Set quest [1]: [721]: [Welcome] 
[08-14 01:34:20]Set quest [2]: [722]: [Blacksmith's Greetings] 
[08-14 01:34:20]Set quest [3]: [724]: [Three Newbie Test] 
[08-14 01:34:20]Set quest [4]: [726]: [Physician's Greetings] 
[08-14 01:34:20]Set quest [5]: [728]: [Battle training] 
[08-14 01:34:20]Set quest [6]: [201]: [Secretary Message] 
[08-14 01:34:20]Set quest [7]: [406]: [To the Desert!] 
[08-14 01:34:20]Set quest [8]: [162]: [Letter for Little Mo] 
[08-14 01:34:20]Set quest [9]: [163]: [Letter for Palpin] 
[08-14 01:34:20]Set quest [10]: [173]: [Send a letter to Angela] 
[08-14 01:34:20]Set quest [11]: [190]: [Send a letter to Angela] 
[08-14 01:34:20]Set quest [12]: [410]: [Stir of the Tundra] 
[08-14 01:34:20]Set quest [13]: [6758]: [Turning point] 
[08-14 01:34:20]Set quest [1]: [101]: [A Hunter's Life] 
[08-14 01:34:20]Set quest [2]: [251]: [Journey to the North] 
[08-14 01:34:20]Set quest [3]: [252]: [Danger in Icicle] 
[08-14 01:34:20]Set quest [4]: [260]: [Escort the Supplies] 
[08-14 01:34:20]Set quest [5]: [261]: [Further Investigation] 
[08-14 01:34:20]Set quest [6]: [757]: [Sharpshooter Range] 
[08-14 01:34:20]Set quest [7]: [167]: [Letter for Ray] 
[08-14 01:34:20]Set quest [8]: [168]: [There's never too much] 
[08-14 01:34:20]Set quest [9]: [169]: [Letter for Hannah] 
[08-14 01:34:20]Set quest [10]: [174]: [Hunter Promotion] 
[08-14 01:34:20]Set quest [11]: [176]: [Hunter Promotion] 
[08-14 01:34:20]Set quest [12]: [180]: [Hunter Promotion] 
[08-14 01:34:20]Set quest [13]: [523]: [Feather of the Bird] 
[08-14 01:34:20]Set quest [14]: [1237]: [Commerce Quest] 
[08-14 01:34:20]Set quest [15]: [5057]: [Sang Di's guidance] 
[08-14 01:34:20]Set quest [16]: [5061]: [Ray's suggestion] 
[08-14 01:34:20]Set quest [17]: [5069]: [Story of the Enlightened One] 
[08-14 01:34:20]Set quest [18]: [5168]: [Who is the Enlightened One] 
[08-14 01:34:20]Set quest [19]: [5090]: [Top Disciple] 
[08-14 01:34:20]Set quest [20]: [5097]: [Initial Disciple] 
[08-14 01:34:20]Set quest [21]: [5098]: [Lv2 Disciple] 
[08-14 01:34:20]Set quest [22]: [5099]: [3rd Grade Disciple] 
[08-14 01:34:20]Set quest [23]: [5100]: [Advance Disciple] 
[08-14 01:34:20]Set quest [24]: [5111]: [Qualified Disciple] 
[08-14 01:34:20]Set quest [25]: [6383]: [Morpheus Girl] 
[08-14 01:34:20]Set quest [1]: [459]: [Mysterious Discovery] 
[08-14 01:34:20]Set quest [2]: [465]: [Labyrinth Exploration] 
[08-14 01:34:20]Set quest [3]: [699]: [Win Win Pig!] 
[08-14 01:34:20]Set quest [4]: [800]: [Playful Snow Doll] 
[08-14 01:34:20]Set quest [5]: [1005]: [A Swordsman's Life] 
[08-14 01:34:20]Set quest [6]: [1060]: [A Hunter's Life] 
[08-14 01:34:20]Set quest [7]: [1115]: [Doctor Class Quest] 
[08-14 01:34:20]Set quest [8]: [1169]: [An Explorer's Life] 
[08-14 01:34:20]Set quest [9]: [1238]: [Commerce Quest] 
[08-14 01:34:20]Set quest [10]: [5084]: [Who is the Enlightened One] 
[08-14 01:34:20]Set quest [11]: [5085]: [Who is the Enlightened One] 
[08-14 01:34:20]Set quest [12]: [5086]: [Who is the Enlightened One] 
[08-14 01:34:20]Set quest [13]: [5087]: [Who is the Enlightened One] 
[08-14 01:34:20]Set quest [14]: [5143]: [Perfect Pirate Mission] 
[08-14 01:34:20]Set quest [15]: [5144]: [Perfect Pirate Mission] 
[08-14 01:34:20]Set quest [16]: [5145]: [Perfect Pirate Mission] 
[08-14 01:34:20]Set quest [17]: [5146]: [Perfect Pirate Mission] 
[08-14 01:34:20]Set quest [18]: [5151]: [The mystery has been solved] 
[08-14 01:34:20]Set quest [1]: [253]: [Danger in Icicle] 
[08-14 01:34:20]Set quest [2]: [254]: [Replenishment] 
[08-14 01:34:20]Set quest [3]: [453]: [The Labyrinth Mystery] 
[08-14 01:34:20]Set quest [4]: [698]: [Lost Mystery] 
[08-14 01:34:20]Set quest [5]: [801]: [Soul Gem] 
[08-14 01:34:20]Set quest [6]: [1004]: [A Swordsman's Life] 
[08-14 01:34:20]Set quest [7]: [1059]: [A Hunter's Life] 
[08-14 01:34:20]Set quest [8]: [1114]: [Doctor Class Quest] 
[08-14 01:34:20]Set quest [9]: [1168]: [An Explorer's Life] 
[08-14 01:34:20]Set quest [10]: [317]: [Blood of Pirate] 
[08-14 01:34:20]Set quest [11]: [321]: [Friend of the Pirates] 
[08-14 01:34:20]Set quest [12]: [322]: [I'm not a NAVY!] 
[08-14 01:34:20]Set quest [13]: [5045]: [Tribal Long Spear] 
[08-14 01:34:20]Set quest [14]: [5046]: [Kill Mummy] 
[08-14 01:34:20]Set quest [15]: [5047]: [Mask of Zorro] 
[08-14 01:34:20]Set quest [16]: [6317]: [Heading to Spring Town] 
[08-14 01:34:20]Set quest [1]: [1102]: [A Hunter's Life] 
[08-14 01:34:20]Set quest [2]: [187]: [Letter for Belinda] 
[08-14 01:34:20]Set quest [3]: [188]: [Tear] 
[08-14 01:34:20]Set quest [4]: [189]: [Send a letter to Angela] 
[08-14 01:34:20]Set quest [5]: [597]: [Belinda's nightmare] 
[08-14 01:34:20]Set quest [6]: [598]: [Rescue Belinda] 
[08-14 01:34:20]Set quest [7]: [6093]: [Express delivery] 
[08-14 01:34:20]Set quest [1]: [1078]: [A Hunter's Life] 
[08-14 01:34:20]Set quest [2]: [389]: [Language Barrier] 
[08-14 01:34:20]Set quest [3]: [5608]: [Blood Shed Taurus Hero of Chaos] 
[08-14 01:34:20]Set quest [4]: [5609]: [Bloody Taurus - Reputed Hero] 
[08-14 01:34:20]Set quest [5]: [5610]: [Blood Shed Taurus Level Hero] 
[08-14 01:34:20]Set quest [6]: [5611]: [Blood Shed Taurus Hero of Honor] 
[08-14 01:34:20]Set quest [7]: [5612]: [Blood Shed Taurus Gathering ambassador] 
[08-14 01:34:20]Set quest [8]: [5613]: [Bloody Taurus - Taurus Doomsday] 
[08-14 01:34:20]Set quest [9]: [5614]: [Blood Shed Taurus Hero of Chaos] 
[08-14 01:34:20]Set quest [10]: [5615]: [Bloody Taurus - Reputed Hero] 
[08-14 01:34:20]Set quest [11]: [5616]: [Blood Shed Taurus Level Hero] 
[08-14 01:34:20]Set quest [12]: [5617]: [Blood Shed Taurus Hero of Honor] 
[08-14 01:34:20]Set quest [13]: [5618]: [Blood Shed Taurus Gathering ambassador] 
[08-14 01:34:20]Set quest [14]: [5619]: [Blood Shed Taurus Hero of Chaos] 
[08-14 01:34:20]Set quest [15]: [5620]: [Bloody Taurus - Reputed Hero] 
[08-14 01:34:20]Set quest [16]: [5621]: [Blood Shed Taurus Level Hero] 
[08-14 01:34:20]Set quest [17]: [5622]: [Blood Shed Taurus Hero of Honor] 
[08-14 01:34:20]Set quest [18]: [5623]: [Blood Shed Taurus Gathering ambassador] 
[08-14 01:34:20]Set quest [19]: [5624]: [Blood Shed Taurus Public Relations Ambassador] 
[08-14 01:34:20]Set quest [20]: [5667]: [Community Hero 21] 
[08-14 01:34:20]Set quest [21]: [5670]: [Prize for completing Sailor of Taurus] 
[08-14 01:34:20]Set quest [22]: [5671]: [Prize of completing Pirate of Taurus] 
[08-14 01:34:20]Set quest [23]: [5672]: [Prize for completing Captain of Taurus] 
[08-14 01:34:20]Set quest [24]: [5675]: [Blood Shed Taurus Special Operation] 
[08-14 01:34:20]Set quest [1]: [1067]: [A Hunter's Life] 
[08-14 01:34:20]Set quest [2]: [170]: [Letter for Hannah] 
[08-14 01:34:20]Set quest [3]: [171]: [Wrong Transfer] 
[08-14 01:34:20]Set quest [4]: [172]: [Send a letter to Angela] 
[08-14 01:34:20]Set quest [5]: [6741]: [Search for Tailor] 
[08-14 01:34:20]Set quest [6]: [6742]: [Buying your first equipment] 
[08-14 01:34:20]Set quest [7]: [6749]: [Search for Grocer] 
[08-14 01:34:20]Set quest [1]: [1085]: [A Hunter's Life] 
[08-14 01:34:20]Set quest [2]: [184]: [Letter for Yaskey] 
[08-14 01:34:20]Set quest [3]: [185]: [Concoction] 
[08-14 01:34:20]Set quest [4]: [186]: [Letter for Belinda] 
[08-14 01:34:20]Set quest [1]: [6015]: [Who is the Guardian] 
[08-14 01:34:20]Set quest [2]: [6016]: [Tough? Or troublesome?] 
[08-14 01:34:20]Set quest [3]: [6019]: [Continue the path of rebirth] 
[08-14 01:34:20]Set quest [4]: [6020]: [Arduous Quest] 
[08-14 01:34:20]Set quest [5]: [6021]: [Trivial Challenge] 
[08-14 01:34:20]Set quest [6]: [6022]: [Trivial Challenge] 
[08-14 01:34:20]Set quest [7]: [6023]: [Trivial Challenge] 
[08-14 01:34:20]Set quest [8]: [6024]: [Visit the guardian of Thundoria] 
[08-14 01:34:20]Set quest [9]: [5859]: [Big Crab-Special Event 1] 
[08-14 01:34:20]Set quest [10]: [5860]: [Big Crab-Special Event 2] 
[08-14 01:34:20]Set quest [1]: [255]: [Replenishment] 
[08-14 01:34:20]Set quest [2]: [256]: [Search for Supplies] 
[08-14 01:34:20]Set quest [3]: [408]: [Argent's Invitation] 
[08-14 01:34:20]Set quest [4]: [164]: [Letter for Little Mo] 
[08-14 01:34:20]Set quest [5]: [165]: [Playful Squidy] 
[08-14 01:34:20]Set quest [6]: [166]: [Letter for Ray] 
[08-14 01:34:20]Set quest [7]: [177]: [Hunter Promotion] 
[08-14 01:34:20]Set quest [8]: [178]: [Hunter Promotion] 
[08-14 01:34:20]Set quest [9]: [179]: [Hunter Promotion] 
[08-14 01:34:20]Set quest [1]: [5581]: [PKO Ambassador 14] 
[08-14 01:34:20]Set quest [2]: [5582]: [PKO Ambassador 15] 
[08-14 01:34:20]Set quest [1]: [5653]: [PKO Ambassador 15] 
[08-14 01:34:20]Set quest [2]: [5654]: [PKO Ambassador 16] 
[08-14 01:34:20]Set quest [1]: [1061]: [A Hunter's Life] 
[08-14 01:34:20]Set quest [2]: [1007]: [A Swordsman's Life] 
[08-14 01:34:20]Set quest [3]: [1062]: [A Hunter's Life] 
[08-14 01:34:20]Set quest [4]: [1117]: [Doctor Class Quest] 
[08-14 01:34:20]Set quest [5]: [1171]: [An Explorer's Life] 
[08-14 01:34:20]Set quest [1]: [1083]: [A Hunter's Life] 
[08-14 01:34:20]Set quest [1]: [1098]: [A Hunter's Life] 
[08-14 01:34:20]Set quest [1]: [262]: [Further Investigation] 
[08-14 01:34:20]Set quest [2]: [263]: [Snowfield Organism] 
[08-14 01:34:20]Set quest [3]: [264]: [Search for Yeti King] 
[08-14 01:34:20]Set quest [4]: [265]: [Wisdom of Argent] 
[08-14 01:34:20]Set quest [5]: [1056]: [A Hunter's Life] 
[08-14 01:34:20]Set quest [1]: [1072]: [A Hunter's Life] 
[08-14 01:34:20]Set quest [1]: [1105]: [A Hunter's Life] 
[08-14 01:34:20]Set quest [1]: [5555]: [PKO Ambassador 2] 
[08-14 01:34:20]Set quest [2]: [5556]: [PKO Ambassador 3] 
[08-14 01:34:20]Set quest [3]: [5706]: [PKO Ambassador 9] 
[08-14 01:34:20]Set quest [4]: [5707]: [PKO Ambassador 10] 
[08-14 01:34:20]Set quest [1]: [294]: [Sailing] 
[08-14 01:34:20]Set quest [2]: [295]: [The Li Brothers] 
[08-14 01:34:20]Set quest [3]: [6708]: [Harbor Operators' Meeting] 
[08-14 01:34:20]Set quest [1]: [685]: [Cavern Little Bears] 
[08-14 01:34:20]Set quest [2]: [688]: [Wailing Snow Lady] 
[08-14 01:34:20]Set quest [3]: [690]: [Nutritious Tortoise] 
[08-14 01:34:20]Set quest [4]: [1097]: [A Hunter's Life] 
[08-14 01:34:20]Set quest [5]: [6034]: [World Tour] 
[08-14 01:34:20]Set quest [6]: [6035]: [World Tour] 
[08-14 01:34:20]Set quest [1]: [429]: [Reinforcement for Atlantis] 
[08-14 01:34:20]Set quest [2]: [464]: [Labyrinth Exploration] 
[08-14 01:34:20]Set quest [3]: [466]: [Till We Meet] 
[08-14 01:34:20]Set quest [4]: [684]: [Naive Snow Doll] 
[08-14 01:34:20]Set quest [5]: [696]: [Buggy Snow Doll] 
[08-14 01:34:20]Set quest [6]: [697]: [Primal Snowman] 
[08-14 01:34:20]Set quest [7]: [1108]: [A Hunter's Life] 
[08-14 01:34:20]Set quest [8]: [5136]: [Goodbye to 6th Gate] 
[08-14 01:34:20]Set quest [9]: [5137]: [7th Gate] 
[08-14 01:34:20]Set quest [10]: [5138]: [Goodbye to 7th Gate] 
[08-14 01:34:20]Set quest [11]: [5647]: [PKO Ambassador 12] 
[08-14 01:34:20]Set quest [12]: [5648]: [PKO Ambassador 13] 
[08-14 01:34:20]Set quest [1]: [257]: [Search for Supplies] 
[08-14 01:34:20]Set quest [2]: [258]: [Recapture the Supplies] 
[08-14 01:34:20]Set quest [3]: [259]: [Escort the Supplies] 
[08-14 01:34:20]Set quest [4]: [435]: [Journey to the South] 
[08-14 01:34:20]Set quest [5]: [686]: [Snow Tears] 
[08-14 01:34:20]Set quest [6]: [691]: [Long Nose Tortoise] 
[08-14 01:34:20]Set quest [7]: [693]: [Crab Egg Sauce] 
[08-14 01:34:20]Set quest [8]: [694]: [Gourmet Critic] 
[08-14 01:34:20]Set quest [9]: [1082]: [A Hunter's Life] 
[08-14 01:34:20]Set quest [1]: [689]: [Punish the Wolves] 
[08-14 01:34:20]Set quest [2]: [1109]: [A Hunter's Life] 
[08-14 01:34:20]Set quest [3]: [1579]: [Commerce Quest] 
[08-14 01:34:20]Set quest [4]: [1918]: [Mid Lv Commerce] 
[08-14 01:34:20]Set quest [5]: [6508]: [Appreciation from Atlantis Haven] 
[08-14 01:34:20]Set quest [1]: [423]: [In Search of a Bodyguard] 
[08-14 01:34:20]Set quest [2]: [440]: [The Navy Office] 
[08-14 01:34:20]Set quest [3]: [446]: [Sea Commerce] 
[08-14 01:34:20]Set quest [4]: [462]: [Search for Talent] 
[08-14 01:34:20]Set quest [5]: [683]: [Search for Snowy Heart] 
[08-14 01:34:20]Set quest [6]: [687]: [Snow Crystal] 
[08-14 01:34:20]Set quest [7]: [692]: [Brute Crabby] 
[08-14 01:34:20]Set quest [8]: [695]: [Collect Heart of Purity] 
[08-14 01:34:20]Set quest [9]: [1580]: [Commerce Quest] 
[08-14 01:34:20]Set quest [10]: [1919]: [Mid Lv Commerce] 
[08-14 01:34:20]Set quest [11]: [1955]: [A Hunter's Life] 
[08-14 01:34:20]Set quest [12]: [5718]: [PKO Ambassador 15] 
[08-14 01:34:20]Set quest [13]: [5719]: [PKO Ambassador 16] 
[08-14 01:34:20]Set quest [1]: [804]: [Fallen Lamb] 
[08-14 01:34:20]Set quest [2]: [808]: [Warrior Soul] 
[08-14 01:34:20]Set quest [3]: [468]: [Oriental Mentor] 
[08-14 01:34:20]Set quest [4]: [1586]: [Commerce Quest] 
[08-14 01:34:20]Set quest [5]: [1920]: [Mid Lv Commerce] 
[08-14 01:34:20]Set quest [6]: [5585]: [PKO Ambassador 16] 
[08-14 01:34:20]Set quest [7]: [5586]: [PKO Ambassador 17] 
[08-14 01:34:20]Set quest [1]: [802]: [Slaughter of Innocent] 
[08-14 01:34:20]Set quest [2]: [807]: [Phantom Sword] 
[08-14 01:34:20]Set quest [3]: [1100]: [A Hunter's Life] 
[08-14 01:34:20]Set quest [4]: [1587]: [Commerce Quest] 
[08-14 01:34:20]Set quest [5]: [1921]: [Mid Lv Commerce] 
[08-14 01:34:20]Set quest [6]: [1922]: [Mid Lv Commerce] 
[08-14 01:34:20]Set quest [7]: [6510]: [Appreciation from Skeleton Haven] 
[08-14 01:34:20]Set quest [8]: [5127]: [Goodbye to 3rd Gate] 
[08-14 01:34:20]Set quest [9]: [5128]: [4th Gate] 
[08-14 01:34:20]Set quest [10]: [5129]: [Goodbye to 4th Gate] 
[08-14 01:34:20]Set quest [11]: [6046]: [World Tour] 
[08-14 01:34:20]Set quest [12]: [6047]: [World Tour] 
[08-14 01:34:20]Set quest [13]: [5694]: [PKO Ambassador 3] 
[08-14 01:34:20]Set quest [14]: [5695]: [PKO Ambassador 4] 
[08-14 01:34:20]Set quest [15]: [6832]: [Glacier Challenge] 
[08-14 01:34:20]Set quest [1]: [467]: [Till We Meet] 
[08-14 01:34:20]Set quest [2]: [803]: [Unhealing Wound] 
[08-14 01:34:20]Set quest [3]: [1588]: [Commerce Quest] 
[08-14 01:34:20]Set quest [4]: [1923]: [Mid Lv Commerce] 
[08-14 01:34:20]Set quest [5]: [1944]: [High Lv Commerce] 
[08-14 01:34:20]Set quest [6]: [6509]: [Appreciation from Skeleton Haven] 
[08-14 01:34:20]Set quest [1]: [870]: [Werewolves Invasion] 
[08-14 01:34:20]Set quest [2]: [875]: [Snail Hunting] 
[08-14 01:34:20]Set quest [3]: [876]: [New Invader] 
[08-14 01:34:20]Set quest [4]: [880]: [Enemy's Rear] 
[08-14 01:34:20]Set quest [5]: [882]: [Hunt for Infant Dragon] 
[08-14 01:34:20]Set quest [6]: [885]: [Hunt for Polar Bear] 
[08-14 01:34:20]Set quest [7]: [888]: [Werewolf Archer] 
[08-14 01:34:20]Set quest [8]: [891]: [For Honour] 
[08-14 01:34:20]Set quest [9]: [892]: [Hunt for Lizardman] 
[08-14 01:34:20]Set quest [10]: [1735]: [Commerce Quest] 
[08-14 01:34:20]Set quest [11]: [1924]: [Mid Lv Commerce] 
[08-14 01:34:20]Set quest [12]: [1945]: [High Lv Commerce] 
[08-14 01:34:20]Set quest [1]: [1736]: [Commerce Quest] 
[08-14 01:34:20]Set quest [2]: [1925]: [Mid Lv Commerce] 
[08-14 01:34:20]Set quest [3]: [1946]: [High Lv Commerce] 
[08-14 01:34:20]Set quest [4]: [6514]: [Appreciation from Icespire Haven] 
[08-14 01:34:20]Set quest [5]: [5561]: [PKO Ambassador 5] 
[08-14 01:34:20]Set quest [6]: [5562]: [PKO Ambassador 6] 
[08-14 01:34:20]Set quest [7]: [6040]: [World Tour] 
[08-14 01:34:20]Set quest [8]: [6041]: [World Tour] 
[08-14 01:34:20]Set quest [1]: [871]: [Rubbish Collection] 
[08-14 01:34:20]Set quest [2]: [873]: [Giant Broadsword] 
[08-14 01:34:20]Set quest [3]: [879]: [Giant Wooden Stick] 
[08-14 01:34:20]Set quest [4]: [887]: [Fearsome Sword of Giant] 
[08-14 01:34:20]Set quest [5]: [890]: [Fearsome Staff of Giant] 
[08-14 01:34:20]Set quest [6]: [893]: [Lizard Man Axe] 
[08-14 01:34:20]Set quest [7]: [1737]: [Commerce Quest] 
[08-14 01:34:20]Set quest [8]: [1926]: [Mid Lv Commerce] 
[08-14 01:34:20]Set quest [9]: [1947]: [High Lv Commerce] 
[08-14 01:34:20]Set quest [1]: [1065]: [A Hunter's Life] 
[08-14 01:34:20]Set quest [2]: [869]: [Repel Snowman] 
[08-14 01:34:20]Set quest [3]: [872]: [Upgrade Battle] 
[08-14 01:34:20]Set quest [4]: [874]: [Repel Yeti] 
[08-14 01:34:20]Set quest [5]: [878]: [Deep Venture] 
[08-14 01:34:20]Set quest [6]: [886]: [Snowman Warlord] 
[08-14 01:34:20]Set quest [7]: [889]: [Last Yeti] 
[08-14 01:34:20]Set quest [8]: [470]: [Occupation Change] 
[08-14 01:34:20]Set quest [9]: [1738]: [Commerce Quest] 
[08-14 01:34:20]Set quest [10]: [1927]: [Mid Lv Commerce] 
[08-14 01:34:20]Set quest [11]: [1948]: [High Lv Commerce] 
[08-14 01:34:20]Set quest [1]: [411]: [Stir of the Tundra] 
[08-14 01:34:20]Set quest [2]: [669]: [Heart of Naiad] 
[08-14 01:34:20]Set quest [3]: [675]: [Witchcraft Ingredient] 
[08-14 01:34:20]Set quest [4]: [678]: [Clearance of Shrooms] 
[08-14 01:34:20]Set quest [5]: [680]: [Slow Slow Snail!] 
[08-14 01:34:20]Set quest [6]: [1075]: [A Hunter's Life] 
[08-14 01:34:20]Set quest [1]: [417]: [Asha Followers] 
[08-14 01:34:20]Set quest [2]: [674]: [Troublesome Bat] 
[08-14 01:34:20]Set quest [3]: [676]: [Polution of Squity] 
[08-14 01:34:20]Set quest [4]: [681]: [Flowery Stone] 
[08-14 01:34:20]Set quest [5]: [1064]: [A Hunter's Life] 
[08-14 01:34:20]Set quest [6]: [752]: [Walk of the Cleric] 
[08-14 01:34:20]Set quest [7]: [6506]: [Appreciation from Icicle Haven] 
[08-14 01:34:20]Set quest [8]: [5153]: [Dispute of the Old] 
[08-14 01:34:20]Set quest [9]: [5154]: [Granny's Intellect] 
[08-14 01:34:20]Set quest [10]: [5155]: [Cure infectious disease] 
[08-14 01:34:20]Set quest [11]: [5156]: [Manual Healing] 
[08-14 01:34:20]Set quest [12]: [5157]: [Guardian of Truth] 
[08-14 01:34:20]Set quest [13]: [5159]: [Guardian of Truth] 
[08-14 01:34:20]Set quest [1]: [405]: [Tundra Exploration] 
[08-14 01:34:20]Set quest [2]: [432]: [Desert Exploration] 
[08-14 01:34:20]Set quest [3]: [668]: [Sailer Cap] 
[08-14 01:34:20]Set quest [4]: [672]: [Overweight] 
[08-14 01:34:20]Set quest [5]: [673]: [Think Too Much] 
[08-14 01:34:20]Set quest [6]: [677]: [Squidy Cap] 
[08-14 01:34:20]Set quest [7]: [1087]: [A Hunter's Life] 
[08-14 01:34:20]Set quest [8]: [1429]: [Commerce Quest] 
[08-14 01:34:20]Set quest [9]: [1928]: [Mid Lv Commerce] 
[08-14 01:34:20]Set quest [10]: [6507]: [Appreciation from Icicle Haven] 
[08-14 01:34:20]Set quest [11]: [5589]: [PKO Ambassador 18] 
[08-14 01:34:20]Set quest [12]: [5590]: [PKO Ambassador 19] 
[08-14 01:34:20]Set quest [13]: [6050]: [World Tour] 
[08-14 01:34:20]Set quest [14]: [6051]: [World Tour] 
[08-14 01:34:20]Set quest [15]: [5700]: [PKO Ambassador 6] 
[08-14 01:34:20]Set quest [16]: [5701]: [PKO Ambassador 7] 
[08-14 01:34:20]Set quest [1]: [430]: [Awakening] 
[08-14 01:34:20]Set quest [2]: [434]: [Journey to the South] 
[08-14 01:34:20]Set quest [3]: [670]: [Perfect Crystal] 
[08-14 01:34:20]Set quest [4]: [671]: [Suffering of Elk] 
[08-14 01:34:20]Set quest [5]: [679]: [Snowy Mushroom] 
[08-14 01:34:20]Set quest [6]: [682]: [Snail Feeler] 
[08-14 01:34:20]Set quest [7]: [1070]: [A Hunter's Life] 
[08-14 01:34:20]Set quest [8]: [1430]: [Commerce Quest] 
[08-14 01:34:20]Set quest [9]: [1929]: [Mid Lv Commerce] 
[08-14 01:34:20]Set quest [10]: [5148]: [The mystery has been solved] 
[08-14 01:34:20]Set quest [11]: [5150]: [The mystery has been solved] 
[08-14 01:34:20]Set quest [12]: [5152]: [The mystery has been solved] 
[08-14 01:34:20]Set quest [13]: [5158]: [Guardian of Truth] 
[08-14 01:34:20]Set quest [14]: [5160]: [Guardian of Truth] 
[08-14 01:34:20]Set quest [15]: [5161]: [Mysterious Curse] 
[08-14 01:34:20]Set quest [16]: [5162]: [Mysterious Curse] 
[08-14 01:34:20]Set quest [17]: [5163]: [Mysterious Curse] 
[08-14 01:34:20]Set quest [18]: [5164]: [Mysterious Curse] 
[08-14 01:34:20]Set quest [19]: [5165]: [Mysterious Curse] 
[08-14 01:34:20]Set quest [20]: [5166]: [Seal Research Outcome] 
[08-14 01:34:20]Set quest [21]: [5169]: [Dispute of the Old] 
[08-14 01:34:20]Set quest [1]: [805]: [Scorpion Poison] 
[08-14 01:34:20]Set quest [2]: [806]: [Pioneer] 
[08-14 01:34:20]Set quest [3]: [1589]: [Commerce Quest] 
[08-14 01:34:20]Set quest [4]: [1934]: [Mid Lv Commerce] 
[08-14 01:34:20]Set quest [5]: [1949]: [High Lv Commerce] 
[08-14 01:34:20]Set quest [6]: [5629]: [PKO Ambassador 3] 
[08-14 01:34:20]Set quest [7]: [5630]: [PKO Ambassador 4] 
[08-14 01:34:20]Set quest [1]: [6260]: [Loving Heart III] 
[08-14 01:34:20]Set quest [2]: [6261]: [Loving Heart IV] 
[08-14 01:34:20]Set quest [3]: [1741]: [Commerce Quest] 
[08-14 01:34:20]Set quest [4]: [1937]: [Mid Lv Commerce] 
[08-14 01:34:20]Set quest [5]: [1952]: [High Lv Commerce] 
[08-14 01:34:20]Set quest [6]: [5063]: [Daniel's Suggestion] 
[08-14 01:34:20]Set quest [7]: [5071]: [Story of the Enlightened One] 
[08-14 01:34:20]Set quest [8]: [5075]: [Who is the Enlightened One] 
[08-14 01:34:20]Set quest [9]: [5091]: [Top Disciple] 
[08-14 01:34:20]Set quest [10]: [5105]: [Initial Disciple] 
[08-14 01:34:20]Set quest [11]: [5106]: [Lv2 Disciple] 
[08-14 01:34:20]Set quest [12]: [5107]: [3rd Grade Disciple] 
[08-14 01:34:20]Set quest [13]: [5108]: [Advance Disciple] 
[08-14 01:34:20]Set quest [14]: [5115]: [Qualified Disciple] 
[08-14 01:34:20]Set quest [15]: [5521]: [Challenge Genesis6] 
[08-14 01:34:20]Set quest [16]: [5522]: [Challenge Genesis 7] 
[08-14 01:34:20]Set quest [1]: [5519]: [Challenge Genesis 5] 
[08-14 01:34:20]Set quest [2]: [5520]: [Challenge Genesis6] 
[08-14 01:34:20]Set quest [3]: [5635]: [PKO Ambassador 6] 
[08-14 01:34:20]Set quest [4]: [5636]: [PKO Ambassador 7] 
[08-14 01:34:20]Set quest [1]: [5659]: [PKO Ambassador 18] 
[08-14 01:34:20]Set quest [2]: [5660]: [PKO Ambassador 19] 
[08-14 01:34:20]Set quest [3]: [5724]: [PKO Ambassador 18] 
[08-14 01:34:20]Set quest [4]: [5725]: [PKO Ambassador 19] 
[08-14 01:34:20]Set quest [1]: [1581]: [Commerce Quest] 
[08-14 01:34:20]Set quest [2]: [1933]: [Mid Lv Commerce] 
[08-14 01:34:20]Set quest [1]: [296]: [The Li Brothers] 
[08-14 01:34:20]Set quest [2]: [297]: [Activity Preparation] 
[08-14 01:34:20]Set quest [3]: [298]: [Blessing Hand] 
[08-14 01:34:20]Set quest [4]: [302]: [Return to Icicle] 
[08-14 01:34:20]Set quest [5]: [303]: [Go Forth to Ninth Haven] 
[08-14 01:34:20]Set quest [1]: [299]: [Blessing Hand] 
[08-14 01:34:20]Set quest [2]: [300]: [Spiritual Strength] 
[08-14 01:34:20]Set quest [3]: [469]: [Oriental Mentor] 
[08-14 01:34:20]Set quest [4]: [391]: [Language Barrier] 
[08-14 01:34:20]Set quest [5]: [5121]: [Goodbye to First Gate] 
[08-14 01:34:20]Set quest [6]: [5122]: [2nd Gate] 
[08-14 01:34:20]Set quest [7]: [5123]: [Goodbye to 2nd Gate] 
[08-14 01:34:20]Set quest [1]: [877]: [Skeleton Accessory] 
[08-14 01:34:20]Set quest [2]: [883]: [Puzzle of the Crystalline] 
[08-14 01:34:20]Set quest [3]: [884]: [Crystal Heart] 
[08-14 01:34:20]Set quest [1]: [881]: [Glory of the Past] 
[08-14 01:34:20]Set quest [1]: [6085]: [Unlucky Model] 
[08-14 01:34:20]Set quest [1]: [5712]: [PKO Ambassador 12] 
[08-14 01:34:20]Set quest [2]: [5713]: [PKO Ambassador 13] 
[08-14 01:34:20]Set quest [1]: [393]: [Rare Visitor from Afar] 
[08-14 01:34:20]Set quest [2]: [567]: [Demand for Payment] 
[08-14 01:34:20]Set quest [3]: [5817]: [PKO Ambassador 1] 
[08-14 01:34:20]Set quest [4]: [5818]: [PKO Ambassador 2] 
[08-14 01:34:20]Set quest [1]: [394]: [Rare Visitor from Afar] 
[08-14 01:34:20]Set quest [2]: [536]: [Tear of Dragon] 
[08-14 01:34:20]Set quest [3]: [537]: [Sale of Dragon's Tear] 
[08-14 01:34:20]Set quest [4]: [538]: [Legend of Dragon's Tear] 
[08-14 01:34:20]Set quest [5]: [569]: [Long Er's Debt] 
[08-14 01:34:20]Set quest [6]: [5819]: [PKO Ambassador 2] 
[08-14 01:34:20]Set quest [7]: [5820]: [PKO Ambassador 3] 
[08-14 01:34:20]Set quest [1]: [395]: [Rare Visitor from Afar] 
[08-14 01:34:20]Set quest [2]: [517]: [Talisman] 
[08-14 01:34:20]Set quest [3]: [519]: [Talisman] 
[08-14 01:34:20]Set quest [4]: [525]: [Love Miracle] 
[08-14 01:34:20]Set quest [5]: [526]: [Corpse Venom] 
[08-14 01:34:20]Set quest [6]: [564]: [Grocer's Debt] 
[08-14 01:34:20]Set quest [7]: [5821]: [PKO Ambassador 3] 
[08-14 01:34:20]Set quest [8]: [5822]: [PKO Ambassador 4] 
[08-14 01:34:20]Set quest [1]: [396]: [Rare Visitor from Afar] 
[08-14 01:34:20]Set quest [2]: [530]: [Miracle Fruit] 
[08-14 01:34:20]Set quest [3]: [545]: [New Goods] 
[08-14 01:34:20]Set quest [4]: [546]: [Sea Exploration] 
[08-14 01:34:20]Set quest [5]: [547]: [Buy New Clothes] 
[08-14 01:34:20]Set quest [6]: [572]: [Yuri's Debt] 
[08-14 01:34:20]Set quest [7]: [5825]: [PKO Ambassador 5] 
[08-14 01:34:20]Set quest [8]: [5826]: [PKO Ambassador 6] 
[08-14 01:34:20]Set quest [1]: [397]: [Rare Visitor from Afar] 
[08-14 01:34:20]Set quest [2]: [559]: [Language Barrier] 
[08-14 01:34:20]Set quest [3]: [5827]: [PKO Ambassador 6] 
[08-14 01:34:20]Set quest [4]: [5828]: [PKO Ambassador 7] 
[08-14 01:34:20]Set quest [1]: [520]: [Love Miracle] 
[08-14 01:34:20]Set quest [2]: [900]: [Pet Event] 
[08-14 01:34:20]Set quest [3]: [5065]: [Daisha's Nightmare] 
[08-14 01:34:20]Set quest [4]: [595]: [Mischief of Fox Taoist] 
[08-14 01:34:20]Set quest [5]: [599]: [Mytho Crystal Ball] 
[08-14 01:34:20]Set quest [6]: [5000]: [Mischief of Fox Spirit] 
[08-14 01:34:20]Set quest [7]: [5001]: [Mischief of Fox Sage] 
[08-14 01:34:20]Set quest [8]: [5002]: [big secret] 
[08-14 01:34:20]Set quest [9]: [5003]: [Spirit of Roland] 
[08-14 01:34:20]Set quest [10]: [5066]: [Unravel the dream of Daisha] 
[08-14 01:34:20]Set quest [11]: [5829]: [PKO Ambassador 7] 
[08-14 01:34:20]Set quest [12]: [5830]: [PKO Ambassador 8] 
[08-14 01:34:20]Set quest [1]: [392]: [Rare Visitor from Afar] 
[08-14 01:34:20]Set quest [2]: [514]: [Lost] 
[08-14 01:34:20]Set quest [3]: [516]: [Lost] 
[08-14 01:34:20]Set quest [4]: [527]: [Lost] 
[08-14 01:34:20]Set quest [5]: [528]: [Lost] 
[08-14 01:34:20]Set quest [6]: [529]: [Miracle Fruit] 
[08-14 01:34:20]Set quest [7]: [548]: [Demonic Fruit] 
[08-14 01:34:20]Set quest [8]: [550]: [Demonic Fruit] 
[08-14 01:34:20]Set quest [9]: [551]: [Roland] 
[08-14 01:34:20]Set quest [10]: [558]: [Demand for Payment] 
[08-14 01:34:20]Set quest [11]: [571]: [Roland] 
[08-14 01:34:20]Set quest [12]: [592]: [Retrospection] 
[08-14 01:34:20]Set quest [13]: [5004]: [Spirit of Roland] 
[08-14 01:34:20]Set quest [14]: [5005]: [Heal Sang Di] 
[08-14 01:34:20]Set quest [15]: [5006]: [Sorcerer's bone powder.] 
[08-14 01:34:20]Set quest [16]: [5007]: [Highly Nutritious Product] 
[08-14 01:34:20]Set quest [17]: [5008]: [Forgotten Past] 
[08-14 01:34:20]Set quest [18]: [5043]: [Magical Curse] 
[08-14 01:34:20]Set quest [19]: [5054]: [Gold powder on the Sacred Amulet] 
[08-14 01:34:20]Set quest [20]: [5055]: [Sang Di's guidance] 
[08-14 01:34:20]Set quest [21]: [5831]: [PKO Ambassador 8] 
[08-14 01:34:20]Set quest [22]: [5832]: [PKO Ambassador 9] 
[08-14 01:34:20]Set quest [1]: [398]: [Rare Visitor from Afar] 
[08-14 01:34:20]Set quest [2]: [565]: [Shuang's Debt] 
[08-14 01:34:20]Set quest [3]: [5833]: [PKO Ambassador 9] 
[08-14 01:34:20]Set quest [4]: [5834]: [PKO Ambassador 10] 
[08-14 01:34:20]Set quest [1]: [399]: [Rare Visitor from Afar] 
[08-14 01:34:20]Set quest [2]: [510]: [Make the Finishing Point] 
[08-14 01:34:20]Set quest [3]: [511]: [Make the Finishing Point] 
[08-14 01:34:20]Set quest [4]: [512]: [Make the Finishing Point] 
[08-14 01:34:20]Set quest [5]: [513]: [Make the Finishing Point] 
[08-14 01:34:20]Set quest [6]: [543]: [Love Letter of Zhou] 
[08-14 01:34:20]Set quest [7]: [544]: [Letter of Zhou] 
[08-14 01:34:20]Set quest [8]: [570]: [Long Er's Debt] 
[08-14 01:34:20]Set quest [9]: [5839]: [PKO Ambassador 12] 
[08-14 01:34:20]Set quest [10]: [5840]: [PKO Ambassador 13] 
[08-14 01:34:20]Set quest [1]: [5835]: [PKO Ambassador 10] 
[08-14 01:34:20]Set quest [2]: [5836]: [PKO Ambassador 11] 
[08-14 01:34:20]Set quest [1]: [531]: [Miracle Fruit] 
[08-14 01:34:20]Set quest [2]: [532]: [Demonic Fruit] 
[08-14 01:34:20]Set quest [3]: [533]: [Letter of Zhou] 
[08-14 01:34:20]Set quest [4]: [534]: [Demonic Fruit] 
[08-14 01:34:20]Set quest [5]: [5837]: [PKO Ambassador 11] 
[08-14 01:34:20]Set quest [6]: [5838]: [PKO Ambassador 12] 
[08-14 01:34:20]Set quest [1]: [533]: [Letter of Zhou] 
[08-14 01:34:20]Set quest [2]: [563]: [Demand for Payment] 
[08-14 01:34:20]Set quest [3]: [5841]: [PKO Ambassador 13] 
[08-14 01:34:20]Set quest [4]: [5842]: [PKO Ambassador 14] 
[08-14 01:34:20]Set quest [5]: [6320]: [Youth - Misty's Envy] 
[08-14 01:34:20]Set quest [6]: [6321]: [Youth - Cloud's Bother] 
[08-14 01:34:20]Set quest [1]: [5843]: [PKO Ambassador 14] 
[08-14 01:34:20]Set quest [2]: [5844]: [PKO Ambassador 15] 
[08-14 01:34:20]Set quest [3]: [6318]: [Heading to Spring Town] 
[08-14 01:34:20]Set quest [4]: [6319]: [Youth - Misty's Envy] 
[08-14 01:34:20]Set quest [1]: [568]: [Demand for Payment] 
[08-14 01:34:20]Set quest [2]: [6262]: [Loving Heart IV] 
[08-14 01:34:20]Set quest [3]: [6263]: [Loving Heart V] 
[08-14 01:34:20]Set quest [4]: [5847]: [PKO Ambassador 16] 
[08-14 01:34:20]Set quest [5]: [5848]: [PKO Ambassador 17] 
[08-14 01:34:20]Set quest [1]: [5845]: [PKO Ambassador 15] 
[08-14 01:34:20]Set quest [2]: [5846]: [PKO Ambassador 16] 
[08-14 01:34:20]Set quest [1]: [5641]: [PKO Ambassador 9] 
[08-14 01:34:20]Set quest [2]: [5642]: [PKO Ambassador 10] 
[08-14 01:34:20]Set quest [3]: [5849]: [PKO Ambassador 17] 
[08-14 01:34:20]Set quest [4]: [5850]: [PKO Ambassador 18] 
[08-14 01:34:20]Set quest [1]: [6003]: [Little Mystery Man] 
[08-14 01:34:20]Set quest [2]: [6004]: [Simple Mission] 
[08-14 01:34:20]Set quest [3]: [6005]: [Day of Abstinence] 
[08-14 01:34:20]Set quest [4]: [6006]: [Day of Abstinence] 
[08-14 01:34:20]Set quest [5]: [6007]: [Day of Abstinence] 
[08-14 01:34:20]Set quest [6]: [6008]: [Day of Abstinence] 
[08-14 01:34:20]Set quest [7]: [6009]: [Seek out Demonic Guide] 
[08-14 01:34:20]Set quest [8]: [5851]: [PKO Ambassador 18] 
[08-14 01:34:20]Set quest [9]: [5852]: [PKO Ambassador 19] 
[08-14 01:34:20]Set quest [1]: [5853]: [PKO Ambassador 19] 
[08-14 01:34:20]Set quest [2]: [5854]: [PKO Ambassador 20] 
[08-14 01:34:20]Set quest [3]: [6705]: [Harbor Operators' Meeting] 
[08-14 01:34:20]Set quest [1]: [5855]: [PKO Ambassador 20] 
[08-14 01:34:20]Set quest [2]: [5856]: [PKO Ambassador 21] 
[08-14 01:34:20]Set quest [1]: [6268]: [A New Challenge] 
[08-14 01:34:20]Set quest [2]: [6269]: [Heart of the Fearless ] 
[08-14 01:34:20]Set quest [1]: [6579]: [Looking for Sacred War Clerk] 
[08-14 01:34:20]Set quest [2]: [6580]: [I want to enter the Sacred War.] 
[08-14 01:34:20]Set quest [1]: [6323]: [The Female Guide's Request] 
[08-14 01:34:20]Set quest [2]: [6324]: [The Female Guide's Adoration] 
[08-14 01:34:20]Set quest [1]: [6325]: [The Female Guide's Adoration] 
[08-14 01:34:20]Set quest [2]: [6326]: [Heading to Winter Island] 
[08-14 01:34:20]Set quest [1]: [6614]: [Double Exp] 
[08-14 01:34:20]Set quest [1]: [6610]: [Pirates' Augury] 
[08-14 01:34:20]Set quest [2]: [6611]: [Claim Magic Box] 
[08-14 01:34:20]Set quest [3]: [6771]: [Mysterious Augur] 
[08-14 01:34:20]Set quest [4]: [6772]: [First divination] 
[08-14 01:34:20]Set quest [5]: [6773]: [Unknown fate] 
[08-14 01:34:20]Set quest [1]: [6735]: [Learning Skills] 
[08-14 01:34:20]Set quest [2]: [6736]: [Raising Stats] 
[08-14 01:34:20]Set quest [3]: [6740]: [Search for Tailor] 
[08-14 01:34:20]Set quest [4]: [6737]: [Search for Tailor] 
[08-14 01:34:20]Set quest [5]: [6754]: [Search for Tailor] 
[08-14 01:34:20]Set quest [6]: [6746]: [Search for Tailor] 
[08-14 01:34:20]Set quest [7]: [6759]: [Turning point] 
[08-14 01:34:20]Set quest [8]: [6774]: [Unknown fate] 
[08-14 01:34:20]Set quest [9]: [6775]: [Emergency lesson] 
[08-14 01:34:20]Set quest [10]: [6776]: [First Lesson] 
[08-14 01:34:20]Set quest [11]: [6777]: [Second Lesson] 
[08-14 01:34:20]Set quest [12]: [6778]: [Third Lesson] 
[08-14 01:34:20]Set quest [13]: [6779]: [Test] 
[08-14 01:34:20]Set quest [14]: [6780]: [ Rockery Haven Adventure] 
[08-14 01:34:20]Set quest [15]: [6781]: [Babul Haven Adventure] 
[08-14 01:34:20]Set quest [16]: [6782]: [Atlantis Haven Adventure] 
[08-14 01:34:20]Set quest [17]: [6783]: [Look for Builder] 
[08-14 01:34:20]Set quest [18]: [6801]: [The 2nd Test] 
[08-14 01:34:20]Set quest [19]: [6802]: [The 2nd Test] 
[08-14 01:34:20]Set quest [20]: [6831]: [Glacier Challenge] 
[08-14 01:34:20]Set quest [21]: [6833]: [Forest of Challenge] 
[08-14 01:34:22]Set quest [1]: [6390]: [The origin of Haven 1] 
[08-14 01:34:22]Set quest [1]: [6391]: [The origin of Haven 1] 
[08-14 01:34:22]Set quest [2]: [6392]: [Eddie's Requirement] 
[08-14 01:34:22]Set quest [3]: [6393]: [The Origin of Haven 2] 
[08-14 01:34:22]Set quest [1]: [6394]: [The Origin of Haven 2] 
[08-14 01:34:22]Set quest [2]: [6395]: [The Origin of Haven 3] 
[08-14 01:34:22]Set quest [3]: [6400]: [Vegito's Smile] 
[08-14 01:34:22]Set quest [1]: [6396]: [The Origin of Haven 3] 
[08-14 01:34:22]Set quest [2]: [6397]: [The Origin of Haven 4] 
[08-14 01:34:22]Set quest [3]: [6401]: [Dar's Superiority] 
[08-14 01:34:22]Set quest [1]: [6721]: [Fellow Box] 
[08-14 01:34:22]Set quest [1]: [6398]: [Vexed Mary] 
[08-14 01:34:22]Set quest [1]: [6402]: [Four Brothers 1] 
[08-14 01:34:22]Set quest [2]: [6701]: [Harbor Operators' Meeting] 
[08-14 01:34:22]Set quest [1]: [6327]: [Exploring Winter Island] 
[08-14 01:34:22]Set quest [2]: [6332]: [Archaeologist's Question] 
[08-14 01:34:22]Set quest [3]: [6419]: [Dark Moon Cross] 
[08-14 01:34:22]Set quest [4]: [6709]: [Resident Evil] 
[08-14 01:34:22]Set quest [5]: [6720]: [Antidote] 
[08-14 01:34:22]Set quest [1]: [6424]: [Endless Gaze] 
[08-14 01:34:22]Set quest [2]: [6427]: [Coming to a Wonderful End] 
[08-14 01:34:22]Set quest [3]: [6428]: [Tsukino's Worry] 
[08-14 01:34:22]Set quest [4]: [6432]: [Marriage Proposal] 
[08-14 01:34:22]Set quest [1]: [6425]: [Endless Gaze] 
[08-14 01:34:22]Set quest [2]: [6426]: [Coming to a Wonderful End] 
[08-14 01:34:22]Set quest [3]: [6429]: [Endymion's Worry] 
[08-14 01:34:22]Set quest [4]: [6430]: [A Token of Affection] 
[08-14 01:34:22]Set quest [5]: [6431]: [Marriage Proposal] 
[08-14 01:34:22]Set quest [1]: [6403]: [Four Brothers 1] 
[08-14 01:34:22]Set quest [2]: [6404]: [Four Brothers 2] 
[08-14 01:34:22]Set quest [1]: [6328]: [Winston's Request] 
[08-14 01:34:22]Set quest [2]: [6421]: [Winston's Envy] 
[08-14 01:34:22]Set quest [3]: [6710]: [Resident Evil] 
[08-14 01:34:22]Set quest [4]: [6711]: [Horrible Zombies] 
[08-14 01:34:22]Set quest [5]: [6712]: [Crisis in Winter Island] 
[08-14 01:34:22]Set quest [1]: [6333]: [Archaeologist's Question] 
[08-14 01:34:22]Set quest [2]: [6334]: [Guardian's Guide 1] 
[08-14 01:34:22]Set quest [3]: [6409]: [Snow Kara Certificate] 
[08-14 01:34:22]Set quest [1]: [6405]: [Four Brothers 2] 
[08-14 01:34:22]Set quest [2]: [6406]: [Four Brothers 3] 
[08-14 01:34:22]Set quest [1]: [6329]: [Chris' Request] 
[08-14 01:34:22]Set quest [2]: [6414]: [Chris' Love Letter] 
[08-14 01:34:22]Set quest [3]: [6417]: [Jill's Response] 
[08-14 01:34:22]Set quest [4]: [6713]: [Crisis in Winter Island] 
[08-14 01:34:22]Set quest [5]: [6714]: [Jill needs Help] 
[08-14 01:34:22]Set quest [1]: [6335]: [Guardian's Guide 1] 
[08-14 01:34:22]Set quest [2]: [6336]: [Guardian's Guide 2] 
[08-14 01:34:22]Set quest [3]: [6410]: [Snow Ville Certificate] 
[08-14 01:34:22]Set quest [1]: [6407]: [Four Brothers 3] 
[08-14 01:34:22]Set quest [2]: [6408]: [Four Brothers 4] 
[08-14 01:34:22]Set quest [1]: [6809]: [Ancient relic] 
[08-14 01:34:22]Set quest [2]: [6341]: [Guardian's Concern] 
[08-14 01:34:22]Set quest [3]: [6342]: [North Ville's Regret] 
[08-14 01:34:22]Set quest [4]: [6348]: [Sea Heart] 
[08-14 01:34:22]Set quest [5]: [6349]: [Guardian's Heart] 
[08-14 01:34:22]Set quest [6]: [6368]: [Goddess' Request] 
[08-14 01:34:22]Set quest [7]: [6369]: [God's Effort] 
[08-14 01:34:22]Set quest [8]: [6379]: [Convey Ville's message] 
[08-14 01:34:22]Set quest [9]: [6420]: [Ville's Worry] 
[08-14 01:34:22]Set quest [10]: [6622]: [Report to Ville.] 
[08-14 01:34:22]Set quest [1]: [6330]: [Explorer -  Lion's Reply] 
[08-14 01:34:22]Set quest [2]: [6418]: [Dark Moon Cross] 
[08-14 01:34:22]Set quest [3]: [6718]: [T Virus Liquid] 
[08-14 01:34:22]Set quest [4]: [6719]: [Antidote] 
[08-14 01:34:22]Set quest [1]: [6331]: [Jill's Reply] 
[08-14 01:34:22]Set quest [2]: [6415]: [Chris' Love Letter] 
[08-14 01:34:22]Set quest [3]: [6416]: [Jill's Response] 
[08-14 01:34:22]Set quest [4]: [6715]: [Jill needs Help] 
[08-14 01:34:22]Set quest [5]: [6716]: [Deathless Soul Killers] 
[08-14 01:34:22]Set quest [6]: [6717]: [T Virus Liquid] 
[08-14 01:34:22]Set quest [1]: [6337]: [Guardian's Guide 2] 
[08-14 01:34:22]Set quest [2]: [6338]: [Guardian's Test 1] 
[08-14 01:34:22]Set quest [3]: [6339]: [Guardian's Test 2] 
[08-14 01:34:22]Set quest [4]: [6340]: [Guardian's Concern] 
[08-14 01:34:22]Set quest [5]: [6411]: [Icy Lake Certificate] 
[08-14 01:34:22]Set quest [1]: [6810]: [Ancient relic] 
[08-14 01:34:22]Set quest [2]: [6343]: [Snow Island] 
[08-14 01:34:22]Set quest [3]: [6344]: [Eternal Love] 
[08-14 01:34:22]Set quest [4]: [6347]: [Sea Heart] 
[08-14 01:34:22]Set quest [5]: [6412]: [Dawn Moon Dancer] 
[08-14 01:34:22]Set quest [6]: [6413]: [Guard Leader's Requirement] 
[08-14 01:34:22]Set quest [7]: [6723]: [Puppet Ville] 
[08-14 01:34:22]Set quest [8]: [6725]: [Puppet Kara] 
[08-14 01:34:22]Set quest [1]: [6345]: [Fantasy] 
[08-14 01:34:22]Set quest [2]: [6422]: [Disgusting Things] 
[08-14 01:34:22]Set quest [3]: [6722]: [Puppet Ville] 
[08-14 01:34:22]Set quest [1]: [6346]: [Illusion] 
[08-14 01:34:22]Set quest [2]: [6423]: [Primitive Scroll] 
[08-14 01:34:22]Set quest [3]: [6724]: [Puppet Kara] 
[08-14 01:34:22]Set quest [1]: [6399]: [Legend of Wisdom World] 
