[12-02 14:02:45]Conencting to GroupServer...
[12-02 14:02:47]Connecting to GroupServer failed, reconnecting in 5 secs...
[12-02 14:02:52]Conencting to GroupServer...
[12-02 14:02:54]Connecting to GroupServer failed, reconnecting in 5 secs...
[12-02 14:02:59]Conencting to GroupServer...
[12-02 14:03:00]begin connect database
[12-02 14:03:01]Connecting to GroupServer failed, reconnecting in 5 secs...
[12-02 14:03:04]begin init AccountServer connect
[12-02 14:03:04]AccountServer:25.80.52.210,2321come ! Socket num:1
[12-02 14:03:04]begin read GroupServer.cfg
[12-02 14:03:04]begin load ChaNameFilter.txt
[12-02 14:03:04]begin listen port:2322
[12-02 14:03:04]open listen port:2322success, init is ok
[12-02 14:03:06]Conencting to GroupServer...
[12-02 14:03:06]connect GroupServer: 25.80.52.210,Socket num:1
[12-02 14:03:06]GateServer:25.80.52.210,32502come ! Socket num:2
[12-02 14:03:07]GateServer:25.80.52.210,32502TP_LOGIN1
[12-02 14:03:07]GateServer:25.80.52.210,32502TP_LOGIN2
[12-02 14:03:07]GateServer:25.80.52.210,32502TP_LOGIN3
[12-02 14:03:07]Successfully logged into GroupServer!
[12-02 14:17:07]AccountServer:25.80.52.210,2321go ! Socket num:1reason=(-3)网络被对方正常关闭。
[12-02 14:17:12]AccountServer:25.80.52.210,2321come ! Socket num:2
[12-02 21:15:55]disconnection with GroupServer,Socket num: 0,reason =远程主机强迫关闭了一个现有的连接。, reconnecting...
[12-02 21:15:55]Conencting to GroupServer...
[12-02 21:15:57]Connecting to GroupServer failed, reconnecting in 5 secs...
[12-02 21:16:02]Conencting to GroupServer...
[12-02 21:16:04]Connecting to GroupServer failed, reconnecting in 5 secs...
[12-02 21:16:09]Conencting to GroupServer...
[12-02 21:16:11]Connecting to GroupServer failed, reconnecting in 5 secs...
[12-02 21:16:16]Conencting to GroupServer...
[12-02 21:16:18]Connecting to GroupServer failed, reconnecting in 5 secs...
[12-02 21:16:23]Conencting to GroupServer...
[12-02 21:16:25]Connecting to GroupServer failed, reconnecting in 5 secs...
[12-02 21:16:30]Conencting to GroupServer...
[12-02 21:16:32]Connecting to GroupServer failed, reconnecting in 5 secs...
[12-02 21:16:37]Conencting to GroupServer...
[12-02 21:16:39]Connecting to GroupServer failed, reconnecting in 5 secs...
[12-02 21:16:44]Conencting to GroupServer...
[12-02 21:16:46]Connecting to GroupServer failed, reconnecting in 5 secs...
[12-02 21:16:51]Conencting to GroupServer...
[12-02 21:16:53]Connecting to GroupServer failed, reconnecting in 5 secs...
[12-02 21:16:58]Conencting to GroupServer...
[12-02 21:17:00]Connecting to GroupServer failed, reconnecting in 5 secs...
[12-02 21:17:05]Conencting to GroupServer...
[12-02 21:17:07]Connecting to GroupServer failed, reconnecting in 5 secs...
[12-02 21:17:12]Conencting to GroupServer...
[12-02 21:17:14]Connecting to GroupServer failed, reconnecting in 5 secs...
[12-02 21:17:19]Conencting to GroupServer...
[12-02 21:17:21]Connecting to GroupServer failed, reconnecting in 5 secs...
[12-02 21:17:26]Conencting to GroupServer...
[12-02 21:17:28]Connecting to GroupServer failed, reconnecting in 5 secs...
[12-02 21:17:33]Conencting to GroupServer...
[12-02 21:17:35]Connecting to GroupServer failed, reconnecting in 5 secs...
[12-02 21:17:40]Conencting to GroupServer...
[12-02 21:17:42]Connecting to GroupServer failed, reconnecting in 5 secs...
[12-02 21:17:47]Conencting to GroupServer...
[12-02 21:17:49]Connecting to GroupServer failed, reconnecting in 5 secs...
[12-02 21:17:54]Conencting to GroupServer...
[12-02 21:17:57]Connecting to GroupServer failed, reconnecting in 5 secs...
[12-02 21:18:02]Conencting to GroupServer...
[12-02 21:18:04]Connecting to GroupServer failed, reconnecting in 5 secs...
[12-02 21:18:09]Conencting to GroupServer...
[12-02 21:18:11]Connecting to GroupServer failed, reconnecting in 5 secs...
[12-02 21:18:16]Conencting to GroupServer...
[12-02 21:18:18]Connecting to GroupServer failed, reconnecting in 5 secs...
[12-02 21:18:23]Conencting to GroupServer...
[12-02 21:18:25]Connecting to GroupServer failed, reconnecting in 5 secs...
[12-02 21:18:30]Conencting to GroupServer...
[12-02 21:18:32]Connecting to GroupServer failed, reconnecting in 5 secs...
[12-02 21:18:37]Conencting to GroupServer...
[12-02 21:18:39]Connecting to GroupServer failed, reconnecting in 5 secs...
[12-02 21:18:44]Conencting to GroupServer...
[12-02 21:18:46]Connecting to GroupServer failed, reconnecting in 5 secs...
[12-02 21:18:51]Conencting to GroupServer...
[12-02 21:18:53]Connecting to GroupServer failed, reconnecting in 5 secs...
[12-02 21:18:58]Conencting to GroupServer...
[12-02 21:19:00]Connecting to GroupServer failed, reconnecting in 5 secs...
[12-02 21:19:05]Conencting to GroupServer...
[12-02 21:19:07]Connecting to GroupServer failed, reconnecting in 5 secs...
[12-02 21:19:12]Conencting to GroupServer...
[12-02 21:19:14]Connecting to GroupServer failed, reconnecting in 5 secs...
[12-02 21:19:19]Conencting to GroupServer...
[12-02 21:19:21]Connecting to GroupServer failed, reconnecting in 5 secs...
[12-02 21:19:26]Conencting to GroupServer...
[12-02 21:19:28]Connecting to GroupServer failed, reconnecting in 5 secs...
[12-02 21:19:33]Conencting to GroupServer...
[12-02 21:19:35]Connecting to GroupServer failed, reconnecting in 5 secs...
[12-02 21:19:40]Conencting to GroupServer...
[12-02 21:19:43]Connecting to GroupServer failed, reconnecting in 5 secs...
[12-02 21:19:48]Conencting to GroupServer...
[12-02 21:19:50]Connecting to GroupServer failed, reconnecting in 5 secs...
[12-02 21:19:55]Conencting to GroupServer...
[12-02 21:19:57]Connecting to GroupServer failed, reconnecting in 5 secs...
[12-02 21:20:02]Conencting to GroupServer...
[12-02 21:20:04]Connecting to GroupServer failed, reconnecting in 5 secs...
[12-02 21:20:09]Conencting to GroupServer...
[12-02 21:20:11]Connecting to GroupServer failed, reconnecting in 5 secs...
[12-02 21:20:16]Conencting to GroupServer...
[12-02 21:20:18]Connecting to GroupServer failed, reconnecting in 5 secs...
[12-02 21:20:23]Conencting to GroupServer...
[12-02 21:20:25]Connecting to GroupServer failed, reconnecting in 5 secs...
[12-02 21:20:30]Conencting to GroupServer...
[12-02 21:20:32]Connecting to GroupServer failed, reconnecting in 5 secs...
[12-02 21:20:37]Conencting to GroupServer...
[12-02 21:20:39]Connecting to GroupServer failed, reconnecting in 5 secs...
[12-02 21:20:44]Conencting to GroupServer...
[12-02 21:20:46]Connecting to GroupServer failed, reconnecting in 5 secs...
[12-02 21:20:51]Conencting to GroupServer...
[12-02 21:20:53]Connecting to GroupServer failed, reconnecting in 5 secs...
[12-02 21:20:58]Conencting to GroupServer...
[12-02 21:21:00]Connecting to GroupServer failed, reconnecting in 5 secs...
[12-02 21:21:05]Conencting to GroupServer...
[12-02 21:21:07]Connecting to GroupServer failed, reconnecting in 5 secs...
[12-02 21:21:12]Conencting to GroupServer...
[12-02 21:21:14]Connecting to GroupServer failed, reconnecting in 5 secs...
[12-02 21:21:19]Conencting to GroupServer...
[12-02 21:21:21]Connecting to GroupServer failed, reconnecting in 5 secs...
[12-02 21:21:26]Conencting to GroupServer...
[12-02 21:21:28]Connecting to GroupServer failed, reconnecting in 5 secs...
[12-02 21:21:33]Conencting to GroupServer...
[12-02 21:21:35]Connecting to GroupServer failed, reconnecting in 5 secs...
[12-02 21:21:40]Conencting to GroupServer...
[12-02 21:21:42]Connecting to GroupServer failed, reconnecting in 5 secs...
[12-02 21:21:47]Conencting to GroupServer...
[12-02 21:21:49]Connecting to GroupServer failed, reconnecting in 5 secs...
[12-02 21:21:54]Conencting to GroupServer...
[12-02 21:21:56]Connecting to GroupServer failed, reconnecting in 5 secs...
[12-02 21:22:01]Conencting to GroupServer...
[12-02 21:22:03]Connecting to GroupServer failed, reconnecting in 5 secs...
[12-02 21:22:08]Conencting to GroupServer...
[12-02 21:22:10]Connecting to GroupServer failed, reconnecting in 5 secs...
[12-02 21:22:15]Conencting to GroupServer...
[12-02 21:22:17]Connecting to GroupServer failed, reconnecting in 5 secs...
[12-02 21:22:22]Conencting to GroupServer...
[12-02 21:22:24]Connecting to GroupServer failed, reconnecting in 5 secs...
[12-02 21:22:29]Conencting to GroupServer...
[12-02 21:22:31]Connecting to GroupServer failed, reconnecting in 5 secs...
[12-02 21:22:36]Conencting to GroupServer...
[12-02 21:22:38]Connecting to GroupServer failed, reconnecting in 5 secs...
[12-02 21:22:43]Conencting to GroupServer...
[12-02 21:22:45]Connecting to GroupServer failed, reconnecting in 5 secs...
[12-02 21:22:50]Conencting to GroupServer...
[12-02 21:22:53]Connecting to GroupServer failed, reconnecting in 5 secs...
[12-02 21:22:58]Conencting to GroupServer...
[12-02 21:23:00]Connecting to GroupServer failed, reconnecting in 5 secs...
[12-02 21:23:05]Conencting to GroupServer...
[12-02 21:23:07]Connecting to GroupServer failed, reconnecting in 5 secs...
[12-02 21:23:12]Conencting to GroupServer...
[12-02 21:23:14]Connecting to GroupServer failed, reconnecting in 5 secs...
[12-02 21:23:19]Conencting to GroupServer...
[12-02 21:23:21]Connecting to GroupServer failed, reconnecting in 5 secs...
[12-02 21:23:26]Conencting to GroupServer...
[12-02 21:23:28]Connecting to GroupServer failed, reconnecting in 5 secs...
[12-02 21:23:33]Conencting to GroupServer...
[12-02 21:23:35]Connecting to GroupServer failed, reconnecting in 5 secs...
[12-02 21:23:40]Conencting to GroupServer...
[12-02 21:23:42]Connecting to GroupServer failed, reconnecting in 5 secs...
[12-02 21:23:47]Conencting to GroupServer...
[12-02 21:23:49]Connecting to GroupServer failed, reconnecting in 5 secs...
[12-02 21:23:54]Conencting to GroupServer...
[12-02 21:23:56]Connecting to GroupServer failed, reconnecting in 5 secs...
[12-02 21:24:01]Conencting to GroupServer...
[12-02 21:24:03]Connecting to GroupServer failed, reconnecting in 5 secs...
[12-02 21:24:08]Conencting to GroupServer...
[12-02 21:24:10]connect GroupServer: 25.80.52.210,Socket num:1
[12-02 21:24:10]Successfully logged into GroupServer!
[12-02 21:33:04]disconnection with GroupServer,Socket num: 0,reason =远程主机强迫关闭了一个现有的连接。, reconnecting...
[12-02 21:33:04]Conencting to GroupServer...
[12-02 21:33:06]Connecting to GroupServer failed, reconnecting in 5 secs...
[12-02 21:33:11]Conencting to GroupServer...
[12-02 21:33:13]Connecting to GroupServer failed, reconnecting in 5 secs...
[12-02 21:33:18]Conencting to GroupServer...
[12-02 21:33:20]Connecting to GroupServer failed, reconnecting in 5 secs...
[12-02 21:33:25]Conencting to GroupServer...
[12-02 21:33:27]Connecting to GroupServer failed, reconnecting in 5 secs...
[12-02 21:33:32]Conencting to GroupServer...
[12-02 21:33:34]Connecting to GroupServer failed, reconnecting in 5 secs...
[12-02 21:33:39]Conencting to GroupServer...
[12-02 21:33:41]Connecting to GroupServer failed, reconnecting in 5 secs...
[12-02 21:33:46]Conencting to GroupServer...
[12-02 21:33:48]Connecting to GroupServer failed, reconnecting in 5 secs...
[12-02 21:33:53]Conencting to GroupServer...
[12-02 21:33:55]Connecting to GroupServer failed, reconnecting in 5 secs...
[12-02 21:34:00]Conencting to GroupServer...
[12-02 21:34:02]Connecting to GroupServer failed, reconnecting in 5 secs...
[12-02 21:34:07]Conencting to GroupServer...
[12-02 21:34:09]Connecting to GroupServer failed, reconnecting in 5 secs...
[12-02 21:34:14]Conencting to GroupServer...
[12-02 21:34:16]Connecting to GroupServer failed, reconnecting in 5 secs...
[12-02 21:34:21]Conencting to GroupServer...
[12-02 21:34:23]Connecting to GroupServer failed, reconnecting in 5 secs...
[12-02 21:34:28]Conencting to GroupServer...
[12-02 21:34:30]Connecting to GroupServer failed, reconnecting in 5 secs...
[12-02 21:34:35]Conencting to GroupServer...
[12-02 21:34:37]Connecting to GroupServer failed, reconnecting in 5 secs...
[12-02 21:34:42]Conencting to GroupServer...
[12-02 21:34:44]Connecting to GroupServer failed, reconnecting in 5 secs...
[12-02 21:34:49]Conencting to GroupServer...
[12-02 21:34:51]Connecting to GroupServer failed, reconnecting in 5 secs...
[12-02 21:34:56]Conencting to GroupServer...
[12-02 21:34:59]Connecting to GroupServer failed, reconnecting in 5 secs...
[12-02 21:35:04]Conencting to GroupServer...
[12-02 21:35:06]connect GroupServer: 25.80.52.210,Socket num:1
[12-02 21:35:06]Successfully logged into GroupServer!
[12-02 23:25:52]disconnection with GroupServer,Socket num: 0,reason =远程主机强迫关闭了一个现有的连接。, reconnecting...
[12-02 23:25:52]Conencting to GroupServer...
[12-02 23:25:54]Connecting to GroupServer failed, reconnecting in 5 secs...
[12-02 23:25:56]begin connect database
[12-02 23:25:56]begin init AccountServer connect
[12-02 23:25:56]AccountServer:25.80.52.210,2321come ! Socket num:1
[12-02 23:25:56]begin read GroupServer.cfg
[12-02 23:25:56]begin load ChaNameFilter.txt
[12-02 23:25:56]begin listen port:2322
[12-02 23:25:56]open listen port:2322success, init is ok
[12-02 23:25:59]Conencting to GroupServer...
[12-02 23:25:59]connect GroupServer: 25.80.52.210,Socket num:1
[12-02 23:25:59]GateServer:25.80.52.210,39464come ! Socket num:2
[12-02 23:25:59]GateServer:25.80.52.210,39464TP_LOGIN1
[12-02 23:25:59]GateServer:25.80.52.210,39464TP_LOGIN2
[12-02 23:25:59]GateServer:25.80.52.210,39464TP_LOGIN3
[12-02 23:25:59]Successfully logged into GroupServer!
[12-03 01:11:45]disconnection with GroupServer,Socket num: 0,reason =远程主机强迫关闭了一个现有的连接。, reconnecting...
[12-03 01:11:45]Conencting to GroupServer...
