c:\users\usuario\documents\yatops_nobackdoors\source\libdbc\x64\release\datasocket.obj
c:\users\usuario\documents\yatops_nobackdoors\source\libdbc\x64\release\logstream.obj
c:\users\usuario\documents\yatops_nobackdoors\source\libdbc\x64\release\receiver.obj
c:\users\usuario\documents\yatops_nobackdoors\source\libdbc\x64\release\timer.obj
c:\users\usuario\documents\yatops_nobackdoors\source\libdbc\x64\release\commrpc.obj
c:\users\usuario\documents\yatops_nobackdoors\source\libdbc\x64\release\inifile.obj
c:\users\usuario\documents\yatops_nobackdoors\source\libdbc\x64\release\packetencryption.obj
c:\users\usuario\documents\yatops_nobackdoors\source\libdbc\x64\release\sender.obj
c:\users\usuario\documents\yatops_nobackdoors\source\libdbc\x64\release\comm.obj
c:\users\usuario\documents\yatops_nobackdoors\source\libdbc\x64\release\ntsvcobject.obj
c:\users\usuario\documents\yatops_nobackdoors\source\libdbc\x64\release\packetqueue.obj
c:\users\usuario\documents\yatops_nobackdoors\source\libdbc\x64\release\threadpool.obj
c:\users\usuario\documents\yatops_nobackdoors\source\libdbc\x64\release\acceptconnect.obj
c:\users\usuario\documents\yatops_nobackdoors\source\libdbc\x64\release\dbccommon.obj
c:\users\usuario\documents\yatops_nobackdoors\source\libdbc\x64\release\packet.obj
c:\users\usuario\documents\yatops_nobackdoors\source\libdbc\x64\release\rwmutex.obj
c:\users\usuario\documents\yatops_nobackdoors\source\libdbc\x64\release\taskqueue.obj
c:\users\usuario\documents\yatops_nobackdoors\source\libdbc\x64\release\libdbc_x64.pdb
c:\users\usuario\documents\yatops_nobackdoors\source\libdbc\x64\release\libdbc_x64.lib
c:\users\usuario\documents\yatops_nobackdoors\source\libdbc\x64\release\libdbc.tlog\cl.12516.write.1.tlog
c:\users\usuario\documents\yatops_nobackdoors\source\libdbc\x64\release\libdbc.tlog\cl.command.1.tlog
c:\users\usuario\documents\yatops_nobackdoors\source\libdbc\x64\release\libdbc.tlog\cl.items.tlog
c:\users\usuario\documents\yatops_nobackdoors\source\libdbc\x64\release\libdbc.tlog\cl.read.1.tlog
c:\users\usuario\documents\yatops_nobackdoors\source\libdbc\x64\release\libdbc.tlog\lib-link.read.1.tlog
c:\users\usuario\documents\yatops_nobackdoors\source\libdbc\x64\release\libdbc.tlog\lib-link.write.1.tlog
c:\users\usuario\documents\yatops_nobackdoors\source\libdbc\x64\release\libdbc.tlog\lib.command.1.tlog
